running egg_info
creating ../../build/yolo_py/yolo_py.egg-info
writing ../../build/yolo_py/yolo_py.egg-info/PKG-INFO
writing dependency_links to ../../build/yolo_py/yolo_py.egg-info/dependency_links.txt
writing entry points to ../../build/yolo_py/yolo_py.egg-info/entry_points.txt
writing requirements to ../../build/yolo_py/yolo_py.egg-info/requires.txt
writing top-level names to ../../build/yolo_py/yolo_py.egg-info/top_level.txt
writing manifest file '../../build/yolo_py/yolo_py.egg-info/SOURCES.txt'
reading manifest file '../../build/yolo_py/yolo_py.egg-info/SOURCES.txt'
writing manifest file '../../build/yolo_py/yolo_py.egg-info/SOURCES.txt'
running build
running build_py
creating /workspace/aerial_ws/ros2_ws/build/yolo_py/build/lib/yolo_py
copying yolo_py/__init__.py -> /workspace/aerial_ws/ros2_ws/build/yolo_py/build/lib/yolo_py
copying yolo_py/yolo_node.py -> /workspace/aerial_ws/ros2_ws/build/yolo_py/build/lib/yolo_py
running install
running install_lib
creating /workspace/aerial_ws/ros2_ws/install/yolo_py/lib/python3.10/site-packages/yolo_py
copying /workspace/aerial_ws/ros2_ws/build/yolo_py/build/lib/yolo_py/__init__.py -> /workspace/aerial_ws/ros2_ws/install/yolo_py/lib/python3.10/site-packages/yolo_py
copying /workspace/aerial_ws/ros2_ws/build/yolo_py/build/lib/yolo_py/yolo_node.py -> /workspace/aerial_ws/ros2_ws/install/yolo_py/lib/python3.10/site-packages/yolo_py
byte-compiling /workspace/aerial_ws/ros2_ws/install/yolo_py/lib/python3.10/site-packages/yolo_py/__init__.py to __init__.cpython-310.pyc
byte-compiling /workspace/aerial_ws/ros2_ws/install/yolo_py/lib/python3.10/site-packages/yolo_py/yolo_node.py to yolo_node.cpython-310.pyc
running install_egg_info
Copying ../../build/yolo_py/yolo_py.egg-info to /workspace/aerial_ws/ros2_ws/install/yolo_py/lib/python3.10/site-packages/yolo_py-0.1.0-py3.10.egg-info
running install_scripts
Installing yolo_py script to /workspace/aerial_ws/ros2_ws/install/yolo_py/lib/yolo_py
writing list of installed files to '/workspace/aerial_ws/ros2_ws/build/yolo_py/install.log'
