[0.792s] Invoking command in '/workspace/aerial_ws/ros2_ws/src/yolo_py': PYTHONPATH=/workspace/aerial_ws/ros2_ws/build/yolo_py/prefix_override:/usr/lib/python3/dist-packages/colcon_core/task/python/colcon_distutils_commands:/workspace/aerial_ws/ros2_ws/install/yolo_py/lib/python3.10/site-packages:${PYTHONPATH} /usr/bin/python3 -W ignore:setup.py install is deprecated -W ignore:easy_install command is deprecated setup.py egg_info --egg-base ../../build/yolo_py build --build-base /workspace/aerial_ws/ros2_ws/build/yolo_py/build install --record /workspace/aerial_ws/ros2_ws/build/yolo_py/install.log --single-version-externally-managed
[0.962s] /usr/local/lib/python3.10/dist-packages/setuptools/_distutils/dist.py:287: UserWarning: Unknown distribution option: 'tests_require'
[0.962s]   warnings.warn(msg)
[1.087s] running egg_info
[1.112s] creating ../../build/yolo_py/yolo_py.egg-info
[1.112s] writing ../../build/yolo_py/yolo_py.egg-info/PKG-INFO
[1.112s] writing dependency_links to ../../build/yolo_py/yolo_py.egg-info/dependency_links.txt
[1.112s] writing entry points to ../../build/yolo_py/yolo_py.egg-info/entry_points.txt
[1.113s] writing requirements to ../../build/yolo_py/yolo_py.egg-info/requires.txt
[1.113s] writing top-level names to ../../build/yolo_py/yolo_py.egg-info/top_level.txt
[1.291s] writing manifest file '../../build/yolo_py/yolo_py.egg-info/SOURCES.txt'
[1.331s] reading manifest file '../../build/yolo_py/yolo_py.egg-info/SOURCES.txt'
[1.333s] writing manifest file '../../build/yolo_py/yolo_py.egg-info/SOURCES.txt'
[1.333s] running build
[1.333s] running build_py
[1.333s] creating /workspace/aerial_ws/ros2_ws/build/yolo_py/build/lib/yolo_py
[1.333s] copying yolo_py/__init__.py -> /workspace/aerial_ws/ros2_ws/build/yolo_py/build/lib/yolo_py
[1.334s] copying yolo_py/yolo_node.py -> /workspace/aerial_ws/ros2_ws/build/yolo_py/build/lib/yolo_py
[1.334s] running install
[1.338s] running install_lib
[1.360s] creating /workspace/aerial_ws/ros2_ws/install/yolo_py/lib/python3.10/site-packages/yolo_py
[1.361s] copying /workspace/aerial_ws/ros2_ws/build/yolo_py/build/lib/yolo_py/__init__.py -> /workspace/aerial_ws/ros2_ws/install/yolo_py/lib/python3.10/site-packages/yolo_py
[1.361s] copying /workspace/aerial_ws/ros2_ws/build/yolo_py/build/lib/yolo_py/yolo_node.py -> /workspace/aerial_ws/ros2_ws/install/yolo_py/lib/python3.10/site-packages/yolo_py
[1.361s] byte-compiling /workspace/aerial_ws/ros2_ws/install/yolo_py/lib/python3.10/site-packages/yolo_py/__init__.py to __init__.cpython-310.pyc
[1.361s] byte-compiling /workspace/aerial_ws/ros2_ws/install/yolo_py/lib/python3.10/site-packages/yolo_py/yolo_node.py to yolo_node.cpython-310.pyc
[1.364s] running install_egg_info
[1.393s] Copying ../../build/yolo_py/yolo_py.egg-info to /workspace/aerial_ws/ros2_ws/install/yolo_py/lib/python3.10/site-packages/yolo_py-0.1.0-py3.10.egg-info
[1.395s] running install_scripts
[1.441s] Installing yolo_py script to /workspace/aerial_ws/ros2_ws/install/yolo_py/lib/yolo_py
[1.441s] writing list of installed files to '/workspace/aerial_ws/ros2_ws/build/yolo_py/install.log'
