[  1%] Generating C code for ROS interfaces
[  2%] Generating Rust code for ROS interfaces
[  3%] Generating C++ code for ROS interfaces
[  3%] Built target ament_cmake_python_copy_autopilot_interface_msgs
running egg_info
creating autopilot_interface_msgs.egg-info
writing autopilot_interface_msgs.egg-info/PKG-INFO
writing dependency_links to autopilot_interface_msgs.egg-info/dependency_links.txt
writing top-level names to autopilot_interface_msgs.egg-info/top_level.txt
writing manifest file 'autopilot_interface_msgs.egg-info/SOURCES.txt'
reading manifest file 'autopilot_interface_msgs.egg-info/SOURCES.txt'
writing manifest file 'autopilot_interface_msgs.egg-info/SOURCES.txt'
[  3%] Built target ament_cmake_python_build_autopilot_interface_msgs_egg
[  3%] Built target autopilot_interface_msgs__rs
[  6%] Building C object CMakeFiles/autopilot_interface_msgs__rosidl_generator_c.dir/rosidl_generator_c/autopilot_interface_msgs/action/detail/land__functions.c.o
[  6%] Building C object CMakeFiles/autopilot_interface_msgs__rosidl_generator_c.dir/rosidl_generator_c/autopilot_interface_msgs/action/detail/orbit__functions.c.o
[  7%] Building C object CMakeFiles/autopilot_interface_msgs__rosidl_generator_c.dir/rosidl_generator_c/autopilot_interface_msgs/msg/detail/offboard_flag__functions.c.o
[ 10%] Building C object CMakeFiles/autopilot_interface_msgs__rosidl_generator_c.dir/rosidl_generator_c/autopilot_interface_msgs/action/detail/takeoff__functions.c.o
[ 10%] Building C object CMakeFiles/autopilot_interface_msgs__rosidl_generator_c.dir/rosidl_generator_c/autopilot_interface_msgs/action/detail/offboard__functions.c.o
[ 11%] Building C object CMakeFiles/autopilot_interface_msgs__rosidl_generator_c.dir/rosidl_generator_c/autopilot_interface_msgs/srv/detail/set_speed__functions.c.o
[ 12%] Building C object CMakeFiles/autopilot_interface_msgs__rosidl_generator_c.dir/rosidl_generator_c/autopilot_interface_msgs/srv/detail/set_reposition__functions.c.o
[ 12%] Built target autopilot_interface_msgs__cpp
[ 15%] Generating C++ type support for eProsima Fast-RTPS
[ 15%] Generating C++ introspection for ROS interfaces
[ 16%] Generating C++ type support dispatch for ROS interfaces
[ 17%] Linking C shared library libautopilot_interface_msgs__rosidl_generator_c.so
[ 17%] Built target autopilot_interface_msgs__rosidl_generator_c
[ 20%] Generating C introspection for ROS interfaces
[ 20%] Generating C type support dispatch for ROS interfaces
[ 21%] Generating C type support for eProsima Fast-RTPS
[ 22%] Building CXX object CMakeFiles/autopilot_interface_msgs__rosidl_typesupport_cpp.dir/rosidl_typesupport_cpp/autopilot_interface_msgs/action/land__type_support.cpp.o
[ 23%] Building CXX object CMakeFiles/autopilot_interface_msgs__rosidl_typesupport_cpp.dir/rosidl_typesupport_cpp/autopilot_interface_msgs/action/takeoff__type_support.cpp.o
[ 26%] Building CXX object CMakeFiles/autopilot_interface_msgs__rosidl_typesupport_cpp.dir/rosidl_typesupport_cpp/autopilot_interface_msgs/action/orbit__type_support.cpp.o
[ 26%] Building CXX object CMakeFiles/autopilot_interface_msgs__rosidl_typesupport_cpp.dir/rosidl_typesupport_cpp/autopilot_interface_msgs/action/offboard__type_support.cpp.o
[ 27%] Building CXX object CMakeFiles/autopilot_interface_msgs__rosidl_typesupport_cpp.dir/rosidl_typesupport_cpp/autopilot_interface_msgs/srv/set_reposition__type_support.cpp.o
[ 28%] Building CXX object CMakeFiles/autopilot_interface_msgs__rosidl_typesupport_cpp.dir/rosidl_typesupport_cpp/autopilot_interface_msgs/msg/offboard_flag__type_support.cpp.o
[ 30%] Building CXX object CMakeFiles/autopilot_interface_msgs__rosidl_typesupport_cpp.dir/rosidl_typesupport_cpp/autopilot_interface_msgs/srv/set_speed__type_support.cpp.o
[ 31%] Building CXX object CMakeFiles/autopilot_interface_msgs__rosidl_typesupport_c.dir/rosidl_typesupport_c/autopilot_interface_msgs/action/offboard__type_support.cpp.o
[ 32%] Building CXX object CMakeFiles/autopilot_interface_msgs__rosidl_typesupport_c.dir/rosidl_typesupport_c/autopilot_interface_msgs/action/land__type_support.cpp.o
[ 33%] Building CXX object CMakeFiles/autopilot_interface_msgs__rosidl_typesupport_c.dir/rosidl_typesupport_c/autopilot_interface_msgs/action/orbit__type_support.cpp.o
[ 35%] Building CXX object CMakeFiles/autopilot_interface_msgs__rosidl_typesupport_c.dir/rosidl_typesupport_c/autopilot_interface_msgs/action/takeoff__type_support.cpp.o
[ 36%] Building CXX object CMakeFiles/autopilot_interface_msgs__rosidl_typesupport_c.dir/rosidl_typesupport_c/autopilot_interface_msgs/msg/offboard_flag__type_support.cpp.o
[ 37%] Building CXX object CMakeFiles/autopilot_interface_msgs__rosidl_typesupport_c.dir/rosidl_typesupport_c/autopilot_interface_msgs/srv/set_speed__type_support.cpp.o
[ 38%] Building CXX object CMakeFiles/autopilot_interface_msgs__rosidl_typesupport_c.dir/rosidl_typesupport_c/autopilot_interface_msgs/srv/set_reposition__type_support.cpp.o
[ 40%] Linking CXX shared library libautopilot_interface_msgs__rosidl_typesupport_c.so
[ 41%] Building CXX object CMakeFiles/autopilot_interface_msgs__rosidl_typesupport_introspection_cpp.dir/rosidl_typesupport_introspection_cpp/autopilot_interface_msgs/action/detail/land__type_support.cpp.o
[ 42%] Building CXX object CMakeFiles/autopilot_interface_msgs__rosidl_typesupport_introspection_cpp.dir/rosidl_typesupport_introspection_cpp/autopilot_interface_msgs/action/detail/orbit__type_support.cpp.o
[ 43%] Building CXX object CMakeFiles/autopilot_interface_msgs__rosidl_typesupport_introspection_cpp.dir/rosidl_typesupport_introspection_cpp/autopilot_interface_msgs/msg/detail/offboard_flag__type_support.cpp.o
[ 45%] Building CXX object CMakeFiles/autopilot_interface_msgs__rosidl_typesupport_introspection_cpp.dir/rosidl_typesupport_introspection_cpp/autopilot_interface_msgs/action/detail/takeoff__type_support.cpp.o
[ 46%] Building CXX object CMakeFiles/autopilot_interface_msgs__rosidl_typesupport_introspection_cpp.dir/rosidl_typesupport_introspection_cpp/autopilot_interface_msgs/action/detail/offboard__type_support.cpp.o
[ 47%] Building CXX object CMakeFiles/autopilot_interface_msgs__rosidl_typesupport_introspection_cpp.dir/rosidl_typesupport_introspection_cpp/autopilot_interface_msgs/srv/detail/set_speed__type_support.cpp.o
[ 48%] Building CXX object CMakeFiles/autopilot_interface_msgs__rosidl_typesupport_introspection_cpp.dir/rosidl_typesupport_introspection_cpp/autopilot_interface_msgs/srv/detail/set_reposition__type_support.cpp.o
[ 48%] Built target autopilot_interface_msgs__rosidl_typesupport_c
[ 50%] Linking CXX shared library libautopilot_interface_msgs__rosidl_typesupport_cpp.so
[ 51%] Building C object CMakeFiles/autopilot_interface_msgs__rosidl_typesupport_introspection_c.dir/rosidl_typesupport_introspection_c/autopilot_interface_msgs/action/detail/offboard__type_support.c.o
[ 52%] Building C object CMakeFiles/autopilot_interface_msgs__rosidl_typesupport_introspection_c.dir/rosidl_typesupport_introspection_c/autopilot_interface_msgs/action/detail/land__type_support.c.o
[ 53%] Building C object CMakeFiles/autopilot_interface_msgs__rosidl_typesupport_introspection_c.dir/rosidl_typesupport_introspection_c/autopilot_interface_msgs/action/detail/orbit__type_support.c.o
[ 55%] Building C object CMakeFiles/autopilot_interface_msgs__rosidl_typesupport_introspection_c.dir/rosidl_typesupport_introspection_c/autopilot_interface_msgs/action/detail/takeoff__type_support.c.o
[ 55%] Built target autopilot_interface_msgs__rosidl_typesupport_cpp
[ 56%] Building C object CMakeFiles/autopilot_interface_msgs__rosidl_typesupport_introspection_c.dir/rosidl_typesupport_introspection_c/autopilot_interface_msgs/msg/detail/offboard_flag__type_support.c.o
[ 57%] Building C object CMakeFiles/autopilot_interface_msgs__rosidl_typesupport_introspection_c.dir/rosidl_typesupport_introspection_c/autopilot_interface_msgs/srv/detail/set_reposition__type_support.c.o
[ 58%] Building C object CMakeFiles/autopilot_interface_msgs__rosidl_typesupport_introspection_c.dir/rosidl_typesupport_introspection_c/autopilot_interface_msgs/srv/detail/set_speed__type_support.c.o
[ 60%] Building CXX object CMakeFiles/autopilot_interface_msgs__rosidl_typesupport_fastrtps_cpp.dir/rosidl_typesupport_fastrtps_cpp/autopilot_interface_msgs/action/detail/dds_fastrtps/land__type_support.cpp.o
[ 61%] Building CXX object CMakeFiles/autopilot_interface_msgs__rosidl_typesupport_fastrtps_cpp.dir/rosidl_typesupport_fastrtps_cpp/autopilot_interface_msgs/action/detail/dds_fastrtps/orbit__type_support.cpp.o
[ 62%] Building CXX object CMakeFiles/autopilot_interface_msgs__rosidl_typesupport_fastrtps_cpp.dir/rosidl_typesupport_fastrtps_cpp/autopilot_interface_msgs/action/detail/dds_fastrtps/offboard__type_support.cpp.o
[ 63%] Linking C shared library libautopilot_interface_msgs__rosidl_typesupport_introspection_c.so
[ 65%] Building CXX object CMakeFiles/autopilot_interface_msgs__rosidl_typesupport_fastrtps_cpp.dir/rosidl_typesupport_fastrtps_cpp/autopilot_interface_msgs/action/detail/dds_fastrtps/takeoff__type_support.cpp.o
[ 66%] Building CXX object CMakeFiles/autopilot_interface_msgs__rosidl_typesupport_fastrtps_cpp.dir/rosidl_typesupport_fastrtps_cpp/autopilot_interface_msgs/msg/detail/dds_fastrtps/offboard_flag__type_support.cpp.o
[ 67%] Building CXX object CMakeFiles/autopilot_interface_msgs__rosidl_typesupport_fastrtps_cpp.dir/rosidl_typesupport_fastrtps_cpp/autopilot_interface_msgs/srv/detail/dds_fastrtps/set_reposition__type_support.cpp.o
[ 68%] Building CXX object CMakeFiles/autopilot_interface_msgs__rosidl_typesupport_fastrtps_cpp.dir/rosidl_typesupport_fastrtps_cpp/autopilot_interface_msgs/srv/detail/dds_fastrtps/set_speed__type_support.cpp.o
[ 70%] Building CXX object CMakeFiles/autopilot_interface_msgs__rosidl_typesupport_fastrtps_c.dir/rosidl_typesupport_fastrtps_c/autopilot_interface_msgs/action/detail/offboard__type_support_c.cpp.o
[ 71%] Building CXX object CMakeFiles/autopilot_interface_msgs__rosidl_typesupport_fastrtps_c.dir/rosidl_typesupport_fastrtps_c/autopilot_interface_msgs/action/detail/land__type_support_c.cpp.o
[ 71%] Built target autopilot_interface_msgs__rosidl_typesupport_introspection_c
[ 72%] Building CXX object CMakeFiles/autopilot_interface_msgs__rosidl_typesupport_fastrtps_c.dir/rosidl_typesupport_fastrtps_c/autopilot_interface_msgs/action/detail/orbit__type_support_c.cpp.o
[ 73%] Building CXX object CMakeFiles/autopilot_interface_msgs__rosidl_typesupport_fastrtps_c.dir/rosidl_typesupport_fastrtps_c/autopilot_interface_msgs/action/detail/takeoff__type_support_c.cpp.o
[ 75%] Building CXX object CMakeFiles/autopilot_interface_msgs__rosidl_typesupport_fastrtps_c.dir/rosidl_typesupport_fastrtps_c/autopilot_interface_msgs/msg/detail/offboard_flag__type_support_c.cpp.o
[ 76%] Building CXX object CMakeFiles/autopilot_interface_msgs__rosidl_typesupport_fastrtps_c.dir/rosidl_typesupport_fastrtps_c/autopilot_interface_msgs/srv/detail/set_speed__type_support_c.cpp.o
[ 77%] Building CXX object CMakeFiles/autopilot_interface_msgs__rosidl_typesupport_fastrtps_c.dir/rosidl_typesupport_fastrtps_c/autopilot_interface_msgs/srv/detail/set_reposition__type_support_c.cpp.o
[ 78%] Linking CXX shared library libautopilot_interface_msgs__rosidl_typesupport_introspection_cpp.so
[ 78%] Built target autopilot_interface_msgs__rosidl_typesupport_introspection_cpp
[ 80%] Linking CXX shared library libautopilot_interface_msgs__rosidl_typesupport_fastrtps_cpp.so
[ 81%] Linking CXX shared library libautopilot_interface_msgs__rosidl_typesupport_fastrtps_c.so
[ 81%] Built target autopilot_interface_msgs__rosidl_typesupport_fastrtps_cpp
[ 81%] Built target autopilot_interface_msgs__rosidl_typesupport_fastrtps_c
[ 81%] Built target autopilot_interface_msgs
[ 82%] Generating Python code for ROS interfaces
[ 82%] Built target autopilot_interface_msgs__py
[ 85%] Building C object CMakeFiles/autopilot_interface_msgs__rosidl_generator_py.dir/rosidl_generator_py/autopilot_interface_msgs/action/_orbit_s.c.o
[ 85%] Building C object CMakeFiles/autopilot_interface_msgs__rosidl_generator_py.dir/rosidl_generator_py/autopilot_interface_msgs/action/_takeoff_s.c.o
[ 86%] Building C object CMakeFiles/autopilot_interface_msgs__rosidl_generator_py.dir/rosidl_generator_py/autopilot_interface_msgs/action/_land_s.c.o
[ 88%] Building C object CMakeFiles/autopilot_interface_msgs__rosidl_generator_py.dir/rosidl_generator_py/autopilot_interface_msgs/srv/_set_speed_s.c.o
[ 88%] Building C object CMakeFiles/autopilot_interface_msgs__rosidl_generator_py.dir/rosidl_generator_py/autopilot_interface_msgs/action/_offboard_s.c.o
[ 90%] Building C object CMakeFiles/autopilot_interface_msgs__rosidl_generator_py.dir/rosidl_generator_py/autopilot_interface_msgs/msg/_offboard_flag_s.c.o
[ 91%] Building C object CMakeFiles/autopilot_interface_msgs__rosidl_generator_py.dir/rosidl_generator_py/autopilot_interface_msgs/srv/_set_reposition_s.c.o
[ 92%] Linking C shared library rosidl_generator_py/autopilot_interface_msgs/libautopilot_interface_msgs__rosidl_generator_py.so
[ 92%] Built target autopilot_interface_msgs__rosidl_generator_py
[ 95%] Building C object CMakeFiles/autopilot_interface_msgs__rosidl_typesupport_fastrtps_c__pyext.dir/rosidl_generator_py/autopilot_interface_msgs/_autopilot_interface_msgs_s.ep.rosidl_typesupport_fastrtps_c.c.o
[ 95%] Building C object CMakeFiles/autopilot_interface_msgs__rosidl_typesupport_introspection_c__pyext.dir/rosidl_generator_py/autopilot_interface_msgs/_autopilot_interface_msgs_s.ep.rosidl_typesupport_introspection_c.c.o
[ 96%] Building C object CMakeFiles/autopilot_interface_msgs__rosidl_typesupport_c__pyext.dir/rosidl_generator_py/autopilot_interface_msgs/_autopilot_interface_msgs_s.ep.rosidl_typesupport_c.c.o
[ 97%] Linking C shared library rosidl_generator_py/autopilot_interface_msgs/autopilot_interface_msgs_s__rosidl_typesupport_fastrtps_c.cpython-310-x86_64-linux-gnu.so
[ 98%] Linking C shared library rosidl_generator_py/autopilot_interface_msgs/autopilot_interface_msgs_s__rosidl_typesupport_introspection_c.cpython-310-x86_64-linux-gnu.so
[100%] Linking C shared library rosidl_generator_py/autopilot_interface_msgs/autopilot_interface_msgs_s__rosidl_typesupport_c.cpython-310-x86_64-linux-gnu.so
[100%] Built target autopilot_interface_msgs__rosidl_typesupport_fastrtps_c__pyext
[100%] Built target autopilot_interface_msgs__rosidl_typesupport_c__pyext
[100%] Built target autopilot_interface_msgs__rosidl_typesupport_introspection_c__pyext
-- Install configuration: ""
-- Installing: /workspace/aerial_ws/ros2_ws/install/autopilot_interface_msgs/share/ament_index/resource_index/rosidl_interfaces/autopilot_interface_msgs
-- Installing: /workspace/aerial_ws/ros2_ws/install/autopilot_interface_msgs/include/autopilot_interface_msgs/autopilot_interface_msgs
-- Installing: /workspace/aerial_ws/ros2_ws/install/autopilot_interface_msgs/include/autopilot_interface_msgs/autopilot_interface_msgs/msg
-- Installing: /workspace/aerial_ws/ros2_ws/install/autopilot_interface_msgs/include/autopilot_interface_msgs/autopilot_interface_msgs/msg/rosidl_generator_c__visibility_control.h
-- Installing: /workspace/aerial_ws/ros2_ws/install/autopilot_interface_msgs/include/autopilot_interface_msgs/autopilot_interface_msgs/msg/offboard_flag.h
-- Installing: /workspace/aerial_ws/ros2_ws/install/autopilot_interface_msgs/include/autopilot_interface_msgs/autopilot_interface_msgs/msg/detail
-- Installing: /workspace/aerial_ws/ros2_ws/install/autopilot_interface_msgs/include/autopilot_interface_msgs/autopilot_interface_msgs/msg/detail/offboard_flag__functions.c
-- Installing: /workspace/aerial_ws/ros2_ws/install/autopilot_interface_msgs/include/autopilot_interface_msgs/autopilot_interface_msgs/msg/detail/offboard_flag__functions.h
-- Installing: /workspace/aerial_ws/ros2_ws/install/autopilot_interface_msgs/include/autopilot_interface_msgs/autopilot_interface_msgs/msg/detail/offboard_flag__struct.h
-- Installing: /workspace/aerial_ws/ros2_ws/install/autopilot_interface_msgs/include/autopilot_interface_msgs/autopilot_interface_msgs/msg/detail/offboard_flag__type_support.h
-- Installing: /workspace/aerial_ws/ros2_ws/install/autopilot_interface_msgs/include/autopilot_interface_msgs/autopilot_interface_msgs/action
-- Installing: /workspace/aerial_ws/ros2_ws/install/autopilot_interface_msgs/include/autopilot_interface_msgs/autopilot_interface_msgs/action/land.h
-- Installing: /workspace/aerial_ws/ros2_ws/install/autopilot_interface_msgs/include/autopilot_interface_msgs/autopilot_interface_msgs/action/detail
-- Installing: /workspace/aerial_ws/ros2_ws/install/autopilot_interface_msgs/include/autopilot_interface_msgs/autopilot_interface_msgs/action/detail/land__functions.c
-- Installing: /workspace/aerial_ws/ros2_ws/install/autopilot_interface_msgs/include/autopilot_interface_msgs/autopilot_interface_msgs/action/detail/land__functions.h
-- Installing: /workspace/aerial_ws/ros2_ws/install/autopilot_interface_msgs/include/autopilot_interface_msgs/autopilot_interface_msgs/action/detail/land__struct.h
-- Installing: /workspace/aerial_ws/ros2_ws/install/autopilot_interface_msgs/include/autopilot_interface_msgs/autopilot_interface_msgs/action/detail/land__type_support.h
-- Installing: /workspace/aerial_ws/ros2_ws/install/autopilot_interface_msgs/include/autopilot_interface_msgs/autopilot_interface_msgs/action/detail/offboard__functions.c
-- Installing: /workspace/aerial_ws/ros2_ws/install/autopilot_interface_msgs/include/autopilot_interface_msgs/autopilot_interface_msgs/action/detail/offboard__functions.h
-- Installing: /workspace/aerial_ws/ros2_ws/install/autopilot_interface_msgs/include/autopilot_interface_msgs/autopilot_interface_msgs/action/detail/offboard__struct.h
-- Installing: /workspace/aerial_ws/ros2_ws/install/autopilot_interface_msgs/include/autopilot_interface_msgs/autopilot_interface_msgs/action/detail/offboard__type_support.h
-- Installing: /workspace/aerial_ws/ros2_ws/install/autopilot_interface_msgs/include/autopilot_interface_msgs/autopilot_interface_msgs/action/detail/orbit__functions.c
-- Installing: /workspace/aerial_ws/ros2_ws/install/autopilot_interface_msgs/include/autopilot_interface_msgs/autopilot_interface_msgs/action/detail/orbit__functions.h
-- Installing: /workspace/aerial_ws/ros2_ws/install/autopilot_interface_msgs/include/autopilot_interface_msgs/autopilot_interface_msgs/action/detail/orbit__struct.h
-- Installing: /workspace/aerial_ws/ros2_ws/install/autopilot_interface_msgs/include/autopilot_interface_msgs/autopilot_interface_msgs/action/detail/orbit__type_support.h
-- Installing: /workspace/aerial_ws/ros2_ws/install/autopilot_interface_msgs/include/autopilot_interface_msgs/autopilot_interface_msgs/action/detail/takeoff__functions.c
-- Installing: /workspace/aerial_ws/ros2_ws/install/autopilot_interface_msgs/include/autopilot_interface_msgs/autopilot_interface_msgs/action/detail/takeoff__functions.h
-- Installing: /workspace/aerial_ws/ros2_ws/install/autopilot_interface_msgs/include/autopilot_interface_msgs/autopilot_interface_msgs/action/detail/takeoff__struct.h
-- Installing: /workspace/aerial_ws/ros2_ws/install/autopilot_interface_msgs/include/autopilot_interface_msgs/autopilot_interface_msgs/action/detail/takeoff__type_support.h
-- Installing: /workspace/aerial_ws/ros2_ws/install/autopilot_interface_msgs/include/autopilot_interface_msgs/autopilot_interface_msgs/action/offboard.h
-- Installing: /workspace/aerial_ws/ros2_ws/install/autopilot_interface_msgs/include/autopilot_interface_msgs/autopilot_interface_msgs/action/orbit.h
-- Installing: /workspace/aerial_ws/ros2_ws/install/autopilot_interface_msgs/include/autopilot_interface_msgs/autopilot_interface_msgs/action/takeoff.h
-- Installing: /workspace/aerial_ws/ros2_ws/install/autopilot_interface_msgs/include/autopilot_interface_msgs/autopilot_interface_msgs/srv
-- Installing: /workspace/aerial_ws/ros2_ws/install/autopilot_interface_msgs/include/autopilot_interface_msgs/autopilot_interface_msgs/srv/set_speed.h
-- Installing: /workspace/aerial_ws/ros2_ws/install/autopilot_interface_msgs/include/autopilot_interface_msgs/autopilot_interface_msgs/srv/detail
-- Installing: /workspace/aerial_ws/ros2_ws/install/autopilot_interface_msgs/include/autopilot_interface_msgs/autopilot_interface_msgs/srv/detail/set_speed__functions.c
-- Installing: /workspace/aerial_ws/ros2_ws/install/autopilot_interface_msgs/include/autopilot_interface_msgs/autopilot_interface_msgs/srv/detail/set_speed__functions.h
-- Installing: /workspace/aerial_ws/ros2_ws/install/autopilot_interface_msgs/include/autopilot_interface_msgs/autopilot_interface_msgs/srv/detail/set_speed__struct.h
-- Installing: /workspace/aerial_ws/ros2_ws/install/autopilot_interface_msgs/include/autopilot_interface_msgs/autopilot_interface_msgs/srv/detail/set_speed__type_support.h
-- Installing: /workspace/aerial_ws/ros2_ws/install/autopilot_interface_msgs/include/autopilot_interface_msgs/autopilot_interface_msgs/srv/detail/set_reposition__functions.c
-- Installing: /workspace/aerial_ws/ros2_ws/install/autopilot_interface_msgs/include/autopilot_interface_msgs/autopilot_interface_msgs/srv/detail/set_reposition__functions.h
-- Installing: /workspace/aerial_ws/ros2_ws/install/autopilot_interface_msgs/include/autopilot_interface_msgs/autopilot_interface_msgs/srv/detail/set_reposition__struct.h
-- Installing: /workspace/aerial_ws/ros2_ws/install/autopilot_interface_msgs/include/autopilot_interface_msgs/autopilot_interface_msgs/srv/detail/set_reposition__type_support.h
-- Installing: /workspace/aerial_ws/ros2_ws/install/autopilot_interface_msgs/include/autopilot_interface_msgs/autopilot_interface_msgs/srv/set_reposition.h
-- Installing: /workspace/aerial_ws/ros2_ws/install/autopilot_interface_msgs/share/autopilot_interface_msgs/environment/library_path.sh
-- Installing: /workspace/aerial_ws/ros2_ws/install/autopilot_interface_msgs/share/autopilot_interface_msgs/environment/library_path.dsv
-- Installing: /workspace/aerial_ws/ros2_ws/install/autopilot_interface_msgs/lib/libautopilot_interface_msgs__rosidl_generator_c.so
-- Set runtime path of "/workspace/aerial_ws/ros2_ws/install/autopilot_interface_msgs/lib/libautopilot_interface_msgs__rosidl_generator_c.so" to ""
-- Up-to-date: /workspace/aerial_ws/ros2_ws/install/autopilot_interface_msgs/include/autopilot_interface_msgs/autopilot_interface_msgs
-- Up-to-date: /workspace/aerial_ws/ros2_ws/install/autopilot_interface_msgs/include/autopilot_interface_msgs/autopilot_interface_msgs/msg
-- Installing: /workspace/aerial_ws/ros2_ws/install/autopilot_interface_msgs/include/autopilot_interface_msgs/autopilot_interface_msgs/msg/rosidl_typesupport_fastrtps_c__visibility_control.h
-- Up-to-date: /workspace/aerial_ws/ros2_ws/install/autopilot_interface_msgs/include/autopilot_interface_msgs/autopilot_interface_msgs/msg/detail
-- Installing: /workspace/aerial_ws/ros2_ws/install/autopilot_interface_msgs/include/autopilot_interface_msgs/autopilot_interface_msgs/msg/detail/offboard_flag__rosidl_typesupport_fastrtps_c.h
-- Up-to-date: /workspace/aerial_ws/ros2_ws/install/autopilot_interface_msgs/include/autopilot_interface_msgs/autopilot_interface_msgs/action
-- Up-to-date: /workspace/aerial_ws/ros2_ws/install/autopilot_interface_msgs/include/autopilot_interface_msgs/autopilot_interface_msgs/action/detail
-- Installing: /workspace/aerial_ws/ros2_ws/install/autopilot_interface_msgs/include/autopilot_interface_msgs/autopilot_interface_msgs/action/detail/land__rosidl_typesupport_fastrtps_c.h
-- Installing: /workspace/aerial_ws/ros2_ws/install/autopilot_interface_msgs/include/autopilot_interface_msgs/autopilot_interface_msgs/action/detail/offboard__rosidl_typesupport_fastrtps_c.h
-- Installing: /workspace/aerial_ws/ros2_ws/install/autopilot_interface_msgs/include/autopilot_interface_msgs/autopilot_interface_msgs/action/detail/orbit__rosidl_typesupport_fastrtps_c.h
-- Installing: /workspace/aerial_ws/ros2_ws/install/autopilot_interface_msgs/include/autopilot_interface_msgs/autopilot_interface_msgs/action/detail/takeoff__rosidl_typesupport_fastrtps_c.h
-- Up-to-date: /workspace/aerial_ws/ros2_ws/install/autopilot_interface_msgs/include/autopilot_interface_msgs/autopilot_interface_msgs/srv
-- Up-to-date: /workspace/aerial_ws/ros2_ws/install/autopilot_interface_msgs/include/autopilot_interface_msgs/autopilot_interface_msgs/srv/detail
-- Installing: /workspace/aerial_ws/ros2_ws/install/autopilot_interface_msgs/include/autopilot_interface_msgs/autopilot_interface_msgs/srv/detail/set_speed__rosidl_typesupport_fastrtps_c.h
-- Installing: /workspace/aerial_ws/ros2_ws/install/autopilot_interface_msgs/include/autopilot_interface_msgs/autopilot_interface_msgs/srv/detail/set_reposition__rosidl_typesupport_fastrtps_c.h
-- Installing: /workspace/aerial_ws/ros2_ws/install/autopilot_interface_msgs/lib/libautopilot_interface_msgs__rosidl_typesupport_fastrtps_c.so
-- Set runtime path of "/workspace/aerial_ws/ros2_ws/install/autopilot_interface_msgs/lib/libautopilot_interface_msgs__rosidl_typesupport_fastrtps_c.so" to ""
-- Up-to-date: /workspace/aerial_ws/ros2_ws/install/autopilot_interface_msgs/include/autopilot_interface_msgs/autopilot_interface_msgs
-- Up-to-date: /workspace/aerial_ws/ros2_ws/install/autopilot_interface_msgs/include/autopilot_interface_msgs/autopilot_interface_msgs/msg
-- Installing: /workspace/aerial_ws/ros2_ws/install/autopilot_interface_msgs/include/autopilot_interface_msgs/autopilot_interface_msgs/msg/rosidl_typesupport_introspection_c__visibility_control.h
-- Up-to-date: /workspace/aerial_ws/ros2_ws/install/autopilot_interface_msgs/include/autopilot_interface_msgs/autopilot_interface_msgs/msg/detail
-- Installing: /workspace/aerial_ws/ros2_ws/install/autopilot_interface_msgs/include/autopilot_interface_msgs/autopilot_interface_msgs/msg/detail/offboard_flag__rosidl_typesupport_introspection_c.h
-- Installing: /workspace/aerial_ws/ros2_ws/install/autopilot_interface_msgs/include/autopilot_interface_msgs/autopilot_interface_msgs/msg/detail/offboard_flag__type_support.c
-- Up-to-date: /workspace/aerial_ws/ros2_ws/install/autopilot_interface_msgs/include/autopilot_interface_msgs/autopilot_interface_msgs/action
-- Up-to-date: /workspace/aerial_ws/ros2_ws/install/autopilot_interface_msgs/include/autopilot_interface_msgs/autopilot_interface_msgs/action/detail
-- Installing: /workspace/aerial_ws/ros2_ws/install/autopilot_interface_msgs/include/autopilot_interface_msgs/autopilot_interface_msgs/action/detail/land__rosidl_typesupport_introspection_c.h
-- Installing: /workspace/aerial_ws/ros2_ws/install/autopilot_interface_msgs/include/autopilot_interface_msgs/autopilot_interface_msgs/action/detail/land__type_support.c
-- Installing: /workspace/aerial_ws/ros2_ws/install/autopilot_interface_msgs/include/autopilot_interface_msgs/autopilot_interface_msgs/action/detail/offboard__rosidl_typesupport_introspection_c.h
-- Installing: /workspace/aerial_ws/ros2_ws/install/autopilot_interface_msgs/include/autopilot_interface_msgs/autopilot_interface_msgs/action/detail/offboard__type_support.c
-- Installing: /workspace/aerial_ws/ros2_ws/install/autopilot_interface_msgs/include/autopilot_interface_msgs/autopilot_interface_msgs/action/detail/orbit__rosidl_typesupport_introspection_c.h
-- Installing: /workspace/aerial_ws/ros2_ws/install/autopilot_interface_msgs/include/autopilot_interface_msgs/autopilot_interface_msgs/action/detail/orbit__type_support.c
-- Installing: /workspace/aerial_ws/ros2_ws/install/autopilot_interface_msgs/include/autopilot_interface_msgs/autopilot_interface_msgs/action/detail/takeoff__rosidl_typesupport_introspection_c.h
-- Installing: /workspace/aerial_ws/ros2_ws/install/autopilot_interface_msgs/include/autopilot_interface_msgs/autopilot_interface_msgs/action/detail/takeoff__type_support.c
-- Up-to-date: /workspace/aerial_ws/ros2_ws/install/autopilot_interface_msgs/include/autopilot_interface_msgs/autopilot_interface_msgs/srv
-- Up-to-date: /workspace/aerial_ws/ros2_ws/install/autopilot_interface_msgs/include/autopilot_interface_msgs/autopilot_interface_msgs/srv/detail
-- Installing: /workspace/aerial_ws/ros2_ws/install/autopilot_interface_msgs/include/autopilot_interface_msgs/autopilot_interface_msgs/srv/detail/set_speed__rosidl_typesupport_introspection_c.h
-- Installing: /workspace/aerial_ws/ros2_ws/install/autopilot_interface_msgs/include/autopilot_interface_msgs/autopilot_interface_msgs/srv/detail/set_speed__type_support.c
-- Installing: /workspace/aerial_ws/ros2_ws/install/autopilot_interface_msgs/include/autopilot_interface_msgs/autopilot_interface_msgs/srv/detail/set_reposition__rosidl_typesupport_introspection_c.h
-- Installing: /workspace/aerial_ws/ros2_ws/install/autopilot_interface_msgs/include/autopilot_interface_msgs/autopilot_interface_msgs/srv/detail/set_reposition__type_support.c
-- Installing: /workspace/aerial_ws/ros2_ws/install/autopilot_interface_msgs/lib/libautopilot_interface_msgs__rosidl_typesupport_introspection_c.so
-- Set runtime path of "/workspace/aerial_ws/ros2_ws/install/autopilot_interface_msgs/lib/libautopilot_interface_msgs__rosidl_typesupport_introspection_c.so" to ""
-- Installing: /workspace/aerial_ws/ros2_ws/install/autopilot_interface_msgs/lib/libautopilot_interface_msgs__rosidl_typesupport_c.so
-- Set runtime path of "/workspace/aerial_ws/ros2_ws/install/autopilot_interface_msgs/lib/libautopilot_interface_msgs__rosidl_typesupport_c.so" to ""
-- Up-to-date: /workspace/aerial_ws/ros2_ws/install/autopilot_interface_msgs/include/autopilot_interface_msgs/autopilot_interface_msgs
-- Up-to-date: /workspace/aerial_ws/ros2_ws/install/autopilot_interface_msgs/include/autopilot_interface_msgs/autopilot_interface_msgs/msg
-- Installing: /workspace/aerial_ws/ros2_ws/install/autopilot_interface_msgs/include/autopilot_interface_msgs/autopilot_interface_msgs/msg/rosidl_generator_cpp__visibility_control.hpp
-- Installing: /workspace/aerial_ws/ros2_ws/install/autopilot_interface_msgs/include/autopilot_interface_msgs/autopilot_interface_msgs/msg/offboard_flag.hpp
-- Up-to-date: /workspace/aerial_ws/ros2_ws/install/autopilot_interface_msgs/include/autopilot_interface_msgs/autopilot_interface_msgs/msg/detail
-- Installing: /workspace/aerial_ws/ros2_ws/install/autopilot_interface_msgs/include/autopilot_interface_msgs/autopilot_interface_msgs/msg/detail/offboard_flag__builder.hpp
-- Installing: /workspace/aerial_ws/ros2_ws/install/autopilot_interface_msgs/include/autopilot_interface_msgs/autopilot_interface_msgs/msg/detail/offboard_flag__struct.hpp
-- Installing: /workspace/aerial_ws/ros2_ws/install/autopilot_interface_msgs/include/autopilot_interface_msgs/autopilot_interface_msgs/msg/detail/offboard_flag__traits.hpp
-- Installing: /workspace/aerial_ws/ros2_ws/install/autopilot_interface_msgs/include/autopilot_interface_msgs/autopilot_interface_msgs/msg/detail/offboard_flag__type_support.hpp
-- Up-to-date: /workspace/aerial_ws/ros2_ws/install/autopilot_interface_msgs/include/autopilot_interface_msgs/autopilot_interface_msgs/action
-- Installing: /workspace/aerial_ws/ros2_ws/install/autopilot_interface_msgs/include/autopilot_interface_msgs/autopilot_interface_msgs/action/land.hpp
-- Up-to-date: /workspace/aerial_ws/ros2_ws/install/autopilot_interface_msgs/include/autopilot_interface_msgs/autopilot_interface_msgs/action/detail
-- Installing: /workspace/aerial_ws/ros2_ws/install/autopilot_interface_msgs/include/autopilot_interface_msgs/autopilot_interface_msgs/action/detail/land__builder.hpp
-- Installing: /workspace/aerial_ws/ros2_ws/install/autopilot_interface_msgs/include/autopilot_interface_msgs/autopilot_interface_msgs/action/detail/land__struct.hpp
-- Installing: /workspace/aerial_ws/ros2_ws/install/autopilot_interface_msgs/include/autopilot_interface_msgs/autopilot_interface_msgs/action/detail/land__traits.hpp
-- Installing: /workspace/aerial_ws/ros2_ws/install/autopilot_interface_msgs/include/autopilot_interface_msgs/autopilot_interface_msgs/action/detail/land__type_support.hpp
-- Installing: /workspace/aerial_ws/ros2_ws/install/autopilot_interface_msgs/include/autopilot_interface_msgs/autopilot_interface_msgs/action/detail/offboard__builder.hpp
-- Installing: /workspace/aerial_ws/ros2_ws/install/autopilot_interface_msgs/include/autopilot_interface_msgs/autopilot_interface_msgs/action/detail/offboard__struct.hpp
-- Installing: /workspace/aerial_ws/ros2_ws/install/autopilot_interface_msgs/include/autopilot_interface_msgs/autopilot_interface_msgs/action/detail/offboard__traits.hpp
-- Installing: /workspace/aerial_ws/ros2_ws/install/autopilot_interface_msgs/include/autopilot_interface_msgs/autopilot_interface_msgs/action/detail/offboard__type_support.hpp
-- Installing: /workspace/aerial_ws/ros2_ws/install/autopilot_interface_msgs/include/autopilot_interface_msgs/autopilot_interface_msgs/action/detail/orbit__builder.hpp
-- Installing: /workspace/aerial_ws/ros2_ws/install/autopilot_interface_msgs/include/autopilot_interface_msgs/autopilot_interface_msgs/action/detail/orbit__struct.hpp
-- Installing: /workspace/aerial_ws/ros2_ws/install/autopilot_interface_msgs/include/autopilot_interface_msgs/autopilot_interface_msgs/action/detail/orbit__traits.hpp
-- Installing: /workspace/aerial_ws/ros2_ws/install/autopilot_interface_msgs/include/autopilot_interface_msgs/autopilot_interface_msgs/action/detail/orbit__type_support.hpp
-- Installing: /workspace/aerial_ws/ros2_ws/install/autopilot_interface_msgs/include/autopilot_interface_msgs/autopilot_interface_msgs/action/detail/takeoff__builder.hpp
-- Installing: /workspace/aerial_ws/ros2_ws/install/autopilot_interface_msgs/include/autopilot_interface_msgs/autopilot_interface_msgs/action/detail/takeoff__struct.hpp
-- Installing: /workspace/aerial_ws/ros2_ws/install/autopilot_interface_msgs/include/autopilot_interface_msgs/autopilot_interface_msgs/action/detail/takeoff__traits.hpp
-- Installing: /workspace/aerial_ws/ros2_ws/install/autopilot_interface_msgs/include/autopilot_interface_msgs/autopilot_interface_msgs/action/detail/takeoff__type_support.hpp
-- Installing: /workspace/aerial_ws/ros2_ws/install/autopilot_interface_msgs/include/autopilot_interface_msgs/autopilot_interface_msgs/action/offboard.hpp
-- Installing: /workspace/aerial_ws/ros2_ws/install/autopilot_interface_msgs/include/autopilot_interface_msgs/autopilot_interface_msgs/action/orbit.hpp
-- Installing: /workspace/aerial_ws/ros2_ws/install/autopilot_interface_msgs/include/autopilot_interface_msgs/autopilot_interface_msgs/action/takeoff.hpp
-- Up-to-date: /workspace/aerial_ws/ros2_ws/install/autopilot_interface_msgs/include/autopilot_interface_msgs/autopilot_interface_msgs/srv
-- Installing: /workspace/aerial_ws/ros2_ws/install/autopilot_interface_msgs/include/autopilot_interface_msgs/autopilot_interface_msgs/srv/set_speed.hpp
-- Up-to-date: /workspace/aerial_ws/ros2_ws/install/autopilot_interface_msgs/include/autopilot_interface_msgs/autopilot_interface_msgs/srv/detail
-- Installing: /workspace/aerial_ws/ros2_ws/install/autopilot_interface_msgs/include/autopilot_interface_msgs/autopilot_interface_msgs/srv/detail/set_speed__builder.hpp
-- Installing: /workspace/aerial_ws/ros2_ws/install/autopilot_interface_msgs/include/autopilot_interface_msgs/autopilot_interface_msgs/srv/detail/set_speed__struct.hpp
-- Installing: /workspace/aerial_ws/ros2_ws/install/autopilot_interface_msgs/include/autopilot_interface_msgs/autopilot_interface_msgs/srv/detail/set_speed__traits.hpp
-- Installing: /workspace/aerial_ws/ros2_ws/install/autopilot_interface_msgs/include/autopilot_interface_msgs/autopilot_interface_msgs/srv/detail/set_speed__type_support.hpp
-- Installing: /workspace/aerial_ws/ros2_ws/install/autopilot_interface_msgs/include/autopilot_interface_msgs/autopilot_interface_msgs/srv/detail/set_reposition__builder.hpp
-- Installing: /workspace/aerial_ws/ros2_ws/install/autopilot_interface_msgs/include/autopilot_interface_msgs/autopilot_interface_msgs/srv/detail/set_reposition__struct.hpp
-- Installing: /workspace/aerial_ws/ros2_ws/install/autopilot_interface_msgs/include/autopilot_interface_msgs/autopilot_interface_msgs/srv/detail/set_reposition__traits.hpp
-- Installing: /workspace/aerial_ws/ros2_ws/install/autopilot_interface_msgs/include/autopilot_interface_msgs/autopilot_interface_msgs/srv/detail/set_reposition__type_support.hpp
-- Installing: /workspace/aerial_ws/ros2_ws/install/autopilot_interface_msgs/include/autopilot_interface_msgs/autopilot_interface_msgs/srv/set_reposition.hpp
-- Up-to-date: /workspace/aerial_ws/ros2_ws/install/autopilot_interface_msgs/include/autopilot_interface_msgs/autopilot_interface_msgs
-- Up-to-date: /workspace/aerial_ws/ros2_ws/install/autopilot_interface_msgs/include/autopilot_interface_msgs/autopilot_interface_msgs/msg
-- Installing: /workspace/aerial_ws/ros2_ws/install/autopilot_interface_msgs/include/autopilot_interface_msgs/autopilot_interface_msgs/msg/rosidl_typesupport_fastrtps_cpp__visibility_control.h
-- Up-to-date: /workspace/aerial_ws/ros2_ws/install/autopilot_interface_msgs/include/autopilot_interface_msgs/autopilot_interface_msgs/msg/detail
-- Installing: /workspace/aerial_ws/ros2_ws/install/autopilot_interface_msgs/include/autopilot_interface_msgs/autopilot_interface_msgs/msg/detail/offboard_flag__rosidl_typesupport_fastrtps_cpp.hpp
-- Installing: /workspace/aerial_ws/ros2_ws/install/autopilot_interface_msgs/include/autopilot_interface_msgs/autopilot_interface_msgs/msg/detail/dds_fastrtps
-- Up-to-date: /workspace/aerial_ws/ros2_ws/install/autopilot_interface_msgs/include/autopilot_interface_msgs/autopilot_interface_msgs/action
-- Up-to-date: /workspace/aerial_ws/ros2_ws/install/autopilot_interface_msgs/include/autopilot_interface_msgs/autopilot_interface_msgs/action/detail
-- Installing: /workspace/aerial_ws/ros2_ws/install/autopilot_interface_msgs/include/autopilot_interface_msgs/autopilot_interface_msgs/action/detail/land__rosidl_typesupport_fastrtps_cpp.hpp
-- Installing: /workspace/aerial_ws/ros2_ws/install/autopilot_interface_msgs/include/autopilot_interface_msgs/autopilot_interface_msgs/action/detail/dds_fastrtps
-- Installing: /workspace/aerial_ws/ros2_ws/install/autopilot_interface_msgs/include/autopilot_interface_msgs/autopilot_interface_msgs/action/detail/offboard__rosidl_typesupport_fastrtps_cpp.hpp
-- Installing: /workspace/aerial_ws/ros2_ws/install/autopilot_interface_msgs/include/autopilot_interface_msgs/autopilot_interface_msgs/action/detail/orbit__rosidl_typesupport_fastrtps_cpp.hpp
-- Installing: /workspace/aerial_ws/ros2_ws/install/autopilot_interface_msgs/include/autopilot_interface_msgs/autopilot_interface_msgs/action/detail/takeoff__rosidl_typesupport_fastrtps_cpp.hpp
-- Up-to-date: /workspace/aerial_ws/ros2_ws/install/autopilot_interface_msgs/include/autopilot_interface_msgs/autopilot_interface_msgs/srv
-- Up-to-date: /workspace/aerial_ws/ros2_ws/install/autopilot_interface_msgs/include/autopilot_interface_msgs/autopilot_interface_msgs/srv/detail
-- Installing: /workspace/aerial_ws/ros2_ws/install/autopilot_interface_msgs/include/autopilot_interface_msgs/autopilot_interface_msgs/srv/detail/set_speed__rosidl_typesupport_fastrtps_cpp.hpp
-- Installing: /workspace/aerial_ws/ros2_ws/install/autopilot_interface_msgs/include/autopilot_interface_msgs/autopilot_interface_msgs/srv/detail/dds_fastrtps
-- Installing: /workspace/aerial_ws/ros2_ws/install/autopilot_interface_msgs/include/autopilot_interface_msgs/autopilot_interface_msgs/srv/detail/set_reposition__rosidl_typesupport_fastrtps_cpp.hpp
-- Installing: /workspace/aerial_ws/ros2_ws/install/autopilot_interface_msgs/lib/libautopilot_interface_msgs__rosidl_typesupport_fastrtps_cpp.so
-- Set runtime path of "/workspace/aerial_ws/ros2_ws/install/autopilot_interface_msgs/lib/libautopilot_interface_msgs__rosidl_typesupport_fastrtps_cpp.so" to ""
-- Up-to-date: /workspace/aerial_ws/ros2_ws/install/autopilot_interface_msgs/include/autopilot_interface_msgs/autopilot_interface_msgs
-- Up-to-date: /workspace/aerial_ws/ros2_ws/install/autopilot_interface_msgs/include/autopilot_interface_msgs/autopilot_interface_msgs/action
-- Up-to-date: /workspace/aerial_ws/ros2_ws/install/autopilot_interface_msgs/include/autopilot_interface_msgs/autopilot_interface_msgs/action/detail
-- Installing: /workspace/aerial_ws/ros2_ws/install/autopilot_interface_msgs/include/autopilot_interface_msgs/autopilot_interface_msgs/action/detail/land__rosidl_typesupport_introspection_cpp.hpp
-- Installing: /workspace/aerial_ws/ros2_ws/install/autopilot_interface_msgs/include/autopilot_interface_msgs/autopilot_interface_msgs/action/detail/land__type_support.cpp
-- Installing: /workspace/aerial_ws/ros2_ws/install/autopilot_interface_msgs/include/autopilot_interface_msgs/autopilot_interface_msgs/action/detail/offboard__rosidl_typesupport_introspection_cpp.hpp
-- Installing: /workspace/aerial_ws/ros2_ws/install/autopilot_interface_msgs/include/autopilot_interface_msgs/autopilot_interface_msgs/action/detail/offboard__type_support.cpp
-- Installing: /workspace/aerial_ws/ros2_ws/install/autopilot_interface_msgs/include/autopilot_interface_msgs/autopilot_interface_msgs/action/detail/orbit__rosidl_typesupport_introspection_cpp.hpp
-- Installing: /workspace/aerial_ws/ros2_ws/install/autopilot_interface_msgs/include/autopilot_interface_msgs/autopilot_interface_msgs/action/detail/orbit__type_support.cpp
-- Installing: /workspace/aerial_ws/ros2_ws/install/autopilot_interface_msgs/include/autopilot_interface_msgs/autopilot_interface_msgs/action/detail/takeoff__rosidl_typesupport_introspection_cpp.hpp
-- Installing: /workspace/aerial_ws/ros2_ws/install/autopilot_interface_msgs/include/autopilot_interface_msgs/autopilot_interface_msgs/action/detail/takeoff__type_support.cpp
-- Up-to-date: /workspace/aerial_ws/ros2_ws/install/autopilot_interface_msgs/include/autopilot_interface_msgs/autopilot_interface_msgs/msg
-- Up-to-date: /workspace/aerial_ws/ros2_ws/install/autopilot_interface_msgs/include/autopilot_interface_msgs/autopilot_interface_msgs/msg/detail
-- Installing: /workspace/aerial_ws/ros2_ws/install/autopilot_interface_msgs/include/autopilot_interface_msgs/autopilot_interface_msgs/msg/detail/offboard_flag__rosidl_typesupport_introspection_cpp.hpp
-- Installing: /workspace/aerial_ws/ros2_ws/install/autopilot_interface_msgs/include/autopilot_interface_msgs/autopilot_interface_msgs/msg/detail/offboard_flag__type_support.cpp
-- Up-to-date: /workspace/aerial_ws/ros2_ws/install/autopilot_interface_msgs/include/autopilot_interface_msgs/autopilot_interface_msgs/srv
-- Up-to-date: /workspace/aerial_ws/ros2_ws/install/autopilot_interface_msgs/include/autopilot_interface_msgs/autopilot_interface_msgs/srv/detail
-- Installing: /workspace/aerial_ws/ros2_ws/install/autopilot_interface_msgs/include/autopilot_interface_msgs/autopilot_interface_msgs/srv/detail/set_speed__rosidl_typesupport_introspection_cpp.hpp
-- Installing: /workspace/aerial_ws/ros2_ws/install/autopilot_interface_msgs/include/autopilot_interface_msgs/autopilot_interface_msgs/srv/detail/set_speed__type_support.cpp
-- Installing: /workspace/aerial_ws/ros2_ws/install/autopilot_interface_msgs/include/autopilot_interface_msgs/autopilot_interface_msgs/srv/detail/set_reposition__rosidl_typesupport_introspection_cpp.hpp
-- Installing: /workspace/aerial_ws/ros2_ws/install/autopilot_interface_msgs/include/autopilot_interface_msgs/autopilot_interface_msgs/srv/detail/set_reposition__type_support.cpp
-- Installing: /workspace/aerial_ws/ros2_ws/install/autopilot_interface_msgs/lib/libautopilot_interface_msgs__rosidl_typesupport_introspection_cpp.so
-- Set runtime path of "/workspace/aerial_ws/ros2_ws/install/autopilot_interface_msgs/lib/libautopilot_interface_msgs__rosidl_typesupport_introspection_cpp.so" to ""
-- Installing: /workspace/aerial_ws/ros2_ws/install/autopilot_interface_msgs/lib/libautopilot_interface_msgs__rosidl_typesupport_cpp.so
-- Set runtime path of "/workspace/aerial_ws/ros2_ws/install/autopilot_interface_msgs/lib/libautopilot_interface_msgs__rosidl_typesupport_cpp.so" to ""
-- Installing: /workspace/aerial_ws/ros2_ws/install/autopilot_interface_msgs/share/autopilot_interface_msgs/environment/pythonpath.sh
-- Installing: /workspace/aerial_ws/ros2_ws/install/autopilot_interface_msgs/share/autopilot_interface_msgs/environment/pythonpath.dsv
-- Installing: /workspace/aerial_ws/ros2_ws/install/autopilot_interface_msgs/local/lib/python3.10/dist-packages/autopilot_interface_msgs-0.1.0-py3.10.egg-info
-- Installing: /workspace/aerial_ws/ros2_ws/install/autopilot_interface_msgs/local/lib/python3.10/dist-packages/autopilot_interface_msgs-0.1.0-py3.10.egg-info/PKG-INFO
-- Installing: /workspace/aerial_ws/ros2_ws/install/autopilot_interface_msgs/local/lib/python3.10/dist-packages/autopilot_interface_msgs-0.1.0-py3.10.egg-info/dependency_links.txt
-- Installing: /workspace/aerial_ws/ros2_ws/install/autopilot_interface_msgs/local/lib/python3.10/dist-packages/autopilot_interface_msgs-0.1.0-py3.10.egg-info/top_level.txt
-- Installing: /workspace/aerial_ws/ros2_ws/install/autopilot_interface_msgs/local/lib/python3.10/dist-packages/autopilot_interface_msgs-0.1.0-py3.10.egg-info/SOURCES.txt
-- Installing: /workspace/aerial_ws/ros2_ws/install/autopilot_interface_msgs/local/lib/python3.10/dist-packages/autopilot_interface_msgs
-- Installing: /workspace/aerial_ws/ros2_ws/install/autopilot_interface_msgs/local/lib/python3.10/dist-packages/autopilot_interface_msgs/__init__.py
-- Installing: /workspace/aerial_ws/ros2_ws/install/autopilot_interface_msgs/local/lib/python3.10/dist-packages/autopilot_interface_msgs/action
-- Installing: /workspace/aerial_ws/ros2_ws/install/autopilot_interface_msgs/local/lib/python3.10/dist-packages/autopilot_interface_msgs/action/_land.py
-- Installing: /workspace/aerial_ws/ros2_ws/install/autopilot_interface_msgs/local/lib/python3.10/dist-packages/autopilot_interface_msgs/action/_land_s.c
-- Installing: /workspace/aerial_ws/ros2_ws/install/autopilot_interface_msgs/local/lib/python3.10/dist-packages/autopilot_interface_msgs/action/_offboard.py
-- Installing: /workspace/aerial_ws/ros2_ws/install/autopilot_interface_msgs/local/lib/python3.10/dist-packages/autopilot_interface_msgs/action/_offboard_s.c
-- Installing: /workspace/aerial_ws/ros2_ws/install/autopilot_interface_msgs/local/lib/python3.10/dist-packages/autopilot_interface_msgs/action/_orbit.py
-- Installing: /workspace/aerial_ws/ros2_ws/install/autopilot_interface_msgs/local/lib/python3.10/dist-packages/autopilot_interface_msgs/action/_orbit_s.c
-- Installing: /workspace/aerial_ws/ros2_ws/install/autopilot_interface_msgs/local/lib/python3.10/dist-packages/autopilot_interface_msgs/action/_takeoff.py
-- Installing: /workspace/aerial_ws/ros2_ws/install/autopilot_interface_msgs/local/lib/python3.10/dist-packages/autopilot_interface_msgs/action/_takeoff_s.c
-- Installing: /workspace/aerial_ws/ros2_ws/install/autopilot_interface_msgs/local/lib/python3.10/dist-packages/autopilot_interface_msgs/action/__init__.py
-- Installing: /workspace/aerial_ws/ros2_ws/install/autopilot_interface_msgs/local/lib/python3.10/dist-packages/autopilot_interface_msgs/msg
-- Installing: /workspace/aerial_ws/ros2_ws/install/autopilot_interface_msgs/local/lib/python3.10/dist-packages/autopilot_interface_msgs/msg/_offboard_flag.py
-- Installing: /workspace/aerial_ws/ros2_ws/install/autopilot_interface_msgs/local/lib/python3.10/dist-packages/autopilot_interface_msgs/msg/_offboard_flag_s.c
-- Installing: /workspace/aerial_ws/ros2_ws/install/autopilot_interface_msgs/local/lib/python3.10/dist-packages/autopilot_interface_msgs/msg/__init__.py
-- Installing: /workspace/aerial_ws/ros2_ws/install/autopilot_interface_msgs/local/lib/python3.10/dist-packages/autopilot_interface_msgs/srv
-- Installing: /workspace/aerial_ws/ros2_ws/install/autopilot_interface_msgs/local/lib/python3.10/dist-packages/autopilot_interface_msgs/srv/_set_speed.py
-- Installing: /workspace/aerial_ws/ros2_ws/install/autopilot_interface_msgs/local/lib/python3.10/dist-packages/autopilot_interface_msgs/srv/_set_speed_s.c
-- Installing: /workspace/aerial_ws/ros2_ws/install/autopilot_interface_msgs/local/lib/python3.10/dist-packages/autopilot_interface_msgs/srv/_set_reposition.py
-- Installing: /workspace/aerial_ws/ros2_ws/install/autopilot_interface_msgs/local/lib/python3.10/dist-packages/autopilot_interface_msgs/srv/_set_reposition_s.c
-- Installing: /workspace/aerial_ws/ros2_ws/install/autopilot_interface_msgs/local/lib/python3.10/dist-packages/autopilot_interface_msgs/srv/__init__.py
-- Installing: /workspace/aerial_ws/ros2_ws/install/autopilot_interface_msgs/local/lib/python3.10/dist-packages/autopilot_interface_msgs/_autopilot_interface_msgs_s.ep.rosidl_typesupport_fastrtps_c.c
-- Installing: /workspace/aerial_ws/ros2_ws/install/autopilot_interface_msgs/local/lib/python3.10/dist-packages/autopilot_interface_msgs/_autopilot_interface_msgs_s.ep.rosidl_typesupport_introspection_c.c
-- Installing: /workspace/aerial_ws/ros2_ws/install/autopilot_interface_msgs/local/lib/python3.10/dist-packages/autopilot_interface_msgs/_autopilot_interface_msgs_s.ep.rosidl_typesupport_c.c
-- Installing: /workspace/aerial_ws/ros2_ws/install/autopilot_interface_msgs/local/lib/python3.10/dist-packages/autopilot_interface_msgs/libautopilot_interface_msgs__rosidl_generator_py.so
-- Installing: /workspace/aerial_ws/ros2_ws/install/autopilot_interface_msgs/local/lib/python3.10/dist-packages/autopilot_interface_msgs/autopilot_interface_msgs_s__rosidl_typesupport_fastrtps_c.cpython-310-x86_64-linux-gnu.so
-- Installing: /workspace/aerial_ws/ros2_ws/install/autopilot_interface_msgs/local/lib/python3.10/dist-packages/autopilot_interface_msgs/autopilot_interface_msgs_s__rosidl_typesupport_c.cpython-310-x86_64-linux-gnu.so
-- Installing: /workspace/aerial_ws/ros2_ws/install/autopilot_interface_msgs/local/lib/python3.10/dist-packages/autopilot_interface_msgs/autopilot_interface_msgs_s__rosidl_typesupport_introspection_c.cpython-310-x86_64-linux-gnu.so
Listing '/workspace/aerial_ws/ros2_ws/install/autopilot_interface_msgs/local/lib/python3.10/dist-packages/autopilot_interface_msgs'...
Compiling '/workspace/aerial_ws/ros2_ws/install/autopilot_interface_msgs/local/lib/python3.10/dist-packages/autopilot_interface_msgs/__init__.py'...
Listing '/workspace/aerial_ws/ros2_ws/install/autopilot_interface_msgs/local/lib/python3.10/dist-packages/autopilot_interface_msgs/action'...
Compiling '/workspace/aerial_ws/ros2_ws/install/autopilot_interface_msgs/local/lib/python3.10/dist-packages/autopilot_interface_msgs/action/__init__.py'...
Compiling '/workspace/aerial_ws/ros2_ws/install/autopilot_interface_msgs/local/lib/python3.10/dist-packages/autopilot_interface_msgs/action/_land.py'...
Compiling '/workspace/aerial_ws/ros2_ws/install/autopilot_interface_msgs/local/lib/python3.10/dist-packages/autopilot_interface_msgs/action/_offboard.py'...
Compiling '/workspace/aerial_ws/ros2_ws/install/autopilot_interface_msgs/local/lib/python3.10/dist-packages/autopilot_interface_msgs/action/_orbit.py'...
Compiling '/workspace/aerial_ws/ros2_ws/install/autopilot_interface_msgs/local/lib/python3.10/dist-packages/autopilot_interface_msgs/action/_takeoff.py'...
Listing '/workspace/aerial_ws/ros2_ws/install/autopilot_interface_msgs/local/lib/python3.10/dist-packages/autopilot_interface_msgs/msg'...
Compiling '/workspace/aerial_ws/ros2_ws/install/autopilot_interface_msgs/local/lib/python3.10/dist-packages/autopilot_interface_msgs/msg/__init__.py'...
Compiling '/workspace/aerial_ws/ros2_ws/install/autopilot_interface_msgs/local/lib/python3.10/dist-packages/autopilot_interface_msgs/msg/_offboard_flag.py'...
Listing '/workspace/aerial_ws/ros2_ws/install/autopilot_interface_msgs/local/lib/python3.10/dist-packages/autopilot_interface_msgs/srv'...
Compiling '/workspace/aerial_ws/ros2_ws/install/autopilot_interface_msgs/local/lib/python3.10/dist-packages/autopilot_interface_msgs/srv/__init__.py'...
Compiling '/workspace/aerial_ws/ros2_ws/install/autopilot_interface_msgs/local/lib/python3.10/dist-packages/autopilot_interface_msgs/srv/_set_reposition.py'...
Compiling '/workspace/aerial_ws/ros2_ws/install/autopilot_interface_msgs/local/lib/python3.10/dist-packages/autopilot_interface_msgs/srv/_set_speed.py'...
-- Installing: /workspace/aerial_ws/ros2_ws/install/autopilot_interface_msgs/local/lib/python3.10/dist-packages/autopilot_interface_msgs/autopilot_interface_msgs_s__rosidl_typesupport_fastrtps_c.cpython-310-x86_64-linux-gnu.so
-- Set runtime path of "/workspace/aerial_ws/ros2_ws/install/autopilot_interface_msgs/local/lib/python3.10/dist-packages/autopilot_interface_msgs/autopilot_interface_msgs_s__rosidl_typesupport_fastrtps_c.cpython-310-x86_64-linux-gnu.so" to ""
-- Installing: /workspace/aerial_ws/ros2_ws/install/autopilot_interface_msgs/local/lib/python3.10/dist-packages/autopilot_interface_msgs/autopilot_interface_msgs_s__rosidl_typesupport_introspection_c.cpython-310-x86_64-linux-gnu.so
-- Set runtime path of "/workspace/aerial_ws/ros2_ws/install/autopilot_interface_msgs/local/lib/python3.10/dist-packages/autopilot_interface_msgs/autopilot_interface_msgs_s__rosidl_typesupport_introspection_c.cpython-310-x86_64-linux-gnu.so" to ""
-- Installing: /workspace/aerial_ws/ros2_ws/install/autopilot_interface_msgs/local/lib/python3.10/dist-packages/autopilot_interface_msgs/autopilot_interface_msgs_s__rosidl_typesupport_c.cpython-310-x86_64-linux-gnu.so
-- Set runtime path of "/workspace/aerial_ws/ros2_ws/install/autopilot_interface_msgs/local/lib/python3.10/dist-packages/autopilot_interface_msgs/autopilot_interface_msgs_s__rosidl_typesupport_c.cpython-310-x86_64-linux-gnu.so" to ""
-- Installing: /workspace/aerial_ws/ros2_ws/install/autopilot_interface_msgs/lib/libautopilot_interface_msgs__rosidl_generator_py.so
-- Set runtime path of "/workspace/aerial_ws/ros2_ws/install/autopilot_interface_msgs/lib/libautopilot_interface_msgs__rosidl_generator_py.so" to ""
-- Installing: /workspace/aerial_ws/ros2_ws/install/autopilot_interface_msgs/share/ament_index/resource_index/rust_packages/autopilot_interface_msgs
-- Installing: /workspace/aerial_ws/ros2_ws/install/autopilot_interface_msgs/share/autopilot_interface_msgs/rust
-- Installing: /workspace/aerial_ws/ros2_ws/install/autopilot_interface_msgs/share/autopilot_interface_msgs/rust/src
-- Installing: /workspace/aerial_ws/ros2_ws/install/autopilot_interface_msgs/share/autopilot_interface_msgs/rust/src/msg.rs
-- Installing: /workspace/aerial_ws/ros2_ws/install/autopilot_interface_msgs/share/autopilot_interface_msgs/rust/src/msg
-- Installing: /workspace/aerial_ws/ros2_ws/install/autopilot_interface_msgs/share/autopilot_interface_msgs/rust/src/msg/rmw.rs
-- Installing: /workspace/aerial_ws/ros2_ws/install/autopilot_interface_msgs/share/autopilot_interface_msgs/rust/src/srv.rs
-- Installing: /workspace/aerial_ws/ros2_ws/install/autopilot_interface_msgs/share/autopilot_interface_msgs/rust/src/srv
-- Installing: /workspace/aerial_ws/ros2_ws/install/autopilot_interface_msgs/share/autopilot_interface_msgs/rust/src/srv/rmw.rs
-- Installing: /workspace/aerial_ws/ros2_ws/install/autopilot_interface_msgs/share/autopilot_interface_msgs/rust/src/action.rs
-- Installing: /workspace/aerial_ws/ros2_ws/install/autopilot_interface_msgs/share/autopilot_interface_msgs/rust/src/action
-- Installing: /workspace/aerial_ws/ros2_ws/install/autopilot_interface_msgs/share/autopilot_interface_msgs/rust/src/action/rmw.rs
-- Installing: /workspace/aerial_ws/ros2_ws/install/autopilot_interface_msgs/share/autopilot_interface_msgs/rust/src/lib.rs
-- Installing: /workspace/aerial_ws/ros2_ws/install/autopilot_interface_msgs/share/autopilot_interface_msgs/rust/Cargo.toml
-- Installing: /workspace/aerial_ws/ros2_ws/install/autopilot_interface_msgs/share/autopilot_interface_msgs/rust/build.rs
-- Installing: /workspace/aerial_ws/ros2_ws/install/autopilot_interface_msgs/share/autopilot_interface_msgs/action/Land.idl
-- Installing: /workspace/aerial_ws/ros2_ws/install/autopilot_interface_msgs/share/autopilot_interface_msgs/action/Offboard.idl
-- Installing: /workspace/aerial_ws/ros2_ws/install/autopilot_interface_msgs/share/autopilot_interface_msgs/action/Orbit.idl
-- Installing: /workspace/aerial_ws/ros2_ws/install/autopilot_interface_msgs/share/autopilot_interface_msgs/action/Takeoff.idl
-- Installing: /workspace/aerial_ws/ros2_ws/install/autopilot_interface_msgs/share/autopilot_interface_msgs/msg/OffboardFlag.idl
-- Installing: /workspace/aerial_ws/ros2_ws/install/autopilot_interface_msgs/share/autopilot_interface_msgs/srv/SetSpeed.idl
-- Installing: /workspace/aerial_ws/ros2_ws/install/autopilot_interface_msgs/share/autopilot_interface_msgs/srv/SetReposition.idl
-- Installing: /workspace/aerial_ws/ros2_ws/install/autopilot_interface_msgs/share/autopilot_interface_msgs/action/Land.action
-- Installing: /workspace/aerial_ws/ros2_ws/install/autopilot_interface_msgs/share/autopilot_interface_msgs/action/Offboard.action
-- Installing: /workspace/aerial_ws/ros2_ws/install/autopilot_interface_msgs/share/autopilot_interface_msgs/action/Orbit.action
-- Installing: /workspace/aerial_ws/ros2_ws/install/autopilot_interface_msgs/share/autopilot_interface_msgs/action/Takeoff.action
-- Installing: /workspace/aerial_ws/ros2_ws/install/autopilot_interface_msgs/share/autopilot_interface_msgs/msg/OffboardFlag.msg
-- Installing: /workspace/aerial_ws/ros2_ws/install/autopilot_interface_msgs/share/autopilot_interface_msgs/srv/SetSpeed.srv
-- Installing: /workspace/aerial_ws/ros2_ws/install/autopilot_interface_msgs/share/autopilot_interface_msgs/srv/SetSpeed_Request.msg
-- Installing: /workspace/aerial_ws/ros2_ws/install/autopilot_interface_msgs/share/autopilot_interface_msgs/srv/SetSpeed_Response.msg
-- Installing: /workspace/aerial_ws/ros2_ws/install/autopilot_interface_msgs/share/autopilot_interface_msgs/srv/SetReposition.srv
-- Installing: /workspace/aerial_ws/ros2_ws/install/autopilot_interface_msgs/share/autopilot_interface_msgs/srv/SetReposition_Request.msg
-- Installing: /workspace/aerial_ws/ros2_ws/install/autopilot_interface_msgs/share/autopilot_interface_msgs/srv/SetReposition_Response.msg
-- Installing: /workspace/aerial_ws/ros2_ws/install/autopilot_interface_msgs/share/ament_index/resource_index/package_run_dependencies/autopilot_interface_msgs
-- Installing: /workspace/aerial_ws/ros2_ws/install/autopilot_interface_msgs/share/ament_index/resource_index/parent_prefix_path/autopilot_interface_msgs
-- Installing: /workspace/aerial_ws/ros2_ws/install/autopilot_interface_msgs/share/autopilot_interface_msgs/environment/ament_prefix_path.sh
-- Installing: /workspace/aerial_ws/ros2_ws/install/autopilot_interface_msgs/share/autopilot_interface_msgs/environment/ament_prefix_path.dsv
-- Installing: /workspace/aerial_ws/ros2_ws/install/autopilot_interface_msgs/share/autopilot_interface_msgs/environment/path.sh
-- Installing: /workspace/aerial_ws/ros2_ws/install/autopilot_interface_msgs/share/autopilot_interface_msgs/environment/path.dsv
-- Installing: /workspace/aerial_ws/ros2_ws/install/autopilot_interface_msgs/share/autopilot_interface_msgs/local_setup.bash
-- Installing: /workspace/aerial_ws/ros2_ws/install/autopilot_interface_msgs/share/autopilot_interface_msgs/local_setup.sh
-- Installing: /workspace/aerial_ws/ros2_ws/install/autopilot_interface_msgs/share/autopilot_interface_msgs/local_setup.zsh
-- Installing: /workspace/aerial_ws/ros2_ws/install/autopilot_interface_msgs/share/autopilot_interface_msgs/local_setup.dsv
-- Installing: /workspace/aerial_ws/ros2_ws/install/autopilot_interface_msgs/share/autopilot_interface_msgs/package.dsv
-- Installing: /workspace/aerial_ws/ros2_ws/install/autopilot_interface_msgs/share/ament_index/resource_index/packages/autopilot_interface_msgs
-- Installing: /workspace/aerial_ws/ros2_ws/install/autopilot_interface_msgs/share/autopilot_interface_msgs/cmake/export_autopilot_interface_msgs__rosidl_generator_cExport.cmake
-- Installing: /workspace/aerial_ws/ros2_ws/install/autopilot_interface_msgs/share/autopilot_interface_msgs/cmake/export_autopilot_interface_msgs__rosidl_generator_cExport-noconfig.cmake
-- Installing: /workspace/aerial_ws/ros2_ws/install/autopilot_interface_msgs/share/autopilot_interface_msgs/cmake/export_autopilot_interface_msgs__rosidl_typesupport_fastrtps_cExport.cmake
-- Installing: /workspace/aerial_ws/ros2_ws/install/autopilot_interface_msgs/share/autopilot_interface_msgs/cmake/export_autopilot_interface_msgs__rosidl_typesupport_fastrtps_cExport-noconfig.cmake
-- Installing: /workspace/aerial_ws/ros2_ws/install/autopilot_interface_msgs/share/autopilot_interface_msgs/cmake/autopilot_interface_msgs__rosidl_typesupport_introspection_cExport.cmake
-- Installing: /workspace/aerial_ws/ros2_ws/install/autopilot_interface_msgs/share/autopilot_interface_msgs/cmake/autopilot_interface_msgs__rosidl_typesupport_introspection_cExport-noconfig.cmake
-- Installing: /workspace/aerial_ws/ros2_ws/install/autopilot_interface_msgs/share/autopilot_interface_msgs/cmake/autopilot_interface_msgs__rosidl_typesupport_cExport.cmake
-- Installing: /workspace/aerial_ws/ros2_ws/install/autopilot_interface_msgs/share/autopilot_interface_msgs/cmake/autopilot_interface_msgs__rosidl_typesupport_cExport-noconfig.cmake
-- Installing: /workspace/aerial_ws/ros2_ws/install/autopilot_interface_msgs/share/autopilot_interface_msgs/cmake/export_autopilot_interface_msgs__rosidl_generator_cppExport.cmake
-- Installing: /workspace/aerial_ws/ros2_ws/install/autopilot_interface_msgs/share/autopilot_interface_msgs/cmake/export_autopilot_interface_msgs__rosidl_typesupport_fastrtps_cppExport.cmake
-- Installing: /workspace/aerial_ws/ros2_ws/install/autopilot_interface_msgs/share/autopilot_interface_msgs/cmake/export_autopilot_interface_msgs__rosidl_typesupport_fastrtps_cppExport-noconfig.cmake
-- Installing: /workspace/aerial_ws/ros2_ws/install/autopilot_interface_msgs/share/autopilot_interface_msgs/cmake/autopilot_interface_msgs__rosidl_typesupport_introspection_cppExport.cmake
-- Installing: /workspace/aerial_ws/ros2_ws/install/autopilot_interface_msgs/share/autopilot_interface_msgs/cmake/autopilot_interface_msgs__rosidl_typesupport_introspection_cppExport-noconfig.cmake
-- Installing: /workspace/aerial_ws/ros2_ws/install/autopilot_interface_msgs/share/autopilot_interface_msgs/cmake/autopilot_interface_msgs__rosidl_typesupport_cppExport.cmake
-- Installing: /workspace/aerial_ws/ros2_ws/install/autopilot_interface_msgs/share/autopilot_interface_msgs/cmake/autopilot_interface_msgs__rosidl_typesupport_cppExport-noconfig.cmake
-- Installing: /workspace/aerial_ws/ros2_ws/install/autopilot_interface_msgs/share/autopilot_interface_msgs/cmake/export_autopilot_interface_msgs__rosidl_generator_pyExport.cmake
-- Installing: /workspace/aerial_ws/ros2_ws/install/autopilot_interface_msgs/share/autopilot_interface_msgs/cmake/export_autopilot_interface_msgs__rosidl_generator_pyExport-noconfig.cmake
-- Installing: /workspace/aerial_ws/ros2_ws/install/autopilot_interface_msgs/share/autopilot_interface_msgs/cmake/rosidl_cmake-extras.cmake
-- Installing: /workspace/aerial_ws/ros2_ws/install/autopilot_interface_msgs/share/autopilot_interface_msgs/cmake/ament_cmake_export_dependencies-extras.cmake
-- Installing: /workspace/aerial_ws/ros2_ws/install/autopilot_interface_msgs/share/autopilot_interface_msgs/cmake/ament_cmake_export_include_directories-extras.cmake
-- Installing: /workspace/aerial_ws/ros2_ws/install/autopilot_interface_msgs/share/autopilot_interface_msgs/cmake/ament_cmake_export_libraries-extras.cmake
-- Installing: /workspace/aerial_ws/ros2_ws/install/autopilot_interface_msgs/share/autopilot_interface_msgs/cmake/ament_cmake_export_targets-extras.cmake
-- Installing: /workspace/aerial_ws/ros2_ws/install/autopilot_interface_msgs/share/autopilot_interface_msgs/cmake/rosidl_cmake_export_typesupport_targets-extras.cmake
-- Installing: /workspace/aerial_ws/ros2_ws/install/autopilot_interface_msgs/share/autopilot_interface_msgs/cmake/rosidl_cmake_export_typesupport_libraries-extras.cmake
-- Installing: /workspace/aerial_ws/ros2_ws/install/autopilot_interface_msgs/share/autopilot_interface_msgs/cmake/autopilot_interface_msgsConfig.cmake
-- Installing: /workspace/aerial_ws/ros2_ws/install/autopilot_interface_msgs/share/autopilot_interface_msgs/cmake/autopilot_interface_msgsConfig-version.cmake
-- Installing: /workspace/aerial_ws/ros2_ws/install/autopilot_interface_msgs/share/autopilot_interface_msgs/package.xml
