[0.011s] Invoking command in '/workspace/aerial_ws/ros2_ws/build/autopilot_interface_msgs': CMAKE_PREFIX_PATH=/opt/ros/humble /usr/bin/cmake --build /workspace/aerial_ws/ros2_ws/build/autopilot_interface_msgs -- -j16 -l16
[0.064s] [  1%] Generating C code for ROS interfaces
[0.076s] [  2%] Generating Rust code for ROS interfaces
[0.078s] [  3%] Generating C++ code for ROS interfaces
[0.086s] [  3%] Built target ament_cmake_python_copy_autopilot_interface_msgs
[0.340s] running egg_info
[0.365s] creating autopilot_interface_msgs.egg-info
[0.365s] writing autopilot_interface_msgs.egg-info/PKG-INFO
[0.366s] writing dependency_links to autopilot_interface_msgs.egg-info/dependency_links.txt
[0.366s] writing top-level names to autopilot_interface_msgs.egg-info/top_level.txt
[0.541s] writing manifest file 'autopilot_interface_msgs.egg-info/SOURCES.txt'
[0.610s] reading manifest file 'autopilot_interface_msgs.egg-info/SOURCES.txt'
[0.611s] writing manifest file 'autopilot_interface_msgs.egg-info/SOURCES.txt'
[0.651s] [  3%] Built target ament_cmake_python_build_autopilot_interface_msgs_egg
[0.687s] [  3%] Built target autopilot_interface_msgs__rs
[1.514s] [  6%] Building C object CMakeFiles/autopilot_interface_msgs__rosidl_generator_c.dir/rosidl_generator_c/autopilot_interface_msgs/action/detail/land__functions.c.o
[1.514s] [  6%] Building C object CMakeFiles/autopilot_interface_msgs__rosidl_generator_c.dir/rosidl_generator_c/autopilot_interface_msgs/action/detail/orbit__functions.c.o
[1.514s] [  7%] Building C object CMakeFiles/autopilot_interface_msgs__rosidl_generator_c.dir/rosidl_generator_c/autopilot_interface_msgs/msg/detail/offboard_flag__functions.c.o
[1.514s] [ 10%] Building C object CMakeFiles/autopilot_interface_msgs__rosidl_generator_c.dir/rosidl_generator_c/autopilot_interface_msgs/action/detail/takeoff__functions.c.o
[1.515s] [ 10%] Building C object CMakeFiles/autopilot_interface_msgs__rosidl_generator_c.dir/rosidl_generator_c/autopilot_interface_msgs/action/detail/offboard__functions.c.o
[1.515s] [ 11%] Building C object CMakeFiles/autopilot_interface_msgs__rosidl_generator_c.dir/rosidl_generator_c/autopilot_interface_msgs/srv/detail/set_speed__functions.c.o
[1.517s] [ 12%] Building C object CMakeFiles/autopilot_interface_msgs__rosidl_generator_c.dir/rosidl_generator_c/autopilot_interface_msgs/srv/detail/set_reposition__functions.c.o
[1.605s] [ 12%] Built target autopilot_interface_msgs__cpp
[1.662s] [ 15%] Generating C++ type support for eProsima Fast-RTPS
[1.662s] [ 15%] Generating C++ introspection for ROS interfaces
[1.669s] [ 16%] Generating C++ type support dispatch for ROS interfaces
[1.763s] [ 17%] Linking C shared library libautopilot_interface_msgs__rosidl_generator_c.so
[1.813s] [ 17%] Built target autopilot_interface_msgs__rosidl_generator_c
[1.827s] [ 20%] Generating C introspection for ROS interfaces
[1.827s] [ 20%] Generating C type support dispatch for ROS interfaces
[1.831s] [ 21%] Generating C type support for eProsima Fast-RTPS
[2.499s] [ 22%] Building CXX object CMakeFiles/autopilot_interface_msgs__rosidl_typesupport_cpp.dir/rosidl_typesupport_cpp/autopilot_interface_msgs/action/land__type_support.cpp.o
[2.499s] [ 23%] Building CXX object CMakeFiles/autopilot_interface_msgs__rosidl_typesupport_cpp.dir/rosidl_typesupport_cpp/autopilot_interface_msgs/action/takeoff__type_support.cpp.o
[2.499s] [ 26%] Building CXX object CMakeFiles/autopilot_interface_msgs__rosidl_typesupport_cpp.dir/rosidl_typesupport_cpp/autopilot_interface_msgs/action/orbit__type_support.cpp.o
[2.499s] [ 26%] Building CXX object CMakeFiles/autopilot_interface_msgs__rosidl_typesupport_cpp.dir/rosidl_typesupport_cpp/autopilot_interface_msgs/action/offboard__type_support.cpp.o
[2.499s] [ 27%] Building CXX object CMakeFiles/autopilot_interface_msgs__rosidl_typesupport_cpp.dir/rosidl_typesupport_cpp/autopilot_interface_msgs/srv/set_reposition__type_support.cpp.o
[2.499s] [ 28%] Building CXX object CMakeFiles/autopilot_interface_msgs__rosidl_typesupport_cpp.dir/rosidl_typesupport_cpp/autopilot_interface_msgs/msg/offboard_flag__type_support.cpp.o
[2.505s] [ 30%] Building CXX object CMakeFiles/autopilot_interface_msgs__rosidl_typesupport_cpp.dir/rosidl_typesupport_cpp/autopilot_interface_msgs/srv/set_speed__type_support.cpp.o
[2.776s] [ 31%] Building CXX object CMakeFiles/autopilot_interface_msgs__rosidl_typesupport_c.dir/rosidl_typesupport_c/autopilot_interface_msgs/action/offboard__type_support.cpp.o
[2.785s] [ 32%] Building CXX object CMakeFiles/autopilot_interface_msgs__rosidl_typesupport_c.dir/rosidl_typesupport_c/autopilot_interface_msgs/action/land__type_support.cpp.o
[2.785s] [ 33%] Building CXX object CMakeFiles/autopilot_interface_msgs__rosidl_typesupport_c.dir/rosidl_typesupport_c/autopilot_interface_msgs/action/orbit__type_support.cpp.o
[2.792s] [ 35%] Building CXX object CMakeFiles/autopilot_interface_msgs__rosidl_typesupport_c.dir/rosidl_typesupport_c/autopilot_interface_msgs/action/takeoff__type_support.cpp.o
[2.800s] [ 36%] Building CXX object CMakeFiles/autopilot_interface_msgs__rosidl_typesupport_c.dir/rosidl_typesupport_c/autopilot_interface_msgs/msg/offboard_flag__type_support.cpp.o
[2.958s] [ 37%] Building CXX object CMakeFiles/autopilot_interface_msgs__rosidl_typesupport_c.dir/rosidl_typesupport_c/autopilot_interface_msgs/srv/set_speed__type_support.cpp.o
[3.061s] [ 38%] Building CXX object CMakeFiles/autopilot_interface_msgs__rosidl_typesupport_c.dir/rosidl_typesupport_c/autopilot_interface_msgs/srv/set_reposition__type_support.cpp.o
[3.176s] [ 40%] Linking CXX shared library libautopilot_interface_msgs__rosidl_typesupport_c.so
[3.189s] [ 41%] Building CXX object CMakeFiles/autopilot_interface_msgs__rosidl_typesupport_introspection_cpp.dir/rosidl_typesupport_introspection_cpp/autopilot_interface_msgs/action/detail/land__type_support.cpp.o
[3.191s] [ 42%] Building CXX object CMakeFiles/autopilot_interface_msgs__rosidl_typesupport_introspection_cpp.dir/rosidl_typesupport_introspection_cpp/autopilot_interface_msgs/action/detail/orbit__type_support.cpp.o
[3.199s] [ 43%] Building CXX object CMakeFiles/autopilot_interface_msgs__rosidl_typesupport_introspection_cpp.dir/rosidl_typesupport_introspection_cpp/autopilot_interface_msgs/msg/detail/offboard_flag__type_support.cpp.o
[3.199s] [ 45%] Building CXX object CMakeFiles/autopilot_interface_msgs__rosidl_typesupport_introspection_cpp.dir/rosidl_typesupport_introspection_cpp/autopilot_interface_msgs/action/detail/takeoff__type_support.cpp.o
[3.253s] [ 46%] Building CXX object CMakeFiles/autopilot_interface_msgs__rosidl_typesupport_introspection_cpp.dir/rosidl_typesupport_introspection_cpp/autopilot_interface_msgs/action/detail/offboard__type_support.cpp.o
[3.272s] [ 47%] Building CXX object CMakeFiles/autopilot_interface_msgs__rosidl_typesupport_introspection_cpp.dir/rosidl_typesupport_introspection_cpp/autopilot_interface_msgs/srv/detail/set_speed__type_support.cpp.o
[3.286s] [ 48%] Building CXX object CMakeFiles/autopilot_interface_msgs__rosidl_typesupport_introspection_cpp.dir/rosidl_typesupport_introspection_cpp/autopilot_interface_msgs/srv/detail/set_reposition__type_support.cpp.o
[3.396s] [ 48%] Built target autopilot_interface_msgs__rosidl_typesupport_c
[3.852s] [ 50%] Linking CXX shared library libautopilot_interface_msgs__rosidl_typesupport_cpp.so
[3.955s] [ 51%] Building C object CMakeFiles/autopilot_interface_msgs__rosidl_typesupport_introspection_c.dir/rosidl_typesupport_introspection_c/autopilot_interface_msgs/action/detail/offboard__type_support.c.o
[3.962s] [ 52%] Building C object CMakeFiles/autopilot_interface_msgs__rosidl_typesupport_introspection_c.dir/rosidl_typesupport_introspection_c/autopilot_interface_msgs/action/detail/land__type_support.c.o
[3.975s] [ 53%] Building C object CMakeFiles/autopilot_interface_msgs__rosidl_typesupport_introspection_c.dir/rosidl_typesupport_introspection_c/autopilot_interface_msgs/action/detail/orbit__type_support.c.o
[3.986s] [ 55%] Building C object CMakeFiles/autopilot_interface_msgs__rosidl_typesupport_introspection_c.dir/rosidl_typesupport_introspection_c/autopilot_interface_msgs/action/detail/takeoff__type_support.c.o
[4.050s] [ 55%] Built target autopilot_interface_msgs__rosidl_typesupport_cpp
[4.061s] [ 56%] Building C object CMakeFiles/autopilot_interface_msgs__rosidl_typesupport_introspection_c.dir/rosidl_typesupport_introspection_c/autopilot_interface_msgs/msg/detail/offboard_flag__type_support.c.o
[4.066s] [ 57%] Building C object CMakeFiles/autopilot_interface_msgs__rosidl_typesupport_introspection_c.dir/rosidl_typesupport_introspection_c/autopilot_interface_msgs/srv/detail/set_reposition__type_support.c.o
[4.077s] [ 58%] Building C object CMakeFiles/autopilot_interface_msgs__rosidl_typesupport_introspection_c.dir/rosidl_typesupport_introspection_c/autopilot_interface_msgs/srv/detail/set_speed__type_support.c.o
[4.195s] [ 60%] Building CXX object CMakeFiles/autopilot_interface_msgs__rosidl_typesupport_fastrtps_cpp.dir/rosidl_typesupport_fastrtps_cpp/autopilot_interface_msgs/action/detail/dds_fastrtps/land__type_support.cpp.o
[4.201s] [ 61%] Building CXX object CMakeFiles/autopilot_interface_msgs__rosidl_typesupport_fastrtps_cpp.dir/rosidl_typesupport_fastrtps_cpp/autopilot_interface_msgs/action/detail/dds_fastrtps/orbit__type_support.cpp.o
[4.202s] [ 62%] Building CXX object CMakeFiles/autopilot_interface_msgs__rosidl_typesupport_fastrtps_cpp.dir/rosidl_typesupport_fastrtps_cpp/autopilot_interface_msgs/action/detail/dds_fastrtps/offboard__type_support.cpp.o
[4.252s] [ 63%] Linking C shared library libautopilot_interface_msgs__rosidl_typesupport_introspection_c.so
[4.260s] [ 65%] Building CXX object CMakeFiles/autopilot_interface_msgs__rosidl_typesupport_fastrtps_cpp.dir/rosidl_typesupport_fastrtps_cpp/autopilot_interface_msgs/action/detail/dds_fastrtps/takeoff__type_support.cpp.o
[4.267s] [ 66%] Building CXX object CMakeFiles/autopilot_interface_msgs__rosidl_typesupport_fastrtps_cpp.dir/rosidl_typesupport_fastrtps_cpp/autopilot_interface_msgs/msg/detail/dds_fastrtps/offboard_flag__type_support.cpp.o
[4.273s] [ 67%] Building CXX object CMakeFiles/autopilot_interface_msgs__rosidl_typesupport_fastrtps_cpp.dir/rosidl_typesupport_fastrtps_cpp/autopilot_interface_msgs/srv/detail/dds_fastrtps/set_reposition__type_support.cpp.o
[4.283s] [ 68%] Building CXX object CMakeFiles/autopilot_interface_msgs__rosidl_typesupport_fastrtps_cpp.dir/rosidl_typesupport_fastrtps_cpp/autopilot_interface_msgs/srv/detail/dds_fastrtps/set_speed__type_support.cpp.o
[4.350s] [ 70%] Building CXX object CMakeFiles/autopilot_interface_msgs__rosidl_typesupport_fastrtps_c.dir/rosidl_typesupport_fastrtps_c/autopilot_interface_msgs/action/detail/offboard__type_support_c.cpp.o
[4.367s] [ 71%] Building CXX object CMakeFiles/autopilot_interface_msgs__rosidl_typesupport_fastrtps_c.dir/rosidl_typesupport_fastrtps_c/autopilot_interface_msgs/action/detail/land__type_support_c.cpp.o
[4.374s] [ 71%] Built target autopilot_interface_msgs__rosidl_typesupport_introspection_c
[4.450s] [ 72%] Building CXX object CMakeFiles/autopilot_interface_msgs__rosidl_typesupport_fastrtps_c.dir/rosidl_typesupport_fastrtps_c/autopilot_interface_msgs/action/detail/orbit__type_support_c.cpp.o
[4.489s] [ 73%] Building CXX object CMakeFiles/autopilot_interface_msgs__rosidl_typesupport_fastrtps_c.dir/rosidl_typesupport_fastrtps_c/autopilot_interface_msgs/action/detail/takeoff__type_support_c.cpp.o
[4.668s] [ 75%] Building CXX object CMakeFiles/autopilot_interface_msgs__rosidl_typesupport_fastrtps_c.dir/rosidl_typesupport_fastrtps_c/autopilot_interface_msgs/msg/detail/offboard_flag__type_support_c.cpp.o
[5.052s] [ 76%] Building CXX object CMakeFiles/autopilot_interface_msgs__rosidl_typesupport_fastrtps_c.dir/rosidl_typesupport_fastrtps_c/autopilot_interface_msgs/srv/detail/set_speed__type_support_c.cpp.o
[5.172s] [ 77%] Building CXX object CMakeFiles/autopilot_interface_msgs__rosidl_typesupport_fastrtps_c.dir/rosidl_typesupport_fastrtps_c/autopilot_interface_msgs/srv/detail/set_reposition__type_support_c.cpp.o
[5.264s] [ 78%] Linking CXX shared library libautopilot_interface_msgs__rosidl_typesupport_introspection_cpp.so
[5.677s] [ 78%] Built target autopilot_interface_msgs__rosidl_typesupport_introspection_cpp
[5.984s] [ 80%] Linking CXX shared library libautopilot_interface_msgs__rosidl_typesupport_fastrtps_cpp.so
[6.025s] [ 81%] Linking CXX shared library libautopilot_interface_msgs__rosidl_typesupport_fastrtps_c.so
[6.071s] [ 81%] Built target autopilot_interface_msgs__rosidl_typesupport_fastrtps_cpp
[6.126s] [ 81%] Built target autopilot_interface_msgs__rosidl_typesupport_fastrtps_c
[6.161s] [ 81%] Built target autopilot_interface_msgs
[6.199s] [ 82%] Generating Python code for ROS interfaces
[8.986s] [ 82%] Built target autopilot_interface_msgs__py
[9.011s] [ 85%] Building C object CMakeFiles/autopilot_interface_msgs__rosidl_generator_py.dir/rosidl_generator_py/autopilot_interface_msgs/action/_orbit_s.c.o
[9.011s] [ 85%] Building C object CMakeFiles/autopilot_interface_msgs__rosidl_generator_py.dir/rosidl_generator_py/autopilot_interface_msgs/action/_takeoff_s.c.o
[9.011s] [ 86%] Building C object CMakeFiles/autopilot_interface_msgs__rosidl_generator_py.dir/rosidl_generator_py/autopilot_interface_msgs/action/_land_s.c.o
[9.012s] [ 88%] Building C object CMakeFiles/autopilot_interface_msgs__rosidl_generator_py.dir/rosidl_generator_py/autopilot_interface_msgs/srv/_set_speed_s.c.o
[9.012s] [ 88%] Building C object CMakeFiles/autopilot_interface_msgs__rosidl_generator_py.dir/rosidl_generator_py/autopilot_interface_msgs/action/_offboard_s.c.o
[9.013s] [ 90%] Building C object CMakeFiles/autopilot_interface_msgs__rosidl_generator_py.dir/rosidl_generator_py/autopilot_interface_msgs/msg/_offboard_flag_s.c.o
[9.014s] [ 91%] Building C object CMakeFiles/autopilot_interface_msgs__rosidl_generator_py.dir/rosidl_generator_py/autopilot_interface_msgs/srv/_set_reposition_s.c.o
[9.251s] [ 92%] Linking C shared library rosidl_generator_py/autopilot_interface_msgs/libautopilot_interface_msgs__rosidl_generator_py.so
[9.313s] [ 92%] Built target autopilot_interface_msgs__rosidl_generator_py
[9.337s] [ 95%] Building C object CMakeFiles/autopilot_interface_msgs__rosidl_typesupport_fastrtps_c__pyext.dir/rosidl_generator_py/autopilot_interface_msgs/_autopilot_interface_msgs_s.ep.rosidl_typesupport_fastrtps_c.c.o
[9.337s] [ 95%] Building C object CMakeFiles/autopilot_interface_msgs__rosidl_typesupport_introspection_c__pyext.dir/rosidl_generator_py/autopilot_interface_msgs/_autopilot_interface_msgs_s.ep.rosidl_typesupport_introspection_c.c.o
[9.338s] [ 96%] Building C object CMakeFiles/autopilot_interface_msgs__rosidl_typesupport_c__pyext.dir/rosidl_generator_py/autopilot_interface_msgs/_autopilot_interface_msgs_s.ep.rosidl_typesupport_c.c.o
[9.570s] [ 97%] Linking C shared library rosidl_generator_py/autopilot_interface_msgs/autopilot_interface_msgs_s__rosidl_typesupport_fastrtps_c.cpython-310-x86_64-linux-gnu.so
[9.575s] [ 98%] Linking C shared library rosidl_generator_py/autopilot_interface_msgs/autopilot_interface_msgs_s__rosidl_typesupport_introspection_c.cpython-310-x86_64-linux-gnu.so
[9.578s] [100%] Linking C shared library rosidl_generator_py/autopilot_interface_msgs/autopilot_interface_msgs_s__rosidl_typesupport_c.cpython-310-x86_64-linux-gnu.so
[9.628s] [100%] Built target autopilot_interface_msgs__rosidl_typesupport_fastrtps_c__pyext
[9.636s] [100%] Built target autopilot_interface_msgs__rosidl_typesupport_c__pyext
[9.647s] [100%] Built target autopilot_interface_msgs__rosidl_typesupport_introspection_c__pyext
[9.663s] Invoked command in '/workspace/aerial_ws/ros2_ws/build/autopilot_interface_msgs' returned '0': CMAKE_PREFIX_PATH=/opt/ros/humble /usr/bin/cmake --build /workspace/aerial_ws/ros2_ws/build/autopilot_interface_msgs -- -j16 -l16
[9.675s] Invoking command in '/workspace/aerial_ws/ros2_ws/build/autopilot_interface_msgs': CMAKE_PREFIX_PATH=/opt/ros/humble /usr/bin/cmake --install /workspace/aerial_ws/ros2_ws/build/autopilot_interface_msgs
[9.684s] -- Install configuration: ""
[9.684s] -- Installing: /workspace/aerial_ws/ros2_ws/install/autopilot_interface_msgs/share/ament_index/resource_index/rosidl_interfaces/autopilot_interface_msgs
[9.684s] -- Installing: /workspace/aerial_ws/ros2_ws/install/autopilot_interface_msgs/include/autopilot_interface_msgs/autopilot_interface_msgs
[9.684s] -- Installing: /workspace/aerial_ws/ros2_ws/install/autopilot_interface_msgs/include/autopilot_interface_msgs/autopilot_interface_msgs/msg
[9.684s] -- Installing: /workspace/aerial_ws/ros2_ws/install/autopilot_interface_msgs/include/autopilot_interface_msgs/autopilot_interface_msgs/msg/rosidl_generator_c__visibility_control.h
[9.685s] -- Installing: /workspace/aerial_ws/ros2_ws/install/autopilot_interface_msgs/include/autopilot_interface_msgs/autopilot_interface_msgs/msg/offboard_flag.h
[9.685s] -- Installing: /workspace/aerial_ws/ros2_ws/install/autopilot_interface_msgs/include/autopilot_interface_msgs/autopilot_interface_msgs/msg/detail
[9.685s] -- Installing: /workspace/aerial_ws/ros2_ws/install/autopilot_interface_msgs/include/autopilot_interface_msgs/autopilot_interface_msgs/msg/detail/offboard_flag__functions.c
[9.685s] -- Installing: /workspace/aerial_ws/ros2_ws/install/autopilot_interface_msgs/include/autopilot_interface_msgs/autopilot_interface_msgs/msg/detail/offboard_flag__functions.h
[9.685s] -- Installing: /workspace/aerial_ws/ros2_ws/install/autopilot_interface_msgs/include/autopilot_interface_msgs/autopilot_interface_msgs/msg/detail/offboard_flag__struct.h
[9.686s] -- Installing: /workspace/aerial_ws/ros2_ws/install/autopilot_interface_msgs/include/autopilot_interface_msgs/autopilot_interface_msgs/msg/detail/offboard_flag__type_support.h
[9.686s] -- Installing: /workspace/aerial_ws/ros2_ws/install/autopilot_interface_msgs/include/autopilot_interface_msgs/autopilot_interface_msgs/action
[9.686s] -- Installing: /workspace/aerial_ws/ros2_ws/install/autopilot_interface_msgs/include/autopilot_interface_msgs/autopilot_interface_msgs/action/land.h
[9.686s] -- Installing: /workspace/aerial_ws/ros2_ws/install/autopilot_interface_msgs/include/autopilot_interface_msgs/autopilot_interface_msgs/action/detail
[9.686s] -- Installing: /workspace/aerial_ws/ros2_ws/install/autopilot_interface_msgs/include/autopilot_interface_msgs/autopilot_interface_msgs/action/detail/land__functions.c
[9.687s] -- Installing: /workspace/aerial_ws/ros2_ws/install/autopilot_interface_msgs/include/autopilot_interface_msgs/autopilot_interface_msgs/action/detail/land__functions.h
[9.687s] -- Installing: /workspace/aerial_ws/ros2_ws/install/autopilot_interface_msgs/include/autopilot_interface_msgs/autopilot_interface_msgs/action/detail/land__struct.h
[9.687s] -- Installing: /workspace/aerial_ws/ros2_ws/install/autopilot_interface_msgs/include/autopilot_interface_msgs/autopilot_interface_msgs/action/detail/land__type_support.h
[9.687s] -- Installing: /workspace/aerial_ws/ros2_ws/install/autopilot_interface_msgs/include/autopilot_interface_msgs/autopilot_interface_msgs/action/detail/offboard__functions.c
[9.687s] -- Installing: /workspace/aerial_ws/ros2_ws/install/autopilot_interface_msgs/include/autopilot_interface_msgs/autopilot_interface_msgs/action/detail/offboard__functions.h
[9.688s] -- Installing: /workspace/aerial_ws/ros2_ws/install/autopilot_interface_msgs/include/autopilot_interface_msgs/autopilot_interface_msgs/action/detail/offboard__struct.h
[9.688s] -- Installing: /workspace/aerial_ws/ros2_ws/install/autopilot_interface_msgs/include/autopilot_interface_msgs/autopilot_interface_msgs/action/detail/offboard__type_support.h
[9.688s] -- Installing: /workspace/aerial_ws/ros2_ws/install/autopilot_interface_msgs/include/autopilot_interface_msgs/autopilot_interface_msgs/action/detail/orbit__functions.c
[9.688s] -- Installing: /workspace/aerial_ws/ros2_ws/install/autopilot_interface_msgs/include/autopilot_interface_msgs/autopilot_interface_msgs/action/detail/orbit__functions.h
[9.688s] -- Installing: /workspace/aerial_ws/ros2_ws/install/autopilot_interface_msgs/include/autopilot_interface_msgs/autopilot_interface_msgs/action/detail/orbit__struct.h
[9.688s] -- Installing: /workspace/aerial_ws/ros2_ws/install/autopilot_interface_msgs/include/autopilot_interface_msgs/autopilot_interface_msgs/action/detail/orbit__type_support.h
[9.689s] -- Installing: /workspace/aerial_ws/ros2_ws/install/autopilot_interface_msgs/include/autopilot_interface_msgs/autopilot_interface_msgs/action/detail/takeoff__functions.c
[9.689s] -- Installing: /workspace/aerial_ws/ros2_ws/install/autopilot_interface_msgs/include/autopilot_interface_msgs/autopilot_interface_msgs/action/detail/takeoff__functions.h
[9.689s] -- Installing: /workspace/aerial_ws/ros2_ws/install/autopilot_interface_msgs/include/autopilot_interface_msgs/autopilot_interface_msgs/action/detail/takeoff__struct.h
[9.689s] -- Installing: /workspace/aerial_ws/ros2_ws/install/autopilot_interface_msgs/include/autopilot_interface_msgs/autopilot_interface_msgs/action/detail/takeoff__type_support.h
[9.689s] -- Installing: /workspace/aerial_ws/ros2_ws/install/autopilot_interface_msgs/include/autopilot_interface_msgs/autopilot_interface_msgs/action/offboard.h
[9.690s] -- Installing: /workspace/aerial_ws/ros2_ws/install/autopilot_interface_msgs/include/autopilot_interface_msgs/autopilot_interface_msgs/action/orbit.h
[9.690s] -- Installing: /workspace/aerial_ws/ros2_ws/install/autopilot_interface_msgs/include/autopilot_interface_msgs/autopilot_interface_msgs/action/takeoff.h
[9.690s] -- Installing: /workspace/aerial_ws/ros2_ws/install/autopilot_interface_msgs/include/autopilot_interface_msgs/autopilot_interface_msgs/srv
[9.690s] -- Installing: /workspace/aerial_ws/ros2_ws/install/autopilot_interface_msgs/include/autopilot_interface_msgs/autopilot_interface_msgs/srv/set_speed.h
[9.691s] -- Installing: /workspace/aerial_ws/ros2_ws/install/autopilot_interface_msgs/include/autopilot_interface_msgs/autopilot_interface_msgs/srv/detail
[9.691s] -- Installing: /workspace/aerial_ws/ros2_ws/install/autopilot_interface_msgs/include/autopilot_interface_msgs/autopilot_interface_msgs/srv/detail/set_speed__functions.c
[9.691s] -- Installing: /workspace/aerial_ws/ros2_ws/install/autopilot_interface_msgs/include/autopilot_interface_msgs/autopilot_interface_msgs/srv/detail/set_speed__functions.h
[9.691s] -- Installing: /workspace/aerial_ws/ros2_ws/install/autopilot_interface_msgs/include/autopilot_interface_msgs/autopilot_interface_msgs/srv/detail/set_speed__struct.h
[9.691s] -- Installing: /workspace/aerial_ws/ros2_ws/install/autopilot_interface_msgs/include/autopilot_interface_msgs/autopilot_interface_msgs/srv/detail/set_speed__type_support.h
[9.692s] -- Installing: /workspace/aerial_ws/ros2_ws/install/autopilot_interface_msgs/include/autopilot_interface_msgs/autopilot_interface_msgs/srv/detail/set_reposition__functions.c
[9.692s] -- Installing: /workspace/aerial_ws/ros2_ws/install/autopilot_interface_msgs/include/autopilot_interface_msgs/autopilot_interface_msgs/srv/detail/set_reposition__functions.h
[9.692s] -- Installing: /workspace/aerial_ws/ros2_ws/install/autopilot_interface_msgs/include/autopilot_interface_msgs/autopilot_interface_msgs/srv/detail/set_reposition__struct.h
[9.692s] -- Installing: /workspace/aerial_ws/ros2_ws/install/autopilot_interface_msgs/include/autopilot_interface_msgs/autopilot_interface_msgs/srv/detail/set_reposition__type_support.h
[9.692s] -- Installing: /workspace/aerial_ws/ros2_ws/install/autopilot_interface_msgs/include/autopilot_interface_msgs/autopilot_interface_msgs/srv/set_reposition.h
[9.692s] -- Installing: /workspace/aerial_ws/ros2_ws/install/autopilot_interface_msgs/share/autopilot_interface_msgs/environment/library_path.sh
[9.693s] -- Installing: /workspace/aerial_ws/ros2_ws/install/autopilot_interface_msgs/share/autopilot_interface_msgs/environment/library_path.dsv
[9.693s] -- Installing: /workspace/aerial_ws/ros2_ws/install/autopilot_interface_msgs/lib/libautopilot_interface_msgs__rosidl_generator_c.so
[9.694s] -- Set runtime path of "/workspace/aerial_ws/ros2_ws/install/autopilot_interface_msgs/lib/libautopilot_interface_msgs__rosidl_generator_c.so" to ""
[9.694s] -- Up-to-date: /workspace/aerial_ws/ros2_ws/install/autopilot_interface_msgs/include/autopilot_interface_msgs/autopilot_interface_msgs
[9.694s] -- Up-to-date: /workspace/aerial_ws/ros2_ws/install/autopilot_interface_msgs/include/autopilot_interface_msgs/autopilot_interface_msgs/msg
[9.694s] -- Installing: /workspace/aerial_ws/ros2_ws/install/autopilot_interface_msgs/include/autopilot_interface_msgs/autopilot_interface_msgs/msg/rosidl_typesupport_fastrtps_c__visibility_control.h
[9.694s] -- Up-to-date: /workspace/aerial_ws/ros2_ws/install/autopilot_interface_msgs/include/autopilot_interface_msgs/autopilot_interface_msgs/msg/detail
[9.694s] -- Installing: /workspace/aerial_ws/ros2_ws/install/autopilot_interface_msgs/include/autopilot_interface_msgs/autopilot_interface_msgs/msg/detail/offboard_flag__rosidl_typesupport_fastrtps_c.h
[9.695s] -- Up-to-date: /workspace/aerial_ws/ros2_ws/install/autopilot_interface_msgs/include/autopilot_interface_msgs/autopilot_interface_msgs/action
[9.695s] -- Up-to-date: /workspace/aerial_ws/ros2_ws/install/autopilot_interface_msgs/include/autopilot_interface_msgs/autopilot_interface_msgs/action/detail
[9.695s] -- Installing: /workspace/aerial_ws/ros2_ws/install/autopilot_interface_msgs/include/autopilot_interface_msgs/autopilot_interface_msgs/action/detail/land__rosidl_typesupport_fastrtps_c.h
[9.695s] -- Installing: /workspace/aerial_ws/ros2_ws/install/autopilot_interface_msgs/include/autopilot_interface_msgs/autopilot_interface_msgs/action/detail/offboard__rosidl_typesupport_fastrtps_c.h
[9.695s] -- Installing: /workspace/aerial_ws/ros2_ws/install/autopilot_interface_msgs/include/autopilot_interface_msgs/autopilot_interface_msgs/action/detail/orbit__rosidl_typesupport_fastrtps_c.h
[9.695s] -- Installing: /workspace/aerial_ws/ros2_ws/install/autopilot_interface_msgs/include/autopilot_interface_msgs/autopilot_interface_msgs/action/detail/takeoff__rosidl_typesupport_fastrtps_c.h
[9.696s] -- Up-to-date: /workspace/aerial_ws/ros2_ws/install/autopilot_interface_msgs/include/autopilot_interface_msgs/autopilot_interface_msgs/srv
[9.696s] -- Up-to-date: /workspace/aerial_ws/ros2_ws/install/autopilot_interface_msgs/include/autopilot_interface_msgs/autopilot_interface_msgs/srv/detail
[9.696s] -- Installing: /workspace/aerial_ws/ros2_ws/install/autopilot_interface_msgs/include/autopilot_interface_msgs/autopilot_interface_msgs/srv/detail/set_speed__rosidl_typesupport_fastrtps_c.h
[9.696s] -- Installing: /workspace/aerial_ws/ros2_ws/install/autopilot_interface_msgs/include/autopilot_interface_msgs/autopilot_interface_msgs/srv/detail/set_reposition__rosidl_typesupport_fastrtps_c.h
[9.696s] -- Installing: /workspace/aerial_ws/ros2_ws/install/autopilot_interface_msgs/lib/libautopilot_interface_msgs__rosidl_typesupport_fastrtps_c.so
[9.698s] -- Set runtime path of "/workspace/aerial_ws/ros2_ws/install/autopilot_interface_msgs/lib/libautopilot_interface_msgs__rosidl_typesupport_fastrtps_c.so" to ""
[9.698s] -- Up-to-date: /workspace/aerial_ws/ros2_ws/install/autopilot_interface_msgs/include/autopilot_interface_msgs/autopilot_interface_msgs
[9.698s] -- Up-to-date: /workspace/aerial_ws/ros2_ws/install/autopilot_interface_msgs/include/autopilot_interface_msgs/autopilot_interface_msgs/msg
[9.698s] -- Installing: /workspace/aerial_ws/ros2_ws/install/autopilot_interface_msgs/include/autopilot_interface_msgs/autopilot_interface_msgs/msg/rosidl_typesupport_introspection_c__visibility_control.h
[9.698s] -- Up-to-date: /workspace/aerial_ws/ros2_ws/install/autopilot_interface_msgs/include/autopilot_interface_msgs/autopilot_interface_msgs/msg/detail
[9.698s] -- Installing: /workspace/aerial_ws/ros2_ws/install/autopilot_interface_msgs/include/autopilot_interface_msgs/autopilot_interface_msgs/msg/detail/offboard_flag__rosidl_typesupport_introspection_c.h
[9.698s] -- Installing: /workspace/aerial_ws/ros2_ws/install/autopilot_interface_msgs/include/autopilot_interface_msgs/autopilot_interface_msgs/msg/detail/offboard_flag__type_support.c
[9.699s] -- Up-to-date: /workspace/aerial_ws/ros2_ws/install/autopilot_interface_msgs/include/autopilot_interface_msgs/autopilot_interface_msgs/action
[9.699s] -- Up-to-date: /workspace/aerial_ws/ros2_ws/install/autopilot_interface_msgs/include/autopilot_interface_msgs/autopilot_interface_msgs/action/detail
[9.699s] -- Installing: /workspace/aerial_ws/ros2_ws/install/autopilot_interface_msgs/include/autopilot_interface_msgs/autopilot_interface_msgs/action/detail/land__rosidl_typesupport_introspection_c.h
[9.699s] -- Installing: /workspace/aerial_ws/ros2_ws/install/autopilot_interface_msgs/include/autopilot_interface_msgs/autopilot_interface_msgs/action/detail/land__type_support.c
[9.699s] -- Installing: /workspace/aerial_ws/ros2_ws/install/autopilot_interface_msgs/include/autopilot_interface_msgs/autopilot_interface_msgs/action/detail/offboard__rosidl_typesupport_introspection_c.h
[9.699s] -- Installing: /workspace/aerial_ws/ros2_ws/install/autopilot_interface_msgs/include/autopilot_interface_msgs/autopilot_interface_msgs/action/detail/offboard__type_support.c
[9.700s] -- Installing: /workspace/aerial_ws/ros2_ws/install/autopilot_interface_msgs/include/autopilot_interface_msgs/autopilot_interface_msgs/action/detail/orbit__rosidl_typesupport_introspection_c.h
[9.700s] -- Installing: /workspace/aerial_ws/ros2_ws/install/autopilot_interface_msgs/include/autopilot_interface_msgs/autopilot_interface_msgs/action/detail/orbit__type_support.c
[9.700s] -- Installing: /workspace/aerial_ws/ros2_ws/install/autopilot_interface_msgs/include/autopilot_interface_msgs/autopilot_interface_msgs/action/detail/takeoff__rosidl_typesupport_introspection_c.h
[9.700s] -- Installing: /workspace/aerial_ws/ros2_ws/install/autopilot_interface_msgs/include/autopilot_interface_msgs/autopilot_interface_msgs/action/detail/takeoff__type_support.c
[9.700s] -- Up-to-date: /workspace/aerial_ws/ros2_ws/install/autopilot_interface_msgs/include/autopilot_interface_msgs/autopilot_interface_msgs/srv
[9.700s] -- Up-to-date: /workspace/aerial_ws/ros2_ws/install/autopilot_interface_msgs/include/autopilot_interface_msgs/autopilot_interface_msgs/srv/detail
[9.701s] -- Installing: /workspace/aerial_ws/ros2_ws/install/autopilot_interface_msgs/include/autopilot_interface_msgs/autopilot_interface_msgs/srv/detail/set_speed__rosidl_typesupport_introspection_c.h
[9.701s] -- Installing: /workspace/aerial_ws/ros2_ws/install/autopilot_interface_msgs/include/autopilot_interface_msgs/autopilot_interface_msgs/srv/detail/set_speed__type_support.c
[9.701s] -- Installing: /workspace/aerial_ws/ros2_ws/install/autopilot_interface_msgs/include/autopilot_interface_msgs/autopilot_interface_msgs/srv/detail/set_reposition__rosidl_typesupport_introspection_c.h
[9.701s] -- Installing: /workspace/aerial_ws/ros2_ws/install/autopilot_interface_msgs/include/autopilot_interface_msgs/autopilot_interface_msgs/srv/detail/set_reposition__type_support.c
[9.701s] -- Installing: /workspace/aerial_ws/ros2_ws/install/autopilot_interface_msgs/lib/libautopilot_interface_msgs__rosidl_typesupport_introspection_c.so
[9.702s] -- Set runtime path of "/workspace/aerial_ws/ros2_ws/install/autopilot_interface_msgs/lib/libautopilot_interface_msgs__rosidl_typesupport_introspection_c.so" to ""
[9.703s] -- Installing: /workspace/aerial_ws/ros2_ws/install/autopilot_interface_msgs/lib/libautopilot_interface_msgs__rosidl_typesupport_c.so
[9.703s] -- Set runtime path of "/workspace/aerial_ws/ros2_ws/install/autopilot_interface_msgs/lib/libautopilot_interface_msgs__rosidl_typesupport_c.so" to ""
[9.704s] -- Up-to-date: /workspace/aerial_ws/ros2_ws/install/autopilot_interface_msgs/include/autopilot_interface_msgs/autopilot_interface_msgs
[9.704s] -- Up-to-date: /workspace/aerial_ws/ros2_ws/install/autopilot_interface_msgs/include/autopilot_interface_msgs/autopilot_interface_msgs/msg
[9.704s] -- Installing: /workspace/aerial_ws/ros2_ws/install/autopilot_interface_msgs/include/autopilot_interface_msgs/autopilot_interface_msgs/msg/rosidl_generator_cpp__visibility_control.hpp
[9.704s] -- Installing: /workspace/aerial_ws/ros2_ws/install/autopilot_interface_msgs/include/autopilot_interface_msgs/autopilot_interface_msgs/msg/offboard_flag.hpp
[9.704s] -- Up-to-date: /workspace/aerial_ws/ros2_ws/install/autopilot_interface_msgs/include/autopilot_interface_msgs/autopilot_interface_msgs/msg/detail
[9.704s] -- Installing: /workspace/aerial_ws/ros2_ws/install/autopilot_interface_msgs/include/autopilot_interface_msgs/autopilot_interface_msgs/msg/detail/offboard_flag__builder.hpp
[9.704s] -- Installing: /workspace/aerial_ws/ros2_ws/install/autopilot_interface_msgs/include/autopilot_interface_msgs/autopilot_interface_msgs/msg/detail/offboard_flag__struct.hpp
[9.704s] -- Installing: /workspace/aerial_ws/ros2_ws/install/autopilot_interface_msgs/include/autopilot_interface_msgs/autopilot_interface_msgs/msg/detail/offboard_flag__traits.hpp
[9.705s] -- Installing: /workspace/aerial_ws/ros2_ws/install/autopilot_interface_msgs/include/autopilot_interface_msgs/autopilot_interface_msgs/msg/detail/offboard_flag__type_support.hpp
[9.705s] -- Up-to-date: /workspace/aerial_ws/ros2_ws/install/autopilot_interface_msgs/include/autopilot_interface_msgs/autopilot_interface_msgs/action
[9.705s] -- Installing: /workspace/aerial_ws/ros2_ws/install/autopilot_interface_msgs/include/autopilot_interface_msgs/autopilot_interface_msgs/action/land.hpp
[9.705s] -- Up-to-date: /workspace/aerial_ws/ros2_ws/install/autopilot_interface_msgs/include/autopilot_interface_msgs/autopilot_interface_msgs/action/detail
[9.705s] -- Installing: /workspace/aerial_ws/ros2_ws/install/autopilot_interface_msgs/include/autopilot_interface_msgs/autopilot_interface_msgs/action/detail/land__builder.hpp
[9.706s] -- Installing: /workspace/aerial_ws/ros2_ws/install/autopilot_interface_msgs/include/autopilot_interface_msgs/autopilot_interface_msgs/action/detail/land__struct.hpp
[9.706s] -- Installing: /workspace/aerial_ws/ros2_ws/install/autopilot_interface_msgs/include/autopilot_interface_msgs/autopilot_interface_msgs/action/detail/land__traits.hpp
[9.706s] -- Installing: /workspace/aerial_ws/ros2_ws/install/autopilot_interface_msgs/include/autopilot_interface_msgs/autopilot_interface_msgs/action/detail/land__type_support.hpp
[9.706s] -- Installing: /workspace/aerial_ws/ros2_ws/install/autopilot_interface_msgs/include/autopilot_interface_msgs/autopilot_interface_msgs/action/detail/offboard__builder.hpp
[9.706s] -- Installing: /workspace/aerial_ws/ros2_ws/install/autopilot_interface_msgs/include/autopilot_interface_msgs/autopilot_interface_msgs/action/detail/offboard__struct.hpp
[9.706s] -- Installing: /workspace/aerial_ws/ros2_ws/install/autopilot_interface_msgs/include/autopilot_interface_msgs/autopilot_interface_msgs/action/detail/offboard__traits.hpp
[9.707s] -- Installing: /workspace/aerial_ws/ros2_ws/install/autopilot_interface_msgs/include/autopilot_interface_msgs/autopilot_interface_msgs/action/detail/offboard__type_support.hpp
[9.707s] -- Installing: /workspace/aerial_ws/ros2_ws/install/autopilot_interface_msgs/include/autopilot_interface_msgs/autopilot_interface_msgs/action/detail/orbit__builder.hpp
[9.707s] -- Installing: /workspace/aerial_ws/ros2_ws/install/autopilot_interface_msgs/include/autopilot_interface_msgs/autopilot_interface_msgs/action/detail/orbit__struct.hpp
[9.707s] -- Installing: /workspace/aerial_ws/ros2_ws/install/autopilot_interface_msgs/include/autopilot_interface_msgs/autopilot_interface_msgs/action/detail/orbit__traits.hpp
[9.707s] -- Installing: /workspace/aerial_ws/ros2_ws/install/autopilot_interface_msgs/include/autopilot_interface_msgs/autopilot_interface_msgs/action/detail/orbit__type_support.hpp
[9.708s] -- Installing: /workspace/aerial_ws/ros2_ws/install/autopilot_interface_msgs/include/autopilot_interface_msgs/autopilot_interface_msgs/action/detail/takeoff__builder.hpp
[9.708s] -- Installing: /workspace/aerial_ws/ros2_ws/install/autopilot_interface_msgs/include/autopilot_interface_msgs/autopilot_interface_msgs/action/detail/takeoff__struct.hpp
[9.708s] -- Installing: /workspace/aerial_ws/ros2_ws/install/autopilot_interface_msgs/include/autopilot_interface_msgs/autopilot_interface_msgs/action/detail/takeoff__traits.hpp
[9.708s] -- Installing: /workspace/aerial_ws/ros2_ws/install/autopilot_interface_msgs/include/autopilot_interface_msgs/autopilot_interface_msgs/action/detail/takeoff__type_support.hpp
[9.708s] -- Installing: /workspace/aerial_ws/ros2_ws/install/autopilot_interface_msgs/include/autopilot_interface_msgs/autopilot_interface_msgs/action/offboard.hpp
[9.709s] -- Installing: /workspace/aerial_ws/ros2_ws/install/autopilot_interface_msgs/include/autopilot_interface_msgs/autopilot_interface_msgs/action/orbit.hpp
[9.709s] -- Installing: /workspace/aerial_ws/ros2_ws/install/autopilot_interface_msgs/include/autopilot_interface_msgs/autopilot_interface_msgs/action/takeoff.hpp
[9.709s] -- Up-to-date: /workspace/aerial_ws/ros2_ws/install/autopilot_interface_msgs/include/autopilot_interface_msgs/autopilot_interface_msgs/srv
[9.709s] -- Installing: /workspace/aerial_ws/ros2_ws/install/autopilot_interface_msgs/include/autopilot_interface_msgs/autopilot_interface_msgs/srv/set_speed.hpp
[9.709s] -- Up-to-date: /workspace/aerial_ws/ros2_ws/install/autopilot_interface_msgs/include/autopilot_interface_msgs/autopilot_interface_msgs/srv/detail
[9.709s] -- Installing: /workspace/aerial_ws/ros2_ws/install/autopilot_interface_msgs/include/autopilot_interface_msgs/autopilot_interface_msgs/srv/detail/set_speed__builder.hpp
[9.710s] -- Installing: /workspace/aerial_ws/ros2_ws/install/autopilot_interface_msgs/include/autopilot_interface_msgs/autopilot_interface_msgs/srv/detail/set_speed__struct.hpp
[9.710s] -- Installing: /workspace/aerial_ws/ros2_ws/install/autopilot_interface_msgs/include/autopilot_interface_msgs/autopilot_interface_msgs/srv/detail/set_speed__traits.hpp
[9.710s] -- Installing: /workspace/aerial_ws/ros2_ws/install/autopilot_interface_msgs/include/autopilot_interface_msgs/autopilot_interface_msgs/srv/detail/set_speed__type_support.hpp
[9.710s] -- Installing: /workspace/aerial_ws/ros2_ws/install/autopilot_interface_msgs/include/autopilot_interface_msgs/autopilot_interface_msgs/srv/detail/set_reposition__builder.hpp
[9.710s] -- Installing: /workspace/aerial_ws/ros2_ws/install/autopilot_interface_msgs/include/autopilot_interface_msgs/autopilot_interface_msgs/srv/detail/set_reposition__struct.hpp
[9.710s] -- Installing: /workspace/aerial_ws/ros2_ws/install/autopilot_interface_msgs/include/autopilot_interface_msgs/autopilot_interface_msgs/srv/detail/set_reposition__traits.hpp
[9.711s] -- Installing: /workspace/aerial_ws/ros2_ws/install/autopilot_interface_msgs/include/autopilot_interface_msgs/autopilot_interface_msgs/srv/detail/set_reposition__type_support.hpp
[9.711s] -- Installing: /workspace/aerial_ws/ros2_ws/install/autopilot_interface_msgs/include/autopilot_interface_msgs/autopilot_interface_msgs/srv/set_reposition.hpp
[9.711s] -- Up-to-date: /workspace/aerial_ws/ros2_ws/install/autopilot_interface_msgs/include/autopilot_interface_msgs/autopilot_interface_msgs
[9.711s] -- Up-to-date: /workspace/aerial_ws/ros2_ws/install/autopilot_interface_msgs/include/autopilot_interface_msgs/autopilot_interface_msgs/msg
[9.712s] -- Installing: /workspace/aerial_ws/ros2_ws/install/autopilot_interface_msgs/include/autopilot_interface_msgs/autopilot_interface_msgs/msg/rosidl_typesupport_fastrtps_cpp__visibility_control.h
[9.712s] -- Up-to-date: /workspace/aerial_ws/ros2_ws/install/autopilot_interface_msgs/include/autopilot_interface_msgs/autopilot_interface_msgs/msg/detail
[9.712s] -- Installing: /workspace/aerial_ws/ros2_ws/install/autopilot_interface_msgs/include/autopilot_interface_msgs/autopilot_interface_msgs/msg/detail/offboard_flag__rosidl_typesupport_fastrtps_cpp.hpp
[9.712s] -- Installing: /workspace/aerial_ws/ros2_ws/install/autopilot_interface_msgs/include/autopilot_interface_msgs/autopilot_interface_msgs/msg/detail/dds_fastrtps
[9.712s] -- Up-to-date: /workspace/aerial_ws/ros2_ws/install/autopilot_interface_msgs/include/autopilot_interface_msgs/autopilot_interface_msgs/action
[9.712s] -- Up-to-date: /workspace/aerial_ws/ros2_ws/install/autopilot_interface_msgs/include/autopilot_interface_msgs/autopilot_interface_msgs/action/detail
[9.712s] -- Installing: /workspace/aerial_ws/ros2_ws/install/autopilot_interface_msgs/include/autopilot_interface_msgs/autopilot_interface_msgs/action/detail/land__rosidl_typesupport_fastrtps_cpp.hpp
[9.713s] -- Installing: /workspace/aerial_ws/ros2_ws/install/autopilot_interface_msgs/include/autopilot_interface_msgs/autopilot_interface_msgs/action/detail/dds_fastrtps
[9.713s] -- Installing: /workspace/aerial_ws/ros2_ws/install/autopilot_interface_msgs/include/autopilot_interface_msgs/autopilot_interface_msgs/action/detail/offboard__rosidl_typesupport_fastrtps_cpp.hpp
[9.713s] -- Installing: /workspace/aerial_ws/ros2_ws/install/autopilot_interface_msgs/include/autopilot_interface_msgs/autopilot_interface_msgs/action/detail/orbit__rosidl_typesupport_fastrtps_cpp.hpp
[9.713s] -- Installing: /workspace/aerial_ws/ros2_ws/install/autopilot_interface_msgs/include/autopilot_interface_msgs/autopilot_interface_msgs/action/detail/takeoff__rosidl_typesupport_fastrtps_cpp.hpp
[9.713s] -- Up-to-date: /workspace/aerial_ws/ros2_ws/install/autopilot_interface_msgs/include/autopilot_interface_msgs/autopilot_interface_msgs/srv
[9.713s] -- Up-to-date: /workspace/aerial_ws/ros2_ws/install/autopilot_interface_msgs/include/autopilot_interface_msgs/autopilot_interface_msgs/srv/detail
[9.714s] -- Installing: /workspace/aerial_ws/ros2_ws/install/autopilot_interface_msgs/include/autopilot_interface_msgs/autopilot_interface_msgs/srv/detail/set_speed__rosidl_typesupport_fastrtps_cpp.hpp
[9.714s] -- Installing: /workspace/aerial_ws/ros2_ws/install/autopilot_interface_msgs/include/autopilot_interface_msgs/autopilot_interface_msgs/srv/detail/dds_fastrtps
[9.714s] -- Installing: /workspace/aerial_ws/ros2_ws/install/autopilot_interface_msgs/include/autopilot_interface_msgs/autopilot_interface_msgs/srv/detail/set_reposition__rosidl_typesupport_fastrtps_cpp.hpp
[9.714s] -- Installing: /workspace/aerial_ws/ros2_ws/install/autopilot_interface_msgs/lib/libautopilot_interface_msgs__rosidl_typesupport_fastrtps_cpp.so
[9.715s] -- Set runtime path of "/workspace/aerial_ws/ros2_ws/install/autopilot_interface_msgs/lib/libautopilot_interface_msgs__rosidl_typesupport_fastrtps_cpp.so" to ""
[9.715s] -- Up-to-date: /workspace/aerial_ws/ros2_ws/install/autopilot_interface_msgs/include/autopilot_interface_msgs/autopilot_interface_msgs
[9.716s] -- Up-to-date: /workspace/aerial_ws/ros2_ws/install/autopilot_interface_msgs/include/autopilot_interface_msgs/autopilot_interface_msgs/action
[9.716s] -- Up-to-date: /workspace/aerial_ws/ros2_ws/install/autopilot_interface_msgs/include/autopilot_interface_msgs/autopilot_interface_msgs/action/detail
[9.716s] -- Installing: /workspace/aerial_ws/ros2_ws/install/autopilot_interface_msgs/include/autopilot_interface_msgs/autopilot_interface_msgs/action/detail/land__rosidl_typesupport_introspection_cpp.hpp
[9.716s] -- Installing: /workspace/aerial_ws/ros2_ws/install/autopilot_interface_msgs/include/autopilot_interface_msgs/autopilot_interface_msgs/action/detail/land__type_support.cpp
[9.716s] -- Installing: /workspace/aerial_ws/ros2_ws/install/autopilot_interface_msgs/include/autopilot_interface_msgs/autopilot_interface_msgs/action/detail/offboard__rosidl_typesupport_introspection_cpp.hpp
[9.716s] -- Installing: /workspace/aerial_ws/ros2_ws/install/autopilot_interface_msgs/include/autopilot_interface_msgs/autopilot_interface_msgs/action/detail/offboard__type_support.cpp
[9.716s] -- Installing: /workspace/aerial_ws/ros2_ws/install/autopilot_interface_msgs/include/autopilot_interface_msgs/autopilot_interface_msgs/action/detail/orbit__rosidl_typesupport_introspection_cpp.hpp
[9.716s] -- Installing: /workspace/aerial_ws/ros2_ws/install/autopilot_interface_msgs/include/autopilot_interface_msgs/autopilot_interface_msgs/action/detail/orbit__type_support.cpp
[9.717s] -- Installing: /workspace/aerial_ws/ros2_ws/install/autopilot_interface_msgs/include/autopilot_interface_msgs/autopilot_interface_msgs/action/detail/takeoff__rosidl_typesupport_introspection_cpp.hpp
[9.717s] -- Installing: /workspace/aerial_ws/ros2_ws/install/autopilot_interface_msgs/include/autopilot_interface_msgs/autopilot_interface_msgs/action/detail/takeoff__type_support.cpp
[9.717s] -- Up-to-date: /workspace/aerial_ws/ros2_ws/install/autopilot_interface_msgs/include/autopilot_interface_msgs/autopilot_interface_msgs/msg
[9.717s] -- Up-to-date: /workspace/aerial_ws/ros2_ws/install/autopilot_interface_msgs/include/autopilot_interface_msgs/autopilot_interface_msgs/msg/detail
[9.717s] -- Installing: /workspace/aerial_ws/ros2_ws/install/autopilot_interface_msgs/include/autopilot_interface_msgs/autopilot_interface_msgs/msg/detail/offboard_flag__rosidl_typesupport_introspection_cpp.hpp
[9.718s] -- Installing: /workspace/aerial_ws/ros2_ws/install/autopilot_interface_msgs/include/autopilot_interface_msgs/autopilot_interface_msgs/msg/detail/offboard_flag__type_support.cpp
[9.718s] -- Up-to-date: /workspace/aerial_ws/ros2_ws/install/autopilot_interface_msgs/include/autopilot_interface_msgs/autopilot_interface_msgs/srv
[9.718s] -- Up-to-date: /workspace/aerial_ws/ros2_ws/install/autopilot_interface_msgs/include/autopilot_interface_msgs/autopilot_interface_msgs/srv/detail
[9.718s] -- Installing: /workspace/aerial_ws/ros2_ws/install/autopilot_interface_msgs/include/autopilot_interface_msgs/autopilot_interface_msgs/srv/detail/set_speed__rosidl_typesupport_introspection_cpp.hpp
[9.718s] -- Installing: /workspace/aerial_ws/ros2_ws/install/autopilot_interface_msgs/include/autopilot_interface_msgs/autopilot_interface_msgs/srv/detail/set_speed__type_support.cpp
[9.718s] -- Installing: /workspace/aerial_ws/ros2_ws/install/autopilot_interface_msgs/include/autopilot_interface_msgs/autopilot_interface_msgs/srv/detail/set_reposition__rosidl_typesupport_introspection_cpp.hpp
[9.718s] -- Installing: /workspace/aerial_ws/ros2_ws/install/autopilot_interface_msgs/include/autopilot_interface_msgs/autopilot_interface_msgs/srv/detail/set_reposition__type_support.cpp
[9.719s] -- Installing: /workspace/aerial_ws/ros2_ws/install/autopilot_interface_msgs/lib/libautopilot_interface_msgs__rosidl_typesupport_introspection_cpp.so
[9.720s] -- Set runtime path of "/workspace/aerial_ws/ros2_ws/install/autopilot_interface_msgs/lib/libautopilot_interface_msgs__rosidl_typesupport_introspection_cpp.so" to ""
[9.720s] -- Installing: /workspace/aerial_ws/ros2_ws/install/autopilot_interface_msgs/lib/libautopilot_interface_msgs__rosidl_typesupport_cpp.so
[9.721s] -- Set runtime path of "/workspace/aerial_ws/ros2_ws/install/autopilot_interface_msgs/lib/libautopilot_interface_msgs__rosidl_typesupport_cpp.so" to ""
[9.721s] -- Installing: /workspace/aerial_ws/ros2_ws/install/autopilot_interface_msgs/share/autopilot_interface_msgs/environment/pythonpath.sh
[9.721s] -- Installing: /workspace/aerial_ws/ros2_ws/install/autopilot_interface_msgs/share/autopilot_interface_msgs/environment/pythonpath.dsv
[9.721s] -- Installing: /workspace/aerial_ws/ros2_ws/install/autopilot_interface_msgs/local/lib/python3.10/dist-packages/autopilot_interface_msgs-0.1.0-py3.10.egg-info
[9.721s] -- Installing: /workspace/aerial_ws/ros2_ws/install/autopilot_interface_msgs/local/lib/python3.10/dist-packages/autopilot_interface_msgs-0.1.0-py3.10.egg-info/PKG-INFO
[9.722s] -- Installing: /workspace/aerial_ws/ros2_ws/install/autopilot_interface_msgs/local/lib/python3.10/dist-packages/autopilot_interface_msgs-0.1.0-py3.10.egg-info/dependency_links.txt
[9.722s] -- Installing: /workspace/aerial_ws/ros2_ws/install/autopilot_interface_msgs/local/lib/python3.10/dist-packages/autopilot_interface_msgs-0.1.0-py3.10.egg-info/top_level.txt
[9.722s] -- Installing: /workspace/aerial_ws/ros2_ws/install/autopilot_interface_msgs/local/lib/python3.10/dist-packages/autopilot_interface_msgs-0.1.0-py3.10.egg-info/SOURCES.txt
[9.722s] -- Installing: /workspace/aerial_ws/ros2_ws/install/autopilot_interface_msgs/local/lib/python3.10/dist-packages/autopilot_interface_msgs
[9.723s] -- Installing: /workspace/aerial_ws/ros2_ws/install/autopilot_interface_msgs/local/lib/python3.10/dist-packages/autopilot_interface_msgs/__init__.py
[9.723s] -- Installing: /workspace/aerial_ws/ros2_ws/install/autopilot_interface_msgs/local/lib/python3.10/dist-packages/autopilot_interface_msgs/action
[9.723s] -- Installing: /workspace/aerial_ws/ros2_ws/install/autopilot_interface_msgs/local/lib/python3.10/dist-packages/autopilot_interface_msgs/action/_land.py
[9.723s] -- Installing: /workspace/aerial_ws/ros2_ws/install/autopilot_interface_msgs/local/lib/python3.10/dist-packages/autopilot_interface_msgs/action/_land_s.c
[9.723s] -- Installing: /workspace/aerial_ws/ros2_ws/install/autopilot_interface_msgs/local/lib/python3.10/dist-packages/autopilot_interface_msgs/action/_offboard.py
[9.724s] -- Installing: /workspace/aerial_ws/ros2_ws/install/autopilot_interface_msgs/local/lib/python3.10/dist-packages/autopilot_interface_msgs/action/_offboard_s.c
[9.724s] -- Installing: /workspace/aerial_ws/ros2_ws/install/autopilot_interface_msgs/local/lib/python3.10/dist-packages/autopilot_interface_msgs/action/_orbit.py
[9.724s] -- Installing: /workspace/aerial_ws/ros2_ws/install/autopilot_interface_msgs/local/lib/python3.10/dist-packages/autopilot_interface_msgs/action/_orbit_s.c
[9.724s] -- Installing: /workspace/aerial_ws/ros2_ws/install/autopilot_interface_msgs/local/lib/python3.10/dist-packages/autopilot_interface_msgs/action/_takeoff.py
[9.725s] -- Installing: /workspace/aerial_ws/ros2_ws/install/autopilot_interface_msgs/local/lib/python3.10/dist-packages/autopilot_interface_msgs/action/_takeoff_s.c
[9.725s] -- Installing: /workspace/aerial_ws/ros2_ws/install/autopilot_interface_msgs/local/lib/python3.10/dist-packages/autopilot_interface_msgs/action/__init__.py
[9.725s] -- Installing: /workspace/aerial_ws/ros2_ws/install/autopilot_interface_msgs/local/lib/python3.10/dist-packages/autopilot_interface_msgs/msg
[9.725s] -- Installing: /workspace/aerial_ws/ros2_ws/install/autopilot_interface_msgs/local/lib/python3.10/dist-packages/autopilot_interface_msgs/msg/_offboard_flag.py
[9.726s] -- Installing: /workspace/aerial_ws/ros2_ws/install/autopilot_interface_msgs/local/lib/python3.10/dist-packages/autopilot_interface_msgs/msg/_offboard_flag_s.c
[9.726s] -- Installing: /workspace/aerial_ws/ros2_ws/install/autopilot_interface_msgs/local/lib/python3.10/dist-packages/autopilot_interface_msgs/msg/__init__.py
[9.726s] -- Installing: /workspace/aerial_ws/ros2_ws/install/autopilot_interface_msgs/local/lib/python3.10/dist-packages/autopilot_interface_msgs/srv
[9.726s] -- Installing: /workspace/aerial_ws/ros2_ws/install/autopilot_interface_msgs/local/lib/python3.10/dist-packages/autopilot_interface_msgs/srv/_set_speed.py
[9.726s] -- Installing: /workspace/aerial_ws/ros2_ws/install/autopilot_interface_msgs/local/lib/python3.10/dist-packages/autopilot_interface_msgs/srv/_set_speed_s.c
[9.727s] -- Installing: /workspace/aerial_ws/ros2_ws/install/autopilot_interface_msgs/local/lib/python3.10/dist-packages/autopilot_interface_msgs/srv/_set_reposition.py
[9.727s] -- Installing: /workspace/aerial_ws/ros2_ws/install/autopilot_interface_msgs/local/lib/python3.10/dist-packages/autopilot_interface_msgs/srv/_set_reposition_s.c
[9.727s] -- Installing: /workspace/aerial_ws/ros2_ws/install/autopilot_interface_msgs/local/lib/python3.10/dist-packages/autopilot_interface_msgs/srv/__init__.py
[9.728s] -- Installing: /workspace/aerial_ws/ros2_ws/install/autopilot_interface_msgs/local/lib/python3.10/dist-packages/autopilot_interface_msgs/_autopilot_interface_msgs_s.ep.rosidl_typesupport_fastrtps_c.c
[9.728s] -- Installing: /workspace/aerial_ws/ros2_ws/install/autopilot_interface_msgs/local/lib/python3.10/dist-packages/autopilot_interface_msgs/_autopilot_interface_msgs_s.ep.rosidl_typesupport_introspection_c.c
[9.728s] -- Installing: /workspace/aerial_ws/ros2_ws/install/autopilot_interface_msgs/local/lib/python3.10/dist-packages/autopilot_interface_msgs/_autopilot_interface_msgs_s.ep.rosidl_typesupport_c.c
[9.729s] -- Installing: /workspace/aerial_ws/ros2_ws/install/autopilot_interface_msgs/local/lib/python3.10/dist-packages/autopilot_interface_msgs/libautopilot_interface_msgs__rosidl_generator_py.so
[9.729s] -- Installing: /workspace/aerial_ws/ros2_ws/install/autopilot_interface_msgs/local/lib/python3.10/dist-packages/autopilot_interface_msgs/autopilot_interface_msgs_s__rosidl_typesupport_fastrtps_c.cpython-310-x86_64-linux-gnu.so
[9.729s] -- Installing: /workspace/aerial_ws/ros2_ws/install/autopilot_interface_msgs/local/lib/python3.10/dist-packages/autopilot_interface_msgs/autopilot_interface_msgs_s__rosidl_typesupport_c.cpython-310-x86_64-linux-gnu.so
[9.730s] -- Installing: /workspace/aerial_ws/ros2_ws/install/autopilot_interface_msgs/local/lib/python3.10/dist-packages/autopilot_interface_msgs/autopilot_interface_msgs_s__rosidl_typesupport_introspection_c.cpython-310-x86_64-linux-gnu.so
[9.770s] Listing '/workspace/aerial_ws/ros2_ws/install/autopilot_interface_msgs/local/lib/python3.10/dist-packages/autopilot_interface_msgs'...
[9.770s] Compiling '/workspace/aerial_ws/ros2_ws/install/autopilot_interface_msgs/local/lib/python3.10/dist-packages/autopilot_interface_msgs/__init__.py'...
[9.771s] Listing '/workspace/aerial_ws/ros2_ws/install/autopilot_interface_msgs/local/lib/python3.10/dist-packages/autopilot_interface_msgs/action'...
[9.771s] Compiling '/workspace/aerial_ws/ros2_ws/install/autopilot_interface_msgs/local/lib/python3.10/dist-packages/autopilot_interface_msgs/action/__init__.py'...
[9.772s] Compiling '/workspace/aerial_ws/ros2_ws/install/autopilot_interface_msgs/local/lib/python3.10/dist-packages/autopilot_interface_msgs/action/_land.py'...
[9.779s] Compiling '/workspace/aerial_ws/ros2_ws/install/autopilot_interface_msgs/local/lib/python3.10/dist-packages/autopilot_interface_msgs/action/_offboard.py'...
[9.784s] Compiling '/workspace/aerial_ws/ros2_ws/install/autopilot_interface_msgs/local/lib/python3.10/dist-packages/autopilot_interface_msgs/action/_orbit.py'...
[9.789s] Compiling '/workspace/aerial_ws/ros2_ws/install/autopilot_interface_msgs/local/lib/python3.10/dist-packages/autopilot_interface_msgs/action/_takeoff.py'...
[9.795s] Listing '/workspace/aerial_ws/ros2_ws/install/autopilot_interface_msgs/local/lib/python3.10/dist-packages/autopilot_interface_msgs/msg'...
[9.795s] Compiling '/workspace/aerial_ws/ros2_ws/install/autopilot_interface_msgs/local/lib/python3.10/dist-packages/autopilot_interface_msgs/msg/__init__.py'...
[9.795s] Compiling '/workspace/aerial_ws/ros2_ws/install/autopilot_interface_msgs/local/lib/python3.10/dist-packages/autopilot_interface_msgs/msg/_offboard_flag.py'...
[9.796s] Listing '/workspace/aerial_ws/ros2_ws/install/autopilot_interface_msgs/local/lib/python3.10/dist-packages/autopilot_interface_msgs/srv'...
[9.797s] Compiling '/workspace/aerial_ws/ros2_ws/install/autopilot_interface_msgs/local/lib/python3.10/dist-packages/autopilot_interface_msgs/srv/__init__.py'...
[9.797s] Compiling '/workspace/aerial_ws/ros2_ws/install/autopilot_interface_msgs/local/lib/python3.10/dist-packages/autopilot_interface_msgs/srv/_set_reposition.py'...
[9.798s] Compiling '/workspace/aerial_ws/ros2_ws/install/autopilot_interface_msgs/local/lib/python3.10/dist-packages/autopilot_interface_msgs/srv/_set_speed.py'...
[9.805s] -- Installing: /workspace/aerial_ws/ros2_ws/install/autopilot_interface_msgs/local/lib/python3.10/dist-packages/autopilot_interface_msgs/autopilot_interface_msgs_s__rosidl_typesupport_fastrtps_c.cpython-310-x86_64-linux-gnu.so
[9.806s] -- Set runtime path of "/workspace/aerial_ws/ros2_ws/install/autopilot_interface_msgs/local/lib/python3.10/dist-packages/autopilot_interface_msgs/autopilot_interface_msgs_s__rosidl_typesupport_fastrtps_c.cpython-310-x86_64-linux-gnu.so" to ""
[9.806s] -- Installing: /workspace/aerial_ws/ros2_ws/install/autopilot_interface_msgs/local/lib/python3.10/dist-packages/autopilot_interface_msgs/autopilot_interface_msgs_s__rosidl_typesupport_introspection_c.cpython-310-x86_64-linux-gnu.so
[9.807s] -- Set runtime path of "/workspace/aerial_ws/ros2_ws/install/autopilot_interface_msgs/local/lib/python3.10/dist-packages/autopilot_interface_msgs/autopilot_interface_msgs_s__rosidl_typesupport_introspection_c.cpython-310-x86_64-linux-gnu.so" to ""
[9.808s] -- Installing: /workspace/aerial_ws/ros2_ws/install/autopilot_interface_msgs/local/lib/python3.10/dist-packages/autopilot_interface_msgs/autopilot_interface_msgs_s__rosidl_typesupport_c.cpython-310-x86_64-linux-gnu.so
[9.809s] -- Set runtime path of "/workspace/aerial_ws/ros2_ws/install/autopilot_interface_msgs/local/lib/python3.10/dist-packages/autopilot_interface_msgs/autopilot_interface_msgs_s__rosidl_typesupport_c.cpython-310-x86_64-linux-gnu.so" to ""
[9.809s] -- Installing: /workspace/aerial_ws/ros2_ws/install/autopilot_interface_msgs/lib/libautopilot_interface_msgs__rosidl_generator_py.so
[9.810s] -- Set runtime path of "/workspace/aerial_ws/ros2_ws/install/autopilot_interface_msgs/lib/libautopilot_interface_msgs__rosidl_generator_py.so" to ""
[9.810s] -- Installing: /workspace/aerial_ws/ros2_ws/install/autopilot_interface_msgs/share/ament_index/resource_index/rust_packages/autopilot_interface_msgs
[9.810s] -- Installing: /workspace/aerial_ws/ros2_ws/install/autopilot_interface_msgs/share/autopilot_interface_msgs/rust
[9.811s] -- Installing: /workspace/aerial_ws/ros2_ws/install/autopilot_interface_msgs/share/autopilot_interface_msgs/rust/src
[9.811s] -- Installing: /workspace/aerial_ws/ros2_ws/install/autopilot_interface_msgs/share/autopilot_interface_msgs/rust/src/msg.rs
[9.811s] -- Installing: /workspace/aerial_ws/ros2_ws/install/autopilot_interface_msgs/share/autopilot_interface_msgs/rust/src/msg
[9.811s] -- Installing: /workspace/aerial_ws/ros2_ws/install/autopilot_interface_msgs/share/autopilot_interface_msgs/rust/src/msg/rmw.rs
[9.811s] -- Installing: /workspace/aerial_ws/ros2_ws/install/autopilot_interface_msgs/share/autopilot_interface_msgs/rust/src/srv.rs
[9.812s] -- Installing: /workspace/aerial_ws/ros2_ws/install/autopilot_interface_msgs/share/autopilot_interface_msgs/rust/src/srv
[9.812s] -- Installing: /workspace/aerial_ws/ros2_ws/install/autopilot_interface_msgs/share/autopilot_interface_msgs/rust/src/srv/rmw.rs
[9.812s] -- Installing: /workspace/aerial_ws/ros2_ws/install/autopilot_interface_msgs/share/autopilot_interface_msgs/rust/src/action.rs
[9.812s] -- Installing: /workspace/aerial_ws/ros2_ws/install/autopilot_interface_msgs/share/autopilot_interface_msgs/rust/src/action
[9.812s] -- Installing: /workspace/aerial_ws/ros2_ws/install/autopilot_interface_msgs/share/autopilot_interface_msgs/rust/src/action/rmw.rs
[9.812s] -- Installing: /workspace/aerial_ws/ros2_ws/install/autopilot_interface_msgs/share/autopilot_interface_msgs/rust/src/lib.rs
[9.813s] -- Installing: /workspace/aerial_ws/ros2_ws/install/autopilot_interface_msgs/share/autopilot_interface_msgs/rust/Cargo.toml
[9.813s] -- Installing: /workspace/aerial_ws/ros2_ws/install/autopilot_interface_msgs/share/autopilot_interface_msgs/rust/build.rs
[9.813s] -- Installing: /workspace/aerial_ws/ros2_ws/install/autopilot_interface_msgs/share/autopilot_interface_msgs/action/Land.idl
[9.813s] -- Installing: /workspace/aerial_ws/ros2_ws/install/autopilot_interface_msgs/share/autopilot_interface_msgs/action/Offboard.idl
[9.813s] -- Installing: /workspace/aerial_ws/ros2_ws/install/autopilot_interface_msgs/share/autopilot_interface_msgs/action/Orbit.idl
[9.813s] -- Installing: /workspace/aerial_ws/ros2_ws/install/autopilot_interface_msgs/share/autopilot_interface_msgs/action/Takeoff.idl
[9.814s] -- Installing: /workspace/aerial_ws/ros2_ws/install/autopilot_interface_msgs/share/autopilot_interface_msgs/msg/OffboardFlag.idl
[9.814s] -- Installing: /workspace/aerial_ws/ros2_ws/install/autopilot_interface_msgs/share/autopilot_interface_msgs/srv/SetSpeed.idl
[9.814s] -- Installing: /workspace/aerial_ws/ros2_ws/install/autopilot_interface_msgs/share/autopilot_interface_msgs/srv/SetReposition.idl
[9.814s] -- Installing: /workspace/aerial_ws/ros2_ws/install/autopilot_interface_msgs/share/autopilot_interface_msgs/action/Land.action
[9.814s] -- Installing: /workspace/aerial_ws/ros2_ws/install/autopilot_interface_msgs/share/autopilot_interface_msgs/action/Offboard.action
[9.815s] -- Installing: /workspace/aerial_ws/ros2_ws/install/autopilot_interface_msgs/share/autopilot_interface_msgs/action/Orbit.action
[9.815s] -- Installing: /workspace/aerial_ws/ros2_ws/install/autopilot_interface_msgs/share/autopilot_interface_msgs/action/Takeoff.action
[9.815s] -- Installing: /workspace/aerial_ws/ros2_ws/install/autopilot_interface_msgs/share/autopilot_interface_msgs/msg/OffboardFlag.msg
[9.815s] -- Installing: /workspace/aerial_ws/ros2_ws/install/autopilot_interface_msgs/share/autopilot_interface_msgs/srv/SetSpeed.srv
[9.815s] -- Installing: /workspace/aerial_ws/ros2_ws/install/autopilot_interface_msgs/share/autopilot_interface_msgs/srv/SetSpeed_Request.msg
[9.816s] -- Installing: /workspace/aerial_ws/ros2_ws/install/autopilot_interface_msgs/share/autopilot_interface_msgs/srv/SetSpeed_Response.msg
[9.816s] -- Installing: /workspace/aerial_ws/ros2_ws/install/autopilot_interface_msgs/share/autopilot_interface_msgs/srv/SetReposition.srv
[9.816s] -- Installing: /workspace/aerial_ws/ros2_ws/install/autopilot_interface_msgs/share/autopilot_interface_msgs/srv/SetReposition_Request.msg
[9.816s] -- Installing: /workspace/aerial_ws/ros2_ws/install/autopilot_interface_msgs/share/autopilot_interface_msgs/srv/SetReposition_Response.msg
[9.817s] -- Installing: /workspace/aerial_ws/ros2_ws/install/autopilot_interface_msgs/share/ament_index/resource_index/package_run_dependencies/autopilot_interface_msgs
[9.817s] -- Installing: /workspace/aerial_ws/ros2_ws/install/autopilot_interface_msgs/share/ament_index/resource_index/parent_prefix_path/autopilot_interface_msgs
[9.817s] -- Installing: /workspace/aerial_ws/ros2_ws/install/autopilot_interface_msgs/share/autopilot_interface_msgs/environment/ament_prefix_path.sh
[9.817s] -- Installing: /workspace/aerial_ws/ros2_ws/install/autopilot_interface_msgs/share/autopilot_interface_msgs/environment/ament_prefix_path.dsv
[9.818s] -- Installing: /workspace/aerial_ws/ros2_ws/install/autopilot_interface_msgs/share/autopilot_interface_msgs/environment/path.sh
[9.818s] -- Installing: /workspace/aerial_ws/ros2_ws/install/autopilot_interface_msgs/share/autopilot_interface_msgs/environment/path.dsv
[9.818s] -- Installing: /workspace/aerial_ws/ros2_ws/install/autopilot_interface_msgs/share/autopilot_interface_msgs/local_setup.bash
[9.818s] -- Installing: /workspace/aerial_ws/ros2_ws/install/autopilot_interface_msgs/share/autopilot_interface_msgs/local_setup.sh
[9.819s] -- Installing: /workspace/aerial_ws/ros2_ws/install/autopilot_interface_msgs/share/autopilot_interface_msgs/local_setup.zsh
[9.819s] -- Installing: /workspace/aerial_ws/ros2_ws/install/autopilot_interface_msgs/share/autopilot_interface_msgs/local_setup.dsv
[9.819s] -- Installing: /workspace/aerial_ws/ros2_ws/install/autopilot_interface_msgs/share/autopilot_interface_msgs/package.dsv
[9.819s] -- Installing: /workspace/aerial_ws/ros2_ws/install/autopilot_interface_msgs/share/ament_index/resource_index/packages/autopilot_interface_msgs
[9.820s] -- Installing: /workspace/aerial_ws/ros2_ws/install/autopilot_interface_msgs/share/autopilot_interface_msgs/cmake/export_autopilot_interface_msgs__rosidl_generator_cExport.cmake
[9.820s] -- Installing: /workspace/aerial_ws/ros2_ws/install/autopilot_interface_msgs/share/autopilot_interface_msgs/cmake/export_autopilot_interface_msgs__rosidl_generator_cExport-noconfig.cmake
[9.820s] -- Installing: /workspace/aerial_ws/ros2_ws/install/autopilot_interface_msgs/share/autopilot_interface_msgs/cmake/export_autopilot_interface_msgs__rosidl_typesupport_fastrtps_cExport.cmake
[9.821s] -- Installing: /workspace/aerial_ws/ros2_ws/install/autopilot_interface_msgs/share/autopilot_interface_msgs/cmake/export_autopilot_interface_msgs__rosidl_typesupport_fastrtps_cExport-noconfig.cmake
[9.821s] -- Installing: /workspace/aerial_ws/ros2_ws/install/autopilot_interface_msgs/share/autopilot_interface_msgs/cmake/autopilot_interface_msgs__rosidl_typesupport_introspection_cExport.cmake
[9.821s] -- Installing: /workspace/aerial_ws/ros2_ws/install/autopilot_interface_msgs/share/autopilot_interface_msgs/cmake/autopilot_interface_msgs__rosidl_typesupport_introspection_cExport-noconfig.cmake
[9.821s] -- Installing: /workspace/aerial_ws/ros2_ws/install/autopilot_interface_msgs/share/autopilot_interface_msgs/cmake/autopilot_interface_msgs__rosidl_typesupport_cExport.cmake
[9.822s] -- Installing: /workspace/aerial_ws/ros2_ws/install/autopilot_interface_msgs/share/autopilot_interface_msgs/cmake/autopilot_interface_msgs__rosidl_typesupport_cExport-noconfig.cmake
[9.822s] -- Installing: /workspace/aerial_ws/ros2_ws/install/autopilot_interface_msgs/share/autopilot_interface_msgs/cmake/export_autopilot_interface_msgs__rosidl_generator_cppExport.cmake
[9.822s] -- Installing: /workspace/aerial_ws/ros2_ws/install/autopilot_interface_msgs/share/autopilot_interface_msgs/cmake/export_autopilot_interface_msgs__rosidl_typesupport_fastrtps_cppExport.cmake
[9.822s] -- Installing: /workspace/aerial_ws/ros2_ws/install/autopilot_interface_msgs/share/autopilot_interface_msgs/cmake/export_autopilot_interface_msgs__rosidl_typesupport_fastrtps_cppExport-noconfig.cmake
[9.823s] -- Installing: /workspace/aerial_ws/ros2_ws/install/autopilot_interface_msgs/share/autopilot_interface_msgs/cmake/autopilot_interface_msgs__rosidl_typesupport_introspection_cppExport.cmake
[9.823s] -- Installing: /workspace/aerial_ws/ros2_ws/install/autopilot_interface_msgs/share/autopilot_interface_msgs/cmake/autopilot_interface_msgs__rosidl_typesupport_introspection_cppExport-noconfig.cmake
[9.823s] -- Installing: /workspace/aerial_ws/ros2_ws/install/autopilot_interface_msgs/share/autopilot_interface_msgs/cmake/autopilot_interface_msgs__rosidl_typesupport_cppExport.cmake
[9.823s] -- Installing: /workspace/aerial_ws/ros2_ws/install/autopilot_interface_msgs/share/autopilot_interface_msgs/cmake/autopilot_interface_msgs__rosidl_typesupport_cppExport-noconfig.cmake
[9.824s] -- Installing: /workspace/aerial_ws/ros2_ws/install/autopilot_interface_msgs/share/autopilot_interface_msgs/cmake/export_autopilot_interface_msgs__rosidl_generator_pyExport.cmake
[9.824s] -- Installing: /workspace/aerial_ws/ros2_ws/install/autopilot_interface_msgs/share/autopilot_interface_msgs/cmake/export_autopilot_interface_msgs__rosidl_generator_pyExport-noconfig.cmake
[9.824s] -- Installing: /workspace/aerial_ws/ros2_ws/install/autopilot_interface_msgs/share/autopilot_interface_msgs/cmake/rosidl_cmake-extras.cmake
[9.824s] -- Installing: /workspace/aerial_ws/ros2_ws/install/autopilot_interface_msgs/share/autopilot_interface_msgs/cmake/ament_cmake_export_dependencies-extras.cmake
[9.824s] -- Installing: /workspace/aerial_ws/ros2_ws/install/autopilot_interface_msgs/share/autopilot_interface_msgs/cmake/ament_cmake_export_include_directories-extras.cmake
[9.825s] -- Installing: /workspace/aerial_ws/ros2_ws/install/autopilot_interface_msgs/share/autopilot_interface_msgs/cmake/ament_cmake_export_libraries-extras.cmake
[9.825s] -- Installing: /workspace/aerial_ws/ros2_ws/install/autopilot_interface_msgs/share/autopilot_interface_msgs/cmake/ament_cmake_export_targets-extras.cmake
[9.825s] -- Installing: /workspace/aerial_ws/ros2_ws/install/autopilot_interface_msgs/share/autopilot_interface_msgs/cmake/rosidl_cmake_export_typesupport_targets-extras.cmake
[9.825s] -- Installing: /workspace/aerial_ws/ros2_ws/install/autopilot_interface_msgs/share/autopilot_interface_msgs/cmake/rosidl_cmake_export_typesupport_libraries-extras.cmake
[9.826s] -- Installing: /workspace/aerial_ws/ros2_ws/install/autopilot_interface_msgs/share/autopilot_interface_msgs/cmake/autopilot_interface_msgsConfig.cmake
[9.826s] -- Installing: /workspace/aerial_ws/ros2_ws/install/autopilot_interface_msgs/share/autopilot_interface_msgs/cmake/autopilot_interface_msgsConfig-version.cmake
[9.826s] -- Installing: /workspace/aerial_ws/ros2_ws/install/autopilot_interface_msgs/share/autopilot_interface_msgs/package.xml
[9.829s] Invoked command in '/workspace/aerial_ws/ros2_ws/build/autopilot_interface_msgs' returned '0': CMAKE_PREFIX_PATH=/opt/ros/humble /usr/bin/cmake --install /workspace/aerial_ws/ros2_ws/build/autopilot_interface_msgs
