/usr/local/lib/python3.10/dist-packages/setuptools/config/_apply_pyprojecttoml.py:75: _MissingDynamic: `description` defined outside of `pyproject.toml` is ignored.
!!

        ********************************************************************************
        The following seems to be defined outside of `pyproject.toml`:

        `description = 'AI inference node for Pegasus drone inspection'`

        According to the spec (see the link below), however, setuptools CANNOT
        consider this value unless `description` is listed as `dynamic`.

        https://packaging.python.org/en/latest/specifications/pyproject-toml/#declaring-project-metadata-the-project-table

        To prevent this problem, you can list `description` under `dynamic` or alternatively
        remove the `[project]` table from your file and rely entirely on other means of
        configuration.
        ********************************************************************************

!!
  _handle_missing_dynamic(dist, project_table)
/usr/local/lib/python3.10/dist-packages/setuptools/config/_apply_pyprojecttoml.py:75: _MissingDynamic: `license` defined outside of `pyproject.toml` is ignored.
!!

        ********************************************************************************
        The following seems to be defined outside of `pyproject.toml`:

        `license = 'Apache-2.0'`

        According to the spec (see the link below), however, setuptools CANNOT
        consider this value unless `license` is listed as `dynamic`.

        https://packaging.python.org/en/latest/specifications/pyproject-toml/#declaring-project-metadata-the-project-table

        To prevent this problem, you can list `license` under `dynamic` or alternatively
        remove the `[project]` table from your file and rely entirely on other means of
        configuration.
        ********************************************************************************

!!
  _handle_missing_dynamic(dist, project_table)
/usr/local/lib/python3.10/dist-packages/setuptools/config/_apply_pyprojecttoml.py:75: _MissingDynamic: `maintainers` defined outside of `pyproject.toml` is ignored.
!!

        ********************************************************************************
        The following seems to be defined outside of `pyproject.toml`:

        `maintainers = 'Pegasus Team'`

        According to the spec (see the link below), however, setuptools CANNOT
        consider this value unless `maintainers` is listed as `dynamic`.

        https://packaging.python.org/en/latest/specifications/pyproject-toml/#declaring-project-metadata-the-project-table

        To prevent this problem, you can list `maintainers` under `dynamic` or alternatively
        remove the `[project]` table from your file and rely entirely on other means of
        configuration.
        ********************************************************************************

!!
  _handle_missing_dynamic(dist, project_table)
/usr/local/lib/python3.10/dist-packages/setuptools/config/_apply_pyprojecttoml.py:75: _MissingDynamic: `dependencies` defined outside of `pyproject.toml` is ignored.
!!

        ********************************************************************************
        The following seems to be defined outside of `pyproject.toml`:

        `dependencies = ['setuptools']`

        According to the spec (see the link below), however, setuptools CANNOT
        consider this value unless `dependencies` is listed as `dynamic`.

        https://packaging.python.org/en/latest/specifications/pyproject-toml/#declaring-project-metadata-the-project-table

        To prevent this problem, you can list `dependencies` under `dynamic` or alternatively
        remove the `[project]` table from your file and rely entirely on other means of
        configuration.
        ********************************************************************************

!!
  _handle_missing_dynamic(dist, project_table)
/usr/local/lib/python3.10/dist-packages/setuptools/config/_apply_pyprojecttoml.py:82: SetuptoolsWarning: `license` overwritten by `pyproject.toml`
  corresp(dist, value, root_dir)
/usr/local/lib/python3.10/dist-packages/setuptools/config/_apply_pyprojecttoml.py:82: SetuptoolsWarning: `install_requires` overwritten in `pyproject.toml` (dependencies)
  corresp(dist, value, root_dir)
