running egg_info
creating ../../build/pegasus_ai/pegasus_ai.egg-info
writing ../../build/pegasus_ai/pegasus_ai.egg-info/PKG-INFO
writing dependency_links to ../../build/pegasus_ai/pegasus_ai.egg-info/dependency_links.txt
writing entry points to ../../build/pegasus_ai/pegasus_ai.egg-info/entry_points.txt
writing top-level names to ../../build/pegasus_ai/pegasus_ai.egg-info/top_level.txt
writing manifest file '../../build/pegasus_ai/pegasus_ai.egg-info/SOURCES.txt'
reading manifest file '../../build/pegasus_ai/pegasus_ai.egg-info/SOURCES.txt'
writing manifest file '../../build/pegasus_ai/pegasus_ai.egg-info/SOURCES.txt'
running build
running build_py
creating /workspace/aerial_ws/ros2_ws/build/pegasus_ai/build/lib/pegasus_ai
copying pegasus_ai/inference_node.py -> /workspace/aerial_ws/ros2_ws/build/pegasus_ai/build/lib/pegasus_ai
copying pegasus_ai/mock_camera_node.py -> /workspace/aerial_ws/ros2_ws/build/pegasus_ai/build/lib/pegasus_ai
copying pegasus_ai/test_publisher.py -> /workspace/aerial_ws/ros2_ws/build/pegasus_ai/build/lib/pegasus_ai
copying pegasus_ai/__init__.py -> /workspace/aerial_ws/ros2_ws/build/pegasus_ai/build/lib/pegasus_ai
copying pegasus_ai/isaac_sim_listener.py -> /workspace/aerial_ws/ros2_ws/build/pegasus_ai/build/lib/pegasus_ai
copying pegasus_ai/vslam_nav2_mock.py -> /workspace/aerial_ws/ros2_ws/build/pegasus_ai/build/lib/pegasus_ai
copying pegasus_ai/offboard_control_node.py -> /workspace/aerial_ws/ros2_ws/build/pegasus_ai/build/lib/pegasus_ai
copying pegasus_ai/mission_executor_node.py -> /workspace/aerial_ws/ros2_ws/build/pegasus_ai/build/lib/pegasus_ai
running install
running install_lib
creating /workspace/aerial_ws/ros2_ws/install/pegasus_ai/lib/python3.10/site-packages/pegasus_ai
copying /workspace/aerial_ws/ros2_ws/build/pegasus_ai/build/lib/pegasus_ai/inference_node.py -> /workspace/aerial_ws/ros2_ws/install/pegasus_ai/lib/python3.10/site-packages/pegasus_ai
copying /workspace/aerial_ws/ros2_ws/build/pegasus_ai/build/lib/pegasus_ai/mock_camera_node.py -> /workspace/aerial_ws/ros2_ws/install/pegasus_ai/lib/python3.10/site-packages/pegasus_ai
copying /workspace/aerial_ws/ros2_ws/build/pegasus_ai/build/lib/pegasus_ai/test_publisher.py -> /workspace/aerial_ws/ros2_ws/install/pegasus_ai/lib/python3.10/site-packages/pegasus_ai
copying /workspace/aerial_ws/ros2_ws/build/pegasus_ai/build/lib/pegasus_ai/__init__.py -> /workspace/aerial_ws/ros2_ws/install/pegasus_ai/lib/python3.10/site-packages/pegasus_ai
copying /workspace/aerial_ws/ros2_ws/build/pegasus_ai/build/lib/pegasus_ai/isaac_sim_listener.py -> /workspace/aerial_ws/ros2_ws/install/pegasus_ai/lib/python3.10/site-packages/pegasus_ai
copying /workspace/aerial_ws/ros2_ws/build/pegasus_ai/build/lib/pegasus_ai/vslam_nav2_mock.py -> /workspace/aerial_ws/ros2_ws/install/pegasus_ai/lib/python3.10/site-packages/pegasus_ai
copying /workspace/aerial_ws/ros2_ws/build/pegasus_ai/build/lib/pegasus_ai/offboard_control_node.py -> /workspace/aerial_ws/ros2_ws/install/pegasus_ai/lib/python3.10/site-packages/pegasus_ai
copying /workspace/aerial_ws/ros2_ws/build/pegasus_ai/build/lib/pegasus_ai/mission_executor_node.py -> /workspace/aerial_ws/ros2_ws/install/pegasus_ai/lib/python3.10/site-packages/pegasus_ai
byte-compiling /workspace/aerial_ws/ros2_ws/install/pegasus_ai/lib/python3.10/site-packages/pegasus_ai/inference_node.py to inference_node.cpython-310.pyc
byte-compiling /workspace/aerial_ws/ros2_ws/install/pegasus_ai/lib/python3.10/site-packages/pegasus_ai/mock_camera_node.py to mock_camera_node.cpython-310.pyc
byte-compiling /workspace/aerial_ws/ros2_ws/install/pegasus_ai/lib/python3.10/site-packages/pegasus_ai/test_publisher.py to test_publisher.cpython-310.pyc
byte-compiling /workspace/aerial_ws/ros2_ws/install/pegasus_ai/lib/python3.10/site-packages/pegasus_ai/__init__.py to __init__.cpython-310.pyc
byte-compiling /workspace/aerial_ws/ros2_ws/install/pegasus_ai/lib/python3.10/site-packages/pegasus_ai/isaac_sim_listener.py to isaac_sim_listener.cpython-310.pyc
byte-compiling /workspace/aerial_ws/ros2_ws/install/pegasus_ai/lib/python3.10/site-packages/pegasus_ai/vslam_nav2_mock.py to vslam_nav2_mock.cpython-310.pyc
byte-compiling /workspace/aerial_ws/ros2_ws/install/pegasus_ai/lib/python3.10/site-packages/pegasus_ai/offboard_control_node.py to offboard_control_node.cpython-310.pyc
byte-compiling /workspace/aerial_ws/ros2_ws/install/pegasus_ai/lib/python3.10/site-packages/pegasus_ai/mission_executor_node.py to mission_executor_node.cpython-310.pyc
running install_data
creating /workspace/aerial_ws/ros2_ws/install/pegasus_ai/share/ament_index/resource_index/packages
copying resource/pegasus_ai -> /workspace/aerial_ws/ros2_ws/install/pegasus_ai/share/ament_index/resource_index/packages
copying package.xml -> /workspace/aerial_ws/ros2_ws/install/pegasus_ai/share/pegasus_ai
creating /workspace/aerial_ws/ros2_ws/install/pegasus_ai/share/pegasus_ai/launch
copying launch/inference.launch.py -> /workspace/aerial_ws/ros2_ws/install/pegasus_ai/share/pegasus_ai/launch
creating /workspace/aerial_ws/ros2_ws/install/pegasus_ai/share/pegasus_ai/config
copying config/inference.yaml -> /workspace/aerial_ws/ros2_ws/install/pegasus_ai/share/pegasus_ai/config
running install_egg_info
Copying ../../build/pegasus_ai/pegasus_ai.egg-info to /workspace/aerial_ws/ros2_ws/install/pegasus_ai/lib/python3.10/site-packages/pegasus_ai-0.1.0-py3.10.egg-info
running install_scripts
Installing inference_node script to /workspace/aerial_ws/ros2_ws/install/pegasus_ai/lib/pegasus_ai
Installing isaac_sim_listener script to /workspace/aerial_ws/ros2_ws/install/pegasus_ai/lib/pegasus_ai
Installing mock_camera_node script to /workspace/aerial_ws/ros2_ws/install/pegasus_ai/lib/pegasus_ai
Installing test_publisher script to /workspace/aerial_ws/ros2_ws/install/pegasus_ai/lib/pegasus_ai
Installing vslam_nav2_mock script to /workspace/aerial_ws/ros2_ws/install/pegasus_ai/lib/pegasus_ai
writing list of installed files to '/workspace/aerial_ws/ros2_ws/build/pegasus_ai/install.log'
