[  1%] Built target autopilot_interface_msgs__rs
Consolidate compiler generated dependencies of target autopilot_interface_msgs__rosidl_generator_c
[  2%] Built target autopilot_interface_msgs__cpp
[ 13%] Built target autopilot_interface_msgs__rosidl_generator_c
[ 13%] Built target ament_cmake_python_copy_autopilot_interface_msgs
Consolidate compiler generated dependencies of target autopilot_interface_msgs__rosidl_typesupport_fastrtps_cpp
Consolidate compiler generated dependencies of target autopilot_interface_msgs__rosidl_typesupport_introspection_cpp
Consolidate compiler generated dependencies of target autopilot_interface_msgs__rosidl_typesupport_cpp
Consolidate compiler generated dependencies of target autopilot_interface_msgs__rosidl_typesupport_c
Consolidate compiler generated dependencies of target autopilot_interface_msgs__rosidl_typesupport_introspection_c
[ 25%] Built target autopilot_interface_msgs__rosidl_typesupport_fastrtps_cpp
Consolidate compiler generated dependencies of target autopilot_interface_msgs__rosidl_typesupport_fastrtps_c
[ 36%] Built target autopilot_interface_msgs__rosidl_typesupport_introspection_cpp
[ 47%] Built target autopilot_interface_msgs__rosidl_typesupport_cpp
[ 58%] Built target autopilot_interface_msgs__rosidl_typesupport_introspection_c
[ 70%] Built target autopilot_interface_msgs__rosidl_typesupport_c
[ 81%] Built target autopilot_interface_msgs__rosidl_typesupport_fastrtps_c
[ 81%] Built target autopilot_interface_msgs
[ 82%] Built target autopilot_interface_msgs__py
Consolidate compiler generated dependencies of target autopilot_interface_msgs__rosidl_generator_py
[ 92%] Built target autopilot_interface_msgs__rosidl_generator_py
running egg_info
Consolidate compiler generated dependencies of target autopilot_interface_msgs__rosidl_typesupport_fastrtps_c__pyext
Consolidate compiler generated dependencies of target autopilot_interface_msgs__rosidl_typesupport_c__pyext
Consolidate compiler generated dependencies of target autopilot_interface_msgs__rosidl_typesupport_introspection_c__pyext
[ 95%] Built target autopilot_interface_msgs__rosidl_typesupport_c__pyext
writing autopilot_interface_msgs.egg-info/PKG-INFO
writing dependency_links to autopilot_interface_msgs.egg-info/dependency_links.txt
writing top-level names to autopilot_interface_msgs.egg-info/top_level.txt
[ 97%] Built target autopilot_interface_msgs__rosidl_typesupport_fastrtps_c__pyext
[100%] Built target autopilot_interface_msgs__rosidl_typesupport_introspection_c__pyext
reading manifest file 'autopilot_interface_msgs.egg-info/SOURCES.txt'
writing manifest file 'autopilot_interface_msgs.egg-info/SOURCES.txt'
[100%] Built target ament_cmake_python_build_autopilot_interface_msgs_egg
-- Install configuration: ""
-- Up-to-date: /workspace/aerial_ws/ros2_ws/install/autopilot_interface_msgs/share/ament_index/resource_index/rosidl_interfaces/autopilot_interface_msgs
-- Up-to-date: /workspace/aerial_ws/ros2_ws/install/autopilot_interface_msgs/include/autopilot_interface_msgs/autopilot_interface_msgs
-- Up-to-date: /workspace/aerial_ws/ros2_ws/install/autopilot_interface_msgs/include/autopilot_interface_msgs/autopilot_interface_msgs/msg
-- Up-to-date: /workspace/aerial_ws/ros2_ws/install/autopilot_interface_msgs/include/autopilot_interface_msgs/autopilot_interface_msgs/msg/rosidl_generator_c__visibility_control.h
-- Up-to-date: /workspace/aerial_ws/ros2_ws/install/autopilot_interface_msgs/include/autopilot_interface_msgs/autopilot_interface_msgs/msg/offboard_flag.h
-- Up-to-date: /workspace/aerial_ws/ros2_ws/install/autopilot_interface_msgs/include/autopilot_interface_msgs/autopilot_interface_msgs/msg/detail
-- Up-to-date: /workspace/aerial_ws/ros2_ws/install/autopilot_interface_msgs/include/autopilot_interface_msgs/autopilot_interface_msgs/msg/detail/offboard_flag__functions.c
-- Up-to-date: /workspace/aerial_ws/ros2_ws/install/autopilot_interface_msgs/include/autopilot_interface_msgs/autopilot_interface_msgs/msg/detail/offboard_flag__functions.h
-- Up-to-date: /workspace/aerial_ws/ros2_ws/install/autopilot_interface_msgs/include/autopilot_interface_msgs/autopilot_interface_msgs/msg/detail/offboard_flag__struct.h
-- Up-to-date: /workspace/aerial_ws/ros2_ws/install/autopilot_interface_msgs/include/autopilot_interface_msgs/autopilot_interface_msgs/msg/detail/offboard_flag__type_support.h
-- Up-to-date: /workspace/aerial_ws/ros2_ws/install/autopilot_interface_msgs/include/autopilot_interface_msgs/autopilot_interface_msgs/action
-- Up-to-date: /workspace/aerial_ws/ros2_ws/install/autopilot_interface_msgs/include/autopilot_interface_msgs/autopilot_interface_msgs/action/land.h
-- Up-to-date: /workspace/aerial_ws/ros2_ws/install/autopilot_interface_msgs/include/autopilot_interface_msgs/autopilot_interface_msgs/action/detail
-- Up-to-date: /workspace/aerial_ws/ros2_ws/install/autopilot_interface_msgs/include/autopilot_interface_msgs/autopilot_interface_msgs/action/detail/land__functions.c
-- Up-to-date: /workspace/aerial_ws/ros2_ws/install/autopilot_interface_msgs/include/autopilot_interface_msgs/autopilot_interface_msgs/action/detail/land__functions.h
-- Up-to-date: /workspace/aerial_ws/ros2_ws/install/autopilot_interface_msgs/include/autopilot_interface_msgs/autopilot_interface_msgs/action/detail/land__struct.h
-- Up-to-date: /workspace/aerial_ws/ros2_ws/install/autopilot_interface_msgs/include/autopilot_interface_msgs/autopilot_interface_msgs/action/detail/land__type_support.h
-- Up-to-date: /workspace/aerial_ws/ros2_ws/install/autopilot_interface_msgs/include/autopilot_interface_msgs/autopilot_interface_msgs/action/detail/offboard__functions.c
-- Up-to-date: /workspace/aerial_ws/ros2_ws/install/autopilot_interface_msgs/include/autopilot_interface_msgs/autopilot_interface_msgs/action/detail/offboard__functions.h
-- Up-to-date: /workspace/aerial_ws/ros2_ws/install/autopilot_interface_msgs/include/autopilot_interface_msgs/autopilot_interface_msgs/action/detail/offboard__struct.h
-- Up-to-date: /workspace/aerial_ws/ros2_ws/install/autopilot_interface_msgs/include/autopilot_interface_msgs/autopilot_interface_msgs/action/detail/offboard__type_support.h
-- Up-to-date: /workspace/aerial_ws/ros2_ws/install/autopilot_interface_msgs/include/autopilot_interface_msgs/autopilot_interface_msgs/action/detail/orbit__functions.c
-- Up-to-date: /workspace/aerial_ws/ros2_ws/install/autopilot_interface_msgs/include/autopilot_interface_msgs/autopilot_interface_msgs/action/detail/orbit__functions.h
-- Up-to-date: /workspace/aerial_ws/ros2_ws/install/autopilot_interface_msgs/include/autopilot_interface_msgs/autopilot_interface_msgs/action/detail/orbit__struct.h
-- Up-to-date: /workspace/aerial_ws/ros2_ws/install/autopilot_interface_msgs/include/autopilot_interface_msgs/autopilot_interface_msgs/action/detail/orbit__type_support.h
-- Up-to-date: /workspace/aerial_ws/ros2_ws/install/autopilot_interface_msgs/include/autopilot_interface_msgs/autopilot_interface_msgs/action/detail/takeoff__functions.c
-- Up-to-date: /workspace/aerial_ws/ros2_ws/install/autopilot_interface_msgs/include/autopilot_interface_msgs/autopilot_interface_msgs/action/detail/takeoff__functions.h
-- Up-to-date: /workspace/aerial_ws/ros2_ws/install/autopilot_interface_msgs/include/autopilot_interface_msgs/autopilot_interface_msgs/action/detail/takeoff__struct.h
-- Up-to-date: /workspace/aerial_ws/ros2_ws/install/autopilot_interface_msgs/include/autopilot_interface_msgs/autopilot_interface_msgs/action/detail/takeoff__type_support.h
-- Up-to-date: /workspace/aerial_ws/ros2_ws/install/autopilot_interface_msgs/include/autopilot_interface_msgs/autopilot_interface_msgs/action/offboard.h
-- Up-to-date: /workspace/aerial_ws/ros2_ws/install/autopilot_interface_msgs/include/autopilot_interface_msgs/autopilot_interface_msgs/action/orbit.h
-- Up-to-date: /workspace/aerial_ws/ros2_ws/install/autopilot_interface_msgs/include/autopilot_interface_msgs/autopilot_interface_msgs/action/takeoff.h
-- Up-to-date: /workspace/aerial_ws/ros2_ws/install/autopilot_interface_msgs/include/autopilot_interface_msgs/autopilot_interface_msgs/srv
-- Up-to-date: /workspace/aerial_ws/ros2_ws/install/autopilot_interface_msgs/include/autopilot_interface_msgs/autopilot_interface_msgs/srv/set_speed.h
-- Up-to-date: /workspace/aerial_ws/ros2_ws/install/autopilot_interface_msgs/include/autopilot_interface_msgs/autopilot_interface_msgs/srv/detail
-- Up-to-date: /workspace/aerial_ws/ros2_ws/install/autopilot_interface_msgs/include/autopilot_interface_msgs/autopilot_interface_msgs/srv/detail/set_speed__functions.c
-- Up-to-date: /workspace/aerial_ws/ros2_ws/install/autopilot_interface_msgs/include/autopilot_interface_msgs/autopilot_interface_msgs/srv/detail/set_speed__functions.h
-- Up-to-date: /workspace/aerial_ws/ros2_ws/install/autopilot_interface_msgs/include/autopilot_interface_msgs/autopilot_interface_msgs/srv/detail/set_speed__struct.h
-- Up-to-date: /workspace/aerial_ws/ros2_ws/install/autopilot_interface_msgs/include/autopilot_interface_msgs/autopilot_interface_msgs/srv/detail/set_speed__type_support.h
-- Up-to-date: /workspace/aerial_ws/ros2_ws/install/autopilot_interface_msgs/include/autopilot_interface_msgs/autopilot_interface_msgs/srv/detail/set_reposition__functions.c
-- Up-to-date: /workspace/aerial_ws/ros2_ws/install/autopilot_interface_msgs/include/autopilot_interface_msgs/autopilot_interface_msgs/srv/detail/set_reposition__functions.h
-- Up-to-date: /workspace/aerial_ws/ros2_ws/install/autopilot_interface_msgs/include/autopilot_interface_msgs/autopilot_interface_msgs/srv/detail/set_reposition__struct.h
-- Up-to-date: /workspace/aerial_ws/ros2_ws/install/autopilot_interface_msgs/include/autopilot_interface_msgs/autopilot_interface_msgs/srv/detail/set_reposition__type_support.h
-- Up-to-date: /workspace/aerial_ws/ros2_ws/install/autopilot_interface_msgs/include/autopilot_interface_msgs/autopilot_interface_msgs/srv/set_reposition.h
-- Up-to-date: /workspace/aerial_ws/ros2_ws/install/autopilot_interface_msgs/share/autopilot_interface_msgs/environment/library_path.sh
-- Up-to-date: /workspace/aerial_ws/ros2_ws/install/autopilot_interface_msgs/share/autopilot_interface_msgs/environment/library_path.dsv
-- Up-to-date: /workspace/aerial_ws/ros2_ws/install/autopilot_interface_msgs/lib/libautopilot_interface_msgs__rosidl_generator_c.so
-- Up-to-date: /workspace/aerial_ws/ros2_ws/install/autopilot_interface_msgs/include/autopilot_interface_msgs/autopilot_interface_msgs
-- Up-to-date: /workspace/aerial_ws/ros2_ws/install/autopilot_interface_msgs/include/autopilot_interface_msgs/autopilot_interface_msgs/msg
-- Up-to-date: /workspace/aerial_ws/ros2_ws/install/autopilot_interface_msgs/include/autopilot_interface_msgs/autopilot_interface_msgs/msg/rosidl_typesupport_fastrtps_c__visibility_control.h
-- Up-to-date: /workspace/aerial_ws/ros2_ws/install/autopilot_interface_msgs/include/autopilot_interface_msgs/autopilot_interface_msgs/msg/detail
-- Up-to-date: /workspace/aerial_ws/ros2_ws/install/autopilot_interface_msgs/include/autopilot_interface_msgs/autopilot_interface_msgs/msg/detail/offboard_flag__rosidl_typesupport_fastrtps_c.h
-- Up-to-date: /workspace/aerial_ws/ros2_ws/install/autopilot_interface_msgs/include/autopilot_interface_msgs/autopilot_interface_msgs/action
-- Up-to-date: /workspace/aerial_ws/ros2_ws/install/autopilot_interface_msgs/include/autopilot_interface_msgs/autopilot_interface_msgs/action/detail
-- Up-to-date: /workspace/aerial_ws/ros2_ws/install/autopilot_interface_msgs/include/autopilot_interface_msgs/autopilot_interface_msgs/action/detail/land__rosidl_typesupport_fastrtps_c.h
-- Up-to-date: /workspace/aerial_ws/ros2_ws/install/autopilot_interface_msgs/include/autopilot_interface_msgs/autopilot_interface_msgs/action/detail/offboard__rosidl_typesupport_fastrtps_c.h
-- Up-to-date: /workspace/aerial_ws/ros2_ws/install/autopilot_interface_msgs/include/autopilot_interface_msgs/autopilot_interface_msgs/action/detail/orbit__rosidl_typesupport_fastrtps_c.h
-- Up-to-date: /workspace/aerial_ws/ros2_ws/install/autopilot_interface_msgs/include/autopilot_interface_msgs/autopilot_interface_msgs/action/detail/takeoff__rosidl_typesupport_fastrtps_c.h
-- Up-to-date: /workspace/aerial_ws/ros2_ws/install/autopilot_interface_msgs/include/autopilot_interface_msgs/autopilot_interface_msgs/srv
-- Up-to-date: /workspace/aerial_ws/ros2_ws/install/autopilot_interface_msgs/include/autopilot_interface_msgs/autopilot_interface_msgs/srv/detail
-- Up-to-date: /workspace/aerial_ws/ros2_ws/install/autopilot_interface_msgs/include/autopilot_interface_msgs/autopilot_interface_msgs/srv/detail/set_speed__rosidl_typesupport_fastrtps_c.h
-- Up-to-date: /workspace/aerial_ws/ros2_ws/install/autopilot_interface_msgs/include/autopilot_interface_msgs/autopilot_interface_msgs/srv/detail/set_reposition__rosidl_typesupport_fastrtps_c.h
-- Up-to-date: /workspace/aerial_ws/ros2_ws/install/autopilot_interface_msgs/lib/libautopilot_interface_msgs__rosidl_typesupport_fastrtps_c.so
-- Up-to-date: /workspace/aerial_ws/ros2_ws/install/autopilot_interface_msgs/include/autopilot_interface_msgs/autopilot_interface_msgs
-- Up-to-date: /workspace/aerial_ws/ros2_ws/install/autopilot_interface_msgs/include/autopilot_interface_msgs/autopilot_interface_msgs/msg
-- Up-to-date: /workspace/aerial_ws/ros2_ws/install/autopilot_interface_msgs/include/autopilot_interface_msgs/autopilot_interface_msgs/msg/rosidl_typesupport_introspection_c__visibility_control.h
-- Up-to-date: /workspace/aerial_ws/ros2_ws/install/autopilot_interface_msgs/include/autopilot_interface_msgs/autopilot_interface_msgs/msg/detail
-- Up-to-date: /workspace/aerial_ws/ros2_ws/install/autopilot_interface_msgs/include/autopilot_interface_msgs/autopilot_interface_msgs/msg/detail/offboard_flag__rosidl_typesupport_introspection_c.h
-- Up-to-date: /workspace/aerial_ws/ros2_ws/install/autopilot_interface_msgs/include/autopilot_interface_msgs/autopilot_interface_msgs/msg/detail/offboard_flag__type_support.c
-- Up-to-date: /workspace/aerial_ws/ros2_ws/install/autopilot_interface_msgs/include/autopilot_interface_msgs/autopilot_interface_msgs/action
-- Up-to-date: /workspace/aerial_ws/ros2_ws/install/autopilot_interface_msgs/include/autopilot_interface_msgs/autopilot_interface_msgs/action/detail
-- Up-to-date: /workspace/aerial_ws/ros2_ws/install/autopilot_interface_msgs/include/autopilot_interface_msgs/autopilot_interface_msgs/action/detail/land__rosidl_typesupport_introspection_c.h
-- Up-to-date: /workspace/aerial_ws/ros2_ws/install/autopilot_interface_msgs/include/autopilot_interface_msgs/autopilot_interface_msgs/action/detail/land__type_support.c
-- Up-to-date: /workspace/aerial_ws/ros2_ws/install/autopilot_interface_msgs/include/autopilot_interface_msgs/autopilot_interface_msgs/action/detail/offboard__rosidl_typesupport_introspection_c.h
-- Up-to-date: /workspace/aerial_ws/ros2_ws/install/autopilot_interface_msgs/include/autopilot_interface_msgs/autopilot_interface_msgs/action/detail/offboard__type_support.c
-- Up-to-date: /workspace/aerial_ws/ros2_ws/install/autopilot_interface_msgs/include/autopilot_interface_msgs/autopilot_interface_msgs/action/detail/orbit__rosidl_typesupport_introspection_c.h
-- Up-to-date: /workspace/aerial_ws/ros2_ws/install/autopilot_interface_msgs/include/autopilot_interface_msgs/autopilot_interface_msgs/action/detail/orbit__type_support.c
-- Up-to-date: /workspace/aerial_ws/ros2_ws/install/autopilot_interface_msgs/include/autopilot_interface_msgs/autopilot_interface_msgs/action/detail/takeoff__rosidl_typesupport_introspection_c.h
-- Up-to-date: /workspace/aerial_ws/ros2_ws/install/autopilot_interface_msgs/include/autopilot_interface_msgs/autopilot_interface_msgs/action/detail/takeoff__type_support.c
-- Up-to-date: /workspace/aerial_ws/ros2_ws/install/autopilot_interface_msgs/include/autopilot_interface_msgs/autopilot_interface_msgs/srv
-- Up-to-date: /workspace/aerial_ws/ros2_ws/install/autopilot_interface_msgs/include/autopilot_interface_msgs/autopilot_interface_msgs/srv/detail
-- Up-to-date: /workspace/aerial_ws/ros2_ws/install/autopilot_interface_msgs/include/autopilot_interface_msgs/autopilot_interface_msgs/srv/detail/set_speed__rosidl_typesupport_introspection_c.h
-- Up-to-date: /workspace/aerial_ws/ros2_ws/install/autopilot_interface_msgs/include/autopilot_interface_msgs/autopilot_interface_msgs/srv/detail/set_speed__type_support.c
-- Up-to-date: /workspace/aerial_ws/ros2_ws/install/autopilot_interface_msgs/include/autopilot_interface_msgs/autopilot_interface_msgs/srv/detail/set_reposition__rosidl_typesupport_introspection_c.h
-- Up-to-date: /workspace/aerial_ws/ros2_ws/install/autopilot_interface_msgs/include/autopilot_interface_msgs/autopilot_interface_msgs/srv/detail/set_reposition__type_support.c
-- Up-to-date: /workspace/aerial_ws/ros2_ws/install/autopilot_interface_msgs/lib/libautopilot_interface_msgs__rosidl_typesupport_introspection_c.so
-- Up-to-date: /workspace/aerial_ws/ros2_ws/install/autopilot_interface_msgs/lib/libautopilot_interface_msgs__rosidl_typesupport_c.so
-- Up-to-date: /workspace/aerial_ws/ros2_ws/install/autopilot_interface_msgs/include/autopilot_interface_msgs/autopilot_interface_msgs
-- Up-to-date: /workspace/aerial_ws/ros2_ws/install/autopilot_interface_msgs/include/autopilot_interface_msgs/autopilot_interface_msgs/msg
-- Up-to-date: /workspace/aerial_ws/ros2_ws/install/autopilot_interface_msgs/include/autopilot_interface_msgs/autopilot_interface_msgs/msg/rosidl_generator_cpp__visibility_control.hpp
-- Up-to-date: /workspace/aerial_ws/ros2_ws/install/autopilot_interface_msgs/include/autopilot_interface_msgs/autopilot_interface_msgs/msg/offboard_flag.hpp
-- Up-to-date: /workspace/aerial_ws/ros2_ws/install/autopilot_interface_msgs/include/autopilot_interface_msgs/autopilot_interface_msgs/msg/detail
-- Up-to-date: /workspace/aerial_ws/ros2_ws/install/autopilot_interface_msgs/include/autopilot_interface_msgs/autopilot_interface_msgs/msg/detail/offboard_flag__builder.hpp
-- Up-to-date: /workspace/aerial_ws/ros2_ws/install/autopilot_interface_msgs/include/autopilot_interface_msgs/autopilot_interface_msgs/msg/detail/offboard_flag__struct.hpp
-- Up-to-date: /workspace/aerial_ws/ros2_ws/install/autopilot_interface_msgs/include/autopilot_interface_msgs/autopilot_interface_msgs/msg/detail/offboard_flag__traits.hpp
-- Up-to-date: /workspace/aerial_ws/ros2_ws/install/autopilot_interface_msgs/include/autopilot_interface_msgs/autopilot_interface_msgs/msg/detail/offboard_flag__type_support.hpp
-- Up-to-date: /workspace/aerial_ws/ros2_ws/install/autopilot_interface_msgs/include/autopilot_interface_msgs/autopilot_interface_msgs/action
-- Up-to-date: /workspace/aerial_ws/ros2_ws/install/autopilot_interface_msgs/include/autopilot_interface_msgs/autopilot_interface_msgs/action/land.hpp
-- Up-to-date: /workspace/aerial_ws/ros2_ws/install/autopilot_interface_msgs/include/autopilot_interface_msgs/autopilot_interface_msgs/action/detail
-- Up-to-date: /workspace/aerial_ws/ros2_ws/install/autopilot_interface_msgs/include/autopilot_interface_msgs/autopilot_interface_msgs/action/detail/land__builder.hpp
-- Up-to-date: /workspace/aerial_ws/ros2_ws/install/autopilot_interface_msgs/include/autopilot_interface_msgs/autopilot_interface_msgs/action/detail/land__struct.hpp
-- Up-to-date: /workspace/aerial_ws/ros2_ws/install/autopilot_interface_msgs/include/autopilot_interface_msgs/autopilot_interface_msgs/action/detail/land__traits.hpp
-- Up-to-date: /workspace/aerial_ws/ros2_ws/install/autopilot_interface_msgs/include/autopilot_interface_msgs/autopilot_interface_msgs/action/detail/land__type_support.hpp
-- Up-to-date: /workspace/aerial_ws/ros2_ws/install/autopilot_interface_msgs/include/autopilot_interface_msgs/autopilot_interface_msgs/action/detail/offboard__builder.hpp
-- Up-to-date: /workspace/aerial_ws/ros2_ws/install/autopilot_interface_msgs/include/autopilot_interface_msgs/autopilot_interface_msgs/action/detail/offboard__struct.hpp
-- Up-to-date: /workspace/aerial_ws/ros2_ws/install/autopilot_interface_msgs/include/autopilot_interface_msgs/autopilot_interface_msgs/action/detail/offboard__traits.hpp
-- Up-to-date: /workspace/aerial_ws/ros2_ws/install/autopilot_interface_msgs/include/autopilot_interface_msgs/autopilot_interface_msgs/action/detail/offboard__type_support.hpp
-- Up-to-date: /workspace/aerial_ws/ros2_ws/install/autopilot_interface_msgs/include/autopilot_interface_msgs/autopilot_interface_msgs/action/detail/orbit__builder.hpp
-- Up-to-date: /workspace/aerial_ws/ros2_ws/install/autopilot_interface_msgs/include/autopilot_interface_msgs/autopilot_interface_msgs/action/detail/orbit__struct.hpp
-- Up-to-date: /workspace/aerial_ws/ros2_ws/install/autopilot_interface_msgs/include/autopilot_interface_msgs/autopilot_interface_msgs/action/detail/orbit__traits.hpp
-- Up-to-date: /workspace/aerial_ws/ros2_ws/install/autopilot_interface_msgs/include/autopilot_interface_msgs/autopilot_interface_msgs/action/detail/orbit__type_support.hpp
-- Up-to-date: /workspace/aerial_ws/ros2_ws/install/autopilot_interface_msgs/include/autopilot_interface_msgs/autopilot_interface_msgs/action/detail/takeoff__builder.hpp
-- Up-to-date: /workspace/aerial_ws/ros2_ws/install/autopilot_interface_msgs/include/autopilot_interface_msgs/autopilot_interface_msgs/action/detail/takeoff__struct.hpp
-- Up-to-date: /workspace/aerial_ws/ros2_ws/install/autopilot_interface_msgs/include/autopilot_interface_msgs/autopilot_interface_msgs/action/detail/takeoff__traits.hpp
-- Up-to-date: /workspace/aerial_ws/ros2_ws/install/autopilot_interface_msgs/include/autopilot_interface_msgs/autopilot_interface_msgs/action/detail/takeoff__type_support.hpp
-- Up-to-date: /workspace/aerial_ws/ros2_ws/install/autopilot_interface_msgs/include/autopilot_interface_msgs/autopilot_interface_msgs/action/offboard.hpp
-- Up-to-date: /workspace/aerial_ws/ros2_ws/install/autopilot_interface_msgs/include/autopilot_interface_msgs/autopilot_interface_msgs/action/orbit.hpp
-- Up-to-date: /workspace/aerial_ws/ros2_ws/install/autopilot_interface_msgs/include/autopilot_interface_msgs/autopilot_interface_msgs/action/takeoff.hpp
-- Up-to-date: /workspace/aerial_ws/ros2_ws/install/autopilot_interface_msgs/include/autopilot_interface_msgs/autopilot_interface_msgs/srv
-- Up-to-date: /workspace/aerial_ws/ros2_ws/install/autopilot_interface_msgs/include/autopilot_interface_msgs/autopilot_interface_msgs/srv/set_speed.hpp
-- Up-to-date: /workspace/aerial_ws/ros2_ws/install/autopilot_interface_msgs/include/autopilot_interface_msgs/autopilot_interface_msgs/srv/detail
-- Up-to-date: /workspace/aerial_ws/ros2_ws/install/autopilot_interface_msgs/include/autopilot_interface_msgs/autopilot_interface_msgs/srv/detail/set_speed__builder.hpp
-- Up-to-date: /workspace/aerial_ws/ros2_ws/install/autopilot_interface_msgs/include/autopilot_interface_msgs/autopilot_interface_msgs/srv/detail/set_speed__struct.hpp
-- Up-to-date: /workspace/aerial_ws/ros2_ws/install/autopilot_interface_msgs/include/autopilot_interface_msgs/autopilot_interface_msgs/srv/detail/set_speed__traits.hpp
-- Up-to-date: /workspace/aerial_ws/ros2_ws/install/autopilot_interface_msgs/include/autopilot_interface_msgs/autopilot_interface_msgs/srv/detail/set_speed__type_support.hpp
-- Up-to-date: /workspace/aerial_ws/ros2_ws/install/autopilot_interface_msgs/include/autopilot_interface_msgs/autopilot_interface_msgs/srv/detail/set_reposition__builder.hpp
-- Up-to-date: /workspace/aerial_ws/ros2_ws/install/autopilot_interface_msgs/include/autopilot_interface_msgs/autopilot_interface_msgs/srv/detail/set_reposition__struct.hpp
-- Up-to-date: /workspace/aerial_ws/ros2_ws/install/autopilot_interface_msgs/include/autopilot_interface_msgs/autopilot_interface_msgs/srv/detail/set_reposition__traits.hpp
-- Up-to-date: /workspace/aerial_ws/ros2_ws/install/autopilot_interface_msgs/include/autopilot_interface_msgs/autopilot_interface_msgs/srv/detail/set_reposition__type_support.hpp
-- Up-to-date: /workspace/aerial_ws/ros2_ws/install/autopilot_interface_msgs/include/autopilot_interface_msgs/autopilot_interface_msgs/srv/set_reposition.hpp
-- Up-to-date: /workspace/aerial_ws/ros2_ws/install/autopilot_interface_msgs/include/autopilot_interface_msgs/autopilot_interface_msgs
-- Up-to-date: /workspace/aerial_ws/ros2_ws/install/autopilot_interface_msgs/include/autopilot_interface_msgs/autopilot_interface_msgs/msg
-- Up-to-date: /workspace/aerial_ws/ros2_ws/install/autopilot_interface_msgs/include/autopilot_interface_msgs/autopilot_interface_msgs/msg/rosidl_typesupport_fastrtps_cpp__visibility_control.h
-- Up-to-date: /workspace/aerial_ws/ros2_ws/install/autopilot_interface_msgs/include/autopilot_interface_msgs/autopilot_interface_msgs/msg/detail
-- Up-to-date: /workspace/aerial_ws/ros2_ws/install/autopilot_interface_msgs/include/autopilot_interface_msgs/autopilot_interface_msgs/msg/detail/offboard_flag__rosidl_typesupport_fastrtps_cpp.hpp
-- Up-to-date: /workspace/aerial_ws/ros2_ws/install/autopilot_interface_msgs/include/autopilot_interface_msgs/autopilot_interface_msgs/msg/detail/dds_fastrtps
-- Up-to-date: /workspace/aerial_ws/ros2_ws/install/autopilot_interface_msgs/include/autopilot_interface_msgs/autopilot_interface_msgs/action
-- Up-to-date: /workspace/aerial_ws/ros2_ws/install/autopilot_interface_msgs/include/autopilot_interface_msgs/autopilot_interface_msgs/action/detail
-- Up-to-date: /workspace/aerial_ws/ros2_ws/install/autopilot_interface_msgs/include/autopilot_interface_msgs/autopilot_interface_msgs/action/detail/land__rosidl_typesupport_fastrtps_cpp.hpp
-- Up-to-date: /workspace/aerial_ws/ros2_ws/install/autopilot_interface_msgs/include/autopilot_interface_msgs/autopilot_interface_msgs/action/detail/dds_fastrtps
-- Up-to-date: /workspace/aerial_ws/ros2_ws/install/autopilot_interface_msgs/include/autopilot_interface_msgs/autopilot_interface_msgs/action/detail/offboard__rosidl_typesupport_fastrtps_cpp.hpp
-- Up-to-date: /workspace/aerial_ws/ros2_ws/install/autopilot_interface_msgs/include/autopilot_interface_msgs/autopilot_interface_msgs/action/detail/orbit__rosidl_typesupport_fastrtps_cpp.hpp
-- Up-to-date: /workspace/aerial_ws/ros2_ws/install/autopilot_interface_msgs/include/autopilot_interface_msgs/autopilot_interface_msgs/action/detail/takeoff__rosidl_typesupport_fastrtps_cpp.hpp
-- Up-to-date: /workspace/aerial_ws/ros2_ws/install/autopilot_interface_msgs/include/autopilot_interface_msgs/autopilot_interface_msgs/srv
-- Up-to-date: /workspace/aerial_ws/ros2_ws/install/autopilot_interface_msgs/include/autopilot_interface_msgs/autopilot_interface_msgs/srv/detail
-- Up-to-date: /workspace/aerial_ws/ros2_ws/install/autopilot_interface_msgs/include/autopilot_interface_msgs/autopilot_interface_msgs/srv/detail/set_speed__rosidl_typesupport_fastrtps_cpp.hpp
-- Up-to-date: /workspace/aerial_ws/ros2_ws/install/autopilot_interface_msgs/include/autopilot_interface_msgs/autopilot_interface_msgs/srv/detail/dds_fastrtps
-- Up-to-date: /workspace/aerial_ws/ros2_ws/install/autopilot_interface_msgs/include/autopilot_interface_msgs/autopilot_interface_msgs/srv/detail/set_reposition__rosidl_typesupport_fastrtps_cpp.hpp
-- Up-to-date: /workspace/aerial_ws/ros2_ws/install/autopilot_interface_msgs/lib/libautopilot_interface_msgs__rosidl_typesupport_fastrtps_cpp.so
-- Up-to-date: /workspace/aerial_ws/ros2_ws/install/autopilot_interface_msgs/include/autopilot_interface_msgs/autopilot_interface_msgs
-- Up-to-date: /workspace/aerial_ws/ros2_ws/install/autopilot_interface_msgs/include/autopilot_interface_msgs/autopilot_interface_msgs/action
-- Up-to-date: /workspace/aerial_ws/ros2_ws/install/autopilot_interface_msgs/include/autopilot_interface_msgs/autopilot_interface_msgs/action/detail
-- Up-to-date: /workspace/aerial_ws/ros2_ws/install/autopilot_interface_msgs/include/autopilot_interface_msgs/autopilot_interface_msgs/action/detail/land__rosidl_typesupport_introspection_cpp.hpp
-- Up-to-date: /workspace/aerial_ws/ros2_ws/install/autopilot_interface_msgs/include/autopilot_interface_msgs/autopilot_interface_msgs/action/detail/land__type_support.cpp
-- Up-to-date: /workspace/aerial_ws/ros2_ws/install/autopilot_interface_msgs/include/autopilot_interface_msgs/autopilot_interface_msgs/action/detail/offboard__rosidl_typesupport_introspection_cpp.hpp
-- Up-to-date: /workspace/aerial_ws/ros2_ws/install/autopilot_interface_msgs/include/autopilot_interface_msgs/autopilot_interface_msgs/action/detail/offboard__type_support.cpp
-- Up-to-date: /workspace/aerial_ws/ros2_ws/install/autopilot_interface_msgs/include/autopilot_interface_msgs/autopilot_interface_msgs/action/detail/orbit__rosidl_typesupport_introspection_cpp.hpp
-- Up-to-date: /workspace/aerial_ws/ros2_ws/install/autopilot_interface_msgs/include/autopilot_interface_msgs/autopilot_interface_msgs/action/detail/orbit__type_support.cpp
-- Up-to-date: /workspace/aerial_ws/ros2_ws/install/autopilot_interface_msgs/include/autopilot_interface_msgs/autopilot_interface_msgs/action/detail/takeoff__rosidl_typesupport_introspection_cpp.hpp
-- Up-to-date: /workspace/aerial_ws/ros2_ws/install/autopilot_interface_msgs/include/autopilot_interface_msgs/autopilot_interface_msgs/action/detail/takeoff__type_support.cpp
-- Up-to-date: /workspace/aerial_ws/ros2_ws/install/autopilot_interface_msgs/include/autopilot_interface_msgs/autopilot_interface_msgs/msg
-- Up-to-date: /workspace/aerial_ws/ros2_ws/install/autopilot_interface_msgs/include/autopilot_interface_msgs/autopilot_interface_msgs/msg/detail
-- Up-to-date: /workspace/aerial_ws/ros2_ws/install/autopilot_interface_msgs/include/autopilot_interface_msgs/autopilot_interface_msgs/msg/detail/offboard_flag__rosidl_typesupport_introspection_cpp.hpp
-- Up-to-date: /workspace/aerial_ws/ros2_ws/install/autopilot_interface_msgs/include/autopilot_interface_msgs/autopilot_interface_msgs/msg/detail/offboard_flag__type_support.cpp
-- Up-to-date: /workspace/aerial_ws/ros2_ws/install/autopilot_interface_msgs/include/autopilot_interface_msgs/autopilot_interface_msgs/srv
-- Up-to-date: /workspace/aerial_ws/ros2_ws/install/autopilot_interface_msgs/include/autopilot_interface_msgs/autopilot_interface_msgs/srv/detail
-- Up-to-date: /workspace/aerial_ws/ros2_ws/install/autopilot_interface_msgs/include/autopilot_interface_msgs/autopilot_interface_msgs/srv/detail/set_speed__rosidl_typesupport_introspection_cpp.hpp
-- Up-to-date: /workspace/aerial_ws/ros2_ws/install/autopilot_interface_msgs/include/autopilot_interface_msgs/autopilot_interface_msgs/srv/detail/set_speed__type_support.cpp
-- Up-to-date: /workspace/aerial_ws/ros2_ws/install/autopilot_interface_msgs/include/autopilot_interface_msgs/autopilot_interface_msgs/srv/detail/set_reposition__rosidl_typesupport_introspection_cpp.hpp
-- Up-to-date: /workspace/aerial_ws/ros2_ws/install/autopilot_interface_msgs/include/autopilot_interface_msgs/autopilot_interface_msgs/srv/detail/set_reposition__type_support.cpp
-- Up-to-date: /workspace/aerial_ws/ros2_ws/install/autopilot_interface_msgs/lib/libautopilot_interface_msgs__rosidl_typesupport_introspection_cpp.so
-- Up-to-date: /workspace/aerial_ws/ros2_ws/install/autopilot_interface_msgs/lib/libautopilot_interface_msgs__rosidl_typesupport_cpp.so
-- Up-to-date: /workspace/aerial_ws/ros2_ws/install/autopilot_interface_msgs/share/autopilot_interface_msgs/environment/pythonpath.sh
-- Up-to-date: /workspace/aerial_ws/ros2_ws/install/autopilot_interface_msgs/share/autopilot_interface_msgs/environment/pythonpath.dsv
-- Up-to-date: /workspace/aerial_ws/ros2_ws/install/autopilot_interface_msgs/local/lib/python3.10/dist-packages/autopilot_interface_msgs-0.1.0-py3.10.egg-info
-- Installing: /workspace/aerial_ws/ros2_ws/install/autopilot_interface_msgs/local/lib/python3.10/dist-packages/autopilot_interface_msgs-0.1.0-py3.10.egg-info/PKG-INFO
-- Installing: /workspace/aerial_ws/ros2_ws/install/autopilot_interface_msgs/local/lib/python3.10/dist-packages/autopilot_interface_msgs-0.1.0-py3.10.egg-info/dependency_links.txt
-- Installing: /workspace/aerial_ws/ros2_ws/install/autopilot_interface_msgs/local/lib/python3.10/dist-packages/autopilot_interface_msgs-0.1.0-py3.10.egg-info/top_level.txt
-- Installing: /workspace/aerial_ws/ros2_ws/install/autopilot_interface_msgs/local/lib/python3.10/dist-packages/autopilot_interface_msgs-0.1.0-py3.10.egg-info/SOURCES.txt
-- Up-to-date: /workspace/aerial_ws/ros2_ws/install/autopilot_interface_msgs/local/lib/python3.10/dist-packages/autopilot_interface_msgs
-- Up-to-date: /workspace/aerial_ws/ros2_ws/install/autopilot_interface_msgs/local/lib/python3.10/dist-packages/autopilot_interface_msgs/__init__.py
-- Up-to-date: /workspace/aerial_ws/ros2_ws/install/autopilot_interface_msgs/local/lib/python3.10/dist-packages/autopilot_interface_msgs/action
-- Up-to-date: /workspace/aerial_ws/ros2_ws/install/autopilot_interface_msgs/local/lib/python3.10/dist-packages/autopilot_interface_msgs/action/_land.py
-- Up-to-date: /workspace/aerial_ws/ros2_ws/install/autopilot_interface_msgs/local/lib/python3.10/dist-packages/autopilot_interface_msgs/action/_land_s.c
-- Up-to-date: /workspace/aerial_ws/ros2_ws/install/autopilot_interface_msgs/local/lib/python3.10/dist-packages/autopilot_interface_msgs/action/_offboard.py
-- Up-to-date: /workspace/aerial_ws/ros2_ws/install/autopilot_interface_msgs/local/lib/python3.10/dist-packages/autopilot_interface_msgs/action/_offboard_s.c
-- Up-to-date: /workspace/aerial_ws/ros2_ws/install/autopilot_interface_msgs/local/lib/python3.10/dist-packages/autopilot_interface_msgs/action/_orbit.py
-- Up-to-date: /workspace/aerial_ws/ros2_ws/install/autopilot_interface_msgs/local/lib/python3.10/dist-packages/autopilot_interface_msgs/action/_orbit_s.c
-- Up-to-date: /workspace/aerial_ws/ros2_ws/install/autopilot_interface_msgs/local/lib/python3.10/dist-packages/autopilot_interface_msgs/action/_takeoff.py
-- Up-to-date: /workspace/aerial_ws/ros2_ws/install/autopilot_interface_msgs/local/lib/python3.10/dist-packages/autopilot_interface_msgs/action/_takeoff_s.c
-- Up-to-date: /workspace/aerial_ws/ros2_ws/install/autopilot_interface_msgs/local/lib/python3.10/dist-packages/autopilot_interface_msgs/action/__init__.py
-- Up-to-date: /workspace/aerial_ws/ros2_ws/install/autopilot_interface_msgs/local/lib/python3.10/dist-packages/autopilot_interface_msgs/msg
-- Up-to-date: /workspace/aerial_ws/ros2_ws/install/autopilot_interface_msgs/local/lib/python3.10/dist-packages/autopilot_interface_msgs/msg/_offboard_flag.py
-- Up-to-date: /workspace/aerial_ws/ros2_ws/install/autopilot_interface_msgs/local/lib/python3.10/dist-packages/autopilot_interface_msgs/msg/_offboard_flag_s.c
-- Up-to-date: /workspace/aerial_ws/ros2_ws/install/autopilot_interface_msgs/local/lib/python3.10/dist-packages/autopilot_interface_msgs/msg/__init__.py
-- Up-to-date: /workspace/aerial_ws/ros2_ws/install/autopilot_interface_msgs/local/lib/python3.10/dist-packages/autopilot_interface_msgs/srv
-- Up-to-date: /workspace/aerial_ws/ros2_ws/install/autopilot_interface_msgs/local/lib/python3.10/dist-packages/autopilot_interface_msgs/srv/_set_speed.py
-- Up-to-date: /workspace/aerial_ws/ros2_ws/install/autopilot_interface_msgs/local/lib/python3.10/dist-packages/autopilot_interface_msgs/srv/_set_speed_s.c
-- Up-to-date: /workspace/aerial_ws/ros2_ws/install/autopilot_interface_msgs/local/lib/python3.10/dist-packages/autopilot_interface_msgs/srv/_set_reposition.py
-- Up-to-date: /workspace/aerial_ws/ros2_ws/install/autopilot_interface_msgs/local/lib/python3.10/dist-packages/autopilot_interface_msgs/srv/_set_reposition_s.c
-- Up-to-date: /workspace/aerial_ws/ros2_ws/install/autopilot_interface_msgs/local/lib/python3.10/dist-packages/autopilot_interface_msgs/srv/__init__.py
-- Up-to-date: /workspace/aerial_ws/ros2_ws/install/autopilot_interface_msgs/local/lib/python3.10/dist-packages/autopilot_interface_msgs/_autopilot_interface_msgs_s.ep.rosidl_typesupport_fastrtps_c.c
-- Up-to-date: /workspace/aerial_ws/ros2_ws/install/autopilot_interface_msgs/local/lib/python3.10/dist-packages/autopilot_interface_msgs/_autopilot_interface_msgs_s.ep.rosidl_typesupport_introspection_c.c
-- Up-to-date: /workspace/aerial_ws/ros2_ws/install/autopilot_interface_msgs/local/lib/python3.10/dist-packages/autopilot_interface_msgs/_autopilot_interface_msgs_s.ep.rosidl_typesupport_c.c
-- Up-to-date: /workspace/aerial_ws/ros2_ws/install/autopilot_interface_msgs/local/lib/python3.10/dist-packages/autopilot_interface_msgs/libautopilot_interface_msgs__rosidl_generator_py.so
-- Up-to-date: /workspace/aerial_ws/ros2_ws/install/autopilot_interface_msgs/local/lib/python3.10/dist-packages/autopilot_interface_msgs/autopilot_interface_msgs_s__rosidl_typesupport_fastrtps_c.cpython-310-x86_64-linux-gnu.so
-- Up-to-date: /workspace/aerial_ws/ros2_ws/install/autopilot_interface_msgs/local/lib/python3.10/dist-packages/autopilot_interface_msgs/autopilot_interface_msgs_s__rosidl_typesupport_c.cpython-310-x86_64-linux-gnu.so
-- Up-to-date: /workspace/aerial_ws/ros2_ws/install/autopilot_interface_msgs/local/lib/python3.10/dist-packages/autopilot_interface_msgs/autopilot_interface_msgs_s__rosidl_typesupport_introspection_c.cpython-310-x86_64-linux-gnu.so
Listing '/workspace/aerial_ws/ros2_ws/install/autopilot_interface_msgs/local/lib/python3.10/dist-packages/autopilot_interface_msgs'...
Listing '/workspace/aerial_ws/ros2_ws/install/autopilot_interface_msgs/local/lib/python3.10/dist-packages/autopilot_interface_msgs/action'...
Listing '/workspace/aerial_ws/ros2_ws/install/autopilot_interface_msgs/local/lib/python3.10/dist-packages/autopilot_interface_msgs/msg'...
Listing '/workspace/aerial_ws/ros2_ws/install/autopilot_interface_msgs/local/lib/python3.10/dist-packages/autopilot_interface_msgs/srv'...
-- Up-to-date: /workspace/aerial_ws/ros2_ws/install/autopilot_interface_msgs/local/lib/python3.10/dist-packages/autopilot_interface_msgs/autopilot_interface_msgs_s__rosidl_typesupport_fastrtps_c.cpython-310-x86_64-linux-gnu.so
-- Up-to-date: /workspace/aerial_ws/ros2_ws/install/autopilot_interface_msgs/local/lib/python3.10/dist-packages/autopilot_interface_msgs/autopilot_interface_msgs_s__rosidl_typesupport_introspection_c.cpython-310-x86_64-linux-gnu.so
-- Up-to-date: /workspace/aerial_ws/ros2_ws/install/autopilot_interface_msgs/local/lib/python3.10/dist-packages/autopilot_interface_msgs/autopilot_interface_msgs_s__rosidl_typesupport_c.cpython-310-x86_64-linux-gnu.so
-- Up-to-date: /workspace/aerial_ws/ros2_ws/install/autopilot_interface_msgs/lib/libautopilot_interface_msgs__rosidl_generator_py.so
-- Up-to-date: /workspace/aerial_ws/ros2_ws/install/autopilot_interface_msgs/share/ament_index/resource_index/rust_packages/autopilot_interface_msgs
-- Up-to-date: /workspace/aerial_ws/ros2_ws/install/autopilot_interface_msgs/share/autopilot_interface_msgs/rust
-- Up-to-date: /workspace/aerial_ws/ros2_ws/install/autopilot_interface_msgs/share/autopilot_interface_msgs/rust/src
-- Up-to-date: /workspace/aerial_ws/ros2_ws/install/autopilot_interface_msgs/share/autopilot_interface_msgs/rust/src/msg.rs
-- Up-to-date: /workspace/aerial_ws/ros2_ws/install/autopilot_interface_msgs/share/autopilot_interface_msgs/rust/src/msg
-- Up-to-date: /workspace/aerial_ws/ros2_ws/install/autopilot_interface_msgs/share/autopilot_interface_msgs/rust/src/msg/rmw.rs
-- Up-to-date: /workspace/aerial_ws/ros2_ws/install/autopilot_interface_msgs/share/autopilot_interface_msgs/rust/src/srv.rs
-- Up-to-date: /workspace/aerial_ws/ros2_ws/install/autopilot_interface_msgs/share/autopilot_interface_msgs/rust/src/srv
-- Up-to-date: /workspace/aerial_ws/ros2_ws/install/autopilot_interface_msgs/share/autopilot_interface_msgs/rust/src/srv/rmw.rs
-- Up-to-date: /workspace/aerial_ws/ros2_ws/install/autopilot_interface_msgs/share/autopilot_interface_msgs/rust/src/action.rs
-- Up-to-date: /workspace/aerial_ws/ros2_ws/install/autopilot_interface_msgs/share/autopilot_interface_msgs/rust/src/action
-- Up-to-date: /workspace/aerial_ws/ros2_ws/install/autopilot_interface_msgs/share/autopilot_interface_msgs/rust/src/action/rmw.rs
-- Up-to-date: /workspace/aerial_ws/ros2_ws/install/autopilot_interface_msgs/share/autopilot_interface_msgs/rust/src/lib.rs
-- Up-to-date: /workspace/aerial_ws/ros2_ws/install/autopilot_interface_msgs/share/autopilot_interface_msgs/rust/Cargo.toml
-- Up-to-date: /workspace/aerial_ws/ros2_ws/install/autopilot_interface_msgs/share/autopilot_interface_msgs/rust/build.rs
-- Up-to-date: /workspace/aerial_ws/ros2_ws/install/autopilot_interface_msgs/share/autopilot_interface_msgs/action/Land.idl
-- Up-to-date: /workspace/aerial_ws/ros2_ws/install/autopilot_interface_msgs/share/autopilot_interface_msgs/action/Offboard.idl
-- Up-to-date: /workspace/aerial_ws/ros2_ws/install/autopilot_interface_msgs/share/autopilot_interface_msgs/action/Orbit.idl
-- Up-to-date: /workspace/aerial_ws/ros2_ws/install/autopilot_interface_msgs/share/autopilot_interface_msgs/action/Takeoff.idl
-- Up-to-date: /workspace/aerial_ws/ros2_ws/install/autopilot_interface_msgs/share/autopilot_interface_msgs/msg/OffboardFlag.idl
-- Up-to-date: /workspace/aerial_ws/ros2_ws/install/autopilot_interface_msgs/share/autopilot_interface_msgs/srv/SetSpeed.idl
-- Up-to-date: /workspace/aerial_ws/ros2_ws/install/autopilot_interface_msgs/share/autopilot_interface_msgs/srv/SetReposition.idl
-- Up-to-date: /workspace/aerial_ws/ros2_ws/install/autopilot_interface_msgs/share/autopilot_interface_msgs/action/Land.action
-- Up-to-date: /workspace/aerial_ws/ros2_ws/install/autopilot_interface_msgs/share/autopilot_interface_msgs/action/Offboard.action
-- Up-to-date: /workspace/aerial_ws/ros2_ws/install/autopilot_interface_msgs/share/autopilot_interface_msgs/action/Orbit.action
-- Up-to-date: /workspace/aerial_ws/ros2_ws/install/autopilot_interface_msgs/share/autopilot_interface_msgs/action/Takeoff.action
-- Up-to-date: /workspace/aerial_ws/ros2_ws/install/autopilot_interface_msgs/share/autopilot_interface_msgs/msg/OffboardFlag.msg
-- Up-to-date: /workspace/aerial_ws/ros2_ws/install/autopilot_interface_msgs/share/autopilot_interface_msgs/srv/SetSpeed.srv
-- Up-to-date: /workspace/aerial_ws/ros2_ws/install/autopilot_interface_msgs/share/autopilot_interface_msgs/srv/SetSpeed_Request.msg
-- Up-to-date: /workspace/aerial_ws/ros2_ws/install/autopilot_interface_msgs/share/autopilot_interface_msgs/srv/SetSpeed_Response.msg
-- Up-to-date: /workspace/aerial_ws/ros2_ws/install/autopilot_interface_msgs/share/autopilot_interface_msgs/srv/SetReposition.srv
-- Up-to-date: /workspace/aerial_ws/ros2_ws/install/autopilot_interface_msgs/share/autopilot_interface_msgs/srv/SetReposition_Request.msg
-- Up-to-date: /workspace/aerial_ws/ros2_ws/install/autopilot_interface_msgs/share/autopilot_interface_msgs/srv/SetReposition_Response.msg
-- Up-to-date: /workspace/aerial_ws/ros2_ws/install/autopilot_interface_msgs/share/ament_index/resource_index/package_run_dependencies/autopilot_interface_msgs
-- Up-to-date: /workspace/aerial_ws/ros2_ws/install/autopilot_interface_msgs/share/ament_index/resource_index/parent_prefix_path/autopilot_interface_msgs
-- Up-to-date: /workspace/aerial_ws/ros2_ws/install/autopilot_interface_msgs/share/autopilot_interface_msgs/environment/ament_prefix_path.sh
-- Up-to-date: /workspace/aerial_ws/ros2_ws/install/autopilot_interface_msgs/share/autopilot_interface_msgs/environment/ament_prefix_path.dsv
-- Up-to-date: /workspace/aerial_ws/ros2_ws/install/autopilot_interface_msgs/share/autopilot_interface_msgs/environment/path.sh
-- Up-to-date: /workspace/aerial_ws/ros2_ws/install/autopilot_interface_msgs/share/autopilot_interface_msgs/environment/path.dsv
-- Up-to-date: /workspace/aerial_ws/ros2_ws/install/autopilot_interface_msgs/share/autopilot_interface_msgs/local_setup.bash
-- Up-to-date: /workspace/aerial_ws/ros2_ws/install/autopilot_interface_msgs/share/autopilot_interface_msgs/local_setup.sh
-- Up-to-date: /workspace/aerial_ws/ros2_ws/install/autopilot_interface_msgs/share/autopilot_interface_msgs/local_setup.zsh
-- Up-to-date: /workspace/aerial_ws/ros2_ws/install/autopilot_interface_msgs/share/autopilot_interface_msgs/local_setup.dsv
-- Installing: /workspace/aerial_ws/ros2_ws/install/autopilot_interface_msgs/share/autopilot_interface_msgs/package.dsv
-- Up-to-date: /workspace/aerial_ws/ros2_ws/install/autopilot_interface_msgs/share/ament_index/resource_index/packages/autopilot_interface_msgs
-- Up-to-date: /workspace/aerial_ws/ros2_ws/install/autopilot_interface_msgs/share/autopilot_interface_msgs/cmake/export_autopilot_interface_msgs__rosidl_generator_cExport.cmake
-- Up-to-date: /workspace/aerial_ws/ros2_ws/install/autopilot_interface_msgs/share/autopilot_interface_msgs/cmake/export_autopilot_interface_msgs__rosidl_generator_cExport-noconfig.cmake
-- Up-to-date: /workspace/aerial_ws/ros2_ws/install/autopilot_interface_msgs/share/autopilot_interface_msgs/cmake/export_autopilot_interface_msgs__rosidl_typesupport_fastrtps_cExport.cmake
-- Up-to-date: /workspace/aerial_ws/ros2_ws/install/autopilot_interface_msgs/share/autopilot_interface_msgs/cmake/export_autopilot_interface_msgs__rosidl_typesupport_fastrtps_cExport-noconfig.cmake
-- Up-to-date: /workspace/aerial_ws/ros2_ws/install/autopilot_interface_msgs/share/autopilot_interface_msgs/cmake/autopilot_interface_msgs__rosidl_typesupport_introspection_cExport.cmake
-- Up-to-date: /workspace/aerial_ws/ros2_ws/install/autopilot_interface_msgs/share/autopilot_interface_msgs/cmake/autopilot_interface_msgs__rosidl_typesupport_introspection_cExport-noconfig.cmake
-- Up-to-date: /workspace/aerial_ws/ros2_ws/install/autopilot_interface_msgs/share/autopilot_interface_msgs/cmake/autopilot_interface_msgs__rosidl_typesupport_cExport.cmake
-- Up-to-date: /workspace/aerial_ws/ros2_ws/install/autopilot_interface_msgs/share/autopilot_interface_msgs/cmake/autopilot_interface_msgs__rosidl_typesupport_cExport-noconfig.cmake
-- Up-to-date: /workspace/aerial_ws/ros2_ws/install/autopilot_interface_msgs/share/autopilot_interface_msgs/cmake/export_autopilot_interface_msgs__rosidl_generator_cppExport.cmake
-- Up-to-date: /workspace/aerial_ws/ros2_ws/install/autopilot_interface_msgs/share/autopilot_interface_msgs/cmake/export_autopilot_interface_msgs__rosidl_typesupport_fastrtps_cppExport.cmake
-- Up-to-date: /workspace/aerial_ws/ros2_ws/install/autopilot_interface_msgs/share/autopilot_interface_msgs/cmake/export_autopilot_interface_msgs__rosidl_typesupport_fastrtps_cppExport-noconfig.cmake
-- Up-to-date: /workspace/aerial_ws/ros2_ws/install/autopilot_interface_msgs/share/autopilot_interface_msgs/cmake/autopilot_interface_msgs__rosidl_typesupport_introspection_cppExport.cmake
-- Up-to-date: /workspace/aerial_ws/ros2_ws/install/autopilot_interface_msgs/share/autopilot_interface_msgs/cmake/autopilot_interface_msgs__rosidl_typesupport_introspection_cppExport-noconfig.cmake
-- Up-to-date: /workspace/aerial_ws/ros2_ws/install/autopilot_interface_msgs/share/autopilot_interface_msgs/cmake/autopilot_interface_msgs__rosidl_typesupport_cppExport.cmake
-- Up-to-date: /workspace/aerial_ws/ros2_ws/install/autopilot_interface_msgs/share/autopilot_interface_msgs/cmake/autopilot_interface_msgs__rosidl_typesupport_cppExport-noconfig.cmake
-- Up-to-date: /workspace/aerial_ws/ros2_ws/install/autopilot_interface_msgs/share/autopilot_interface_msgs/cmake/export_autopilot_interface_msgs__rosidl_generator_pyExport.cmake
-- Up-to-date: /workspace/aerial_ws/ros2_ws/install/autopilot_interface_msgs/share/autopilot_interface_msgs/cmake/export_autopilot_interface_msgs__rosidl_generator_pyExport-noconfig.cmake
-- Up-to-date: /workspace/aerial_ws/ros2_ws/install/autopilot_interface_msgs/share/autopilot_interface_msgs/cmake/rosidl_cmake-extras.cmake
-- Up-to-date: /workspace/aerial_ws/ros2_ws/install/autopilot_interface_msgs/share/autopilot_interface_msgs/cmake/ament_cmake_export_dependencies-extras.cmake
-- Up-to-date: /workspace/aerial_ws/ros2_ws/install/autopilot_interface_msgs/share/autopilot_interface_msgs/cmake/ament_cmake_export_include_directories-extras.cmake
-- Up-to-date: /workspace/aerial_ws/ros2_ws/install/autopilot_interface_msgs/share/autopilot_interface_msgs/cmake/ament_cmake_export_libraries-extras.cmake
-- Up-to-date: /workspace/aerial_ws/ros2_ws/install/autopilot_interface_msgs/share/autopilot_interface_msgs/cmake/ament_cmake_export_targets-extras.cmake
-- Up-to-date: /workspace/aerial_ws/ros2_ws/install/autopilot_interface_msgs/share/autopilot_interface_msgs/cmake/rosidl_cmake_export_typesupport_targets-extras.cmake
-- Up-to-date: /workspace/aerial_ws/ros2_ws/install/autopilot_interface_msgs/share/autopilot_interface_msgs/cmake/rosidl_cmake_export_typesupport_libraries-extras.cmake
-- Up-to-date: /workspace/aerial_ws/ros2_ws/install/autopilot_interface_msgs/share/autopilot_interface_msgs/cmake/autopilot_interface_msgsConfig.cmake
-- Up-to-date: /workspace/aerial_ws/ros2_ws/install/autopilot_interface_msgs/share/autopilot_interface_msgs/cmake/autopilot_interface_msgsConfig-version.cmake
-- Up-to-date: /workspace/aerial_ws/ros2_ws/install/autopilot_interface_msgs/share/autopilot_interface_msgs/package.xml
