[0.097s] Invoking command in '/workspace/aerial_ws/ros2_ws/build/autopilot_interface_msgs': CMAKE_PREFIX_PATH=/opt/ros/humble /usr/bin/cmake --build /workspace/aerial_ws/ros2_ws/build/autopilot_interface_msgs -- -j16 -l16
[0.401s] [  1%] Built target autopilot_interface_msgs__rs
[0.408s] Consolidate compiler generated dependencies of target autopilot_interface_msgs__rosidl_generator_c
[0.490s] [  2%] Built target autopilot_interface_msgs__cpp
[0.509s] [ 13%] Built target autopilot_interface_msgs__rosidl_generator_c
[0.517s] [ 13%] Built target ament_cmake_python_copy_autopilot_interface_msgs
[0.533s] Consolidate compiler generated dependencies of target autopilot_interface_msgs__rosidl_typesupport_fastrtps_cpp
[0.606s] Consolidate compiler generated dependencies of target autopilot_interface_msgs__rosidl_typesupport_introspection_cpp
[0.618s] Consolidate compiler generated dependencies of target autopilot_interface_msgs__rosidl_typesupport_cpp
[0.692s] Consolidate compiler generated dependencies of target autopilot_interface_msgs__rosidl_typesupport_c
[0.694s] Consolidate compiler generated dependencies of target autopilot_interface_msgs__rosidl_typesupport_introspection_c
[0.703s] [ 25%] Built target autopilot_interface_msgs__rosidl_typesupport_fastrtps_cpp
[0.709s] Consolidate compiler generated dependencies of target autopilot_interface_msgs__rosidl_typesupport_fastrtps_c
[0.713s] [ 36%] Built target autopilot_interface_msgs__rosidl_typesupport_introspection_cpp
[0.729s] [ 47%] Built target autopilot_interface_msgs__rosidl_typesupport_cpp
[0.792s] [ 58%] Built target autopilot_interface_msgs__rosidl_typesupport_introspection_c
[0.802s] [ 70%] Built target autopilot_interface_msgs__rosidl_typesupport_c
[0.893s] [ 81%] Built target autopilot_interface_msgs__rosidl_typesupport_fastrtps_c
[1.095s] [ 81%] Built target autopilot_interface_msgs
[1.304s] [ 82%] Built target autopilot_interface_msgs__py
[1.494s] Consolidate compiler generated dependencies of target autopilot_interface_msgs__rosidl_generator_py
[1.598s] [ 92%] Built target autopilot_interface_msgs__rosidl_generator_py
[1.696s] running egg_info
[1.699s] Consolidate compiler generated dependencies of target autopilot_interface_msgs__rosidl_typesupport_fastrtps_c__pyext
[1.708s] Consolidate compiler generated dependencies of target autopilot_interface_msgs__rosidl_typesupport_c__pyext
[1.712s] Consolidate compiler generated dependencies of target autopilot_interface_msgs__rosidl_typesupport_introspection_c__pyext
[1.802s] [ 95%] Built target autopilot_interface_msgs__rosidl_typesupport_c__pyext
[1.807s] writing autopilot_interface_msgs.egg-info/PKG-INFO
[1.808s] writing dependency_links to autopilot_interface_msgs.egg-info/dependency_links.txt
[1.809s] writing top-level names to autopilot_interface_msgs.egg-info/top_level.txt
[1.809s] [ 97%] Built target autopilot_interface_msgs__rosidl_typesupport_fastrtps_c__pyext
[1.821s] [100%] Built target autopilot_interface_msgs__rosidl_typesupport_introspection_c__pyext
[3.322s] reading manifest file 'autopilot_interface_msgs.egg-info/SOURCES.txt'
[3.324s] writing manifest file 'autopilot_interface_msgs.egg-info/SOURCES.txt'
[3.537s] [100%] Built target ament_cmake_python_build_autopilot_interface_msgs_egg
[3.623s] Invoked command in '/workspace/aerial_ws/ros2_ws/build/autopilot_interface_msgs' returned '0': CMAKE_PREFIX_PATH=/opt/ros/humble /usr/bin/cmake --build /workspace/aerial_ws/ros2_ws/build/autopilot_interface_msgs -- -j16 -l16
[3.714s] Invoking command in '/workspace/aerial_ws/ros2_ws/build/autopilot_interface_msgs': CMAKE_PREFIX_PATH=/opt/ros/humble /usr/bin/cmake --install /workspace/aerial_ws/ros2_ws/build/autopilot_interface_msgs
[3.794s] -- Install configuration: ""
[3.794s] -- Up-to-date: /workspace/aerial_ws/ros2_ws/install/autopilot_interface_msgs/share/ament_index/resource_index/rosidl_interfaces/autopilot_interface_msgs
[3.794s] -- Up-to-date: /workspace/aerial_ws/ros2_ws/install/autopilot_interface_msgs/include/autopilot_interface_msgs/autopilot_interface_msgs
[3.794s] -- Up-to-date: /workspace/aerial_ws/ros2_ws/install/autopilot_interface_msgs/include/autopilot_interface_msgs/autopilot_interface_msgs/msg
[3.794s] -- Up-to-date: /workspace/aerial_ws/ros2_ws/install/autopilot_interface_msgs/include/autopilot_interface_msgs/autopilot_interface_msgs/msg/rosidl_generator_c__visibility_control.h
[3.795s] -- Up-to-date: /workspace/aerial_ws/ros2_ws/install/autopilot_interface_msgs/include/autopilot_interface_msgs/autopilot_interface_msgs/msg/offboard_flag.h
[3.795s] -- Up-to-date: /workspace/aerial_ws/ros2_ws/install/autopilot_interface_msgs/include/autopilot_interface_msgs/autopilot_interface_msgs/msg/detail
[3.795s] -- Up-to-date: /workspace/aerial_ws/ros2_ws/install/autopilot_interface_msgs/include/autopilot_interface_msgs/autopilot_interface_msgs/msg/detail/offboard_flag__functions.c
[3.795s] -- Up-to-date: /workspace/aerial_ws/ros2_ws/install/autopilot_interface_msgs/include/autopilot_interface_msgs/autopilot_interface_msgs/msg/detail/offboard_flag__functions.h
[3.795s] -- Up-to-date: /workspace/aerial_ws/ros2_ws/install/autopilot_interface_msgs/include/autopilot_interface_msgs/autopilot_interface_msgs/msg/detail/offboard_flag__struct.h
[3.796s] -- Up-to-date: /workspace/aerial_ws/ros2_ws/install/autopilot_interface_msgs/include/autopilot_interface_msgs/autopilot_interface_msgs/msg/detail/offboard_flag__type_support.h
[3.796s] -- Up-to-date: /workspace/aerial_ws/ros2_ws/install/autopilot_interface_msgs/include/autopilot_interface_msgs/autopilot_interface_msgs/action
[3.796s] -- Up-to-date: /workspace/aerial_ws/ros2_ws/install/autopilot_interface_msgs/include/autopilot_interface_msgs/autopilot_interface_msgs/action/land.h
[3.804s] -- Up-to-date: /workspace/aerial_ws/ros2_ws/install/autopilot_interface_msgs/include/autopilot_interface_msgs/autopilot_interface_msgs/action/detail
[3.804s] -- Up-to-date: /workspace/aerial_ws/ros2_ws/install/autopilot_interface_msgs/include/autopilot_interface_msgs/autopilot_interface_msgs/action/detail/land__functions.c
[3.804s] -- Up-to-date: /workspace/aerial_ws/ros2_ws/install/autopilot_interface_msgs/include/autopilot_interface_msgs/autopilot_interface_msgs/action/detail/land__functions.h
[3.804s] -- Up-to-date: /workspace/aerial_ws/ros2_ws/install/autopilot_interface_msgs/include/autopilot_interface_msgs/autopilot_interface_msgs/action/detail/land__struct.h
[3.804s] -- Up-to-date: /workspace/aerial_ws/ros2_ws/install/autopilot_interface_msgs/include/autopilot_interface_msgs/autopilot_interface_msgs/action/detail/land__type_support.h
[3.804s] -- Up-to-date: /workspace/aerial_ws/ros2_ws/install/autopilot_interface_msgs/include/autopilot_interface_msgs/autopilot_interface_msgs/action/detail/offboard__functions.c
[3.804s] -- Up-to-date: /workspace/aerial_ws/ros2_ws/install/autopilot_interface_msgs/include/autopilot_interface_msgs/autopilot_interface_msgs/action/detail/offboard__functions.h
[3.805s] -- Up-to-date: /workspace/aerial_ws/ros2_ws/install/autopilot_interface_msgs/include/autopilot_interface_msgs/autopilot_interface_msgs/action/detail/offboard__struct.h
[3.805s] -- Up-to-date: /workspace/aerial_ws/ros2_ws/install/autopilot_interface_msgs/include/autopilot_interface_msgs/autopilot_interface_msgs/action/detail/offboard__type_support.h
[3.805s] -- Up-to-date: /workspace/aerial_ws/ros2_ws/install/autopilot_interface_msgs/include/autopilot_interface_msgs/autopilot_interface_msgs/action/detail/orbit__functions.c
[3.805s] -- Up-to-date: /workspace/aerial_ws/ros2_ws/install/autopilot_interface_msgs/include/autopilot_interface_msgs/autopilot_interface_msgs/action/detail/orbit__functions.h
[3.805s] -- Up-to-date: /workspace/aerial_ws/ros2_ws/install/autopilot_interface_msgs/include/autopilot_interface_msgs/autopilot_interface_msgs/action/detail/orbit__struct.h
[3.805s] -- Up-to-date: /workspace/aerial_ws/ros2_ws/install/autopilot_interface_msgs/include/autopilot_interface_msgs/autopilot_interface_msgs/action/detail/orbit__type_support.h
[3.805s] -- Up-to-date: /workspace/aerial_ws/ros2_ws/install/autopilot_interface_msgs/include/autopilot_interface_msgs/autopilot_interface_msgs/action/detail/takeoff__functions.c
[3.805s] -- Up-to-date: /workspace/aerial_ws/ros2_ws/install/autopilot_interface_msgs/include/autopilot_interface_msgs/autopilot_interface_msgs/action/detail/takeoff__functions.h
[3.805s] -- Up-to-date: /workspace/aerial_ws/ros2_ws/install/autopilot_interface_msgs/include/autopilot_interface_msgs/autopilot_interface_msgs/action/detail/takeoff__struct.h
[3.806s] -- Up-to-date: /workspace/aerial_ws/ros2_ws/install/autopilot_interface_msgs/include/autopilot_interface_msgs/autopilot_interface_msgs/action/detail/takeoff__type_support.h
[3.806s] -- Up-to-date: /workspace/aerial_ws/ros2_ws/install/autopilot_interface_msgs/include/autopilot_interface_msgs/autopilot_interface_msgs/action/offboard.h
[3.806s] -- Up-to-date: /workspace/aerial_ws/ros2_ws/install/autopilot_interface_msgs/include/autopilot_interface_msgs/autopilot_interface_msgs/action/orbit.h
[3.806s] -- Up-to-date: /workspace/aerial_ws/ros2_ws/install/autopilot_interface_msgs/include/autopilot_interface_msgs/autopilot_interface_msgs/action/takeoff.h
[3.806s] -- Up-to-date: /workspace/aerial_ws/ros2_ws/install/autopilot_interface_msgs/include/autopilot_interface_msgs/autopilot_interface_msgs/srv
[3.806s] -- Up-to-date: /workspace/aerial_ws/ros2_ws/install/autopilot_interface_msgs/include/autopilot_interface_msgs/autopilot_interface_msgs/srv/set_speed.h
[3.806s] -- Up-to-date: /workspace/aerial_ws/ros2_ws/install/autopilot_interface_msgs/include/autopilot_interface_msgs/autopilot_interface_msgs/srv/detail
[3.806s] -- Up-to-date: /workspace/aerial_ws/ros2_ws/install/autopilot_interface_msgs/include/autopilot_interface_msgs/autopilot_interface_msgs/srv/detail/set_speed__functions.c
[3.806s] -- Up-to-date: /workspace/aerial_ws/ros2_ws/install/autopilot_interface_msgs/include/autopilot_interface_msgs/autopilot_interface_msgs/srv/detail/set_speed__functions.h
[3.806s] -- Up-to-date: /workspace/aerial_ws/ros2_ws/install/autopilot_interface_msgs/include/autopilot_interface_msgs/autopilot_interface_msgs/srv/detail/set_speed__struct.h
[3.806s] -- Up-to-date: /workspace/aerial_ws/ros2_ws/install/autopilot_interface_msgs/include/autopilot_interface_msgs/autopilot_interface_msgs/srv/detail/set_speed__type_support.h
[3.807s] -- Up-to-date: /workspace/aerial_ws/ros2_ws/install/autopilot_interface_msgs/include/autopilot_interface_msgs/autopilot_interface_msgs/srv/detail/set_reposition__functions.c
[3.807s] -- Up-to-date: /workspace/aerial_ws/ros2_ws/install/autopilot_interface_msgs/include/autopilot_interface_msgs/autopilot_interface_msgs/srv/detail/set_reposition__functions.h
[3.807s] -- Up-to-date: /workspace/aerial_ws/ros2_ws/install/autopilot_interface_msgs/include/autopilot_interface_msgs/autopilot_interface_msgs/srv/detail/set_reposition__struct.h
[3.807s] -- Up-to-date: /workspace/aerial_ws/ros2_ws/install/autopilot_interface_msgs/include/autopilot_interface_msgs/autopilot_interface_msgs/srv/detail/set_reposition__type_support.h
[3.807s] -- Up-to-date: /workspace/aerial_ws/ros2_ws/install/autopilot_interface_msgs/include/autopilot_interface_msgs/autopilot_interface_msgs/srv/set_reposition.h
[3.807s] -- Up-to-date: /workspace/aerial_ws/ros2_ws/install/autopilot_interface_msgs/share/autopilot_interface_msgs/environment/library_path.sh
[3.815s] -- Up-to-date: /workspace/aerial_ws/ros2_ws/install/autopilot_interface_msgs/share/autopilot_interface_msgs/environment/library_path.dsv
[3.815s] -- Up-to-date: /workspace/aerial_ws/ros2_ws/install/autopilot_interface_msgs/lib/libautopilot_interface_msgs__rosidl_generator_c.so
[3.815s] -- Up-to-date: /workspace/aerial_ws/ros2_ws/install/autopilot_interface_msgs/include/autopilot_interface_msgs/autopilot_interface_msgs
[3.815s] -- Up-to-date: /workspace/aerial_ws/ros2_ws/install/autopilot_interface_msgs/include/autopilot_interface_msgs/autopilot_interface_msgs/msg
[3.815s] -- Up-to-date: /workspace/aerial_ws/ros2_ws/install/autopilot_interface_msgs/include/autopilot_interface_msgs/autopilot_interface_msgs/msg/rosidl_typesupport_fastrtps_c__visibility_control.h
[3.815s] -- Up-to-date: /workspace/aerial_ws/ros2_ws/install/autopilot_interface_msgs/include/autopilot_interface_msgs/autopilot_interface_msgs/msg/detail
[3.815s] -- Up-to-date: /workspace/aerial_ws/ros2_ws/install/autopilot_interface_msgs/include/autopilot_interface_msgs/autopilot_interface_msgs/msg/detail/offboard_flag__rosidl_typesupport_fastrtps_c.h
[3.815s] -- Up-to-date: /workspace/aerial_ws/ros2_ws/install/autopilot_interface_msgs/include/autopilot_interface_msgs/autopilot_interface_msgs/action
[3.816s] -- Up-to-date: /workspace/aerial_ws/ros2_ws/install/autopilot_interface_msgs/include/autopilot_interface_msgs/autopilot_interface_msgs/action/detail
[3.816s] -- Up-to-date: /workspace/aerial_ws/ros2_ws/install/autopilot_interface_msgs/include/autopilot_interface_msgs/autopilot_interface_msgs/action/detail/land__rosidl_typesupport_fastrtps_c.h
[3.816s] -- Up-to-date: /workspace/aerial_ws/ros2_ws/install/autopilot_interface_msgs/include/autopilot_interface_msgs/autopilot_interface_msgs/action/detail/offboard__rosidl_typesupport_fastrtps_c.h
[3.816s] -- Up-to-date: /workspace/aerial_ws/ros2_ws/install/autopilot_interface_msgs/include/autopilot_interface_msgs/autopilot_interface_msgs/action/detail/orbit__rosidl_typesupport_fastrtps_c.h
[3.816s] -- Up-to-date: /workspace/aerial_ws/ros2_ws/install/autopilot_interface_msgs/include/autopilot_interface_msgs/autopilot_interface_msgs/action/detail/takeoff__rosidl_typesupport_fastrtps_c.h
[3.816s] -- Up-to-date: /workspace/aerial_ws/ros2_ws/install/autopilot_interface_msgs/include/autopilot_interface_msgs/autopilot_interface_msgs/srv
[3.816s] -- Up-to-date: /workspace/aerial_ws/ros2_ws/install/autopilot_interface_msgs/include/autopilot_interface_msgs/autopilot_interface_msgs/srv/detail
[3.816s] -- Up-to-date: /workspace/aerial_ws/ros2_ws/install/autopilot_interface_msgs/include/autopilot_interface_msgs/autopilot_interface_msgs/srv/detail/set_speed__rosidl_typesupport_fastrtps_c.h
[3.816s] -- Up-to-date: /workspace/aerial_ws/ros2_ws/install/autopilot_interface_msgs/include/autopilot_interface_msgs/autopilot_interface_msgs/srv/detail/set_reposition__rosidl_typesupport_fastrtps_c.h
[3.816s] -- Up-to-date: /workspace/aerial_ws/ros2_ws/install/autopilot_interface_msgs/lib/libautopilot_interface_msgs__rosidl_typesupport_fastrtps_c.so
[3.816s] -- Up-to-date: /workspace/aerial_ws/ros2_ws/install/autopilot_interface_msgs/include/autopilot_interface_msgs/autopilot_interface_msgs
[3.817s] -- Up-to-date: /workspace/aerial_ws/ros2_ws/install/autopilot_interface_msgs/include/autopilot_interface_msgs/autopilot_interface_msgs/msg
[3.817s] -- Up-to-date: /workspace/aerial_ws/ros2_ws/install/autopilot_interface_msgs/include/autopilot_interface_msgs/autopilot_interface_msgs/msg/rosidl_typesupport_introspection_c__visibility_control.h
[3.825s] -- Up-to-date: /workspace/aerial_ws/ros2_ws/install/autopilot_interface_msgs/include/autopilot_interface_msgs/autopilot_interface_msgs/msg/detail
[3.825s] -- Up-to-date: /workspace/aerial_ws/ros2_ws/install/autopilot_interface_msgs/include/autopilot_interface_msgs/autopilot_interface_msgs/msg/detail/offboard_flag__rosidl_typesupport_introspection_c.h
[3.825s] -- Up-to-date: /workspace/aerial_ws/ros2_ws/install/autopilot_interface_msgs/include/autopilot_interface_msgs/autopilot_interface_msgs/msg/detail/offboard_flag__type_support.c
[3.825s] -- Up-to-date: /workspace/aerial_ws/ros2_ws/install/autopilot_interface_msgs/include/autopilot_interface_msgs/autopilot_interface_msgs/action
[3.825s] -- Up-to-date: /workspace/aerial_ws/ros2_ws/install/autopilot_interface_msgs/include/autopilot_interface_msgs/autopilot_interface_msgs/action/detail
[3.825s] -- Up-to-date: /workspace/aerial_ws/ros2_ws/install/autopilot_interface_msgs/include/autopilot_interface_msgs/autopilot_interface_msgs/action/detail/land__rosidl_typesupport_introspection_c.h
[3.825s] -- Up-to-date: /workspace/aerial_ws/ros2_ws/install/autopilot_interface_msgs/include/autopilot_interface_msgs/autopilot_interface_msgs/action/detail/land__type_support.c
[3.826s] -- Up-to-date: /workspace/aerial_ws/ros2_ws/install/autopilot_interface_msgs/include/autopilot_interface_msgs/autopilot_interface_msgs/action/detail/offboard__rosidl_typesupport_introspection_c.h
[3.826s] -- Up-to-date: /workspace/aerial_ws/ros2_ws/install/autopilot_interface_msgs/include/autopilot_interface_msgs/autopilot_interface_msgs/action/detail/offboard__type_support.c
[3.826s] -- Up-to-date: /workspace/aerial_ws/ros2_ws/install/autopilot_interface_msgs/include/autopilot_interface_msgs/autopilot_interface_msgs/action/detail/orbit__rosidl_typesupport_introspection_c.h
[3.826s] -- Up-to-date: /workspace/aerial_ws/ros2_ws/install/autopilot_interface_msgs/include/autopilot_interface_msgs/autopilot_interface_msgs/action/detail/orbit__type_support.c
[3.826s] -- Up-to-date: /workspace/aerial_ws/ros2_ws/install/autopilot_interface_msgs/include/autopilot_interface_msgs/autopilot_interface_msgs/action/detail/takeoff__rosidl_typesupport_introspection_c.h
[3.826s] -- Up-to-date: /workspace/aerial_ws/ros2_ws/install/autopilot_interface_msgs/include/autopilot_interface_msgs/autopilot_interface_msgs/action/detail/takeoff__type_support.c
[3.826s] -- Up-to-date: /workspace/aerial_ws/ros2_ws/install/autopilot_interface_msgs/include/autopilot_interface_msgs/autopilot_interface_msgs/srv
[3.826s] -- Up-to-date: /workspace/aerial_ws/ros2_ws/install/autopilot_interface_msgs/include/autopilot_interface_msgs/autopilot_interface_msgs/srv/detail
[3.826s] -- Up-to-date: /workspace/aerial_ws/ros2_ws/install/autopilot_interface_msgs/include/autopilot_interface_msgs/autopilot_interface_msgs/srv/detail/set_speed__rosidl_typesupport_introspection_c.h
[3.827s] -- Up-to-date: /workspace/aerial_ws/ros2_ws/install/autopilot_interface_msgs/include/autopilot_interface_msgs/autopilot_interface_msgs/srv/detail/set_speed__type_support.c
[3.827s] -- Up-to-date: /workspace/aerial_ws/ros2_ws/install/autopilot_interface_msgs/include/autopilot_interface_msgs/autopilot_interface_msgs/srv/detail/set_reposition__rosidl_typesupport_introspection_c.h
[3.831s] -- Up-to-date: /workspace/aerial_ws/ros2_ws/install/autopilot_interface_msgs/include/autopilot_interface_msgs/autopilot_interface_msgs/srv/detail/set_reposition__type_support.c
[3.831s] -- Up-to-date: /workspace/aerial_ws/ros2_ws/install/autopilot_interface_msgs/lib/libautopilot_interface_msgs__rosidl_typesupport_introspection_c.so
[3.831s] -- Up-to-date: /workspace/aerial_ws/ros2_ws/install/autopilot_interface_msgs/lib/libautopilot_interface_msgs__rosidl_typesupport_c.so
[3.831s] -- Up-to-date: /workspace/aerial_ws/ros2_ws/install/autopilot_interface_msgs/include/autopilot_interface_msgs/autopilot_interface_msgs
[3.831s] -- Up-to-date: /workspace/aerial_ws/ros2_ws/install/autopilot_interface_msgs/include/autopilot_interface_msgs/autopilot_interface_msgs/msg
[3.831s] -- Up-to-date: /workspace/aerial_ws/ros2_ws/install/autopilot_interface_msgs/include/autopilot_interface_msgs/autopilot_interface_msgs/msg/rosidl_generator_cpp__visibility_control.hpp
[3.832s] -- Up-to-date: /workspace/aerial_ws/ros2_ws/install/autopilot_interface_msgs/include/autopilot_interface_msgs/autopilot_interface_msgs/msg/offboard_flag.hpp
[3.832s] -- Up-to-date: /workspace/aerial_ws/ros2_ws/install/autopilot_interface_msgs/include/autopilot_interface_msgs/autopilot_interface_msgs/msg/detail
[3.832s] -- Up-to-date: /workspace/aerial_ws/ros2_ws/install/autopilot_interface_msgs/include/autopilot_interface_msgs/autopilot_interface_msgs/msg/detail/offboard_flag__builder.hpp
[3.832s] -- Up-to-date: /workspace/aerial_ws/ros2_ws/install/autopilot_interface_msgs/include/autopilot_interface_msgs/autopilot_interface_msgs/msg/detail/offboard_flag__struct.hpp
[3.832s] -- Up-to-date: /workspace/aerial_ws/ros2_ws/install/autopilot_interface_msgs/include/autopilot_interface_msgs/autopilot_interface_msgs/msg/detail/offboard_flag__traits.hpp
[3.832s] -- Up-to-date: /workspace/aerial_ws/ros2_ws/install/autopilot_interface_msgs/include/autopilot_interface_msgs/autopilot_interface_msgs/msg/detail/offboard_flag__type_support.hpp
[3.832s] -- Up-to-date: /workspace/aerial_ws/ros2_ws/install/autopilot_interface_msgs/include/autopilot_interface_msgs/autopilot_interface_msgs/action
[3.832s] -- Up-to-date: /workspace/aerial_ws/ros2_ws/install/autopilot_interface_msgs/include/autopilot_interface_msgs/autopilot_interface_msgs/action/land.hpp
[3.832s] -- Up-to-date: /workspace/aerial_ws/ros2_ws/install/autopilot_interface_msgs/include/autopilot_interface_msgs/autopilot_interface_msgs/action/detail
[3.832s] -- Up-to-date: /workspace/aerial_ws/ros2_ws/install/autopilot_interface_msgs/include/autopilot_interface_msgs/autopilot_interface_msgs/action/detail/land__builder.hpp
[3.832s] -- Up-to-date: /workspace/aerial_ws/ros2_ws/install/autopilot_interface_msgs/include/autopilot_interface_msgs/autopilot_interface_msgs/action/detail/land__struct.hpp
[3.837s] -- Up-to-date: /workspace/aerial_ws/ros2_ws/install/autopilot_interface_msgs/include/autopilot_interface_msgs/autopilot_interface_msgs/action/detail/land__traits.hpp
[3.837s] -- Up-to-date: /workspace/aerial_ws/ros2_ws/install/autopilot_interface_msgs/include/autopilot_interface_msgs/autopilot_interface_msgs/action/detail/land__type_support.hpp
[3.837s] -- Up-to-date: /workspace/aerial_ws/ros2_ws/install/autopilot_interface_msgs/include/autopilot_interface_msgs/autopilot_interface_msgs/action/detail/offboard__builder.hpp
[3.837s] -- Up-to-date: /workspace/aerial_ws/ros2_ws/install/autopilot_interface_msgs/include/autopilot_interface_msgs/autopilot_interface_msgs/action/detail/offboard__struct.hpp
[3.837s] -- Up-to-date: /workspace/aerial_ws/ros2_ws/install/autopilot_interface_msgs/include/autopilot_interface_msgs/autopilot_interface_msgs/action/detail/offboard__traits.hpp
[3.837s] -- Up-to-date: /workspace/aerial_ws/ros2_ws/install/autopilot_interface_msgs/include/autopilot_interface_msgs/autopilot_interface_msgs/action/detail/offboard__type_support.hpp
[3.837s] -- Up-to-date: /workspace/aerial_ws/ros2_ws/install/autopilot_interface_msgs/include/autopilot_interface_msgs/autopilot_interface_msgs/action/detail/orbit__builder.hpp
[3.837s] -- Up-to-date: /workspace/aerial_ws/ros2_ws/install/autopilot_interface_msgs/include/autopilot_interface_msgs/autopilot_interface_msgs/action/detail/orbit__struct.hpp
[3.837s] -- Up-to-date: /workspace/aerial_ws/ros2_ws/install/autopilot_interface_msgs/include/autopilot_interface_msgs/autopilot_interface_msgs/action/detail/orbit__traits.hpp
[3.890s] -- Up-to-date: /workspace/aerial_ws/ros2_ws/install/autopilot_interface_msgs/include/autopilot_interface_msgs/autopilot_interface_msgs/action/detail/orbit__type_support.hpp
[3.890s] -- Up-to-date: /workspace/aerial_ws/ros2_ws/install/autopilot_interface_msgs/include/autopilot_interface_msgs/autopilot_interface_msgs/action/detail/takeoff__builder.hpp
[3.890s] -- Up-to-date: /workspace/aerial_ws/ros2_ws/install/autopilot_interface_msgs/include/autopilot_interface_msgs/autopilot_interface_msgs/action/detail/takeoff__struct.hpp
[3.890s] -- Up-to-date: /workspace/aerial_ws/ros2_ws/install/autopilot_interface_msgs/include/autopilot_interface_msgs/autopilot_interface_msgs/action/detail/takeoff__traits.hpp
[3.890s] -- Up-to-date: /workspace/aerial_ws/ros2_ws/install/autopilot_interface_msgs/include/autopilot_interface_msgs/autopilot_interface_msgs/action/detail/takeoff__type_support.hpp
[3.891s] -- Up-to-date: /workspace/aerial_ws/ros2_ws/install/autopilot_interface_msgs/include/autopilot_interface_msgs/autopilot_interface_msgs/action/offboard.hpp
[3.891s] -- Up-to-date: /workspace/aerial_ws/ros2_ws/install/autopilot_interface_msgs/include/autopilot_interface_msgs/autopilot_interface_msgs/action/orbit.hpp
[3.891s] -- Up-to-date: /workspace/aerial_ws/ros2_ws/install/autopilot_interface_msgs/include/autopilot_interface_msgs/autopilot_interface_msgs/action/takeoff.hpp
[3.895s] -- Up-to-date: /workspace/aerial_ws/ros2_ws/install/autopilot_interface_msgs/include/autopilot_interface_msgs/autopilot_interface_msgs/srv
[3.895s] -- Up-to-date: /workspace/aerial_ws/ros2_ws/install/autopilot_interface_msgs/include/autopilot_interface_msgs/autopilot_interface_msgs/srv/set_speed.hpp
[3.895s] -- Up-to-date: /workspace/aerial_ws/ros2_ws/install/autopilot_interface_msgs/include/autopilot_interface_msgs/autopilot_interface_msgs/srv/detail
[3.895s] -- Up-to-date: /workspace/aerial_ws/ros2_ws/install/autopilot_interface_msgs/include/autopilot_interface_msgs/autopilot_interface_msgs/srv/detail/set_speed__builder.hpp
[3.896s] -- Up-to-date: /workspace/aerial_ws/ros2_ws/install/autopilot_interface_msgs/include/autopilot_interface_msgs/autopilot_interface_msgs/srv/detail/set_speed__struct.hpp
[3.896s] -- Up-to-date: /workspace/aerial_ws/ros2_ws/install/autopilot_interface_msgs/include/autopilot_interface_msgs/autopilot_interface_msgs/srv/detail/set_speed__traits.hpp
[3.896s] -- Up-to-date: /workspace/aerial_ws/ros2_ws/install/autopilot_interface_msgs/include/autopilot_interface_msgs/autopilot_interface_msgs/srv/detail/set_speed__type_support.hpp
[3.896s] -- Up-to-date: /workspace/aerial_ws/ros2_ws/install/autopilot_interface_msgs/include/autopilot_interface_msgs/autopilot_interface_msgs/srv/detail/set_reposition__builder.hpp
[3.896s] -- Up-to-date: /workspace/aerial_ws/ros2_ws/install/autopilot_interface_msgs/include/autopilot_interface_msgs/autopilot_interface_msgs/srv/detail/set_reposition__struct.hpp
[3.896s] -- Up-to-date: /workspace/aerial_ws/ros2_ws/install/autopilot_interface_msgs/include/autopilot_interface_msgs/autopilot_interface_msgs/srv/detail/set_reposition__traits.hpp
[3.896s] -- Up-to-date: /workspace/aerial_ws/ros2_ws/install/autopilot_interface_msgs/include/autopilot_interface_msgs/autopilot_interface_msgs/srv/detail/set_reposition__type_support.hpp
[3.896s] -- Up-to-date: /workspace/aerial_ws/ros2_ws/install/autopilot_interface_msgs/include/autopilot_interface_msgs/autopilot_interface_msgs/srv/set_reposition.hpp
[3.896s] -- Up-to-date: /workspace/aerial_ws/ros2_ws/install/autopilot_interface_msgs/include/autopilot_interface_msgs/autopilot_interface_msgs
[3.896s] -- Up-to-date: /workspace/aerial_ws/ros2_ws/install/autopilot_interface_msgs/include/autopilot_interface_msgs/autopilot_interface_msgs/msg
[3.896s] -- Up-to-date: /workspace/aerial_ws/ros2_ws/install/autopilot_interface_msgs/include/autopilot_interface_msgs/autopilot_interface_msgs/msg/rosidl_typesupport_fastrtps_cpp__visibility_control.h
[3.905s] -- Up-to-date: /workspace/aerial_ws/ros2_ws/install/autopilot_interface_msgs/include/autopilot_interface_msgs/autopilot_interface_msgs/msg/detail
[3.906s] -- Up-to-date: /workspace/aerial_ws/ros2_ws/install/autopilot_interface_msgs/include/autopilot_interface_msgs/autopilot_interface_msgs/msg/detail/offboard_flag__rosidl_typesupport_fastrtps_cpp.hpp
[3.906s] -- Up-to-date: /workspace/aerial_ws/ros2_ws/install/autopilot_interface_msgs/include/autopilot_interface_msgs/autopilot_interface_msgs/msg/detail/dds_fastrtps
[3.906s] -- Up-to-date: /workspace/aerial_ws/ros2_ws/install/autopilot_interface_msgs/include/autopilot_interface_msgs/autopilot_interface_msgs/action
[3.906s] -- Up-to-date: /workspace/aerial_ws/ros2_ws/install/autopilot_interface_msgs/include/autopilot_interface_msgs/autopilot_interface_msgs/action/detail
[3.907s] -- Up-to-date: /workspace/aerial_ws/ros2_ws/install/autopilot_interface_msgs/include/autopilot_interface_msgs/autopilot_interface_msgs/action/detail/land__rosidl_typesupport_fastrtps_cpp.hpp
[3.907s] -- Up-to-date: /workspace/aerial_ws/ros2_ws/install/autopilot_interface_msgs/include/autopilot_interface_msgs/autopilot_interface_msgs/action/detail/dds_fastrtps
[3.907s] -- Up-to-date: /workspace/aerial_ws/ros2_ws/install/autopilot_interface_msgs/include/autopilot_interface_msgs/autopilot_interface_msgs/action/detail/offboard__rosidl_typesupport_fastrtps_cpp.hpp
[3.907s] -- Up-to-date: /workspace/aerial_ws/ros2_ws/install/autopilot_interface_msgs/include/autopilot_interface_msgs/autopilot_interface_msgs/action/detail/orbit__rosidl_typesupport_fastrtps_cpp.hpp
[3.907s] -- Up-to-date: /workspace/aerial_ws/ros2_ws/install/autopilot_interface_msgs/include/autopilot_interface_msgs/autopilot_interface_msgs/action/detail/takeoff__rosidl_typesupport_fastrtps_cpp.hpp
[3.907s] -- Up-to-date: /workspace/aerial_ws/ros2_ws/install/autopilot_interface_msgs/include/autopilot_interface_msgs/autopilot_interface_msgs/srv
[3.907s] -- Up-to-date: /workspace/aerial_ws/ros2_ws/install/autopilot_interface_msgs/include/autopilot_interface_msgs/autopilot_interface_msgs/srv/detail
[3.907s] -- Up-to-date: /workspace/aerial_ws/ros2_ws/install/autopilot_interface_msgs/include/autopilot_interface_msgs/autopilot_interface_msgs/srv/detail/set_speed__rosidl_typesupport_fastrtps_cpp.hpp
[3.908s] -- Up-to-date: /workspace/aerial_ws/ros2_ws/install/autopilot_interface_msgs/include/autopilot_interface_msgs/autopilot_interface_msgs/srv/detail/dds_fastrtps
[3.908s] -- Up-to-date: /workspace/aerial_ws/ros2_ws/install/autopilot_interface_msgs/include/autopilot_interface_msgs/autopilot_interface_msgs/srv/detail/set_reposition__rosidl_typesupport_fastrtps_cpp.hpp
[3.908s] -- Up-to-date: /workspace/aerial_ws/ros2_ws/install/autopilot_interface_msgs/lib/libautopilot_interface_msgs__rosidl_typesupport_fastrtps_cpp.so
[3.908s] -- Up-to-date: /workspace/aerial_ws/ros2_ws/install/autopilot_interface_msgs/include/autopilot_interface_msgs/autopilot_interface_msgs
[3.908s] -- Up-to-date: /workspace/aerial_ws/ros2_ws/install/autopilot_interface_msgs/include/autopilot_interface_msgs/autopilot_interface_msgs/action
[3.908s] -- Up-to-date: /workspace/aerial_ws/ros2_ws/install/autopilot_interface_msgs/include/autopilot_interface_msgs/autopilot_interface_msgs/action/detail
[3.908s] -- Up-to-date: /workspace/aerial_ws/ros2_ws/install/autopilot_interface_msgs/include/autopilot_interface_msgs/autopilot_interface_msgs/action/detail/land__rosidl_typesupport_introspection_cpp.hpp
[3.908s] -- Up-to-date: /workspace/aerial_ws/ros2_ws/install/autopilot_interface_msgs/include/autopilot_interface_msgs/autopilot_interface_msgs/action/detail/land__type_support.cpp
[3.908s] -- Up-to-date: /workspace/aerial_ws/ros2_ws/install/autopilot_interface_msgs/include/autopilot_interface_msgs/autopilot_interface_msgs/action/detail/offboard__rosidl_typesupport_introspection_cpp.hpp
[3.908s] -- Up-to-date: /workspace/aerial_ws/ros2_ws/install/autopilot_interface_msgs/include/autopilot_interface_msgs/autopilot_interface_msgs/action/detail/offboard__type_support.cpp
[3.908s] -- Up-to-date: /workspace/aerial_ws/ros2_ws/install/autopilot_interface_msgs/include/autopilot_interface_msgs/autopilot_interface_msgs/action/detail/orbit__rosidl_typesupport_introspection_cpp.hpp
[3.913s] -- Up-to-date: /workspace/aerial_ws/ros2_ws/install/autopilot_interface_msgs/include/autopilot_interface_msgs/autopilot_interface_msgs/action/detail/orbit__type_support.cpp
[3.913s] -- Up-to-date: /workspace/aerial_ws/ros2_ws/install/autopilot_interface_msgs/include/autopilot_interface_msgs/autopilot_interface_msgs/action/detail/takeoff__rosidl_typesupport_introspection_cpp.hpp
[3.913s] -- Up-to-date: /workspace/aerial_ws/ros2_ws/install/autopilot_interface_msgs/include/autopilot_interface_msgs/autopilot_interface_msgs/action/detail/takeoff__type_support.cpp
[3.913s] -- Up-to-date: /workspace/aerial_ws/ros2_ws/install/autopilot_interface_msgs/include/autopilot_interface_msgs/autopilot_interface_msgs/msg
[3.913s] -- Up-to-date: /workspace/aerial_ws/ros2_ws/install/autopilot_interface_msgs/include/autopilot_interface_msgs/autopilot_interface_msgs/msg/detail
[3.914s] -- Up-to-date: /workspace/aerial_ws/ros2_ws/install/autopilot_interface_msgs/include/autopilot_interface_msgs/autopilot_interface_msgs/msg/detail/offboard_flag__rosidl_typesupport_introspection_cpp.hpp
[3.914s] -- Up-to-date: /workspace/aerial_ws/ros2_ws/install/autopilot_interface_msgs/include/autopilot_interface_msgs/autopilot_interface_msgs/msg/detail/offboard_flag__type_support.cpp
[3.914s] -- Up-to-date: /workspace/aerial_ws/ros2_ws/install/autopilot_interface_msgs/include/autopilot_interface_msgs/autopilot_interface_msgs/srv
[3.914s] -- Up-to-date: /workspace/aerial_ws/ros2_ws/install/autopilot_interface_msgs/include/autopilot_interface_msgs/autopilot_interface_msgs/srv/detail
[3.914s] -- Up-to-date: /workspace/aerial_ws/ros2_ws/install/autopilot_interface_msgs/include/autopilot_interface_msgs/autopilot_interface_msgs/srv/detail/set_speed__rosidl_typesupport_introspection_cpp.hpp
[3.914s] -- Up-to-date: /workspace/aerial_ws/ros2_ws/install/autopilot_interface_msgs/include/autopilot_interface_msgs/autopilot_interface_msgs/srv/detail/set_speed__type_support.cpp
[3.914s] -- Up-to-date: /workspace/aerial_ws/ros2_ws/install/autopilot_interface_msgs/include/autopilot_interface_msgs/autopilot_interface_msgs/srv/detail/set_reposition__rosidl_typesupport_introspection_cpp.hpp
[3.914s] -- Up-to-date: /workspace/aerial_ws/ros2_ws/install/autopilot_interface_msgs/include/autopilot_interface_msgs/autopilot_interface_msgs/srv/detail/set_reposition__type_support.cpp
[3.915s] -- Up-to-date: /workspace/aerial_ws/ros2_ws/install/autopilot_interface_msgs/lib/libautopilot_interface_msgs__rosidl_typesupport_introspection_cpp.so
[3.915s] -- Up-to-date: /workspace/aerial_ws/ros2_ws/install/autopilot_interface_msgs/lib/libautopilot_interface_msgs__rosidl_typesupport_cpp.so
[3.915s] -- Up-to-date: /workspace/aerial_ws/ros2_ws/install/autopilot_interface_msgs/share/autopilot_interface_msgs/environment/pythonpath.sh
[3.915s] -- Up-to-date: /workspace/aerial_ws/ros2_ws/install/autopilot_interface_msgs/share/autopilot_interface_msgs/environment/pythonpath.dsv
[3.915s] -- Up-to-date: /workspace/aerial_ws/ros2_ws/install/autopilot_interface_msgs/local/lib/python3.10/dist-packages/autopilot_interface_msgs-0.1.0-py3.10.egg-info
[3.915s] -- Installing: /workspace/aerial_ws/ros2_ws/install/autopilot_interface_msgs/local/lib/python3.10/dist-packages/autopilot_interface_msgs-0.1.0-py3.10.egg-info/PKG-INFO
[3.915s] -- Installing: /workspace/aerial_ws/ros2_ws/install/autopilot_interface_msgs/local/lib/python3.10/dist-packages/autopilot_interface_msgs-0.1.0-py3.10.egg-info/dependency_links.txt
[3.915s] -- Installing: /workspace/aerial_ws/ros2_ws/install/autopilot_interface_msgs/local/lib/python3.10/dist-packages/autopilot_interface_msgs-0.1.0-py3.10.egg-info/top_level.txt
[3.915s] -- Installing: /workspace/aerial_ws/ros2_ws/install/autopilot_interface_msgs/local/lib/python3.10/dist-packages/autopilot_interface_msgs-0.1.0-py3.10.egg-info/SOURCES.txt
[3.915s] -- Up-to-date: /workspace/aerial_ws/ros2_ws/install/autopilot_interface_msgs/local/lib/python3.10/dist-packages/autopilot_interface_msgs
[3.915s] -- Up-to-date: /workspace/aerial_ws/ros2_ws/install/autopilot_interface_msgs/local/lib/python3.10/dist-packages/autopilot_interface_msgs/__init__.py
[3.916s] -- Up-to-date: /workspace/aerial_ws/ros2_ws/install/autopilot_interface_msgs/local/lib/python3.10/dist-packages/autopilot_interface_msgs/action
[3.916s] -- Up-to-date: /workspace/aerial_ws/ros2_ws/install/autopilot_interface_msgs/local/lib/python3.10/dist-packages/autopilot_interface_msgs/action/_land.py
[3.916s] -- Up-to-date: /workspace/aerial_ws/ros2_ws/install/autopilot_interface_msgs/local/lib/python3.10/dist-packages/autopilot_interface_msgs/action/_land_s.c
[3.916s] -- Up-to-date: /workspace/aerial_ws/ros2_ws/install/autopilot_interface_msgs/local/lib/python3.10/dist-packages/autopilot_interface_msgs/action/_offboard.py
[3.922s] -- Up-to-date: /workspace/aerial_ws/ros2_ws/install/autopilot_interface_msgs/local/lib/python3.10/dist-packages/autopilot_interface_msgs/action/_offboard_s.c
[3.922s] -- Up-to-date: /workspace/aerial_ws/ros2_ws/install/autopilot_interface_msgs/local/lib/python3.10/dist-packages/autopilot_interface_msgs/action/_orbit.py
[3.922s] -- Up-to-date: /workspace/aerial_ws/ros2_ws/install/autopilot_interface_msgs/local/lib/python3.10/dist-packages/autopilot_interface_msgs/action/_orbit_s.c
[3.922s] -- Up-to-date: /workspace/aerial_ws/ros2_ws/install/autopilot_interface_msgs/local/lib/python3.10/dist-packages/autopilot_interface_msgs/action/_takeoff.py
[3.922s] -- Up-to-date: /workspace/aerial_ws/ros2_ws/install/autopilot_interface_msgs/local/lib/python3.10/dist-packages/autopilot_interface_msgs/action/_takeoff_s.c
[3.922s] -- Up-to-date: /workspace/aerial_ws/ros2_ws/install/autopilot_interface_msgs/local/lib/python3.10/dist-packages/autopilot_interface_msgs/action/__init__.py
[3.922s] -- Up-to-date: /workspace/aerial_ws/ros2_ws/install/autopilot_interface_msgs/local/lib/python3.10/dist-packages/autopilot_interface_msgs/msg
[3.922s] -- Up-to-date: /workspace/aerial_ws/ros2_ws/install/autopilot_interface_msgs/local/lib/python3.10/dist-packages/autopilot_interface_msgs/msg/_offboard_flag.py
[3.923s] -- Up-to-date: /workspace/aerial_ws/ros2_ws/install/autopilot_interface_msgs/local/lib/python3.10/dist-packages/autopilot_interface_msgs/msg/_offboard_flag_s.c
[3.923s] -- Up-to-date: /workspace/aerial_ws/ros2_ws/install/autopilot_interface_msgs/local/lib/python3.10/dist-packages/autopilot_interface_msgs/msg/__init__.py
[3.923s] -- Up-to-date: /workspace/aerial_ws/ros2_ws/install/autopilot_interface_msgs/local/lib/python3.10/dist-packages/autopilot_interface_msgs/srv
[3.923s] -- Up-to-date: /workspace/aerial_ws/ros2_ws/install/autopilot_interface_msgs/local/lib/python3.10/dist-packages/autopilot_interface_msgs/srv/_set_speed.py
[3.923s] -- Up-to-date: /workspace/aerial_ws/ros2_ws/install/autopilot_interface_msgs/local/lib/python3.10/dist-packages/autopilot_interface_msgs/srv/_set_speed_s.c
[3.923s] -- Up-to-date: /workspace/aerial_ws/ros2_ws/install/autopilot_interface_msgs/local/lib/python3.10/dist-packages/autopilot_interface_msgs/srv/_set_reposition.py
[3.923s] -- Up-to-date: /workspace/aerial_ws/ros2_ws/install/autopilot_interface_msgs/local/lib/python3.10/dist-packages/autopilot_interface_msgs/srv/_set_reposition_s.c
[3.923s] -- Up-to-date: /workspace/aerial_ws/ros2_ws/install/autopilot_interface_msgs/local/lib/python3.10/dist-packages/autopilot_interface_msgs/srv/__init__.py
[3.923s] -- Up-to-date: /workspace/aerial_ws/ros2_ws/install/autopilot_interface_msgs/local/lib/python3.10/dist-packages/autopilot_interface_msgs/_autopilot_interface_msgs_s.ep.rosidl_typesupport_fastrtps_c.c
[3.924s] -- Up-to-date: /workspace/aerial_ws/ros2_ws/install/autopilot_interface_msgs/local/lib/python3.10/dist-packages/autopilot_interface_msgs/_autopilot_interface_msgs_s.ep.rosidl_typesupport_introspection_c.c
[3.924s] -- Up-to-date: /workspace/aerial_ws/ros2_ws/install/autopilot_interface_msgs/local/lib/python3.10/dist-packages/autopilot_interface_msgs/_autopilot_interface_msgs_s.ep.rosidl_typesupport_c.c
[3.924s] -- Up-to-date: /workspace/aerial_ws/ros2_ws/install/autopilot_interface_msgs/local/lib/python3.10/dist-packages/autopilot_interface_msgs/libautopilot_interface_msgs__rosidl_generator_py.so
[3.925s] -- Up-to-date: /workspace/aerial_ws/ros2_ws/install/autopilot_interface_msgs/local/lib/python3.10/dist-packages/autopilot_interface_msgs/autopilot_interface_msgs_s__rosidl_typesupport_fastrtps_c.cpython-310-x86_64-linux-gnu.so
[3.925s] -- Up-to-date: /workspace/aerial_ws/ros2_ws/install/autopilot_interface_msgs/local/lib/python3.10/dist-packages/autopilot_interface_msgs/autopilot_interface_msgs_s__rosidl_typesupport_c.cpython-310-x86_64-linux-gnu.so
[3.930s] -- Up-to-date: /workspace/aerial_ws/ros2_ws/install/autopilot_interface_msgs/local/lib/python3.10/dist-packages/autopilot_interface_msgs/autopilot_interface_msgs_s__rosidl_typesupport_introspection_c.cpython-310-x86_64-linux-gnu.so
[4.198s] Listing '/workspace/aerial_ws/ros2_ws/install/autopilot_interface_msgs/local/lib/python3.10/dist-packages/autopilot_interface_msgs'...
[4.204s] Listing '/workspace/aerial_ws/ros2_ws/install/autopilot_interface_msgs/local/lib/python3.10/dist-packages/autopilot_interface_msgs/action'...
[4.208s] Listing '/workspace/aerial_ws/ros2_ws/install/autopilot_interface_msgs/local/lib/python3.10/dist-packages/autopilot_interface_msgs/msg'...
[4.208s] Listing '/workspace/aerial_ws/ros2_ws/install/autopilot_interface_msgs/local/lib/python3.10/dist-packages/autopilot_interface_msgs/srv'...
[4.227s] -- Up-to-date: /workspace/aerial_ws/ros2_ws/install/autopilot_interface_msgs/local/lib/python3.10/dist-packages/autopilot_interface_msgs/autopilot_interface_msgs_s__rosidl_typesupport_fastrtps_c.cpython-310-x86_64-linux-gnu.so
[4.227s] -- Up-to-date: /workspace/aerial_ws/ros2_ws/install/autopilot_interface_msgs/local/lib/python3.10/dist-packages/autopilot_interface_msgs/autopilot_interface_msgs_s__rosidl_typesupport_introspection_c.cpython-310-x86_64-linux-gnu.so
[4.227s] -- Up-to-date: /workspace/aerial_ws/ros2_ws/install/autopilot_interface_msgs/local/lib/python3.10/dist-packages/autopilot_interface_msgs/autopilot_interface_msgs_s__rosidl_typesupport_c.cpython-310-x86_64-linux-gnu.so
[4.228s] -- Up-to-date: /workspace/aerial_ws/ros2_ws/install/autopilot_interface_msgs/lib/libautopilot_interface_msgs__rosidl_generator_py.so
[4.228s] -- Up-to-date: /workspace/aerial_ws/ros2_ws/install/autopilot_interface_msgs/share/ament_index/resource_index/rust_packages/autopilot_interface_msgs
[4.228s] -- Up-to-date: /workspace/aerial_ws/ros2_ws/install/autopilot_interface_msgs/share/autopilot_interface_msgs/rust
[4.228s] -- Up-to-date: /workspace/aerial_ws/ros2_ws/install/autopilot_interface_msgs/share/autopilot_interface_msgs/rust/src
[4.228s] -- Up-to-date: /workspace/aerial_ws/ros2_ws/install/autopilot_interface_msgs/share/autopilot_interface_msgs/rust/src/msg.rs
[4.228s] -- Up-to-date: /workspace/aerial_ws/ros2_ws/install/autopilot_interface_msgs/share/autopilot_interface_msgs/rust/src/msg
[4.228s] -- Up-to-date: /workspace/aerial_ws/ros2_ws/install/autopilot_interface_msgs/share/autopilot_interface_msgs/rust/src/msg/rmw.rs
[4.229s] -- Up-to-date: /workspace/aerial_ws/ros2_ws/install/autopilot_interface_msgs/share/autopilot_interface_msgs/rust/src/srv.rs
[4.229s] -- Up-to-date: /workspace/aerial_ws/ros2_ws/install/autopilot_interface_msgs/share/autopilot_interface_msgs/rust/src/srv
[4.229s] -- Up-to-date: /workspace/aerial_ws/ros2_ws/install/autopilot_interface_msgs/share/autopilot_interface_msgs/rust/src/srv/rmw.rs
[4.229s] -- Up-to-date: /workspace/aerial_ws/ros2_ws/install/autopilot_interface_msgs/share/autopilot_interface_msgs/rust/src/action.rs
[4.229s] -- Up-to-date: /workspace/aerial_ws/ros2_ws/install/autopilot_interface_msgs/share/autopilot_interface_msgs/rust/src/action
[4.229s] -- Up-to-date: /workspace/aerial_ws/ros2_ws/install/autopilot_interface_msgs/share/autopilot_interface_msgs/rust/src/action/rmw.rs
[4.229s] -- Up-to-date: /workspace/aerial_ws/ros2_ws/install/autopilot_interface_msgs/share/autopilot_interface_msgs/rust/src/lib.rs
[4.229s] -- Up-to-date: /workspace/aerial_ws/ros2_ws/install/autopilot_interface_msgs/share/autopilot_interface_msgs/rust/Cargo.toml
[4.229s] -- Up-to-date: /workspace/aerial_ws/ros2_ws/install/autopilot_interface_msgs/share/autopilot_interface_msgs/rust/build.rs
[4.236s] -- Up-to-date: /workspace/aerial_ws/ros2_ws/install/autopilot_interface_msgs/share/autopilot_interface_msgs/action/Land.idl
[4.236s] -- Up-to-date: /workspace/aerial_ws/ros2_ws/install/autopilot_interface_msgs/share/autopilot_interface_msgs/action/Offboard.idl
[4.236s] -- Up-to-date: /workspace/aerial_ws/ros2_ws/install/autopilot_interface_msgs/share/autopilot_interface_msgs/action/Orbit.idl
[4.236s] -- Up-to-date: /workspace/aerial_ws/ros2_ws/install/autopilot_interface_msgs/share/autopilot_interface_msgs/action/Takeoff.idl
[4.236s] -- Up-to-date: /workspace/aerial_ws/ros2_ws/install/autopilot_interface_msgs/share/autopilot_interface_msgs/msg/OffboardFlag.idl
[4.236s] -- Up-to-date: /workspace/aerial_ws/ros2_ws/install/autopilot_interface_msgs/share/autopilot_interface_msgs/srv/SetSpeed.idl
[4.236s] -- Up-to-date: /workspace/aerial_ws/ros2_ws/install/autopilot_interface_msgs/share/autopilot_interface_msgs/srv/SetReposition.idl
[4.236s] -- Up-to-date: /workspace/aerial_ws/ros2_ws/install/autopilot_interface_msgs/share/autopilot_interface_msgs/action/Land.action
[4.236s] -- Up-to-date: /workspace/aerial_ws/ros2_ws/install/autopilot_interface_msgs/share/autopilot_interface_msgs/action/Offboard.action
[4.236s] -- Up-to-date: /workspace/aerial_ws/ros2_ws/install/autopilot_interface_msgs/share/autopilot_interface_msgs/action/Orbit.action
[4.236s] -- Up-to-date: /workspace/aerial_ws/ros2_ws/install/autopilot_interface_msgs/share/autopilot_interface_msgs/action/Takeoff.action
[4.236s] -- Up-to-date: /workspace/aerial_ws/ros2_ws/install/autopilot_interface_msgs/share/autopilot_interface_msgs/msg/OffboardFlag.msg
[4.237s] -- Up-to-date: /workspace/aerial_ws/ros2_ws/install/autopilot_interface_msgs/share/autopilot_interface_msgs/srv/SetSpeed.srv
[4.237s] -- Up-to-date: /workspace/aerial_ws/ros2_ws/install/autopilot_interface_msgs/share/autopilot_interface_msgs/srv/SetSpeed_Request.msg
[4.237s] -- Up-to-date: /workspace/aerial_ws/ros2_ws/install/autopilot_interface_msgs/share/autopilot_interface_msgs/srv/SetSpeed_Response.msg
[4.237s] -- Up-to-date: /workspace/aerial_ws/ros2_ws/install/autopilot_interface_msgs/share/autopilot_interface_msgs/srv/SetReposition.srv
[4.237s] -- Up-to-date: /workspace/aerial_ws/ros2_ws/install/autopilot_interface_msgs/share/autopilot_interface_msgs/srv/SetReposition_Request.msg
[4.237s] -- Up-to-date: /workspace/aerial_ws/ros2_ws/install/autopilot_interface_msgs/share/autopilot_interface_msgs/srv/SetReposition_Response.msg
[4.237s] -- Up-to-date: /workspace/aerial_ws/ros2_ws/install/autopilot_interface_msgs/share/ament_index/resource_index/package_run_dependencies/autopilot_interface_msgs
[4.237s] -- Up-to-date: /workspace/aerial_ws/ros2_ws/install/autopilot_interface_msgs/share/ament_index/resource_index/parent_prefix_path/autopilot_interface_msgs
[4.237s] -- Up-to-date: /workspace/aerial_ws/ros2_ws/install/autopilot_interface_msgs/share/autopilot_interface_msgs/environment/ament_prefix_path.sh
[4.237s] -- Up-to-date: /workspace/aerial_ws/ros2_ws/install/autopilot_interface_msgs/share/autopilot_interface_msgs/environment/ament_prefix_path.dsv
[4.296s] -- Up-to-date: /workspace/aerial_ws/ros2_ws/install/autopilot_interface_msgs/share/autopilot_interface_msgs/environment/path.sh
[4.296s] -- Up-to-date: /workspace/aerial_ws/ros2_ws/install/autopilot_interface_msgs/share/autopilot_interface_msgs/environment/path.dsv
[4.296s] -- Up-to-date: /workspace/aerial_ws/ros2_ws/install/autopilot_interface_msgs/share/autopilot_interface_msgs/local_setup.bash
[4.296s] -- Up-to-date: /workspace/aerial_ws/ros2_ws/install/autopilot_interface_msgs/share/autopilot_interface_msgs/local_setup.sh
[4.296s] -- Up-to-date: /workspace/aerial_ws/ros2_ws/install/autopilot_interface_msgs/share/autopilot_interface_msgs/local_setup.zsh
[4.296s] -- Up-to-date: /workspace/aerial_ws/ros2_ws/install/autopilot_interface_msgs/share/autopilot_interface_msgs/local_setup.dsv
[4.297s] -- Installing: /workspace/aerial_ws/ros2_ws/install/autopilot_interface_msgs/share/autopilot_interface_msgs/package.dsv
[4.297s] -- Up-to-date: /workspace/aerial_ws/ros2_ws/install/autopilot_interface_msgs/share/ament_index/resource_index/packages/autopilot_interface_msgs
[4.297s] -- Up-to-date: /workspace/aerial_ws/ros2_ws/install/autopilot_interface_msgs/share/autopilot_interface_msgs/cmake/export_autopilot_interface_msgs__rosidl_generator_cExport.cmake
[4.297s] -- Up-to-date: /workspace/aerial_ws/ros2_ws/install/autopilot_interface_msgs/share/autopilot_interface_msgs/cmake/export_autopilot_interface_msgs__rosidl_generator_cExport-noconfig.cmake
[4.297s] -- Up-to-date: /workspace/aerial_ws/ros2_ws/install/autopilot_interface_msgs/share/autopilot_interface_msgs/cmake/export_autopilot_interface_msgs__rosidl_typesupport_fastrtps_cExport.cmake
[4.297s] -- Up-to-date: /workspace/aerial_ws/ros2_ws/install/autopilot_interface_msgs/share/autopilot_interface_msgs/cmake/export_autopilot_interface_msgs__rosidl_typesupport_fastrtps_cExport-noconfig.cmake
[4.297s] -- Up-to-date: /workspace/aerial_ws/ros2_ws/install/autopilot_interface_msgs/share/autopilot_interface_msgs/cmake/autopilot_interface_msgs__rosidl_typesupport_introspection_cExport.cmake
[4.297s] -- Up-to-date: /workspace/aerial_ws/ros2_ws/install/autopilot_interface_msgs/share/autopilot_interface_msgs/cmake/autopilot_interface_msgs__rosidl_typesupport_introspection_cExport-noconfig.cmake
[4.301s] -- Up-to-date: /workspace/aerial_ws/ros2_ws/install/autopilot_interface_msgs/share/autopilot_interface_msgs/cmake/autopilot_interface_msgs__rosidl_typesupport_cExport.cmake
[4.301s] -- Up-to-date: /workspace/aerial_ws/ros2_ws/install/autopilot_interface_msgs/share/autopilot_interface_msgs/cmake/autopilot_interface_msgs__rosidl_typesupport_cExport-noconfig.cmake
[4.301s] -- Up-to-date: /workspace/aerial_ws/ros2_ws/install/autopilot_interface_msgs/share/autopilot_interface_msgs/cmake/export_autopilot_interface_msgs__rosidl_generator_cppExport.cmake
[4.301s] -- Up-to-date: /workspace/aerial_ws/ros2_ws/install/autopilot_interface_msgs/share/autopilot_interface_msgs/cmake/export_autopilot_interface_msgs__rosidl_typesupport_fastrtps_cppExport.cmake
[4.301s] -- Up-to-date: /workspace/aerial_ws/ros2_ws/install/autopilot_interface_msgs/share/autopilot_interface_msgs/cmake/export_autopilot_interface_msgs__rosidl_typesupport_fastrtps_cppExport-noconfig.cmake
[4.301s] -- Up-to-date: /workspace/aerial_ws/ros2_ws/install/autopilot_interface_msgs/share/autopilot_interface_msgs/cmake/autopilot_interface_msgs__rosidl_typesupport_introspection_cppExport.cmake
[4.301s] -- Up-to-date: /workspace/aerial_ws/ros2_ws/install/autopilot_interface_msgs/share/autopilot_interface_msgs/cmake/autopilot_interface_msgs__rosidl_typesupport_introspection_cppExport-noconfig.cmake
[4.302s] -- Up-to-date: /workspace/aerial_ws/ros2_ws/install/autopilot_interface_msgs/share/autopilot_interface_msgs/cmake/autopilot_interface_msgs__rosidl_typesupport_cppExport.cmake
[4.302s] -- Up-to-date: /workspace/aerial_ws/ros2_ws/install/autopilot_interface_msgs/share/autopilot_interface_msgs/cmake/autopilot_interface_msgs__rosidl_typesupport_cppExport-noconfig.cmake
[4.310s] -- Up-to-date: /workspace/aerial_ws/ros2_ws/install/autopilot_interface_msgs/share/autopilot_interface_msgs/cmake/export_autopilot_interface_msgs__rosidl_generator_pyExport.cmake
[4.310s] -- Up-to-date: /workspace/aerial_ws/ros2_ws/install/autopilot_interface_msgs/share/autopilot_interface_msgs/cmake/export_autopilot_interface_msgs__rosidl_generator_pyExport-noconfig.cmake
[4.310s] -- Up-to-date: /workspace/aerial_ws/ros2_ws/install/autopilot_interface_msgs/share/autopilot_interface_msgs/cmake/rosidl_cmake-extras.cmake
[4.310s] -- Up-to-date: /workspace/aerial_ws/ros2_ws/install/autopilot_interface_msgs/share/autopilot_interface_msgs/cmake/ament_cmake_export_dependencies-extras.cmake
[4.310s] -- Up-to-date: /workspace/aerial_ws/ros2_ws/install/autopilot_interface_msgs/share/autopilot_interface_msgs/cmake/ament_cmake_export_include_directories-extras.cmake
[4.310s] -- Up-to-date: /workspace/aerial_ws/ros2_ws/install/autopilot_interface_msgs/share/autopilot_interface_msgs/cmake/ament_cmake_export_libraries-extras.cmake
[4.310s] -- Up-to-date: /workspace/aerial_ws/ros2_ws/install/autopilot_interface_msgs/share/autopilot_interface_msgs/cmake/ament_cmake_export_targets-extras.cmake
[4.310s] -- Up-to-date: /workspace/aerial_ws/ros2_ws/install/autopilot_interface_msgs/share/autopilot_interface_msgs/cmake/rosidl_cmake_export_typesupport_targets-extras.cmake
[4.311s] -- Up-to-date: /workspace/aerial_ws/ros2_ws/install/autopilot_interface_msgs/share/autopilot_interface_msgs/cmake/rosidl_cmake_export_typesupport_libraries-extras.cmake
[4.311s] -- Up-to-date: /workspace/aerial_ws/ros2_ws/install/autopilot_interface_msgs/share/autopilot_interface_msgs/cmake/autopilot_interface_msgsConfig.cmake
[4.311s] -- Up-to-date: /workspace/aerial_ws/ros2_ws/install/autopilot_interface_msgs/share/autopilot_interface_msgs/cmake/autopilot_interface_msgsConfig-version.cmake
[4.311s] -- Up-to-date: /workspace/aerial_ws/ros2_ws/install/autopilot_interface_msgs/share/autopilot_interface_msgs/package.xml
[4.326s] Invoked command in '/workspace/aerial_ws/ros2_ws/build/autopilot_interface_msgs' returned '0': CMAKE_PREFIX_PATH=/opt/ros/humble /usr/bin/cmake --install /workspace/aerial_ws/ros2_ws/build/autopilot_interface_msgs
