[0.020s] Invoking command in '/workspace/aerial_ws/ros2_ws/build/state_sharing': CMAKE_PREFIX_PATH=/opt/ros/humble /usr/bin/cmake /workspace/aerial_ws/ros2_ws/src/state_sharing -DCMAKE_INSTALL_PREFIX=/workspace/aerial_ws/ros2_ws/install/state_sharing
[0.270s] -- The C compiler identification is GNU 11.4.0
[0.270s] -- The CXX compiler identification is GNU 11.4.0
[0.270s] -- Detecting C compiler ABI info
[0.270s] -- Detecting C compiler ABI info - done
[0.271s] -- Check for working C compiler: /usr/bin/cc - skipped
[0.271s] -- Detecting C compile features
[0.271s] -- Detecting C compile features - done
[0.271s] -- Detecting CXX compiler ABI info
[0.350s] -- Detecting CXX compiler ABI info - done
[0.359s] -- Check for working CXX compiler: /usr/bin/c++ - skipped
[0.360s] -- Detecting CXX compile features
[0.360s] -- Detecting CXX compile features - done
[0.363s] -- Found ament_cmake: 1.3.14 (/opt/ros/humble/share/ament_cmake/cmake)
[0.744s] -- Found Python3: /usr/bin/python3 (found version "3.10.12") found components: Interpreter 
[0.837s] -- Found rclcpp: 16.0.19 (/opt/ros/humble/share/rclcpp/cmake)
[0.876s] -- Found rosidl_generator_c: 3.1.8 (/opt/ros/humble/share/rosidl_generator_c/cmake)
[0.881s] -- Found rosidl_adapter: 3.1.8 (/opt/ros/humble/share/rosidl_adapter/cmake)
[0.890s] -- Found rosidl_generator_cpp: 3.1.8 (/opt/ros/humble/share/rosidl_generator_cpp/cmake)
[0.902s] -- Using all available rosidl_typesupport_c: rosidl_typesupport_fastrtps_c;rosidl_typesupport_introspection_c
[0.918s] -- Using all available rosidl_typesupport_cpp: rosidl_typesupport_fastrtps_cpp;rosidl_typesupport_introspection_cpp
[0.972s] -- Found rmw_implementation_cmake: 6.1.2 (/opt/ros/humble/share/rmw_implementation_cmake/cmake)
[0.975s] -- Found rmw_cyclonedds_cpp: 1.3.4 (/opt/ros/humble/share/rmw_cyclonedds_cpp/cmake)
[1.002s] -- Using RMW implementation 'rmw_cyclonedds_cpp' as default
[1.014s] -- Looking for pthread.h
[1.097s] -- Looking for pthread.h - found
[1.097s] -- Performing Test CMAKE_HAVE_LIBC_PTHREAD
[1.185s] -- Performing Test CMAKE_HAVE_LIBC_PTHREAD - Success
[1.185s] -- Found Threads: TRUE  
[1.268s] CMake Error at CMakeLists.txt:9 (find_package):
[1.268s]   By not providing "Findpx4_msgs.cmake" in CMAKE_MODULE_PATH this project has
[1.268s]   asked CMake to find a package configuration file provided by "px4_msgs",
[1.268s]   but CMake did not find one.
[1.268s] 
[1.268s]   Could not find a package configuration file provided by "px4_msgs" with any
[1.268s]   of the following names:
[1.268s] 
[1.268s]     px4_msgsConfig.cmake
[1.268s]     px4_msgs-config.cmake
[1.269s] 
[1.269s]   Add the installation prefix of "px4_msgs" to CMAKE_PREFIX_PATH or set
[1.269s]   "px4_msgs_DIR" to a directory containing one of the above files.  If
[1.269s]   "px4_msgs" provides a separate development package or SDK, be sure it has
[1.269s]   been installed.
[1.269s] 
[1.269s] 
[1.269s] -- Configuring incomplete, errors occurred!
[1.269s] See also "/workspace/aerial_ws/ros2_ws/build/state_sharing/CMakeFiles/CMakeOutput.log".
[1.273s] Invoked command in '/workspace/aerial_ws/ros2_ws/build/state_sharing' returned '1': CMAKE_PREFIX_PATH=/opt/ros/humble /usr/bin/cmake /workspace/aerial_ws/ros2_ws/src/state_sharing -DCMAKE_INSTALL_PREFIX=/workspace/aerial_ws/ros2_ws/install/state_sharing
