/usr/local/lib/python3.10/dist-packages/setuptools/_distutils/dist.py:287: UserWarning: Unknown distribution option: 'tests_require'
  warnings.warn(msg)
running egg_info
creating ../../build/mission/mission.egg-info
writing ../../build/mission/mission.egg-info/PKG-INFO
writing dependency_links to ../../build/mission/mission.egg-info/dependency_links.txt
writing entry points to ../../build/mission/mission.egg-info/entry_points.txt
writing requirements to ../../build/mission/mission.egg-info/requires.txt
writing top-level names to ../../build/mission/mission.egg-info/top_level.txt
writing manifest file '../../build/mission/mission.egg-info/SOURCES.txt'
reading manifest file '../../build/mission/mission.egg-info/SOURCES.txt'
writing manifest file '../../build/mission/mission.egg-info/SOURCES.txt'
running build
running build_py
creating /workspace/aerial_ws/ros2_ws/build/mission/build/lib/mission
copying mission/__init__.py -> /workspace/aerial_ws/ros2_ws/build/mission/build/lib/mission
copying mission/mission_node.py -> /workspace/aerial_ws/ros2_ws/build/mission/build/lib/mission
running install
running install_lib
creating /workspace/aerial_ws/ros2_ws/install/mission/lib/python3.10/site-packages/mission
copying /workspace/aerial_ws/ros2_ws/build/mission/build/lib/mission/__init__.py -> /workspace/aerial_ws/ros2_ws/install/mission/lib/python3.10/site-packages/mission
copying /workspace/aerial_ws/ros2_ws/build/mission/build/lib/mission/mission_node.py -> /workspace/aerial_ws/ros2_ws/install/mission/lib/python3.10/site-packages/mission
byte-compiling /workspace/aerial_ws/ros2_ws/install/mission/lib/python3.10/site-packages/mission/__init__.py to __init__.cpython-310.pyc
byte-compiling /workspace/aerial_ws/ros2_ws/install/mission/lib/python3.10/site-packages/mission/mission_node.py to mission_node.cpython-310.pyc
running install_egg_info
Copying ../../build/mission/mission.egg-info to /workspace/aerial_ws/ros2_ws/install/mission/lib/python3.10/site-packages/mission-0.1.0-py3.10.egg-info
running install_scripts
Installing mission script to /workspace/aerial_ws/ros2_ws/install/mission/lib/mission
writing list of installed files to '/workspace/aerial_ws/ros2_ws/build/mission/install.log'
