[0.750s] Invoking command in '/workspace/aerial_ws/ros2_ws/src/mission': AMENT_PREFIX_PATH=/workspace/aerial_ws/ros2_ws/install/px4_msgs:/workspace/aerial_ws/ros2_ws/install/autopilot_interface_msgs:${AMENT_PREFIX_PATH} CMAKE_PREFIX_PATH=/workspace/aerial_ws/ros2_ws/install/px4_msgs:/workspace/aerial_ws/ros2_ws/install/autopilot_interface_msgs LD_LIBRARY_PATH=/workspace/aerial_ws/ros2_ws/install/px4_msgs/lib:/workspace/aerial_ws/ros2_ws/install/autopilot_interface_msgs/lib:${LD_LIBRARY_PATH} PYTHONPATH=/workspace/aerial_ws/ros2_ws/build/mission/prefix_override:/usr/lib/python3/dist-packages/colcon_core/task/python/colcon_distutils_commands:/workspace/aerial_ws/ros2_ws/install/mission/lib/python3.10/site-packages:/workspace/aerial_ws/ros2_ws/install/px4_msgs/local/lib/python3.10/dist-packages:/workspace/aerial_ws/ros2_ws/install/autopilot_interface_msgs/local/lib/python3.10/dist-packages:${PYTHONPATH} /usr/bin/python3 -W ignore:setup.py install is deprecated -W ignore:easy_install command is deprecated setup.py egg_info --egg-base ../../build/mission build --build-base /workspace/aerial_ws/ros2_ws/build/mission/build install --record /workspace/aerial_ws/ros2_ws/build/mission/install.log --single-version-externally-managed
[0.913s] /usr/local/lib/python3.10/dist-packages/setuptools/_distutils/dist.py:287: UserWarning: Unknown distribution option: 'tests_require'
[0.913s]   warnings.warn(msg)
[1.026s] running egg_info
[1.048s] creating ../../build/mission/mission.egg-info
[1.048s] writing ../../build/mission/mission.egg-info/PKG-INFO
[1.048s] writing dependency_links to ../../build/mission/mission.egg-info/dependency_links.txt
[1.048s] writing entry points to ../../build/mission/mission.egg-info/entry_points.txt
[1.048s] writing requirements to ../../build/mission/mission.egg-info/requires.txt
[1.049s] writing top-level names to ../../build/mission/mission.egg-info/top_level.txt
[1.216s] writing manifest file '../../build/mission/mission.egg-info/SOURCES.txt'
[1.262s] reading manifest file '../../build/mission/mission.egg-info/SOURCES.txt'
[1.263s] writing manifest file '../../build/mission/mission.egg-info/SOURCES.txt'
[1.263s] running build
[1.264s] running build_py
[1.264s] creating /workspace/aerial_ws/ros2_ws/build/mission/build/lib/mission
[1.264s] copying mission/__init__.py -> /workspace/aerial_ws/ros2_ws/build/mission/build/lib/mission
[1.264s] copying mission/mission_node.py -> /workspace/aerial_ws/ros2_ws/build/mission/build/lib/mission
[1.264s] running install
[1.268s] running install_lib
[1.296s] creating /workspace/aerial_ws/ros2_ws/install/mission/lib/python3.10/site-packages/mission
[1.297s] copying /workspace/aerial_ws/ros2_ws/build/mission/build/lib/mission/__init__.py -> /workspace/aerial_ws/ros2_ws/install/mission/lib/python3.10/site-packages/mission
[1.297s] copying /workspace/aerial_ws/ros2_ws/build/mission/build/lib/mission/mission_node.py -> /workspace/aerial_ws/ros2_ws/install/mission/lib/python3.10/site-packages/mission
[1.297s] byte-compiling /workspace/aerial_ws/ros2_ws/install/mission/lib/python3.10/site-packages/mission/__init__.py to __init__.cpython-310.pyc
[1.297s] byte-compiling /workspace/aerial_ws/ros2_ws/install/mission/lib/python3.10/site-packages/mission/mission_node.py to mission_node.cpython-310.pyc
[1.300s] running install_egg_info
[1.324s] Copying ../../build/mission/mission.egg-info to /workspace/aerial_ws/ros2_ws/install/mission/lib/python3.10/site-packages/mission-0.1.0-py3.10.egg-info
[1.325s] running install_scripts
[1.371s] Installing mission script to /workspace/aerial_ws/ros2_ws/install/mission/lib/mission
[1.371s] writing list of installed files to '/workspace/aerial_ws/ros2_ws/build/mission/install.log'
[1.396s] Invoked command in '/workspace/aerial_ws/ros2_ws/src/mission' returned '0': AMENT_PREFIX_PATH=/workspace/aerial_ws/ros2_ws/install/px4_msgs:/workspace/aerial_ws/ros2_ws/install/autopilot_interface_msgs:${AMENT_PREFIX_PATH} CMAKE_PREFIX_PATH=/workspace/aerial_ws/ros2_ws/install/px4_msgs:/workspace/aerial_ws/ros2_ws/install/autopilot_interface_msgs LD_LIBRARY_PATH=/workspace/aerial_ws/ros2_ws/install/px4_msgs/lib:/workspace/aerial_ws/ros2_ws/install/autopilot_interface_msgs/lib:${LD_LIBRARY_PATH} PYTHONPATH=/workspace/aerial_ws/ros2_ws/build/mission/prefix_override:/usr/lib/python3/dist-packages/colcon_core/task/python/colcon_distutils_commands:/workspace/aerial_ws/ros2_ws/install/mission/lib/python3.10/site-packages:/workspace/aerial_ws/ros2_ws/install/px4_msgs/local/lib/python3.10/dist-packages:/workspace/aerial_ws/ros2_ws/install/autopilot_interface_msgs/local/lib/python3.10/dist-packages:${PYTHONPATH} /usr/bin/python3 -W ignore:setup.py install is deprecated -W ignore:easy_install command is deprecated setup.py egg_info --egg-base ../../build/mission build --build-base /workspace/aerial_ws/ros2_ws/build/mission/build install --record /workspace/aerial_ws/ros2_ws/build/mission/install.log --single-version-externally-managed
