[0.019s] Invoking command in '/workspace/aerial_ws/ros2_ws/build/autopilot_interface': AMENT_PREFIX_PATH=/workspace/aerial_ws/ros2_ws/install/px4_msgs:/workspace/aerial_ws/ros2_ws/install/autopilot_interface_msgs:${AMENT_PREFIX_PATH} CMAKE_PREFIX_PATH=/workspace/aerial_ws/ros2_ws/install/px4_msgs:/workspace/aerial_ws/ros2_ws/install/autopilot_interface_msgs:/opt/ros/humble LD_LIBRARY_PATH=/workspace/aerial_ws/ros2_ws/install/px4_msgs/lib:/workspace/aerial_ws/ros2_ws/install/autopilot_interface_msgs/lib:${LD_LIBRARY_PATH} PYTHONPATH=/workspace/aerial_ws/ros2_ws/install/px4_msgs/local/lib/python3.10/dist-packages:/workspace/aerial_ws/ros2_ws/install/autopilot_interface_msgs/local/lib/python3.10/dist-packages:${PYTHONPATH} /usr/bin/cmake /workspace/aerial_ws/ros2_ws/src/autopilot_interface -DCMAKE_INSTALL_PREFIX=/workspace/aerial_ws/ros2_ws/install/autopilot_interface
[0.265s] -- The C compiler identification is GNU 11.4.0
[0.265s] -- The CXX compiler identification is GNU 11.4.0
[0.265s] -- Detecting C compiler ABI info
[0.276s] -- Detecting C compiler ABI info - done
[0.284s] -- Check for working C compiler: /usr/bin/cc - skipped
[0.284s] -- Detecting C compile features
[0.284s] -- Detecting C compile features - done
[0.288s] -- Detecting CXX compiler ABI info
[0.383s] -- Detecting CXX compiler ABI info - done
[0.399s] -- Check for working CXX compiler: /usr/bin/c++ - skipped
[0.399s] -- Detecting CXX compile features
[0.400s] -- Detecting CXX compile features - done
[0.405s] -- Found ament_cmake: 1.3.14 (/opt/ros/humble/share/ament_cmake/cmake)
[0.785s] -- Found Python3: /usr/bin/python3 (found version "3.10.12") found components: Interpreter 
[0.899s] -- Found rclcpp: 16.0.19 (/opt/ros/humble/share/rclcpp/cmake)
[0.940s] -- Found rosidl_generator_c: 3.1.8 (/opt/ros/humble/share/rosidl_generator_c/cmake)
[0.945s] -- Found rosidl_adapter: 3.1.8 (/opt/ros/humble/share/rosidl_adapter/cmake)
[0.954s] -- Found rosidl_generator_cpp: 3.1.8 (/opt/ros/humble/share/rosidl_generator_cpp/cmake)
[0.966s] -- Using all available rosidl_typesupport_c: rosidl_typesupport_fastrtps_c;rosidl_typesupport_introspection_c
[0.983s] -- Using all available rosidl_typesupport_cpp: rosidl_typesupport_fastrtps_cpp;rosidl_typesupport_introspection_cpp
[1.028s] -- Found rmw_implementation_cmake: 6.1.2 (/opt/ros/humble/share/rmw_implementation_cmake/cmake)
[1.031s] -- Found rmw_cyclonedds_cpp: 1.3.4 (/opt/ros/humble/share/rmw_cyclonedds_cpp/cmake)
[1.054s] -- Using RMW implementation 'rmw_cyclonedds_cpp' as default
[1.064s] -- Looking for pthread.h
[1.167s] -- Looking for pthread.h - found
[1.167s] -- Performing Test CMAKE_HAVE_LIBC_PTHREAD
[1.262s] -- Performing Test CMAKE_HAVE_LIBC_PTHREAD - Success
[1.262s] -- Found Threads: TRUE  
[1.316s] -- Found rclcpp_action: 16.0.19 (/opt/ros/humble/share/rclcpp_action/cmake)
[1.355s] -- Found px4_msgs: 2.0.1 (/workspace/aerial_ws/ros2_ws/install/px4_msgs/share/px4_msgs/cmake)
[1.370s] -- Found mavros_msgs: 2.14.0 (/opt/ros/humble/share/mavros_msgs/cmake)
[1.448s] -- Found rosidl_default_generators: 1.2.1 (/opt/ros/humble/share/rosidl_default_generators/cmake)
[1.463s] -- Found nav_msgs: 4.9.1 (/opt/ros/humble/share/nav_msgs/cmake)
[1.483s] -- Found autopilot_interface_msgs: 0.1.0 (/workspace/aerial_ws/ros2_ws/install/autopilot_interface_msgs/share/autopilot_interface_msgs/cmake)
[1.505s] -- Found GeographicLib: /usr/lib/x86_64-linux-gnu  
[1.612s] -- Configuring done
[1.638s] -- Generating done
[1.647s] -- Build files have been written to: /workspace/aerial_ws/ros2_ws/build/autopilot_interface
[1.655s] Invoked command in '/workspace/aerial_ws/ros2_ws/build/autopilot_interface' returned '0': AMENT_PREFIX_PATH=/workspace/aerial_ws/ros2_ws/install/px4_msgs:/workspace/aerial_ws/ros2_ws/install/autopilot_interface_msgs:${AMENT_PREFIX_PATH} CMAKE_PREFIX_PATH=/workspace/aerial_ws/ros2_ws/install/px4_msgs:/workspace/aerial_ws/ros2_ws/install/autopilot_interface_msgs:/opt/ros/humble LD_LIBRARY_PATH=/workspace/aerial_ws/ros2_ws/install/px4_msgs/lib:/workspace/aerial_ws/ros2_ws/install/autopilot_interface_msgs/lib:${LD_LIBRARY_PATH} PYTHONPATH=/workspace/aerial_ws/ros2_ws/install/px4_msgs/local/lib/python3.10/dist-packages:/workspace/aerial_ws/ros2_ws/install/autopilot_interface_msgs/local/lib/python3.10/dist-packages:${PYTHONPATH} /usr/bin/cmake /workspace/aerial_ws/ros2_ws/src/autopilot_interface -DCMAKE_INSTALL_PREFIX=/workspace/aerial_ws/ros2_ws/install/autopilot_interface
[1.657s] Invoking command in '/workspace/aerial_ws/ros2_ws/build/autopilot_interface': AMENT_PREFIX_PATH=/workspace/aerial_ws/ros2_ws/install/px4_msgs:/workspace/aerial_ws/ros2_ws/install/autopilot_interface_msgs:${AMENT_PREFIX_PATH} CMAKE_PREFIX_PATH=/workspace/aerial_ws/ros2_ws/install/px4_msgs:/workspace/aerial_ws/ros2_ws/install/autopilot_interface_msgs:/opt/ros/humble LD_LIBRARY_PATH=/workspace/aerial_ws/ros2_ws/install/px4_msgs/lib:/workspace/aerial_ws/ros2_ws/install/autopilot_interface_msgs/lib:${LD_LIBRARY_PATH} PYTHONPATH=/workspace/aerial_ws/ros2_ws/install/px4_msgs/local/lib/python3.10/dist-packages:/workspace/aerial_ws/ros2_ws/install/autopilot_interface_msgs/local/lib/python3.10/dist-packages:${PYTHONPATH} /usr/bin/cmake --build /workspace/aerial_ws/ros2_ws/build/autopilot_interface -- -j16 -l16
[1.737s] [ 25%] Building CXX object CMakeFiles/ardupilot_interface.dir/src/ardupilot_interface.cpp.o
[1.744s] [ 50%] Building CXX object CMakeFiles/px4_interface.dir/src/px4_interface.cpp.o
[24.902s] [ 75%] Linking CXX executable px4_interface
[26.755s] [ 75%] Built target px4_interface
[29.448s] [100%] Linking CXX executable ardupilot_interface
[31.796s] [100%] Built target ardupilot_interface
[31.809s] Invoked command in '/workspace/aerial_ws/ros2_ws/build/autopilot_interface' returned '0': AMENT_PREFIX_PATH=/workspace/aerial_ws/ros2_ws/install/px4_msgs:/workspace/aerial_ws/ros2_ws/install/autopilot_interface_msgs:${AMENT_PREFIX_PATH} CMAKE_PREFIX_PATH=/workspace/aerial_ws/ros2_ws/install/px4_msgs:/workspace/aerial_ws/ros2_ws/install/autopilot_interface_msgs:/opt/ros/humble LD_LIBRARY_PATH=/workspace/aerial_ws/ros2_ws/install/px4_msgs/lib:/workspace/aerial_ws/ros2_ws/install/autopilot_interface_msgs/lib:${LD_LIBRARY_PATH} PYTHONPATH=/workspace/aerial_ws/ros2_ws/install/px4_msgs/local/lib/python3.10/dist-packages:/workspace/aerial_ws/ros2_ws/install/autopilot_interface_msgs/local/lib/python3.10/dist-packages:${PYTHONPATH} /usr/bin/cmake --build /workspace/aerial_ws/ros2_ws/build/autopilot_interface -- -j16 -l16
[31.811s] Invoking command in '/workspace/aerial_ws/ros2_ws/build/autopilot_interface': AMENT_PREFIX_PATH=/workspace/aerial_ws/ros2_ws/install/px4_msgs:/workspace/aerial_ws/ros2_ws/install/autopilot_interface_msgs:${AMENT_PREFIX_PATH} CMAKE_PREFIX_PATH=/workspace/aerial_ws/ros2_ws/install/px4_msgs:/workspace/aerial_ws/ros2_ws/install/autopilot_interface_msgs:/opt/ros/humble LD_LIBRARY_PATH=/workspace/aerial_ws/ros2_ws/install/px4_msgs/lib:/workspace/aerial_ws/ros2_ws/install/autopilot_interface_msgs/lib:${LD_LIBRARY_PATH} PYTHONPATH=/workspace/aerial_ws/ros2_ws/install/px4_msgs/local/lib/python3.10/dist-packages:/workspace/aerial_ws/ros2_ws/install/autopilot_interface_msgs/local/lib/python3.10/dist-packages:${PYTHONPATH} /usr/bin/cmake --install /workspace/aerial_ws/ros2_ws/build/autopilot_interface
[31.826s] -- Install configuration: ""
[31.826s] -- Installing: /workspace/aerial_ws/ros2_ws/install/autopilot_interface/lib/autopilot_interface/px4_interface
[31.837s] -- Set runtime path of "/workspace/aerial_ws/ros2_ws/install/autopilot_interface/lib/autopilot_interface/px4_interface" to ""
[31.837s] -- Installing: /workspace/aerial_ws/ros2_ws/install/autopilot_interface/lib/autopilot_interface/ardupilot_interface
[31.845s] -- Set runtime path of "/workspace/aerial_ws/ros2_ws/install/autopilot_interface/lib/autopilot_interface/ardupilot_interface" to ""
[31.845s] -- Installing: /workspace/aerial_ws/ros2_ws/install/autopilot_interface/share/ament_index/resource_index/package_run_dependencies/autopilot_interface
[31.845s] -- Installing: /workspace/aerial_ws/ros2_ws/install/autopilot_interface/share/ament_index/resource_index/parent_prefix_path/autopilot_interface
[31.845s] -- Installing: /workspace/aerial_ws/ros2_ws/install/autopilot_interface/share/autopilot_interface/environment/ament_prefix_path.sh
[31.846s] -- Installing: /workspace/aerial_ws/ros2_ws/install/autopilot_interface/share/autopilot_interface/environment/ament_prefix_path.dsv
[31.846s] -- Installing: /workspace/aerial_ws/ros2_ws/install/autopilot_interface/share/autopilot_interface/environment/path.sh
[31.846s] -- Installing: /workspace/aerial_ws/ros2_ws/install/autopilot_interface/share/autopilot_interface/environment/path.dsv
[31.846s] -- Installing: /workspace/aerial_ws/ros2_ws/install/autopilot_interface/share/autopilot_interface/local_setup.bash
[31.847s] -- Installing: /workspace/aerial_ws/ros2_ws/install/autopilot_interface/share/autopilot_interface/local_setup.sh
[31.847s] -- Installing: /workspace/aerial_ws/ros2_ws/install/autopilot_interface/share/autopilot_interface/local_setup.zsh
[31.847s] -- Installing: /workspace/aerial_ws/ros2_ws/install/autopilot_interface/share/autopilot_interface/local_setup.dsv
[31.847s] -- Installing: /workspace/aerial_ws/ros2_ws/install/autopilot_interface/share/autopilot_interface/package.dsv
[31.847s] -- Installing: /workspace/aerial_ws/ros2_ws/install/autopilot_interface/share/ament_index/resource_index/packages/autopilot_interface
[31.848s] -- Installing: /workspace/aerial_ws/ros2_ws/install/autopilot_interface/share/autopilot_interface/cmake/ament_cmake_export_dependencies-extras.cmake
[31.848s] -- Installing: /workspace/aerial_ws/ros2_ws/install/autopilot_interface/share/autopilot_interface/cmake/autopilot_interfaceConfig.cmake
[31.848s] -- Installing: /workspace/aerial_ws/ros2_ws/install/autopilot_interface/share/autopilot_interface/cmake/autopilot_interfaceConfig-version.cmake
[31.848s] -- Installing: /workspace/aerial_ws/ros2_ws/install/autopilot_interface/share/autopilot_interface/package.xml
[31.851s] Invoked command in '/workspace/aerial_ws/ros2_ws/build/autopilot_interface' returned '0': AMENT_PREFIX_PATH=/workspace/aerial_ws/ros2_ws/install/px4_msgs:/workspace/aerial_ws/ros2_ws/install/autopilot_interface_msgs:${AMENT_PREFIX_PATH} CMAKE_PREFIX_PATH=/workspace/aerial_ws/ros2_ws/install/px4_msgs:/workspace/aerial_ws/ros2_ws/install/autopilot_interface_msgs:/opt/ros/humble LD_LIBRARY_PATH=/workspace/aerial_ws/ros2_ws/install/px4_msgs/lib:/workspace/aerial_ws/ros2_ws/install/autopilot_interface_msgs/lib:${LD_LIBRARY_PATH} PYTHONPATH=/workspace/aerial_ws/ros2_ws/install/px4_msgs/local/lib/python3.10/dist-packages:/workspace/aerial_ws/ros2_ws/install/autopilot_interface_msgs/local/lib/python3.10/dist-packages:${PYTHONPATH} /usr/bin/cmake --install /workspace/aerial_ws/ros2_ws/build/autopilot_interface
