[0.113s] colcon DEBUG Command line arguments: ['/usr/bin/colcon', 'build']
[0.113s] colcon DEBUG Parsed command line arguments: Namespace(log_base=None, log_level=None, verb_name='build', build_base='build', install_base='install', merge_install=False, symlink_install=False, test_result_base=None, continue_on_error=False, executor='parallel', parallel_workers=16, event_handlers=None, ignore_user_meta=False, metas=['./colcon.meta'], base_paths=['.'], packages_ignore=None, packages_ignore_regex=None, paths=None, packages_up_to=None, packages_up_to_regex=None, packages_above=None, packages_above_and_dependencies=None, packages_above_depth=None, packages_select_by_dep=None, packages_skip_by_dep=None, packages_skip_up_to=None, packages_select_build_failed=False, packages_skip_build_finished=False, packages_select_test_failures=False, packages_skip_test_passed=False, packages_select=None, packages_skip=None, packages_select_regex=None, packages_skip_regex=None, packages_start=None, packages_end=None, cmake_args=None, cmake_target=None, cmake_target_skip_unavailable=False, cmake_clean_cache=False, cmake_clean_first=False, cmake_force_configure=False, ament_cmake_args=None, catkin_cmake_args=None, catkin_skip_building_tests=False, verb_parser=<colcon_defaults.argument_parser.defaults.DefaultArgumentsDecorator object at 0x7ab5a7971660>, verb_extension=<colcon_core.verb.build.BuildVerb object at 0x7ab5a7a5efb0>, main=<bound method BuildVerb.main of <colcon_core.verb.build.BuildVerb object at 0x7ab5a7a5efb0>>)
[0.152s] colcon.colcon_core.package_discovery Level 1 discover_packages(colcon_meta) check parameters
[0.152s] colcon.colcon_core.package_discovery Level 1 discover_packages(recursive) check parameters
[0.152s] colcon.colcon_core.package_discovery Level 1 discover_packages(ignore) check parameters
[0.152s] colcon.colcon_core.package_discovery Level 1 discover_packages(path) check parameters
[0.152s] colcon.colcon_core.package_discovery Level 1 discover_packages(colcon_meta) discover
[0.152s] colcon.colcon_core.package_discovery Level 1 discover_packages(recursive) discover
[0.152s] colcon.colcon_core.package_discovery INFO Crawling recursively for packages in '/workspace/aerial_ws/ros2_ws'
[0.152s] colcon.colcon_core.package_identification Level 1 _identify(.) by extensions ['ignore', 'ignore_ament_install']
[0.152s] colcon.colcon_core.package_identification Level 1 _identify(.) by extension 'ignore'
[0.152s] colcon.colcon_core.package_identification Level 1 _identify(.) by extension 'ignore_ament_install'
[0.152s] colcon.colcon_core.package_identification Level 1 _identify(.) by extensions ['colcon_pkg']
[0.152s] colcon.colcon_core.package_identification Level 1 _identify(.) by extension 'colcon_pkg'
[0.152s] colcon.colcon_core.package_identification Level 1 _identify(.) by extensions ['colcon_meta']
[0.152s] colcon.colcon_core.package_identification Level 1 _identify(.) by extension 'colcon_meta'
[0.153s] colcon.colcon_core.package_identification Level 1 _identify(.) by extensions ['ros']
[0.153s] colcon.colcon_core.package_identification Level 1 _identify(.) by extension 'ros'
[0.179s] colcon.colcon_core.package_identification Level 1 _identify(.) by extensions ['cmake', 'python']
[0.180s] colcon.colcon_core.package_identification Level 1 _identify(.) by extension 'cmake'
[0.180s] colcon.colcon_core.package_identification Level 1 _identify(.) by extension 'python'
[0.180s] colcon.colcon_core.package_identification Level 1 _identify(.) by extensions ['python_setup_py']
[0.180s] colcon.colcon_core.package_identification Level 1 _identify(.) by extension 'python_setup_py'
[0.180s] colcon.colcon_core.package_identification Level 1 _identify(build) by extensions ['ignore', 'ignore_ament_install']
[0.180s] colcon.colcon_core.package_identification Level 1 _identify(build) by extension 'ignore'
[0.180s] colcon.colcon_core.package_identification Level 1 _identify(build) ignored
[0.180s] colcon.colcon_core.package_identification Level 1 _identify(install) by extensions ['ignore', 'ignore_ament_install']
[0.180s] colcon.colcon_core.package_identification Level 1 _identify(install) by extension 'ignore'
[0.180s] colcon.colcon_core.package_identification Level 1 _identify(install) ignored
[0.180s] colcon.colcon_core.package_identification Level 1 _identify(log) by extensions ['ignore', 'ignore_ament_install']
[0.180s] colcon.colcon_core.package_identification Level 1 _identify(log) by extension 'ignore'
[0.180s] colcon.colcon_core.package_identification Level 1 _identify(log) ignored
[0.180s] colcon.colcon_core.package_identification Level 1 _identify(src) by extensions ['ignore', 'ignore_ament_install']
[0.181s] colcon.colcon_core.package_identification Level 1 _identify(src) by extension 'ignore'
[0.181s] colcon.colcon_core.package_identification Level 1 _identify(src) by extension 'ignore_ament_install'
[0.181s] colcon.colcon_core.package_identification Level 1 _identify(src) by extensions ['colcon_pkg']
[0.181s] colcon.colcon_core.package_identification Level 1 _identify(src) by extension 'colcon_pkg'
[0.181s] colcon.colcon_core.package_identification Level 1 _identify(src) by extensions ['colcon_meta']
[0.181s] colcon.colcon_core.package_identification Level 1 _identify(src) by extension 'colcon_meta'
[0.181s] colcon.colcon_core.package_identification Level 1 _identify(src) by extensions ['ros']
[0.181s] colcon.colcon_core.package_identification Level 1 _identify(src) by extension 'ros'
[0.181s] colcon.colcon_core.package_identification Level 1 _identify(src) by extensions ['cmake', 'python']
[0.181s] colcon.colcon_core.package_identification Level 1 _identify(src) by extension 'cmake'
[0.181s] colcon.colcon_core.package_identification Level 1 _identify(src) by extension 'python'
[0.181s] colcon.colcon_core.package_identification Level 1 _identify(src) by extensions ['python_setup_py']
[0.181s] colcon.colcon_core.package_identification Level 1 _identify(src) by extension 'python_setup_py'
[0.181s] colcon.colcon_core.package_identification Level 1 _identify(src/autopilot_interface) by extensions ['ignore', 'ignore_ament_install']
[0.181s] colcon.colcon_core.package_identification Level 1 _identify(src/autopilot_interface) by extension 'ignore'
[0.181s] colcon.colcon_core.package_identification Level 1 _identify(src/autopilot_interface) by extension 'ignore_ament_install'
[0.181s] colcon.colcon_core.package_identification Level 1 _identify(src/autopilot_interface) by extensions ['colcon_pkg']
[0.181s] colcon.colcon_core.package_identification Level 1 _identify(src/autopilot_interface) by extension 'colcon_pkg'
[0.181s] colcon.colcon_core.package_identification Level 1 _identify(src/autopilot_interface) by extensions ['colcon_meta']
[0.182s] colcon.colcon_core.package_identification Level 1 _identify(src/autopilot_interface) by extension 'colcon_meta'
[0.182s] colcon.colcon_core.package_identification Level 1 _identify(src/autopilot_interface) by extensions ['ros']
[0.182s] colcon.colcon_core.package_identification Level 1 _identify(src/autopilot_interface) by extension 'ros'
[0.185s] colcon.colcon_core.package_identification DEBUG Package 'src/autopilot_interface' with type 'ros.ament_cmake' and name 'autopilot_interface'
[0.185s] colcon.colcon_core.package_identification Level 1 _identify(src/autopilot_interface_msgs) by extensions ['ignore', 'ignore_ament_install']
[0.185s] colcon.colcon_core.package_identification Level 1 _identify(src/autopilot_interface_msgs) by extension 'ignore'
[0.185s] colcon.colcon_core.package_identification Level 1 _identify(src/autopilot_interface_msgs) by extension 'ignore_ament_install'
[0.185s] colcon.colcon_core.package_identification Level 1 _identify(src/autopilot_interface_msgs) by extensions ['colcon_pkg']
[0.185s] colcon.colcon_core.package_identification Level 1 _identify(src/autopilot_interface_msgs) by extension 'colcon_pkg'
[0.185s] colcon.colcon_core.package_identification Level 1 _identify(src/autopilot_interface_msgs) by extensions ['colcon_meta']
[0.185s] colcon.colcon_core.package_identification Level 1 _identify(src/autopilot_interface_msgs) by extension 'colcon_meta'
[0.185s] colcon.colcon_core.package_identification Level 1 _identify(src/autopilot_interface_msgs) by extensions ['ros']
[0.185s] colcon.colcon_core.package_identification Level 1 _identify(src/autopilot_interface_msgs) by extension 'ros'
[0.186s] colcon.colcon_core.package_identification DEBUG Package 'src/autopilot_interface_msgs' with type 'ros.ament_cmake' and name 'autopilot_interface_msgs'
[0.186s] colcon.colcon_core.package_identification Level 1 _identify(src/imu_publisher) by extensions ['ignore', 'ignore_ament_install']
[0.186s] colcon.colcon_core.package_identification Level 1 _identify(src/imu_publisher) by extension 'ignore'
[0.186s] colcon.colcon_core.package_identification Level 1 _identify(src/imu_publisher) by extension 'ignore_ament_install'
[0.186s] colcon.colcon_core.package_identification Level 1 _identify(src/imu_publisher) by extensions ['colcon_pkg']
[0.186s] colcon.colcon_core.package_identification Level 1 _identify(src/imu_publisher) by extension 'colcon_pkg'
[0.186s] colcon.colcon_core.package_identification Level 1 _identify(src/imu_publisher) by extensions ['colcon_meta']
[0.187s] colcon.colcon_core.package_identification Level 1 _identify(src/imu_publisher) by extension 'colcon_meta'
[0.187s] colcon.colcon_core.package_identification Level 1 _identify(src/imu_publisher) by extensions ['ros']
[0.187s] colcon.colcon_core.package_identification Level 1 _identify(src/imu_publisher) by extension 'ros'
[0.187s] colcon.colcon_core.package_identification DEBUG Package 'src/imu_publisher' with type 'ros.ament_cmake' and name 'imu_publisher'
[0.187s] colcon.colcon_core.package_identification Level 1 _identify(src/mission) by extensions ['ignore', 'ignore_ament_install']
[0.188s] colcon.colcon_core.package_identification Level 1 _identify(src/mission) by extension 'ignore'
[0.188s] colcon.colcon_core.package_identification Level 1 _identify(src/mission) by extension 'ignore_ament_install'
[0.188s] colcon.colcon_core.package_identification Level 1 _identify(src/mission) by extensions ['colcon_pkg']
[0.188s] colcon.colcon_core.package_identification Level 1 _identify(src/mission) by extension 'colcon_pkg'
[0.188s] colcon.colcon_core.package_identification Level 1 _identify(src/mission) by extensions ['colcon_meta']
[0.188s] colcon.colcon_core.package_identification Level 1 _identify(src/mission) by extension 'colcon_meta'
[0.188s] colcon.colcon_core.package_identification Level 1 _identify(src/mission) by extensions ['ros']
[0.188s] colcon.colcon_core.package_identification Level 1 _identify(src/mission) by extension 'ros'
[0.189s] colcon.colcon_core.package_identification DEBUG Package 'src/mission' with type 'ros.ament_python' and name 'mission'
[0.189s] colcon.colcon_core.package_identification Level 1 _identify(src/offboard_control) by extensions ['ignore', 'ignore_ament_install']
[0.189s] colcon.colcon_core.package_identification Level 1 _identify(src/offboard_control) by extension 'ignore'
[0.189s] colcon.colcon_core.package_identification Level 1 _identify(src/offboard_control) by extension 'ignore_ament_install'
[0.189s] colcon.colcon_core.package_identification Level 1 _identify(src/offboard_control) by extensions ['colcon_pkg']
[0.189s] colcon.colcon_core.package_identification Level 1 _identify(src/offboard_control) by extension 'colcon_pkg'
[0.189s] colcon.colcon_core.package_identification Level 1 _identify(src/offboard_control) by extensions ['colcon_meta']
[0.189s] colcon.colcon_core.package_identification Level 1 _identify(src/offboard_control) by extension 'colcon_meta'
[0.190s] colcon.colcon_core.package_identification Level 1 _identify(src/offboard_control) by extensions ['ros']
[0.190s] colcon.colcon_core.package_identification Level 1 _identify(src/offboard_control) by extension 'ros'
[0.191s] colcon.colcon_core.package_identification DEBUG Package 'src/offboard_control' with type 'ros.ament_cmake' and name 'offboard_control'
[0.191s] colcon.colcon_core.package_identification Level 1 _identify(src/pegasus_ai) by extensions ['ignore', 'ignore_ament_install']
[0.191s] colcon.colcon_core.package_identification Level 1 _identify(src/pegasus_ai) by extension 'ignore'
[0.191s] colcon.colcon_core.package_identification Level 1 _identify(src/pegasus_ai) by extension 'ignore_ament_install'
[0.191s] colcon.colcon_core.package_identification Level 1 _identify(src/pegasus_ai) by extensions ['colcon_pkg']
[0.191s] colcon.colcon_core.package_identification Level 1 _identify(src/pegasus_ai) by extension 'colcon_pkg'
[0.192s] colcon.colcon_core.package_identification Level 1 _identify(src/pegasus_ai) by extensions ['colcon_meta']
[0.192s] colcon.colcon_core.package_identification Level 1 _identify(src/pegasus_ai) by extension 'colcon_meta'
[0.192s] colcon.colcon_core.package_identification Level 1 _identify(src/pegasus_ai) by extensions ['ros']
[0.192s] colcon.colcon_core.package_identification Level 1 _identify(src/pegasus_ai) by extension 'ros'
[0.193s] colcon.colcon_core.package_identification DEBUG Package 'src/pegasus_ai' with type 'ros.ament_python' and name 'pegasus_ai'
[0.193s] colcon.colcon_core.package_identification Level 1 _identify(src/pegasus_bringup) by extensions ['ignore', 'ignore_ament_install']
[0.193s] colcon.colcon_core.package_identification Level 1 _identify(src/pegasus_bringup) by extension 'ignore'
[0.193s] colcon.colcon_core.package_identification Level 1 _identify(src/pegasus_bringup) by extension 'ignore_ament_install'
[0.193s] colcon.colcon_core.package_identification Level 1 _identify(src/pegasus_bringup) by extensions ['colcon_pkg']
[0.193s] colcon.colcon_core.package_identification Level 1 _identify(src/pegasus_bringup) by extension 'colcon_pkg'
[0.193s] colcon.colcon_core.package_identification Level 1 _identify(src/pegasus_bringup) by extensions ['colcon_meta']
[0.193s] colcon.colcon_core.package_identification Level 1 _identify(src/pegasus_bringup) by extension 'colcon_meta'
[0.193s] colcon.colcon_core.package_identification Level 1 _identify(src/pegasus_bringup) by extensions ['ros']
[0.193s] colcon.colcon_core.package_identification Level 1 _identify(src/pegasus_bringup) by extension 'ros'
[0.194s] colcon.colcon_core.package_identification DEBUG Package 'src/pegasus_bringup' with type 'ros.ament_cmake' and name 'pegasus_bringup'
[0.194s] colcon.colcon_core.package_identification Level 1 _identify(src/pegasus_msgs) by extensions ['ignore', 'ignore_ament_install']
[0.194s] colcon.colcon_core.package_identification Level 1 _identify(src/pegasus_msgs) by extension 'ignore'
[0.194s] colcon.colcon_core.package_identification Level 1 _identify(src/pegasus_msgs) by extension 'ignore_ament_install'
[0.194s] colcon.colcon_core.package_identification Level 1 _identify(src/pegasus_msgs) by extensions ['colcon_pkg']
[0.194s] colcon.colcon_core.package_identification Level 1 _identify(src/pegasus_msgs) by extension 'colcon_pkg'
[0.194s] colcon.colcon_core.package_identification Level 1 _identify(src/pegasus_msgs) by extensions ['colcon_meta']
[0.194s] colcon.colcon_core.package_identification Level 1 _identify(src/pegasus_msgs) by extension 'colcon_meta'
[0.194s] colcon.colcon_core.package_identification Level 1 _identify(src/pegasus_msgs) by extensions ['ros']
[0.194s] colcon.colcon_core.package_identification Level 1 _identify(src/pegasus_msgs) by extension 'ros'
[0.195s] colcon.colcon_core.package_identification DEBUG Package 'src/pegasus_msgs' with type 'ros.ament_cmake' and name 'pegasus_msgs'
[0.195s] colcon.colcon_core.package_identification Level 1 _identify(src/state_sharing) by extensions ['ignore', 'ignore_ament_install']
[0.195s] colcon.colcon_core.package_identification Level 1 _identify(src/state_sharing) by extension 'ignore'
[0.195s] colcon.colcon_core.package_identification Level 1 _identify(src/state_sharing) by extension 'ignore_ament_install'
[0.195s] colcon.colcon_core.package_identification Level 1 _identify(src/state_sharing) by extensions ['colcon_pkg']
[0.195s] colcon.colcon_core.package_identification Level 1 _identify(src/state_sharing) by extension 'colcon_pkg'
[0.195s] colcon.colcon_core.package_identification Level 1 _identify(src/state_sharing) by extensions ['colcon_meta']
[0.195s] colcon.colcon_core.package_identification Level 1 _identify(src/state_sharing) by extension 'colcon_meta'
[0.195s] colcon.colcon_core.package_identification Level 1 _identify(src/state_sharing) by extensions ['ros']
[0.195s] colcon.colcon_core.package_identification Level 1 _identify(src/state_sharing) by extension 'ros'
[0.196s] colcon.colcon_core.package_identification DEBUG Package 'src/state_sharing' with type 'ros.ament_cmake' and name 'state_sharing'
[0.196s] colcon.colcon_core.package_identification Level 1 _identify(src/yolo_py) by extensions ['ignore', 'ignore_ament_install']
[0.196s] colcon.colcon_core.package_identification Level 1 _identify(src/yolo_py) by extension 'ignore'
[0.196s] colcon.colcon_core.package_identification Level 1 _identify(src/yolo_py) by extension 'ignore_ament_install'
[0.197s] colcon.colcon_core.package_identification Level 1 _identify(src/yolo_py) by extensions ['colcon_pkg']
[0.197s] colcon.colcon_core.package_identification Level 1 _identify(src/yolo_py) by extension 'colcon_pkg'
[0.197s] colcon.colcon_core.package_identification Level 1 _identify(src/yolo_py) by extensions ['colcon_meta']
[0.197s] colcon.colcon_core.package_identification Level 1 _identify(src/yolo_py) by extension 'colcon_meta'
[0.197s] colcon.colcon_core.package_identification Level 1 _identify(src/yolo_py) by extensions ['ros']
[0.197s] colcon.colcon_core.package_identification Level 1 _identify(src/yolo_py) by extension 'ros'
[0.197s] colcon.colcon_core.package_identification DEBUG Package 'src/yolo_py' with type 'ros.ament_python' and name 'yolo_py'
[0.197s] colcon.colcon_core.package_discovery Level 1 discover_packages(recursive) using defaults
[0.198s] colcon.colcon_core.package_discovery Level 1 discover_packages(ignore) discover
[0.198s] colcon.colcon_core.package_discovery Level 1 discover_packages(ignore) using defaults
[0.198s] colcon.colcon_core.package_discovery Level 1 discover_packages(path) discover
[0.198s] colcon.colcon_core.package_discovery Level 1 discover_packages(path) using defaults
[0.214s] colcon.colcon_core.verb Level 5 set package 'autopilot_interface_msgs' build argument 'cmake_args' from command line to 'None'
[0.214s] colcon.colcon_core.verb Level 5 set package 'autopilot_interface_msgs' build argument 'cmake_target' from command line to 'None'
[0.214s] colcon.colcon_core.verb Level 5 set package 'autopilot_interface_msgs' build argument 'cmake_target_skip_unavailable' from command line to 'False'
[0.214s] colcon.colcon_core.verb Level 5 set package 'autopilot_interface_msgs' build argument 'cmake_clean_cache' from command line to 'False'
[0.214s] colcon.colcon_core.verb Level 5 set package 'autopilot_interface_msgs' build argument 'cmake_clean_first' from command line to 'False'
[0.214s] colcon.colcon_core.verb Level 5 set package 'autopilot_interface_msgs' build argument 'cmake_force_configure' from command line to 'False'
[0.214s] colcon.colcon_core.verb Level 5 set package 'autopilot_interface_msgs' build argument 'ament_cmake_args' from command line to 'None'
[0.214s] colcon.colcon_core.verb Level 5 set package 'autopilot_interface_msgs' build argument 'catkin_cmake_args' from command line to 'None'
[0.214s] colcon.colcon_core.verb Level 5 set package 'autopilot_interface_msgs' build argument 'catkin_skip_building_tests' from command line to 'False'
[0.214s] colcon.colcon_core.verb DEBUG Building package 'autopilot_interface_msgs' with the following arguments: {'ament_cmake_args': None, 'build_base': '/workspace/aerial_ws/ros2_ws/build/autopilot_interface_msgs', 'catkin_cmake_args': None, 'catkin_skip_building_tests': False, 'cmake_args': None, 'cmake_clean_cache': False, 'cmake_clean_first': False, 'cmake_force_configure': False, 'cmake_target': None, 'cmake_target_skip_unavailable': False, 'install_base': '/workspace/aerial_ws/ros2_ws/install/autopilot_interface_msgs', 'merge_install': False, 'path': '/workspace/aerial_ws/ros2_ws/src/autopilot_interface_msgs', 'symlink_install': False, 'test_result_base': None}
[0.215s] colcon.colcon_core.verb Level 5 set package 'imu_publisher' build argument 'cmake_args' from command line to 'None'
[0.215s] colcon.colcon_core.verb Level 5 set package 'imu_publisher' build argument 'cmake_target' from command line to 'None'
[0.215s] colcon.colcon_core.verb Level 5 set package 'imu_publisher' build argument 'cmake_target_skip_unavailable' from command line to 'False'
[0.215s] colcon.colcon_core.verb Level 5 set package 'imu_publisher' build argument 'cmake_clean_cache' from command line to 'False'
[0.215s] colcon.colcon_core.verb Level 5 set package 'imu_publisher' build argument 'cmake_clean_first' from command line to 'False'
[0.215s] colcon.colcon_core.verb Level 5 set package 'imu_publisher' build argument 'cmake_force_configure' from command line to 'False'
[0.215s] colcon.colcon_core.verb Level 5 set package 'imu_publisher' build argument 'ament_cmake_args' from command line to 'None'
[0.215s] colcon.colcon_core.verb Level 5 set package 'imu_publisher' build argument 'catkin_cmake_args' from command line to 'None'
[0.215s] colcon.colcon_core.verb Level 5 set package 'imu_publisher' build argument 'catkin_skip_building_tests' from command line to 'False'
[0.215s] colcon.colcon_core.verb DEBUG Building package 'imu_publisher' with the following arguments: {'ament_cmake_args': None, 'build_base': '/workspace/aerial_ws/ros2_ws/build/imu_publisher', 'catkin_cmake_args': None, 'catkin_skip_building_tests': False, 'cmake_args': None, 'cmake_clean_cache': False, 'cmake_clean_first': False, 'cmake_force_configure': False, 'cmake_target': None, 'cmake_target_skip_unavailable': False, 'install_base': '/workspace/aerial_ws/ros2_ws/install/imu_publisher', 'merge_install': False, 'path': '/workspace/aerial_ws/ros2_ws/src/imu_publisher', 'symlink_install': False, 'test_result_base': None}
[0.215s] colcon.colcon_core.verb Level 5 set package 'pegasus_msgs' build argument 'cmake_args' from command line to 'None'
[0.215s] colcon.colcon_core.verb Level 5 set package 'pegasus_msgs' build argument 'cmake_target' from command line to 'None'
[0.215s] colcon.colcon_core.verb Level 5 set package 'pegasus_msgs' build argument 'cmake_target_skip_unavailable' from command line to 'False'
[0.215s] colcon.colcon_core.verb Level 5 set package 'pegasus_msgs' build argument 'cmake_clean_cache' from command line to 'False'
[0.215s] colcon.colcon_core.verb Level 5 set package 'pegasus_msgs' build argument 'cmake_clean_first' from command line to 'False'
[0.215s] colcon.colcon_core.verb Level 5 set package 'pegasus_msgs' build argument 'cmake_force_configure' from command line to 'False'
[0.215s] colcon.colcon_core.verb Level 5 set package 'pegasus_msgs' build argument 'ament_cmake_args' from command line to 'None'
[0.215s] colcon.colcon_core.verb Level 5 set package 'pegasus_msgs' build argument 'catkin_cmake_args' from command line to 'None'
[0.215s] colcon.colcon_core.verb Level 5 set package 'pegasus_msgs' build argument 'catkin_skip_building_tests' from command line to 'False'
[0.215s] colcon.colcon_core.verb DEBUG Building package 'pegasus_msgs' with the following arguments: {'ament_cmake_args': None, 'build_base': '/workspace/aerial_ws/ros2_ws/build/pegasus_msgs', 'catkin_cmake_args': None, 'catkin_skip_building_tests': False, 'cmake_args': None, 'cmake_clean_cache': False, 'cmake_clean_first': False, 'cmake_force_configure': False, 'cmake_target': None, 'cmake_target_skip_unavailable': False, 'install_base': '/workspace/aerial_ws/ros2_ws/install/pegasus_msgs', 'merge_install': False, 'path': '/workspace/aerial_ws/ros2_ws/src/pegasus_msgs', 'symlink_install': False, 'test_result_base': None}
[0.216s] colcon.colcon_core.verb Level 5 set package 'state_sharing' build argument 'cmake_args' from command line to 'None'
[0.216s] colcon.colcon_core.verb Level 5 set package 'state_sharing' build argument 'cmake_target' from command line to 'None'
[0.216s] colcon.colcon_core.verb Level 5 set package 'state_sharing' build argument 'cmake_target_skip_unavailable' from command line to 'False'
[0.216s] colcon.colcon_core.verb Level 5 set package 'state_sharing' build argument 'cmake_clean_cache' from command line to 'False'
[0.216s] colcon.colcon_core.verb Level 5 set package 'state_sharing' build argument 'cmake_clean_first' from command line to 'False'
[0.216s] colcon.colcon_core.verb Level 5 set package 'state_sharing' build argument 'cmake_force_configure' from command line to 'False'
[0.216s] colcon.colcon_core.verb Level 5 set package 'state_sharing' build argument 'ament_cmake_args' from command line to 'None'
[0.216s] colcon.colcon_core.verb Level 5 set package 'state_sharing' build argument 'catkin_cmake_args' from command line to 'None'
[0.216s] colcon.colcon_core.verb Level 5 set package 'state_sharing' build argument 'catkin_skip_building_tests' from command line to 'False'
[0.216s] colcon.colcon_core.verb DEBUG Building package 'state_sharing' with the following arguments: {'ament_cmake_args': None, 'build_base': '/workspace/aerial_ws/ros2_ws/build/state_sharing', 'catkin_cmake_args': None, 'catkin_skip_building_tests': False, 'cmake_args': None, 'cmake_clean_cache': False, 'cmake_clean_first': False, 'cmake_force_configure': False, 'cmake_target': None, 'cmake_target_skip_unavailable': False, 'install_base': '/workspace/aerial_ws/ros2_ws/install/state_sharing', 'merge_install': False, 'path': '/workspace/aerial_ws/ros2_ws/src/state_sharing', 'symlink_install': False, 'test_result_base': None}
[0.216s] colcon.colcon_core.verb Level 5 set package 'yolo_py' build argument 'cmake_args' from command line to 'None'
[0.216s] colcon.colcon_core.verb Level 5 set package 'yolo_py' build argument 'cmake_target' from command line to 'None'
[0.216s] colcon.colcon_core.verb Level 5 set package 'yolo_py' build argument 'cmake_target_skip_unavailable' from command line to 'False'
[0.216s] colcon.colcon_core.verb Level 5 set package 'yolo_py' build argument 'cmake_clean_cache' from command line to 'False'
[0.216s] colcon.colcon_core.verb Level 5 set package 'yolo_py' build argument 'cmake_clean_first' from command line to 'False'
[0.216s] colcon.colcon_core.verb Level 5 set package 'yolo_py' build argument 'cmake_force_configure' from command line to 'False'
[0.216s] colcon.colcon_core.verb Level 5 set package 'yolo_py' build argument 'ament_cmake_args' from command line to 'None'
[0.217s] colcon.colcon_core.verb Level 5 set package 'yolo_py' build argument 'catkin_cmake_args' from command line to 'None'
[0.217s] colcon.colcon_core.verb Level 5 set package 'yolo_py' build argument 'catkin_skip_building_tests' from command line to 'False'
[0.217s] colcon.colcon_core.verb DEBUG Building package 'yolo_py' with the following arguments: {'ament_cmake_args': None, 'build_base': '/workspace/aerial_ws/ros2_ws/build/yolo_py', 'catkin_cmake_args': None, 'catkin_skip_building_tests': False, 'cmake_args': None, 'cmake_clean_cache': False, 'cmake_clean_first': False, 'cmake_force_configure': False, 'cmake_target': None, 'cmake_target_skip_unavailable': False, 'install_base': '/workspace/aerial_ws/ros2_ws/install/yolo_py', 'merge_install': False, 'path': '/workspace/aerial_ws/ros2_ws/src/yolo_py', 'symlink_install': False, 'test_result_base': None}
[0.217s] colcon.colcon_core.verb Level 5 set package 'autopilot_interface' build argument 'cmake_args' from command line to 'None'
[0.217s] colcon.colcon_core.verb Level 5 set package 'autopilot_interface' build argument 'cmake_target' from command line to 'None'
[0.217s] colcon.colcon_core.verb Level 5 set package 'autopilot_interface' build argument 'cmake_target_skip_unavailable' from command line to 'False'
[0.217s] colcon.colcon_core.verb Level 5 set package 'autopilot_interface' build argument 'cmake_clean_cache' from command line to 'False'
[0.217s] colcon.colcon_core.verb Level 5 set package 'autopilot_interface' build argument 'cmake_clean_first' from command line to 'False'
[0.217s] colcon.colcon_core.verb Level 5 set package 'autopilot_interface' build argument 'cmake_force_configure' from command line to 'False'
[0.217s] colcon.colcon_core.verb Level 5 set package 'autopilot_interface' build argument 'ament_cmake_args' from command line to 'None'
[0.217s] colcon.colcon_core.verb Level 5 set package 'autopilot_interface' build argument 'catkin_cmake_args' from command line to 'None'
[0.217s] colcon.colcon_core.verb Level 5 set package 'autopilot_interface' build argument 'catkin_skip_building_tests' from command line to 'False'
[0.217s] colcon.colcon_core.verb DEBUG Building package 'autopilot_interface' with the following arguments: {'ament_cmake_args': None, 'build_base': '/workspace/aerial_ws/ros2_ws/build/autopilot_interface', 'catkin_cmake_args': None, 'catkin_skip_building_tests': False, 'cmake_args': None, 'cmake_clean_cache': False, 'cmake_clean_first': False, 'cmake_force_configure': False, 'cmake_target': None, 'cmake_target_skip_unavailable': False, 'install_base': '/workspace/aerial_ws/ros2_ws/install/autopilot_interface', 'merge_install': False, 'path': '/workspace/aerial_ws/ros2_ws/src/autopilot_interface', 'symlink_install': False, 'test_result_base': None}
[0.217s] colcon.colcon_core.verb Level 5 set package 'mission' build argument 'cmake_args' from command line to 'None'
[0.218s] colcon.colcon_core.verb Level 5 set package 'mission' build argument 'cmake_target' from command line to 'None'
[0.218s] colcon.colcon_core.verb Level 5 set package 'mission' build argument 'cmake_target_skip_unavailable' from command line to 'False'
[0.218s] colcon.colcon_core.verb Level 5 set package 'mission' build argument 'cmake_clean_cache' from command line to 'False'
[0.218s] colcon.colcon_core.verb Level 5 set package 'mission' build argument 'cmake_clean_first' from command line to 'False'
[0.218s] colcon.colcon_core.verb Level 5 set package 'mission' build argument 'cmake_force_configure' from command line to 'False'
[0.218s] colcon.colcon_core.verb Level 5 set package 'mission' build argument 'ament_cmake_args' from command line to 'None'
[0.218s] colcon.colcon_core.verb Level 5 set package 'mission' build argument 'catkin_cmake_args' from command line to 'None'
[0.218s] colcon.colcon_core.verb Level 5 set package 'mission' build argument 'catkin_skip_building_tests' from command line to 'False'
[0.218s] colcon.colcon_core.verb DEBUG Building package 'mission' with the following arguments: {'ament_cmake_args': None, 'build_base': '/workspace/aerial_ws/ros2_ws/build/mission', 'catkin_cmake_args': None, 'catkin_skip_building_tests': False, 'cmake_args': None, 'cmake_clean_cache': False, 'cmake_clean_first': False, 'cmake_force_configure': False, 'cmake_target': None, 'cmake_target_skip_unavailable': False, 'install_base': '/workspace/aerial_ws/ros2_ws/install/mission', 'merge_install': False, 'path': '/workspace/aerial_ws/ros2_ws/src/mission', 'symlink_install': False, 'test_result_base': None}
[0.218s] colcon.colcon_core.verb Level 5 set package 'offboard_control' build argument 'cmake_args' from command line to 'None'
[0.218s] colcon.colcon_core.verb Level 5 set package 'offboard_control' build argument 'cmake_target' from command line to 'None'
[0.218s] colcon.colcon_core.verb Level 5 set package 'offboard_control' build argument 'cmake_target_skip_unavailable' from command line to 'False'
[0.218s] colcon.colcon_core.verb Level 5 set package 'offboard_control' build argument 'cmake_clean_cache' from command line to 'False'
[0.218s] colcon.colcon_core.verb Level 5 set package 'offboard_control' build argument 'cmake_clean_first' from command line to 'False'
[0.218s] colcon.colcon_core.verb Level 5 set package 'offboard_control' build argument 'cmake_force_configure' from command line to 'False'
[0.218s] colcon.colcon_core.verb Level 5 set package 'offboard_control' build argument 'ament_cmake_args' from command line to 'None'
[0.218s] colcon.colcon_core.verb Level 5 set package 'offboard_control' build argument 'catkin_cmake_args' from command line to 'None'
[0.218s] colcon.colcon_core.verb Level 5 set package 'offboard_control' build argument 'catkin_skip_building_tests' from command line to 'False'
[0.218s] colcon.colcon_core.verb DEBUG Building package 'offboard_control' with the following arguments: {'ament_cmake_args': None, 'build_base': '/workspace/aerial_ws/ros2_ws/build/offboard_control', 'catkin_cmake_args': None, 'catkin_skip_building_tests': False, 'cmake_args': None, 'cmake_clean_cache': False, 'cmake_clean_first': False, 'cmake_force_configure': False, 'cmake_target': None, 'cmake_target_skip_unavailable': False, 'install_base': '/workspace/aerial_ws/ros2_ws/install/offboard_control', 'merge_install': False, 'path': '/workspace/aerial_ws/ros2_ws/src/offboard_control', 'symlink_install': False, 'test_result_base': None}
[0.219s] colcon.colcon_core.verb Level 5 set package 'pegasus_ai' build argument 'cmake_args' from command line to 'None'
[0.219s] colcon.colcon_core.verb Level 5 set package 'pegasus_ai' build argument 'cmake_target' from command line to 'None'
[0.219s] colcon.colcon_core.verb Level 5 set package 'pegasus_ai' build argument 'cmake_target_skip_unavailable' from command line to 'False'
[0.219s] colcon.colcon_core.verb Level 5 set package 'pegasus_ai' build argument 'cmake_clean_cache' from command line to 'False'
[0.219s] colcon.colcon_core.verb Level 5 set package 'pegasus_ai' build argument 'cmake_clean_first' from command line to 'False'
[0.219s] colcon.colcon_core.verb Level 5 set package 'pegasus_ai' build argument 'cmake_force_configure' from command line to 'False'
[0.219s] colcon.colcon_core.verb Level 5 set package 'pegasus_ai' build argument 'ament_cmake_args' from command line to 'None'
[0.219s] colcon.colcon_core.verb Level 5 set package 'pegasus_ai' build argument 'catkin_cmake_args' from command line to 'None'
[0.219s] colcon.colcon_core.verb Level 5 set package 'pegasus_ai' build argument 'catkin_skip_building_tests' from command line to 'False'
[0.219s] colcon.colcon_core.verb DEBUG Building package 'pegasus_ai' with the following arguments: {'ament_cmake_args': None, 'build_base': '/workspace/aerial_ws/ros2_ws/build/pegasus_ai', 'catkin_cmake_args': None, 'catkin_skip_building_tests': False, 'cmake_args': None, 'cmake_clean_cache': False, 'cmake_clean_first': False, 'cmake_force_configure': False, 'cmake_target': None, 'cmake_target_skip_unavailable': False, 'install_base': '/workspace/aerial_ws/ros2_ws/install/pegasus_ai', 'merge_install': False, 'path': '/workspace/aerial_ws/ros2_ws/src/pegasus_ai', 'symlink_install': False, 'test_result_base': None}
[0.219s] colcon.colcon_core.verb Level 5 set package 'pegasus_bringup' build argument 'cmake_args' from command line to 'None'
[0.219s] colcon.colcon_core.verb Level 5 set package 'pegasus_bringup' build argument 'cmake_target' from command line to 'None'
[0.219s] colcon.colcon_core.verb Level 5 set package 'pegasus_bringup' build argument 'cmake_target_skip_unavailable' from command line to 'False'
[0.219s] colcon.colcon_core.verb Level 5 set package 'pegasus_bringup' build argument 'cmake_clean_cache' from command line to 'False'
[0.219s] colcon.colcon_core.verb Level 5 set package 'pegasus_bringup' build argument 'cmake_clean_first' from command line to 'False'
[0.219s] colcon.colcon_core.verb Level 5 set package 'pegasus_bringup' build argument 'cmake_force_configure' from command line to 'False'
[0.219s] colcon.colcon_core.verb Level 5 set package 'pegasus_bringup' build argument 'ament_cmake_args' from command line to 'None'
[0.219s] colcon.colcon_core.verb Level 5 set package 'pegasus_bringup' build argument 'catkin_cmake_args' from command line to 'None'
[0.219s] colcon.colcon_core.verb Level 5 set package 'pegasus_bringup' build argument 'catkin_skip_building_tests' from command line to 'False'
[0.219s] colcon.colcon_core.verb DEBUG Building package 'pegasus_bringup' with the following arguments: {'ament_cmake_args': None, 'build_base': '/workspace/aerial_ws/ros2_ws/build/pegasus_bringup', 'catkin_cmake_args': None, 'catkin_skip_building_tests': False, 'cmake_args': None, 'cmake_clean_cache': False, 'cmake_clean_first': False, 'cmake_force_configure': False, 'cmake_target': None, 'cmake_target_skip_unavailable': False, 'install_base': '/workspace/aerial_ws/ros2_ws/install/pegasus_bringup', 'merge_install': False, 'path': '/workspace/aerial_ws/ros2_ws/src/pegasus_bringup', 'symlink_install': False, 'test_result_base': None}
[0.220s] colcon.colcon_core.executor INFO Executing jobs using 'parallel' executor
[0.220s] colcon.colcon_parallel_executor.executor.parallel DEBUG run_until_complete
[0.221s] colcon.colcon_ros.task.ament_cmake.build INFO Building ROS package in '/workspace/aerial_ws/ros2_ws/src/autopilot_interface_msgs' with build type 'ament_cmake'
[0.221s] colcon.colcon_cmake.task.cmake.build INFO Building CMake package in '/workspace/aerial_ws/ros2_ws/src/autopilot_interface_msgs'
[0.223s] colcon.colcon_core.plugin_system INFO Skipping extension 'colcon_core.shell.bat': Not used on non-Windows systems
[0.223s] colcon.colcon_core.shell INFO Skip shell extension 'powershell' for command environment: Not usable outside of PowerShell
[0.223s] colcon.colcon_core.shell DEBUG Skip shell extension 'dsv' for command environment
[0.227s] colcon.colcon_ros.task.ament_cmake.build INFO Building ROS package in '/workspace/aerial_ws/ros2_ws/src/pegasus_msgs' with build type 'ament_cmake'
[0.227s] colcon.colcon_cmake.task.cmake.build INFO Building CMake package in '/workspace/aerial_ws/ros2_ws/src/pegasus_msgs'
[0.228s] colcon.colcon_core.shell INFO Skip shell extension 'powershell' for command environment: Not usable outside of PowerShell
[0.228s] colcon.colcon_core.shell DEBUG Skip shell extension 'dsv' for command environment
[0.230s] colcon.colcon_ros.task.ament_cmake.build INFO Building ROS package in '/workspace/aerial_ws/ros2_ws/src/state_sharing' with build type 'ament_cmake'
[0.231s] colcon.colcon_cmake.task.cmake.build INFO Building CMake package in '/workspace/aerial_ws/ros2_ws/src/state_sharing'
[0.231s] colcon.colcon_core.shell INFO Skip shell extension 'powershell' for command environment: Not usable outside of PowerShell
[0.231s] colcon.colcon_core.shell DEBUG Skip shell extension 'dsv' for command environment
[0.233s] colcon.colcon_ros.task.ament_cmake.build INFO Building ROS package in '/workspace/aerial_ws/ros2_ws/src/imu_publisher' with build type 'ament_cmake'
[0.234s] colcon.colcon_cmake.task.cmake.build INFO Building CMake package in '/workspace/aerial_ws/ros2_ws/src/imu_publisher'
[0.234s] colcon.colcon_core.shell INFO Skip shell extension 'powershell' for command environment: Not usable outside of PowerShell
[0.234s] colcon.colcon_core.shell DEBUG Skip shell extension 'dsv' for command environment
[0.236s] colcon.colcon_ros.task.ament_python.build INFO Building ROS package in '/workspace/aerial_ws/ros2_ws/src/yolo_py' with build type 'ament_python'
[0.237s] colcon.colcon_core.shell Level 1 create_environment_hook('yolo_py', 'ament_prefix_path')
[0.237s] colcon.colcon_core.shell INFO Creating environment hook '/workspace/aerial_ws/ros2_ws/install/yolo_py/share/yolo_py/hook/ament_prefix_path.ps1'
[0.238s] colcon.colcon_core.shell INFO Creating environment descriptor '/workspace/aerial_ws/ros2_ws/install/yolo_py/share/yolo_py/hook/ament_prefix_path.dsv'
[0.239s] colcon.colcon_core.shell INFO Creating environment hook '/workspace/aerial_ws/ros2_ws/install/yolo_py/share/yolo_py/hook/ament_prefix_path.sh'
[0.239s] colcon.colcon_core.shell INFO Skip shell extension 'powershell' for command environment: Not usable outside of PowerShell
[0.239s] colcon.colcon_core.shell DEBUG Skip shell extension 'dsv' for command environment
[0.247s] colcon.colcon_core.event_handler.log_command DEBUG Invoking command in '/workspace/aerial_ws/ros2_ws/build/autopilot_interface_msgs': CMAKE_PREFIX_PATH=/opt/ros/humble /usr/bin/cmake /workspace/aerial_ws/ros2_ws/src/autopilot_interface_msgs -DCMAKE_INSTALL_PREFIX=/workspace/aerial_ws/ros2_ws/install/autopilot_interface_msgs
[0.250s] colcon.colcon_core.event_handler.log_command DEBUG Invoking command in '/workspace/aerial_ws/ros2_ws/build/pegasus_msgs': CMAKE_PREFIX_PATH=/opt/ros/humble /usr/bin/cmake /workspace/aerial_ws/ros2_ws/src/pegasus_msgs -DCMAKE_INSTALL_PREFIX=/workspace/aerial_ws/ros2_ws/install/pegasus_msgs
[0.251s] colcon.colcon_core.event_handler.log_command DEBUG Invoking command in '/workspace/aerial_ws/ros2_ws/build/state_sharing': CMAKE_PREFIX_PATH=/opt/ros/humble /usr/bin/cmake /workspace/aerial_ws/ros2_ws/src/state_sharing -DCMAKE_INSTALL_PREFIX=/workspace/aerial_ws/ros2_ws/install/state_sharing
[0.254s] colcon.colcon_core.event_handler.log_command DEBUG Invoking command in '/workspace/aerial_ws/ros2_ws/build/imu_publisher': CMAKE_PREFIX_PATH=/opt/ros/humble /usr/bin/cmake /workspace/aerial_ws/ros2_ws/src/imu_publisher -DCMAKE_INSTALL_PREFIX=/workspace/aerial_ws/ros2_ws/install/imu_publisher
[0.492s] colcon.colcon_ros.task.ament_python.build WARNING Package 'yolo_py' doesn't explicitly install a marker in the package index (colcon-ros currently does it implicitly but that fallback will be removed in the future)
[0.493s] colcon.colcon_ros.task.ament_python.build WARNING Package 'yolo_py' doesn't explicitly install the 'package.xml' file (colcon-ros currently does it implicitly but that fallback will be removed in the future)
[0.493s] colcon.colcon_core.task.python.build INFO Building Python package in '/workspace/aerial_ws/ros2_ws/src/yolo_py'
[0.493s] colcon.colcon_core.shell INFO Skip shell extension 'powershell' for command environment: Not usable outside of PowerShell
[0.493s] colcon.colcon_core.shell DEBUG Skip shell extension 'dsv' for command environment
[1.030s] colcon.colcon_core.event_handler.log_command DEBUG Invoking command in '/workspace/aerial_ws/ros2_ws/src/yolo_py': PYTHONPATH=/workspace/aerial_ws/ros2_ws/build/yolo_py/prefix_override:/usr/lib/python3/dist-packages/colcon_core/task/python/colcon_distutils_commands:/workspace/aerial_ws/ros2_ws/install/yolo_py/lib/python3.10/site-packages:${PYTHONPATH} /usr/bin/python3 -W ignore:setup.py install is deprecated -W ignore:easy_install command is deprecated setup.py egg_info --egg-base ../../build/yolo_py build --build-base /workspace/aerial_ws/ros2_ws/build/yolo_py/build install --record /workspace/aerial_ws/ros2_ws/build/yolo_py/install.log --single-version-externally-managed
[1.504s] colcon.colcon_core.event_handler.log_command DEBUG Invoked command in '/workspace/aerial_ws/ros2_ws/build/state_sharing' returned '1': CMAKE_PREFIX_PATH=/opt/ros/humble /usr/bin/cmake /workspace/aerial_ws/ros2_ws/src/state_sharing -DCMAKE_INSTALL_PREFIX=/workspace/aerial_ws/ros2_ws/install/state_sharing
[1.506s] colcon.colcon_core.event_handler.log_command DEBUG Invoked command in '/workspace/aerial_ws/ros2_ws/build/imu_publisher' returned '1': CMAKE_PREFIX_PATH=/opt/ros/humble /usr/bin/cmake /workspace/aerial_ws/ros2_ws/src/imu_publisher -DCMAKE_INSTALL_PREFIX=/workspace/aerial_ws/ros2_ws/install/imu_publisher
[1.518s] colcon.colcon_core.environment Level 1 create_environment_scripts_only(state_sharing)
[1.521s] colcon.colcon_core.environment Level 1 checking '/workspace/aerial_ws/ros2_ws/install/state_sharing' for CMake module files
[1.522s] colcon.colcon_core.environment Level 1 checking '/workspace/aerial_ws/ros2_ws/install/state_sharing' for CMake config files
[1.522s] colcon.colcon_core.environment Level 1 checking '/workspace/aerial_ws/ros2_ws/install/state_sharing/bin'
[1.522s] colcon.colcon_core.environment Level 1 checking '/workspace/aerial_ws/ros2_ws/install/state_sharing/lib/pkgconfig/state_sharing.pc'
[1.522s] colcon.colcon_core.environment Level 1 checking '/workspace/aerial_ws/ros2_ws/install/state_sharing/lib/python3.10/site-packages'
[1.523s] colcon.colcon_core.environment Level 1 checking '/workspace/aerial_ws/ros2_ws/install/state_sharing/bin'
[1.523s] colcon.colcon_core.shell INFO Creating package script '/workspace/aerial_ws/ros2_ws/install/state_sharing/share/state_sharing/package.ps1'
[1.524s] colcon.colcon_core.shell INFO Creating package descriptor '/workspace/aerial_ws/ros2_ws/install/state_sharing/share/state_sharing/package.dsv'
[1.525s] colcon.colcon_core.shell INFO Creating package script '/workspace/aerial_ws/ros2_ws/install/state_sharing/share/state_sharing/package.sh'
[1.525s] colcon.colcon_core.shell INFO Creating package script '/workspace/aerial_ws/ros2_ws/install/state_sharing/share/state_sharing/package.bash'
[1.526s] colcon.colcon_core.shell INFO Creating package script '/workspace/aerial_ws/ros2_ws/install/state_sharing/share/state_sharing/package.zsh'
[1.527s] colcon.colcon_core.environment Level 1 create_file_with_runtime_dependencies(/workspace/aerial_ws/ros2_ws/install/state_sharing/share/colcon-core/packages/state_sharing)
[2.807s] colcon.colcon_parallel_executor.executor.parallel DEBUG closing loop
[2.807s] colcon.colcon_parallel_executor.executor.parallel DEBUG loop closed
[2.807s] colcon.colcon_parallel_executor.executor.parallel DEBUG run_until_complete finished with '1'
[2.807s] colcon.colcon_core.event_reactor DEBUG joining thread
[2.808s] colcon.colcon_core.event_reactor DEBUG joined thread
[2.808s] colcon.colcon_core.shell INFO Creating prefix script '/workspace/aerial_ws/ros2_ws/install/local_setup.ps1'
[2.810s] colcon.colcon_core.shell INFO Creating prefix util module '/workspace/aerial_ws/ros2_ws/install/_local_setup_util_ps1.py'
[2.812s] colcon.colcon_core.shell INFO Creating prefix chain script '/workspace/aerial_ws/ros2_ws/install/setup.ps1'
[2.814s] colcon.colcon_core.shell INFO Creating prefix script '/workspace/aerial_ws/ros2_ws/install/local_setup.sh'
[2.815s] colcon.colcon_core.shell INFO Creating prefix util module '/workspace/aerial_ws/ros2_ws/install/_local_setup_util_sh.py'
[2.816s] colcon.colcon_core.shell INFO Creating prefix chain script '/workspace/aerial_ws/ros2_ws/install/setup.sh'
[2.817s] colcon.colcon_core.shell INFO Creating prefix script '/workspace/aerial_ws/ros2_ws/install/local_setup.bash'
[2.818s] colcon.colcon_core.shell INFO Creating prefix chain script '/workspace/aerial_ws/ros2_ws/install/setup.bash'
[2.820s] colcon.colcon_core.shell INFO Creating prefix script '/workspace/aerial_ws/ros2_ws/install/local_setup.zsh'
[2.820s] colcon.colcon_core.shell INFO Creating prefix chain script '/workspace/aerial_ws/ros2_ws/install/setup.zsh'
