[0.105s] Invoking command in '/workspace/aerial_ws/ros2_ws/build/pegasus_msgs': CMAKE_PREFIX_PATH=/opt/ros/humble /usr/bin/cmake --build /workspace/aerial_ws/ros2_ws/build/pegasus_msgs -- -j16 -l16
[0.463s] [  1%] Generating C code for ROS interfaces
[0.493s] [  3%] Generating Rust code for ROS interfaces
[0.504s] [  4%] Generating C++ code for ROS interfaces
[0.591s] [  4%] Built target ament_cmake_python_copy_pegasus_msgs
[2.062s] running egg_info
[2.200s] creating pegasus_msgs.egg-info
[2.200s] writing pegasus_msgs.egg-info/PKG-INFO
[2.200s] writing dependency_links to pegasus_msgs.egg-info/dependency_links.txt
[2.201s] writing top-level names to pegasus_msgs.egg-info/top_level.txt
[3.175s] writing manifest file 'pegasus_msgs.egg-info/SOURCES.txt'
[3.407s] reading manifest file 'pegasus_msgs.egg-info/SOURCES.txt'
[3.409s] writing manifest file 'pegasus_msgs.egg-info/SOURCES.txt'
[3.694s] [  4%] Built target ament_cmake_python_build_pegasus_msgs_egg
[7.785s] [  4%] Built target pegasus_msgs__rs
[9.281s] [  4%] Built target pegasus_msgs__cpp
[9.387s] [  6%] Generating C++ type support dispatch for ROS interfaces
[9.390s] [  7%] Generating C++ type support for eProsima Fast-RTPS
[9.394s] [  9%] Building C object CMakeFiles/pegasus_msgs__rosidl_generator_c.dir/rosidl_generator_c/pegasus_msgs/msg/detail/defect_detection__functions.c.o
[9.394s] [ 10%] Generating C++ introspection for ROS interfaces
[9.400s] [ 12%] Building C object CMakeFiles/pegasus_msgs__rosidl_generator_c.dir/rosidl_generator_c/pegasus_msgs/msg/detail/defect_array__functions.c.o
[9.404s] [ 14%] Building C object CMakeFiles/pegasus_msgs__rosidl_generator_c.dir/rosidl_generator_c/pegasus_msgs/msg/detail/inspection_result__functions.c.o
[9.479s] [ 15%] Building C object CMakeFiles/pegasus_msgs__rosidl_generator_c.dir/rosidl_generator_c/pegasus_msgs/msg/detail/node_health__functions.c.o
[9.485s] [ 17%] Building C object CMakeFiles/pegasus_msgs__rosidl_generator_c.dir/rosidl_generator_c/pegasus_msgs/msg/detail/zone_info__functions.c.o
[10.191s] [ 18%] Linking C shared library libpegasus_msgs__rosidl_generator_c.so
[10.494s] [ 18%] Built target pegasus_msgs__rosidl_generator_c
[10.588s] [ 20%] Generating C type support for eProsima Fast-RTPS
[10.596s] [ 21%] Generating C introspection for ROS interfaces
[10.665s] [ 23%] Generating C type support dispatch for ROS interfaces
[18.670s] [ 25%] Building CXX object CMakeFiles/pegasus_msgs__rosidl_typesupport_cpp.dir/rosidl_typesupport_cpp/pegasus_msgs/msg/defect_detection__type_support.cpp.o
[18.677s] [ 26%] Building CXX object CMakeFiles/pegasus_msgs__rosidl_typesupport_cpp.dir/rosidl_typesupport_cpp/pegasus_msgs/msg/inspection_result__type_support.cpp.o
[18.690s] [ 28%] Building CXX object CMakeFiles/pegasus_msgs__rosidl_typesupport_cpp.dir/rosidl_typesupport_cpp/pegasus_msgs/msg/zone_info__type_support.cpp.o
[18.695s] [ 29%] Building CXX object CMakeFiles/pegasus_msgs__rosidl_typesupport_cpp.dir/rosidl_typesupport_cpp/pegasus_msgs/msg/defect_array__type_support.cpp.o
[18.768s] [ 31%] Building CXX object CMakeFiles/pegasus_msgs__rosidl_typesupport_cpp.dir/rosidl_typesupport_cpp/pegasus_msgs/msg/node_health__type_support.cpp.o
[19.665s] [ 32%] Building CXX object CMakeFiles/pegasus_msgs__rosidl_typesupport_fastrtps_c.dir/rosidl_typesupport_fastrtps_c/pegasus_msgs/msg/detail/defect_detection__type_support_c.cpp.o
[19.666s] [ 34%] Building CXX object CMakeFiles/pegasus_msgs__rosidl_typesupport_fastrtps_c.dir/rosidl_typesupport_fastrtps_c/pegasus_msgs/msg/detail/defect_array__type_support_c.cpp.o
[19.666s] [ 35%] Building CXX object CMakeFiles/pegasus_msgs__rosidl_typesupport_fastrtps_c.dir/rosidl_typesupport_fastrtps_c/pegasus_msgs/msg/detail/inspection_result__type_support_c.cpp.o
[19.672s] [ 39%] Building CXX object CMakeFiles/pegasus_msgs__rosidl_typesupport_c.dir/rosidl_typesupport_c/pegasus_msgs/msg/defect_detection__type_support.cpp.o
[19.676s] [ 40%] Building CXX object CMakeFiles/pegasus_msgs__rosidl_typesupport_fastrtps_c.dir/rosidl_typesupport_fastrtps_c/pegasus_msgs/msg/detail/node_health__type_support_c.cpp.o
[19.680s] [ 37%] Building CXX object CMakeFiles/pegasus_msgs__rosidl_typesupport_c.dir/rosidl_typesupport_c/pegasus_msgs/msg/defect_array__type_support.cpp.o
[19.692s] [ 42%] Building CXX object CMakeFiles/pegasus_msgs__rosidl_typesupport_fastrtps_cpp.dir/rosidl_typesupport_fastrtps_cpp/pegasus_msgs/msg/detail/dds_fastrtps/defect_detection__type_support.cpp.o
[19.697s] [ 43%] Building CXX object CMakeFiles/pegasus_msgs__rosidl_typesupport_c.dir/rosidl_typesupport_c/pegasus_msgs/msg/inspection_result__type_support.cpp.o
[19.700s] [ 45%] Building CXX object CMakeFiles/pegasus_msgs__rosidl_typesupport_fastrtps_c.dir/rosidl_typesupport_fastrtps_c/pegasus_msgs/msg/detail/zone_info__type_support_c.cpp.o
[19.995s] [ 46%] Building CXX object CMakeFiles/pegasus_msgs__rosidl_typesupport_c.dir/rosidl_typesupport_c/pegasus_msgs/msg/zone_info__type_support.cpp.o
[20.001s] [ 48%] Building CXX object CMakeFiles/pegasus_msgs__rosidl_typesupport_c.dir/rosidl_typesupport_c/pegasus_msgs/msg/node_health__type_support.cpp.o
[20.104s] [ 50%] Building CXX object CMakeFiles/pegasus_msgs__rosidl_typesupport_fastrtps_cpp.dir/rosidl_typesupport_fastrtps_cpp/pegasus_msgs/msg/detail/dds_fastrtps/defect_array__type_support.cpp.o
[20.290s] [ 51%] Building CXX object CMakeFiles/pegasus_msgs__rosidl_typesupport_fastrtps_cpp.dir/rosidl_typesupport_fastrtps_cpp/pegasus_msgs/msg/detail/dds_fastrtps/inspection_result__type_support.cpp.o
[20.389s] [ 53%] Linking CXX shared library libpegasus_msgs__rosidl_typesupport_c.so
[20.693s] [ 53%] Built target pegasus_msgs__rosidl_typesupport_c
[20.881s] [ 54%] Building CXX object CMakeFiles/pegasus_msgs__rosidl_typesupport_fastrtps_cpp.dir/rosidl_typesupport_fastrtps_cpp/pegasus_msgs/msg/detail/dds_fastrtps/zone_info__type_support.cpp.o
[20.887s] [ 56%] Building CXX object CMakeFiles/pegasus_msgs__rosidl_typesupport_fastrtps_cpp.dir/rosidl_typesupport_fastrtps_cpp/pegasus_msgs/msg/detail/dds_fastrtps/node_health__type_support.cpp.o
[21.179s] [ 57%] Building CXX object CMakeFiles/pegasus_msgs__rosidl_typesupport_introspection_cpp.dir/rosidl_typesupport_introspection_cpp/pegasus_msgs/msg/detail/defect_detection__type_support.cpp.o
[21.300s] [ 59%] Building CXX object CMakeFiles/pegasus_msgs__rosidl_typesupport_introspection_cpp.dir/rosidl_typesupport_introspection_cpp/pegasus_msgs/msg/detail/defect_array__type_support.cpp.o
[21.480s] [ 60%] Building CXX object CMakeFiles/pegasus_msgs__rosidl_typesupport_introspection_cpp.dir/rosidl_typesupport_introspection_cpp/pegasus_msgs/msg/detail/inspection_result__type_support.cpp.o
[21.506s] [ 62%] Building CXX object CMakeFiles/pegasus_msgs__rosidl_typesupport_introspection_cpp.dir/rosidl_typesupport_introspection_cpp/pegasus_msgs/msg/detail/zone_info__type_support.cpp.o
[22.070s] [ 64%] Linking CXX shared library libpegasus_msgs__rosidl_typesupport_cpp.so
[22.679s] [ 64%] Built target pegasus_msgs__rosidl_typesupport_cpp
[22.778s] [ 65%] Building CXX object CMakeFiles/pegasus_msgs__rosidl_typesupport_introspection_cpp.dir/rosidl_typesupport_introspection_cpp/pegasus_msgs/msg/detail/node_health__type_support.cpp.o
[23.298s] [ 67%] Building C object CMakeFiles/pegasus_msgs__rosidl_typesupport_introspection_c.dir/rosidl_typesupport_introspection_c/pegasus_msgs/msg/detail/defect_detection__type_support.c.o
[23.362s] [ 68%] Building C object CMakeFiles/pegasus_msgs__rosidl_typesupport_introspection_c.dir/rosidl_typesupport_introspection_c/pegasus_msgs/msg/detail/defect_array__type_support.c.o
[23.365s] [ 70%] Building C object CMakeFiles/pegasus_msgs__rosidl_typesupport_introspection_c.dir/rosidl_typesupport_introspection_c/pegasus_msgs/msg/detail/inspection_result__type_support.c.o
[23.370s] [ 71%] Building C object CMakeFiles/pegasus_msgs__rosidl_typesupport_introspection_c.dir/rosidl_typesupport_introspection_c/pegasus_msgs/msg/detail/node_health__type_support.c.o
[23.375s] [ 73%] Building C object CMakeFiles/pegasus_msgs__rosidl_typesupport_introspection_c.dir/rosidl_typesupport_introspection_c/pegasus_msgs/msg/detail/zone_info__type_support.c.o
[23.802s] [ 75%] Linking CXX shared library libpegasus_msgs__rosidl_typesupport_fastrtps_c.so
[24.002s] [ 76%] Linking C shared library libpegasus_msgs__rosidl_typesupport_introspection_c.so
[24.482s] [ 76%] Built target pegasus_msgs__rosidl_typesupport_introspection_c
[24.994s] [ 76%] Built target pegasus_msgs__rosidl_typesupport_fastrtps_c
[26.600s] [ 78%] Linking CXX shared library libpegasus_msgs__rosidl_typesupport_introspection_cpp.so
[26.973s] [ 79%] Linking CXX shared library libpegasus_msgs__rosidl_typesupport_fastrtps_cpp.so
[27.101s] [ 79%] Built target pegasus_msgs__rosidl_typesupport_introspection_cpp
[27.677s] [ 79%] Built target pegasus_msgs__rosidl_typesupport_fastrtps_cpp
[27.712s] [ 79%] Built target pegasus_msgs
[27.787s] [ 81%] Generating Python code for ROS interfaces
[29.763s] [ 81%] Built target pegasus_msgs__py
[29.786s] [ 82%] Building C object CMakeFiles/pegasus_msgs__rosidl_generator_py.dir/rosidl_generator_py/pegasus_msgs/msg/_defect_detection_s.c.o
[29.786s] [ 84%] Building C object CMakeFiles/pegasus_msgs__rosidl_generator_py.dir/rosidl_generator_py/pegasus_msgs/msg/_defect_array_s.c.o
[29.788s] [ 87%] Building C object CMakeFiles/pegasus_msgs__rosidl_generator_py.dir/rosidl_generator_py/pegasus_msgs/msg/_node_health_s.c.o
[29.788s] [ 87%] Building C object CMakeFiles/pegasus_msgs__rosidl_generator_py.dir/rosidl_generator_py/pegasus_msgs/msg/_zone_info_s.c.o
[29.788s] [ 89%] Building C object CMakeFiles/pegasus_msgs__rosidl_generator_py.dir/rosidl_generator_py/pegasus_msgs/msg/_inspection_result_s.c.o
[29.952s] [ 90%] Linking C shared library rosidl_generator_py/pegasus_msgs/libpegasus_msgs__rosidl_generator_py.so
[30.010s] [ 90%] Built target pegasus_msgs__rosidl_generator_py
[30.035s] [ 92%] Building C object CMakeFiles/pegasus_msgs__rosidl_typesupport_introspection_c__pyext.dir/rosidl_generator_py/pegasus_msgs/_pegasus_msgs_s.ep.rosidl_typesupport_introspection_c.c.o
[30.038s] [ 93%] Building C object CMakeFiles/pegasus_msgs__rosidl_typesupport_fastrtps_c__pyext.dir/rosidl_generator_py/pegasus_msgs/_pegasus_msgs_s.ep.rosidl_typesupport_fastrtps_c.c.o
[30.046s] [ 95%] Building C object CMakeFiles/pegasus_msgs__rosidl_typesupport_c__pyext.dir/rosidl_generator_py/pegasus_msgs/_pegasus_msgs_s.ep.rosidl_typesupport_c.c.o
[30.172s] [ 96%] Linking C shared library rosidl_generator_py/pegasus_msgs/pegasus_msgs_s__rosidl_typesupport_introspection_c.cpython-310-x86_64-linux-gnu.so
[30.173s] [ 98%] Linking C shared library rosidl_generator_py/pegasus_msgs/pegasus_msgs_s__rosidl_typesupport_fastrtps_c.cpython-310-x86_64-linux-gnu.so
[30.182s] [100%] Linking C shared library rosidl_generator_py/pegasus_msgs/pegasus_msgs_s__rosidl_typesupport_c.cpython-310-x86_64-linux-gnu.so
[30.231s] [100%] Built target pegasus_msgs__rosidl_typesupport_fastrtps_c__pyext
[30.231s] [100%] Built target pegasus_msgs__rosidl_typesupport_introspection_c__pyext
[30.237s] [100%] Built target pegasus_msgs__rosidl_typesupport_c__pyext
[30.255s] Invoked command in '/workspace/aerial_ws/ros2_ws/build/pegasus_msgs' returned '0': CMAKE_PREFIX_PATH=/opt/ros/humble /usr/bin/cmake --build /workspace/aerial_ws/ros2_ws/build/pegasus_msgs -- -j16 -l16
[30.257s] Invoking command in '/workspace/aerial_ws/ros2_ws/build/pegasus_msgs': CMAKE_PREFIX_PATH=/opt/ros/humble /usr/bin/cmake --install /workspace/aerial_ws/ros2_ws/build/pegasus_msgs
[30.265s] -- Install configuration: ""
[30.266s] -- Installing: /workspace/aerial_ws/ros2_ws/install/pegasus_msgs/share/ament_index/resource_index/rosidl_interfaces/pegasus_msgs
[30.266s] -- Installing: /workspace/aerial_ws/ros2_ws/install/pegasus_msgs/include/pegasus_msgs/pegasus_msgs
[30.266s] -- Installing: /workspace/aerial_ws/ros2_ws/install/pegasus_msgs/include/pegasus_msgs/pegasus_msgs/msg
[30.266s] -- Installing: /workspace/aerial_ws/ros2_ws/install/pegasus_msgs/include/pegasus_msgs/pegasus_msgs/msg/rosidl_generator_c__visibility_control.h
[30.266s] -- Installing: /workspace/aerial_ws/ros2_ws/install/pegasus_msgs/include/pegasus_msgs/pegasus_msgs/msg/defect_detection.h
[30.267s] -- Installing: /workspace/aerial_ws/ros2_ws/install/pegasus_msgs/include/pegasus_msgs/pegasus_msgs/msg/detail
[30.267s] -- Installing: /workspace/aerial_ws/ros2_ws/install/pegasus_msgs/include/pegasus_msgs/pegasus_msgs/msg/detail/defect_detection__functions.c
[30.267s] -- Installing: /workspace/aerial_ws/ros2_ws/install/pegasus_msgs/include/pegasus_msgs/pegasus_msgs/msg/detail/defect_detection__functions.h
[30.267s] -- Installing: /workspace/aerial_ws/ros2_ws/install/pegasus_msgs/include/pegasus_msgs/pegasus_msgs/msg/detail/defect_detection__struct.h
[30.267s] -- Installing: /workspace/aerial_ws/ros2_ws/install/pegasus_msgs/include/pegasus_msgs/pegasus_msgs/msg/detail/defect_detection__type_support.h
[30.267s] -- Installing: /workspace/aerial_ws/ros2_ws/install/pegasus_msgs/include/pegasus_msgs/pegasus_msgs/msg/detail/defect_array__functions.c
[30.268s] -- Installing: /workspace/aerial_ws/ros2_ws/install/pegasus_msgs/include/pegasus_msgs/pegasus_msgs/msg/detail/defect_array__functions.h
[30.268s] -- Installing: /workspace/aerial_ws/ros2_ws/install/pegasus_msgs/include/pegasus_msgs/pegasus_msgs/msg/detail/defect_array__struct.h
[30.268s] -- Installing: /workspace/aerial_ws/ros2_ws/install/pegasus_msgs/include/pegasus_msgs/pegasus_msgs/msg/detail/defect_array__type_support.h
[30.268s] -- Installing: /workspace/aerial_ws/ros2_ws/install/pegasus_msgs/include/pegasus_msgs/pegasus_msgs/msg/detail/inspection_result__functions.c
[30.268s] -- Installing: /workspace/aerial_ws/ros2_ws/install/pegasus_msgs/include/pegasus_msgs/pegasus_msgs/msg/detail/inspection_result__functions.h
[30.269s] -- Installing: /workspace/aerial_ws/ros2_ws/install/pegasus_msgs/include/pegasus_msgs/pegasus_msgs/msg/detail/inspection_result__struct.h
[30.269s] -- Installing: /workspace/aerial_ws/ros2_ws/install/pegasus_msgs/include/pegasus_msgs/pegasus_msgs/msg/detail/inspection_result__type_support.h
[30.269s] -- Installing: /workspace/aerial_ws/ros2_ws/install/pegasus_msgs/include/pegasus_msgs/pegasus_msgs/msg/detail/zone_info__functions.c
[30.269s] -- Installing: /workspace/aerial_ws/ros2_ws/install/pegasus_msgs/include/pegasus_msgs/pegasus_msgs/msg/detail/zone_info__functions.h
[30.269s] -- Installing: /workspace/aerial_ws/ros2_ws/install/pegasus_msgs/include/pegasus_msgs/pegasus_msgs/msg/detail/zone_info__struct.h
[30.270s] -- Installing: /workspace/aerial_ws/ros2_ws/install/pegasus_msgs/include/pegasus_msgs/pegasus_msgs/msg/detail/zone_info__type_support.h
[30.270s] -- Installing: /workspace/aerial_ws/ros2_ws/install/pegasus_msgs/include/pegasus_msgs/pegasus_msgs/msg/detail/node_health__functions.c
[30.270s] -- Installing: /workspace/aerial_ws/ros2_ws/install/pegasus_msgs/include/pegasus_msgs/pegasus_msgs/msg/detail/node_health__functions.h
[30.270s] -- Installing: /workspace/aerial_ws/ros2_ws/install/pegasus_msgs/include/pegasus_msgs/pegasus_msgs/msg/detail/node_health__struct.h
[30.270s] -- Installing: /workspace/aerial_ws/ros2_ws/install/pegasus_msgs/include/pegasus_msgs/pegasus_msgs/msg/detail/node_health__type_support.h
[30.271s] -- Installing: /workspace/aerial_ws/ros2_ws/install/pegasus_msgs/include/pegasus_msgs/pegasus_msgs/msg/defect_array.h
[30.271s] -- Installing: /workspace/aerial_ws/ros2_ws/install/pegasus_msgs/include/pegasus_msgs/pegasus_msgs/msg/inspection_result.h
[30.271s] -- Installing: /workspace/aerial_ws/ros2_ws/install/pegasus_msgs/include/pegasus_msgs/pegasus_msgs/msg/zone_info.h
[30.271s] -- Installing: /workspace/aerial_ws/ros2_ws/install/pegasus_msgs/include/pegasus_msgs/pegasus_msgs/msg/node_health.h
[30.272s] -- Installing: /workspace/aerial_ws/ros2_ws/install/pegasus_msgs/share/pegasus_msgs/environment/library_path.sh
[30.272s] -- Installing: /workspace/aerial_ws/ros2_ws/install/pegasus_msgs/share/pegasus_msgs/environment/library_path.dsv
[30.272s] -- Installing: /workspace/aerial_ws/ros2_ws/install/pegasus_msgs/lib/libpegasus_msgs__rosidl_generator_c.so
[30.273s] -- Set runtime path of "/workspace/aerial_ws/ros2_ws/install/pegasus_msgs/lib/libpegasus_msgs__rosidl_generator_c.so" to ""
[30.273s] -- Up-to-date: /workspace/aerial_ws/ros2_ws/install/pegasus_msgs/include/pegasus_msgs/pegasus_msgs
[30.273s] -- Up-to-date: /workspace/aerial_ws/ros2_ws/install/pegasus_msgs/include/pegasus_msgs/pegasus_msgs/msg
[30.273s] -- Installing: /workspace/aerial_ws/ros2_ws/install/pegasus_msgs/include/pegasus_msgs/pegasus_msgs/msg/rosidl_typesupport_fastrtps_c__visibility_control.h
[30.273s] -- Up-to-date: /workspace/aerial_ws/ros2_ws/install/pegasus_msgs/include/pegasus_msgs/pegasus_msgs/msg/detail
[30.274s] -- Installing: /workspace/aerial_ws/ros2_ws/install/pegasus_msgs/include/pegasus_msgs/pegasus_msgs/msg/detail/defect_detection__rosidl_typesupport_fastrtps_c.h
[30.274s] -- Installing: /workspace/aerial_ws/ros2_ws/install/pegasus_msgs/include/pegasus_msgs/pegasus_msgs/msg/detail/defect_array__rosidl_typesupport_fastrtps_c.h
[30.274s] -- Installing: /workspace/aerial_ws/ros2_ws/install/pegasus_msgs/include/pegasus_msgs/pegasus_msgs/msg/detail/inspection_result__rosidl_typesupport_fastrtps_c.h
[30.274s] -- Installing: /workspace/aerial_ws/ros2_ws/install/pegasus_msgs/include/pegasus_msgs/pegasus_msgs/msg/detail/zone_info__rosidl_typesupport_fastrtps_c.h
[30.274s] -- Installing: /workspace/aerial_ws/ros2_ws/install/pegasus_msgs/include/pegasus_msgs/pegasus_msgs/msg/detail/node_health__rosidl_typesupport_fastrtps_c.h
[30.275s] -- Installing: /workspace/aerial_ws/ros2_ws/install/pegasus_msgs/lib/libpegasus_msgs__rosidl_typesupport_fastrtps_c.so
[30.275s] -- Set runtime path of "/workspace/aerial_ws/ros2_ws/install/pegasus_msgs/lib/libpegasus_msgs__rosidl_typesupport_fastrtps_c.so" to ""
[30.276s] -- Up-to-date: /workspace/aerial_ws/ros2_ws/install/pegasus_msgs/include/pegasus_msgs/pegasus_msgs
[30.276s] -- Up-to-date: /workspace/aerial_ws/ros2_ws/install/pegasus_msgs/include/pegasus_msgs/pegasus_msgs/msg
[30.276s] -- Installing: /workspace/aerial_ws/ros2_ws/install/pegasus_msgs/include/pegasus_msgs/pegasus_msgs/msg/rosidl_typesupport_introspection_c__visibility_control.h
[30.276s] -- Up-to-date: /workspace/aerial_ws/ros2_ws/install/pegasus_msgs/include/pegasus_msgs/pegasus_msgs/msg/detail
[30.276s] -- Installing: /workspace/aerial_ws/ros2_ws/install/pegasus_msgs/include/pegasus_msgs/pegasus_msgs/msg/detail/defect_detection__rosidl_typesupport_introspection_c.h
[30.276s] -- Installing: /workspace/aerial_ws/ros2_ws/install/pegasus_msgs/include/pegasus_msgs/pegasus_msgs/msg/detail/defect_detection__type_support.c
[30.276s] -- Installing: /workspace/aerial_ws/ros2_ws/install/pegasus_msgs/include/pegasus_msgs/pegasus_msgs/msg/detail/defect_array__rosidl_typesupport_introspection_c.h
[30.276s] -- Installing: /workspace/aerial_ws/ros2_ws/install/pegasus_msgs/include/pegasus_msgs/pegasus_msgs/msg/detail/defect_array__type_support.c
[30.277s] -- Installing: /workspace/aerial_ws/ros2_ws/install/pegasus_msgs/include/pegasus_msgs/pegasus_msgs/msg/detail/inspection_result__rosidl_typesupport_introspection_c.h
[30.277s] -- Installing: /workspace/aerial_ws/ros2_ws/install/pegasus_msgs/include/pegasus_msgs/pegasus_msgs/msg/detail/inspection_result__type_support.c
[30.277s] -- Installing: /workspace/aerial_ws/ros2_ws/install/pegasus_msgs/include/pegasus_msgs/pegasus_msgs/msg/detail/zone_info__rosidl_typesupport_introspection_c.h
[30.277s] -- Installing: /workspace/aerial_ws/ros2_ws/install/pegasus_msgs/include/pegasus_msgs/pegasus_msgs/msg/detail/zone_info__type_support.c
[30.277s] -- Installing: /workspace/aerial_ws/ros2_ws/install/pegasus_msgs/include/pegasus_msgs/pegasus_msgs/msg/detail/node_health__rosidl_typesupport_introspection_c.h
[30.278s] -- Installing: /workspace/aerial_ws/ros2_ws/install/pegasus_msgs/include/pegasus_msgs/pegasus_msgs/msg/detail/node_health__type_support.c
[30.278s] -- Installing: /workspace/aerial_ws/ros2_ws/install/pegasus_msgs/lib/libpegasus_msgs__rosidl_typesupport_introspection_c.so
[30.279s] -- Set runtime path of "/workspace/aerial_ws/ros2_ws/install/pegasus_msgs/lib/libpegasus_msgs__rosidl_typesupport_introspection_c.so" to ""
[30.279s] -- Installing: /workspace/aerial_ws/ros2_ws/install/pegasus_msgs/lib/libpegasus_msgs__rosidl_typesupport_c.so
[30.280s] -- Set runtime path of "/workspace/aerial_ws/ros2_ws/install/pegasus_msgs/lib/libpegasus_msgs__rosidl_typesupport_c.so" to ""
[30.280s] -- Up-to-date: /workspace/aerial_ws/ros2_ws/install/pegasus_msgs/include/pegasus_msgs/pegasus_msgs
[30.280s] -- Up-to-date: /workspace/aerial_ws/ros2_ws/install/pegasus_msgs/include/pegasus_msgs/pegasus_msgs/msg
[30.280s] -- Installing: /workspace/aerial_ws/ros2_ws/install/pegasus_msgs/include/pegasus_msgs/pegasus_msgs/msg/rosidl_generator_cpp__visibility_control.hpp
[30.280s] -- Installing: /workspace/aerial_ws/ros2_ws/install/pegasus_msgs/include/pegasus_msgs/pegasus_msgs/msg/defect_detection.hpp
[30.280s] -- Up-to-date: /workspace/aerial_ws/ros2_ws/install/pegasus_msgs/include/pegasus_msgs/pegasus_msgs/msg/detail
[30.281s] -- Installing: /workspace/aerial_ws/ros2_ws/install/pegasus_msgs/include/pegasus_msgs/pegasus_msgs/msg/detail/defect_detection__builder.hpp
[30.281s] -- Installing: /workspace/aerial_ws/ros2_ws/install/pegasus_msgs/include/pegasus_msgs/pegasus_msgs/msg/detail/defect_detection__struct.hpp
[30.281s] -- Installing: /workspace/aerial_ws/ros2_ws/install/pegasus_msgs/include/pegasus_msgs/pegasus_msgs/msg/detail/defect_detection__traits.hpp
[30.281s] -- Installing: /workspace/aerial_ws/ros2_ws/install/pegasus_msgs/include/pegasus_msgs/pegasus_msgs/msg/detail/defect_detection__type_support.hpp
[30.281s] -- Installing: /workspace/aerial_ws/ros2_ws/install/pegasus_msgs/include/pegasus_msgs/pegasus_msgs/msg/detail/defect_array__builder.hpp
[30.281s] -- Installing: /workspace/aerial_ws/ros2_ws/install/pegasus_msgs/include/pegasus_msgs/pegasus_msgs/msg/detail/defect_array__struct.hpp
[30.282s] -- Installing: /workspace/aerial_ws/ros2_ws/install/pegasus_msgs/include/pegasus_msgs/pegasus_msgs/msg/detail/defect_array__traits.hpp
[30.282s] -- Installing: /workspace/aerial_ws/ros2_ws/install/pegasus_msgs/include/pegasus_msgs/pegasus_msgs/msg/detail/defect_array__type_support.hpp
[30.282s] -- Installing: /workspace/aerial_ws/ros2_ws/install/pegasus_msgs/include/pegasus_msgs/pegasus_msgs/msg/detail/inspection_result__builder.hpp
[30.282s] -- Installing: /workspace/aerial_ws/ros2_ws/install/pegasus_msgs/include/pegasus_msgs/pegasus_msgs/msg/detail/inspection_result__struct.hpp
[30.283s] -- Installing: /workspace/aerial_ws/ros2_ws/install/pegasus_msgs/include/pegasus_msgs/pegasus_msgs/msg/detail/inspection_result__traits.hpp
[30.283s] -- Installing: /workspace/aerial_ws/ros2_ws/install/pegasus_msgs/include/pegasus_msgs/pegasus_msgs/msg/detail/inspection_result__type_support.hpp
[30.283s] -- Installing: /workspace/aerial_ws/ros2_ws/install/pegasus_msgs/include/pegasus_msgs/pegasus_msgs/msg/detail/zone_info__builder.hpp
[30.283s] -- Installing: /workspace/aerial_ws/ros2_ws/install/pegasus_msgs/include/pegasus_msgs/pegasus_msgs/msg/detail/zone_info__struct.hpp
[30.283s] -- Installing: /workspace/aerial_ws/ros2_ws/install/pegasus_msgs/include/pegasus_msgs/pegasus_msgs/msg/detail/zone_info__traits.hpp
[30.284s] -- Installing: /workspace/aerial_ws/ros2_ws/install/pegasus_msgs/include/pegasus_msgs/pegasus_msgs/msg/detail/zone_info__type_support.hpp
[30.284s] -- Installing: /workspace/aerial_ws/ros2_ws/install/pegasus_msgs/include/pegasus_msgs/pegasus_msgs/msg/detail/node_health__builder.hpp
[30.284s] -- Installing: /workspace/aerial_ws/ros2_ws/install/pegasus_msgs/include/pegasus_msgs/pegasus_msgs/msg/detail/node_health__struct.hpp
[30.284s] -- Installing: /workspace/aerial_ws/ros2_ws/install/pegasus_msgs/include/pegasus_msgs/pegasus_msgs/msg/detail/node_health__traits.hpp
[30.284s] -- Installing: /workspace/aerial_ws/ros2_ws/install/pegasus_msgs/include/pegasus_msgs/pegasus_msgs/msg/detail/node_health__type_support.hpp
[30.284s] -- Installing: /workspace/aerial_ws/ros2_ws/install/pegasus_msgs/include/pegasus_msgs/pegasus_msgs/msg/defect_array.hpp
[30.285s] -- Installing: /workspace/aerial_ws/ros2_ws/install/pegasus_msgs/include/pegasus_msgs/pegasus_msgs/msg/inspection_result.hpp
[30.285s] -- Installing: /workspace/aerial_ws/ros2_ws/install/pegasus_msgs/include/pegasus_msgs/pegasus_msgs/msg/zone_info.hpp
[30.285s] -- Installing: /workspace/aerial_ws/ros2_ws/install/pegasus_msgs/include/pegasus_msgs/pegasus_msgs/msg/node_health.hpp
[30.285s] -- Up-to-date: /workspace/aerial_ws/ros2_ws/install/pegasus_msgs/include/pegasus_msgs/pegasus_msgs
[30.285s] -- Up-to-date: /workspace/aerial_ws/ros2_ws/install/pegasus_msgs/include/pegasus_msgs/pegasus_msgs/msg
[30.286s] -- Installing: /workspace/aerial_ws/ros2_ws/install/pegasus_msgs/include/pegasus_msgs/pegasus_msgs/msg/rosidl_typesupport_fastrtps_cpp__visibility_control.h
[30.286s] -- Up-to-date: /workspace/aerial_ws/ros2_ws/install/pegasus_msgs/include/pegasus_msgs/pegasus_msgs/msg/detail
[30.286s] -- Installing: /workspace/aerial_ws/ros2_ws/install/pegasus_msgs/include/pegasus_msgs/pegasus_msgs/msg/detail/defect_detection__rosidl_typesupport_fastrtps_cpp.hpp
[30.286s] -- Installing: /workspace/aerial_ws/ros2_ws/install/pegasus_msgs/include/pegasus_msgs/pegasus_msgs/msg/detail/dds_fastrtps
[30.286s] -- Installing: /workspace/aerial_ws/ros2_ws/install/pegasus_msgs/include/pegasus_msgs/pegasus_msgs/msg/detail/defect_array__rosidl_typesupport_fastrtps_cpp.hpp
[30.286s] -- Installing: /workspace/aerial_ws/ros2_ws/install/pegasus_msgs/include/pegasus_msgs/pegasus_msgs/msg/detail/inspection_result__rosidl_typesupport_fastrtps_cpp.hpp
[30.287s] -- Installing: /workspace/aerial_ws/ros2_ws/install/pegasus_msgs/include/pegasus_msgs/pegasus_msgs/msg/detail/zone_info__rosidl_typesupport_fastrtps_cpp.hpp
[30.287s] -- Installing: /workspace/aerial_ws/ros2_ws/install/pegasus_msgs/include/pegasus_msgs/pegasus_msgs/msg/detail/node_health__rosidl_typesupport_fastrtps_cpp.hpp
[30.287s] -- Installing: /workspace/aerial_ws/ros2_ws/install/pegasus_msgs/lib/libpegasus_msgs__rosidl_typesupport_fastrtps_cpp.so
[30.288s] -- Set runtime path of "/workspace/aerial_ws/ros2_ws/install/pegasus_msgs/lib/libpegasus_msgs__rosidl_typesupport_fastrtps_cpp.so" to ""
[30.289s] -- Up-to-date: /workspace/aerial_ws/ros2_ws/install/pegasus_msgs/include/pegasus_msgs/pegasus_msgs
[30.289s] -- Up-to-date: /workspace/aerial_ws/ros2_ws/install/pegasus_msgs/include/pegasus_msgs/pegasus_msgs/msg
[30.289s] -- Up-to-date: /workspace/aerial_ws/ros2_ws/install/pegasus_msgs/include/pegasus_msgs/pegasus_msgs/msg/detail
[30.289s] -- Installing: /workspace/aerial_ws/ros2_ws/install/pegasus_msgs/include/pegasus_msgs/pegasus_msgs/msg/detail/defect_detection__rosidl_typesupport_introspection_cpp.hpp
[30.289s] -- Installing: /workspace/aerial_ws/ros2_ws/install/pegasus_msgs/include/pegasus_msgs/pegasus_msgs/msg/detail/defect_detection__type_support.cpp
[30.290s] -- Installing: /workspace/aerial_ws/ros2_ws/install/pegasus_msgs/include/pegasus_msgs/pegasus_msgs/msg/detail/defect_array__rosidl_typesupport_introspection_cpp.hpp
[30.290s] -- Installing: /workspace/aerial_ws/ros2_ws/install/pegasus_msgs/include/pegasus_msgs/pegasus_msgs/msg/detail/defect_array__type_support.cpp
[30.290s] -- Installing: /workspace/aerial_ws/ros2_ws/install/pegasus_msgs/include/pegasus_msgs/pegasus_msgs/msg/detail/inspection_result__rosidl_typesupport_introspection_cpp.hpp
[30.290s] -- Installing: /workspace/aerial_ws/ros2_ws/install/pegasus_msgs/include/pegasus_msgs/pegasus_msgs/msg/detail/inspection_result__type_support.cpp
[30.290s] -- Installing: /workspace/aerial_ws/ros2_ws/install/pegasus_msgs/include/pegasus_msgs/pegasus_msgs/msg/detail/zone_info__rosidl_typesupport_introspection_cpp.hpp
[30.290s] -- Installing: /workspace/aerial_ws/ros2_ws/install/pegasus_msgs/include/pegasus_msgs/pegasus_msgs/msg/detail/zone_info__type_support.cpp
[30.291s] -- Installing: /workspace/aerial_ws/ros2_ws/install/pegasus_msgs/include/pegasus_msgs/pegasus_msgs/msg/detail/node_health__rosidl_typesupport_introspection_cpp.hpp
[30.291s] -- Installing: /workspace/aerial_ws/ros2_ws/install/pegasus_msgs/include/pegasus_msgs/pegasus_msgs/msg/detail/node_health__type_support.cpp
[30.291s] -- Installing: /workspace/aerial_ws/ros2_ws/install/pegasus_msgs/lib/libpegasus_msgs__rosidl_typesupport_introspection_cpp.so
[30.292s] -- Set runtime path of "/workspace/aerial_ws/ros2_ws/install/pegasus_msgs/lib/libpegasus_msgs__rosidl_typesupport_introspection_cpp.so" to ""
[30.292s] -- Installing: /workspace/aerial_ws/ros2_ws/install/pegasus_msgs/lib/libpegasus_msgs__rosidl_typesupport_cpp.so
[30.293s] -- Set runtime path of "/workspace/aerial_ws/ros2_ws/install/pegasus_msgs/lib/libpegasus_msgs__rosidl_typesupport_cpp.so" to ""
[30.293s] -- Installing: /workspace/aerial_ws/ros2_ws/install/pegasus_msgs/share/pegasus_msgs/environment/pythonpath.sh
[30.293s] -- Installing: /workspace/aerial_ws/ros2_ws/install/pegasus_msgs/share/pegasus_msgs/environment/pythonpath.dsv
[30.293s] -- Installing: /workspace/aerial_ws/ros2_ws/install/pegasus_msgs/local/lib/python3.10/dist-packages/pegasus_msgs-0.1.0-py3.10.egg-info
[30.293s] -- Installing: /workspace/aerial_ws/ros2_ws/install/pegasus_msgs/local/lib/python3.10/dist-packages/pegasus_msgs-0.1.0-py3.10.egg-info/PKG-INFO
[30.294s] -- Installing: /workspace/aerial_ws/ros2_ws/install/pegasus_msgs/local/lib/python3.10/dist-packages/pegasus_msgs-0.1.0-py3.10.egg-info/dependency_links.txt
[30.294s] -- Installing: /workspace/aerial_ws/ros2_ws/install/pegasus_msgs/local/lib/python3.10/dist-packages/pegasus_msgs-0.1.0-py3.10.egg-info/top_level.txt
[30.294s] -- Installing: /workspace/aerial_ws/ros2_ws/install/pegasus_msgs/local/lib/python3.10/dist-packages/pegasus_msgs-0.1.0-py3.10.egg-info/SOURCES.txt
[30.295s] -- Installing: /workspace/aerial_ws/ros2_ws/install/pegasus_msgs/local/lib/python3.10/dist-packages/pegasus_msgs
[30.295s] -- Installing: /workspace/aerial_ws/ros2_ws/install/pegasus_msgs/local/lib/python3.10/dist-packages/pegasus_msgs/__init__.py
[30.295s] -- Installing: /workspace/aerial_ws/ros2_ws/install/pegasus_msgs/local/lib/python3.10/dist-packages/pegasus_msgs/msg
[30.295s] -- Installing: /workspace/aerial_ws/ros2_ws/install/pegasus_msgs/local/lib/python3.10/dist-packages/pegasus_msgs/msg/_defect_detection.py
[30.295s] -- Installing: /workspace/aerial_ws/ros2_ws/install/pegasus_msgs/local/lib/python3.10/dist-packages/pegasus_msgs/msg/_defect_detection_s.c
[30.295s] -- Installing: /workspace/aerial_ws/ros2_ws/install/pegasus_msgs/local/lib/python3.10/dist-packages/pegasus_msgs/msg/_defect_array.py
[30.296s] -- Installing: /workspace/aerial_ws/ros2_ws/install/pegasus_msgs/local/lib/python3.10/dist-packages/pegasus_msgs/msg/_defect_array_s.c
[30.296s] -- Installing: /workspace/aerial_ws/ros2_ws/install/pegasus_msgs/local/lib/python3.10/dist-packages/pegasus_msgs/msg/_inspection_result.py
[30.296s] -- Installing: /workspace/aerial_ws/ros2_ws/install/pegasus_msgs/local/lib/python3.10/dist-packages/pegasus_msgs/msg/_inspection_result_s.c
[30.296s] -- Installing: /workspace/aerial_ws/ros2_ws/install/pegasus_msgs/local/lib/python3.10/dist-packages/pegasus_msgs/msg/_zone_info.py
[30.297s] -- Installing: /workspace/aerial_ws/ros2_ws/install/pegasus_msgs/local/lib/python3.10/dist-packages/pegasus_msgs/msg/_zone_info_s.c
[30.297s] -- Installing: /workspace/aerial_ws/ros2_ws/install/pegasus_msgs/local/lib/python3.10/dist-packages/pegasus_msgs/msg/_node_health.py
[30.297s] -- Installing: /workspace/aerial_ws/ros2_ws/install/pegasus_msgs/local/lib/python3.10/dist-packages/pegasus_msgs/msg/_node_health_s.c
[30.298s] -- Installing: /workspace/aerial_ws/ros2_ws/install/pegasus_msgs/local/lib/python3.10/dist-packages/pegasus_msgs/msg/__init__.py
[30.298s] -- Installing: /workspace/aerial_ws/ros2_ws/install/pegasus_msgs/local/lib/python3.10/dist-packages/pegasus_msgs/_pegasus_msgs_s.ep.rosidl_typesupport_fastrtps_c.c
[30.298s] -- Installing: /workspace/aerial_ws/ros2_ws/install/pegasus_msgs/local/lib/python3.10/dist-packages/pegasus_msgs/_pegasus_msgs_s.ep.rosidl_typesupport_introspection_c.c
[30.299s] -- Installing: /workspace/aerial_ws/ros2_ws/install/pegasus_msgs/local/lib/python3.10/dist-packages/pegasus_msgs/_pegasus_msgs_s.ep.rosidl_typesupport_c.c
[30.299s] -- Installing: /workspace/aerial_ws/ros2_ws/install/pegasus_msgs/local/lib/python3.10/dist-packages/pegasus_msgs/libpegasus_msgs__rosidl_generator_py.so
[30.299s] -- Installing: /workspace/aerial_ws/ros2_ws/install/pegasus_msgs/local/lib/python3.10/dist-packages/pegasus_msgs/pegasus_msgs_s__rosidl_typesupport_fastrtps_c.cpython-310-x86_64-linux-gnu.so
[30.300s] -- Installing: /workspace/aerial_ws/ros2_ws/install/pegasus_msgs/local/lib/python3.10/dist-packages/pegasus_msgs/pegasus_msgs_s__rosidl_typesupport_introspection_c.cpython-310-x86_64-linux-gnu.so
[30.300s] -- Installing: /workspace/aerial_ws/ros2_ws/install/pegasus_msgs/local/lib/python3.10/dist-packages/pegasus_msgs/pegasus_msgs_s__rosidl_typesupport_c.cpython-310-x86_64-linux-gnu.so
[30.334s] Listing '/workspace/aerial_ws/ros2_ws/install/pegasus_msgs/local/lib/python3.10/dist-packages/pegasus_msgs'...
[30.334s] Compiling '/workspace/aerial_ws/ros2_ws/install/pegasus_msgs/local/lib/python3.10/dist-packages/pegasus_msgs/__init__.py'...
[30.336s] Listing '/workspace/aerial_ws/ros2_ws/install/pegasus_msgs/local/lib/python3.10/dist-packages/pegasus_msgs/msg'...
[30.336s] Compiling '/workspace/aerial_ws/ros2_ws/install/pegasus_msgs/local/lib/python3.10/dist-packages/pegasus_msgs/msg/__init__.py'...
[30.336s] Compiling '/workspace/aerial_ws/ros2_ws/install/pegasus_msgs/local/lib/python3.10/dist-packages/pegasus_msgs/msg/_defect_array.py'...
[30.339s] Compiling '/workspace/aerial_ws/ros2_ws/install/pegasus_msgs/local/lib/python3.10/dist-packages/pegasus_msgs/msg/_defect_detection.py'...
[30.341s] Compiling '/workspace/aerial_ws/ros2_ws/install/pegasus_msgs/local/lib/python3.10/dist-packages/pegasus_msgs/msg/_inspection_result.py'...
[30.343s] Compiling '/workspace/aerial_ws/ros2_ws/install/pegasus_msgs/local/lib/python3.10/dist-packages/pegasus_msgs/msg/_node_health.py'...
[30.346s] Compiling '/workspace/aerial_ws/ros2_ws/install/pegasus_msgs/local/lib/python3.10/dist-packages/pegasus_msgs/msg/_zone_info.py'...
[30.353s] -- Installing: /workspace/aerial_ws/ros2_ws/install/pegasus_msgs/local/lib/python3.10/dist-packages/pegasus_msgs/pegasus_msgs_s__rosidl_typesupport_fastrtps_c.cpython-310-x86_64-linux-gnu.so
[30.355s] -- Set runtime path of "/workspace/aerial_ws/ros2_ws/install/pegasus_msgs/local/lib/python3.10/dist-packages/pegasus_msgs/pegasus_msgs_s__rosidl_typesupport_fastrtps_c.cpython-310-x86_64-linux-gnu.so" to ""
[30.356s] -- Installing: /workspace/aerial_ws/ros2_ws/install/pegasus_msgs/local/lib/python3.10/dist-packages/pegasus_msgs/pegasus_msgs_s__rosidl_typesupport_introspection_c.cpython-310-x86_64-linux-gnu.so
[30.357s] -- Set runtime path of "/workspace/aerial_ws/ros2_ws/install/pegasus_msgs/local/lib/python3.10/dist-packages/pegasus_msgs/pegasus_msgs_s__rosidl_typesupport_introspection_c.cpython-310-x86_64-linux-gnu.so" to ""
[30.358s] -- Installing: /workspace/aerial_ws/ros2_ws/install/pegasus_msgs/local/lib/python3.10/dist-packages/pegasus_msgs/pegasus_msgs_s__rosidl_typesupport_c.cpython-310-x86_64-linux-gnu.so
[30.359s] -- Set runtime path of "/workspace/aerial_ws/ros2_ws/install/pegasus_msgs/local/lib/python3.10/dist-packages/pegasus_msgs/pegasus_msgs_s__rosidl_typesupport_c.cpython-310-x86_64-linux-gnu.so" to ""
[30.359s] -- Installing: /workspace/aerial_ws/ros2_ws/install/pegasus_msgs/lib/libpegasus_msgs__rosidl_generator_py.so
[30.360s] -- Set runtime path of "/workspace/aerial_ws/ros2_ws/install/pegasus_msgs/lib/libpegasus_msgs__rosidl_generator_py.so" to ""
[30.360s] -- Installing: /workspace/aerial_ws/ros2_ws/install/pegasus_msgs/share/ament_index/resource_index/rust_packages/pegasus_msgs
[30.360s] -- Installing: /workspace/aerial_ws/ros2_ws/install/pegasus_msgs/share/pegasus_msgs/rust
[30.360s] -- Installing: /workspace/aerial_ws/ros2_ws/install/pegasus_msgs/share/pegasus_msgs/rust/src
[30.361s] -- Installing: /workspace/aerial_ws/ros2_ws/install/pegasus_msgs/share/pegasus_msgs/rust/src/msg.rs
[30.361s] -- Installing: /workspace/aerial_ws/ros2_ws/install/pegasus_msgs/share/pegasus_msgs/rust/src/msg
[30.361s] -- Installing: /workspace/aerial_ws/ros2_ws/install/pegasus_msgs/share/pegasus_msgs/rust/src/msg/rmw.rs
[30.361s] -- Installing: /workspace/aerial_ws/ros2_ws/install/pegasus_msgs/share/pegasus_msgs/rust/src/lib.rs
[30.361s] -- Installing: /workspace/aerial_ws/ros2_ws/install/pegasus_msgs/share/pegasus_msgs/rust/Cargo.toml
[30.361s] -- Installing: /workspace/aerial_ws/ros2_ws/install/pegasus_msgs/share/pegasus_msgs/rust/build.rs
[30.362s] -- Installing: /workspace/aerial_ws/ros2_ws/install/pegasus_msgs/share/pegasus_msgs/msg/DefectDetection.idl
[30.362s] -- Installing: /workspace/aerial_ws/ros2_ws/install/pegasus_msgs/share/pegasus_msgs/msg/DefectArray.idl
[30.362s] -- Installing: /workspace/aerial_ws/ros2_ws/install/pegasus_msgs/share/pegasus_msgs/msg/InspectionResult.idl
[30.362s] -- Installing: /workspace/aerial_ws/ros2_ws/install/pegasus_msgs/share/pegasus_msgs/msg/ZoneInfo.idl
[30.362s] -- Installing: /workspace/aerial_ws/ros2_ws/install/pegasus_msgs/share/pegasus_msgs/msg/NodeHealth.idl
[30.362s] -- Installing: /workspace/aerial_ws/ros2_ws/install/pegasus_msgs/share/pegasus_msgs/msg/DefectDetection.msg
[30.363s] -- Installing: /workspace/aerial_ws/ros2_ws/install/pegasus_msgs/share/pegasus_msgs/msg/DefectArray.msg
[30.363s] -- Installing: /workspace/aerial_ws/ros2_ws/install/pegasus_msgs/share/pegasus_msgs/msg/InspectionResult.msg
[30.363s] -- Installing: /workspace/aerial_ws/ros2_ws/install/pegasus_msgs/share/pegasus_msgs/msg/ZoneInfo.msg
[30.363s] -- Installing: /workspace/aerial_ws/ros2_ws/install/pegasus_msgs/share/pegasus_msgs/msg/NodeHealth.msg
[30.364s] -- Installing: /workspace/aerial_ws/ros2_ws/install/pegasus_msgs/share/ament_index/resource_index/package_run_dependencies/pegasus_msgs
[30.364s] -- Installing: /workspace/aerial_ws/ros2_ws/install/pegasus_msgs/share/ament_index/resource_index/parent_prefix_path/pegasus_msgs
[30.364s] -- Installing: /workspace/aerial_ws/ros2_ws/install/pegasus_msgs/share/pegasus_msgs/environment/ament_prefix_path.sh
[30.364s] -- Installing: /workspace/aerial_ws/ros2_ws/install/pegasus_msgs/share/pegasus_msgs/environment/ament_prefix_path.dsv
[30.365s] -- Installing: /workspace/aerial_ws/ros2_ws/install/pegasus_msgs/share/pegasus_msgs/environment/path.sh
[30.365s] -- Installing: /workspace/aerial_ws/ros2_ws/install/pegasus_msgs/share/pegasus_msgs/environment/path.dsv
[30.365s] -- Installing: /workspace/aerial_ws/ros2_ws/install/pegasus_msgs/share/pegasus_msgs/local_setup.bash
[30.365s] -- Installing: /workspace/aerial_ws/ros2_ws/install/pegasus_msgs/share/pegasus_msgs/local_setup.sh
[30.365s] -- Installing: /workspace/aerial_ws/ros2_ws/install/pegasus_msgs/share/pegasus_msgs/local_setup.zsh
[30.366s] -- Installing: /workspace/aerial_ws/ros2_ws/install/pegasus_msgs/share/pegasus_msgs/local_setup.dsv
[30.366s] -- Installing: /workspace/aerial_ws/ros2_ws/install/pegasus_msgs/share/pegasus_msgs/package.dsv
[30.366s] -- Installing: /workspace/aerial_ws/ros2_ws/install/pegasus_msgs/share/ament_index/resource_index/packages/pegasus_msgs
[30.366s] -- Installing: /workspace/aerial_ws/ros2_ws/install/pegasus_msgs/share/pegasus_msgs/cmake/export_pegasus_msgs__rosidl_generator_cExport.cmake
[30.367s] -- Installing: /workspace/aerial_ws/ros2_ws/install/pegasus_msgs/share/pegasus_msgs/cmake/export_pegasus_msgs__rosidl_generator_cExport-noconfig.cmake
[30.367s] -- Installing: /workspace/aerial_ws/ros2_ws/install/pegasus_msgs/share/pegasus_msgs/cmake/export_pegasus_msgs__rosidl_typesupport_fastrtps_cExport.cmake
[30.367s] -- Installing: /workspace/aerial_ws/ros2_ws/install/pegasus_msgs/share/pegasus_msgs/cmake/export_pegasus_msgs__rosidl_typesupport_fastrtps_cExport-noconfig.cmake
[30.367s] -- Installing: /workspace/aerial_ws/ros2_ws/install/pegasus_msgs/share/pegasus_msgs/cmake/pegasus_msgs__rosidl_typesupport_introspection_cExport.cmake
[30.368s] -- Installing: /workspace/aerial_ws/ros2_ws/install/pegasus_msgs/share/pegasus_msgs/cmake/pegasus_msgs__rosidl_typesupport_introspection_cExport-noconfig.cmake
[30.368s] -- Installing: /workspace/aerial_ws/ros2_ws/install/pegasus_msgs/share/pegasus_msgs/cmake/pegasus_msgs__rosidl_typesupport_cExport.cmake
[30.368s] -- Installing: /workspace/aerial_ws/ros2_ws/install/pegasus_msgs/share/pegasus_msgs/cmake/pegasus_msgs__rosidl_typesupport_cExport-noconfig.cmake
[30.368s] -- Installing: /workspace/aerial_ws/ros2_ws/install/pegasus_msgs/share/pegasus_msgs/cmake/export_pegasus_msgs__rosidl_generator_cppExport.cmake
[30.369s] -- Installing: /workspace/aerial_ws/ros2_ws/install/pegasus_msgs/share/pegasus_msgs/cmake/export_pegasus_msgs__rosidl_typesupport_fastrtps_cppExport.cmake
[30.369s] -- Installing: /workspace/aerial_ws/ros2_ws/install/pegasus_msgs/share/pegasus_msgs/cmake/export_pegasus_msgs__rosidl_typesupport_fastrtps_cppExport-noconfig.cmake
[30.369s] -- Installing: /workspace/aerial_ws/ros2_ws/install/pegasus_msgs/share/pegasus_msgs/cmake/pegasus_msgs__rosidl_typesupport_introspection_cppExport.cmake
[30.369s] -- Installing: /workspace/aerial_ws/ros2_ws/install/pegasus_msgs/share/pegasus_msgs/cmake/pegasus_msgs__rosidl_typesupport_introspection_cppExport-noconfig.cmake
[30.370s] -- Installing: /workspace/aerial_ws/ros2_ws/install/pegasus_msgs/share/pegasus_msgs/cmake/pegasus_msgs__rosidl_typesupport_cppExport.cmake
[30.370s] -- Installing: /workspace/aerial_ws/ros2_ws/install/pegasus_msgs/share/pegasus_msgs/cmake/pegasus_msgs__rosidl_typesupport_cppExport-noconfig.cmake
[30.370s] -- Installing: /workspace/aerial_ws/ros2_ws/install/pegasus_msgs/share/pegasus_msgs/cmake/export_pegasus_msgs__rosidl_generator_pyExport.cmake
[30.370s] -- Installing: /workspace/aerial_ws/ros2_ws/install/pegasus_msgs/share/pegasus_msgs/cmake/export_pegasus_msgs__rosidl_generator_pyExport-noconfig.cmake
[30.371s] -- Installing: /workspace/aerial_ws/ros2_ws/install/pegasus_msgs/share/pegasus_msgs/cmake/rosidl_cmake-extras.cmake
[30.371s] -- Installing: /workspace/aerial_ws/ros2_ws/install/pegasus_msgs/share/pegasus_msgs/cmake/ament_cmake_export_dependencies-extras.cmake
[30.371s] -- Installing: /workspace/aerial_ws/ros2_ws/install/pegasus_msgs/share/pegasus_msgs/cmake/ament_cmake_export_include_directories-extras.cmake
[30.371s] -- Installing: /workspace/aerial_ws/ros2_ws/install/pegasus_msgs/share/pegasus_msgs/cmake/ament_cmake_export_libraries-extras.cmake
[30.372s] -- Installing: /workspace/aerial_ws/ros2_ws/install/pegasus_msgs/share/pegasus_msgs/cmake/ament_cmake_export_targets-extras.cmake
[30.372s] -- Installing: /workspace/aerial_ws/ros2_ws/install/pegasus_msgs/share/pegasus_msgs/cmake/rosidl_cmake_export_typesupport_targets-extras.cmake
[30.372s] -- Installing: /workspace/aerial_ws/ros2_ws/install/pegasus_msgs/share/pegasus_msgs/cmake/rosidl_cmake_export_typesupport_libraries-extras.cmake
[30.372s] -- Installing: /workspace/aerial_ws/ros2_ws/install/pegasus_msgs/share/pegasus_msgs/cmake/pegasus_msgsConfig.cmake
[30.373s] -- Installing: /workspace/aerial_ws/ros2_ws/install/pegasus_msgs/share/pegasus_msgs/cmake/pegasus_msgsConfig-version.cmake
[30.373s] -- Installing: /workspace/aerial_ws/ros2_ws/install/pegasus_msgs/share/pegasus_msgs/package.xml
[30.376s] Invoked command in '/workspace/aerial_ws/ros2_ws/build/pegasus_msgs' returned '0': CMAKE_PREFIX_PATH=/opt/ros/humble /usr/bin/cmake --install /workspace/aerial_ws/ros2_ws/build/pegasus_msgs
