/workspace/aerial_ws/ros2_ws/install/pegasus_ai/lib/python3.10/site-packages/pegasus_ai/inference_node.py
/workspace/aerial_ws/ros2_ws/install/pegasus_ai/lib/python3.10/site-packages/pegasus_ai/mock_camera_node.py
/workspace/aerial_ws/ros2_ws/install/pegasus_ai/lib/python3.10/site-packages/pegasus_ai/test_publisher.py
/workspace/aerial_ws/ros2_ws/install/pegasus_ai/lib/python3.10/site-packages/pegasus_ai/__init__.py
/workspace/aerial_ws/ros2_ws/install/pegasus_ai/lib/python3.10/site-packages/pegasus_ai/isaac_sim_listener.py
/workspace/aerial_ws/ros2_ws/install/pegasus_ai/lib/python3.10/site-packages/pegasus_ai/vslam_nav2_mock.py
/workspace/aerial_ws/ros2_ws/install/pegasus_ai/lib/python3.10/site-packages/pegasus_ai/offboard_control_node.py
/workspace/aerial_ws/ros2_ws/install/pegasus_ai/lib/python3.10/site-packages/pegasus_ai/mission_executor_node.py
/workspace/aerial_ws/ros2_ws/install/pegasus_ai/lib/python3.10/site-packages/pegasus_ai/__pycache__/inference_node.cpython-310.pyc
/workspace/aerial_ws/ros2_ws/install/pegasus_ai/lib/python3.10/site-packages/pegasus_ai/__pycache__/mock_camera_node.cpython-310.pyc
/workspace/aerial_ws/ros2_ws/install/pegasus_ai/lib/python3.10/site-packages/pegasus_ai/__pycache__/test_publisher.cpython-310.pyc
/workspace/aerial_ws/ros2_ws/install/pegasus_ai/lib/python3.10/site-packages/pegasus_ai/__pycache__/__init__.cpython-310.pyc
/workspace/aerial_ws/ros2_ws/install/pegasus_ai/lib/python3.10/site-packages/pegasus_ai/__pycache__/isaac_sim_listener.cpython-310.pyc
/workspace/aerial_ws/ros2_ws/install/pegasus_ai/lib/python3.10/site-packages/pegasus_ai/__pycache__/vslam_nav2_mock.cpython-310.pyc
/workspace/aerial_ws/ros2_ws/install/pegasus_ai/lib/python3.10/site-packages/pegasus_ai/__pycache__/offboard_control_node.cpython-310.pyc
/workspace/aerial_ws/ros2_ws/install/pegasus_ai/lib/python3.10/site-packages/pegasus_ai/__pycache__/mission_executor_node.cpython-310.pyc
/workspace/aerial_ws/ros2_ws/install/pegasus_ai/share/ament_index/resource_index/packages/pegasus_ai
/workspace/aerial_ws/ros2_ws/install/pegasus_ai/share/pegasus_ai/package.xml
/workspace/aerial_ws/ros2_ws/install/pegasus_ai/share/pegasus_ai/launch/inference.launch.py
/workspace/aerial_ws/ros2_ws/install/pegasus_ai/share/pegasus_ai/config/inference.yaml
/workspace/aerial_ws/ros2_ws/install/pegasus_ai/lib/python3.10/site-packages/pegasus_ai-0.1.0-py3.10.egg-info/PKG-INFO
/workspace/aerial_ws/ros2_ws/install/pegasus_ai/lib/python3.10/site-packages/pegasus_ai-0.1.0-py3.10.egg-info/not-zip-safe
/workspace/aerial_ws/ros2_ws/install/pegasus_ai/lib/python3.10/site-packages/pegasus_ai-0.1.0-py3.10.egg-info/dependency_links.txt
/workspace/aerial_ws/ros2_ws/install/pegasus_ai/lib/python3.10/site-packages/pegasus_ai-0.1.0-py3.10.egg-info/entry_points.txt
/workspace/aerial_ws/ros2_ws/install/pegasus_ai/lib/python3.10/site-packages/pegasus_ai-0.1.0-py3.10.egg-info/top_level.txt
/workspace/aerial_ws/ros2_ws/install/pegasus_ai/lib/python3.10/site-packages/pegasus_ai-0.1.0-py3.10.egg-info/SOURCES.txt
/workspace/aerial_ws/ros2_ws/install/pegasus_ai/lib/pegasus_ai/inference_node
/workspace/aerial_ws/ros2_ws/install/pegasus_ai/lib/pegasus_ai/isaac_sim_listener
/workspace/aerial_ws/ros2_ws/install/pegasus_ai/lib/pegasus_ai/mock_camera_node
/workspace/aerial_ws/ros2_ws/install/pegasus_ai/lib/pegasus_ai/test_publisher
/workspace/aerial_ws/ros2_ws/install/pegasus_ai/lib/pegasus_ai/vslam_nav2_mock
