[0.114s] colcon DEBUG Command line arguments: ['/usr/bin/colcon', 'build', '--packages-up-to', 'autopilot_interface', 'mission']
[0.115s] colcon DEBUG Parsed command line arguments: Namespace(log_base=None, log_level=None, verb_name='build', build_base='build', install_base='install', merge_install=False, symlink_install=False, test_result_base=None, continue_on_error=False, executor='parallel', parallel_workers=16, event_handlers=None, ignore_user_meta=False, metas=['./colcon.meta'], base_paths=['.'], packages_ignore=None, packages_ignore_regex=None, paths=None, packages_up_to=['autopilot_interface', 'mission'], packages_up_to_regex=None, packages_above=None, packages_above_and_dependencies=None, packages_above_depth=None, packages_select_by_dep=None, packages_skip_by_dep=None, packages_skip_up_to=None, packages_select_build_failed=False, packages_skip_build_finished=False, packages_select_test_failures=False, packages_skip_test_passed=False, packages_select=None, packages_skip=None, packages_select_regex=None, packages_skip_regex=None, packages_start=None, packages_end=None, cmake_args=None, cmake_target=None, cmake_target_skip_unavailable=False, cmake_clean_cache=False, cmake_clean_first=False, cmake_force_configure=False, ament_cmake_args=None, catkin_cmake_args=None, catkin_skip_building_tests=False, verb_parser=<colcon_defaults.argument_parser.defaults.DefaultArgumentsDecorator object at 0x72d90ca456c0>, verb_extension=<colcon_core.verb.build.BuildVerb object at 0x72d90cb2b010>, main=<bound method BuildVerb.main of <colcon_core.verb.build.BuildVerb object at 0x72d90cb2b010>>)
[0.153s] colcon.colcon_core.package_discovery Level 1 discover_packages(colcon_meta) check parameters
[0.153s] colcon.colcon_core.package_discovery Level 1 discover_packages(recursive) check parameters
[0.153s] colcon.colcon_core.package_discovery Level 1 discover_packages(ignore) check parameters
[0.153s] colcon.colcon_core.package_discovery Level 1 discover_packages(path) check parameters
[0.153s] colcon.colcon_core.package_discovery Level 1 discover_packages(colcon_meta) discover
[0.153s] colcon.colcon_core.package_discovery Level 1 discover_packages(recursive) discover
[0.153s] colcon.colcon_core.package_discovery INFO Crawling recursively for packages in '/workspace/aerial_ws/ros2_ws'
[0.153s] colcon.colcon_core.package_identification Level 1 _identify(.) by extensions ['ignore', 'ignore_ament_install']
[0.153s] colcon.colcon_core.package_identification Level 1 _identify(.) by extension 'ignore'
[0.153s] colcon.colcon_core.package_identification Level 1 _identify(.) by extension 'ignore_ament_install'
[0.153s] colcon.colcon_core.package_identification Level 1 _identify(.) by extensions ['colcon_pkg']
[0.153s] colcon.colcon_core.package_identification Level 1 _identify(.) by extension 'colcon_pkg'
[0.154s] colcon.colcon_core.package_identification Level 1 _identify(.) by extensions ['colcon_meta']
[0.154s] colcon.colcon_core.package_identification Level 1 _identify(.) by extension 'colcon_meta'
[0.154s] colcon.colcon_core.package_identification Level 1 _identify(.) by extensions ['ros']
[0.154s] colcon.colcon_core.package_identification Level 1 _identify(.) by extension 'ros'
[0.181s] colcon.colcon_core.package_identification Level 1 _identify(.) by extensions ['cmake', 'python']
[0.181s] colcon.colcon_core.package_identification Level 1 _identify(.) by extension 'cmake'
[0.181s] colcon.colcon_core.package_identification Level 1 _identify(.) by extension 'python'
[0.181s] colcon.colcon_core.package_identification Level 1 _identify(.) by extensions ['python_setup_py']
[0.181s] colcon.colcon_core.package_identification Level 1 _identify(.) by extension 'python_setup_py'
[0.181s] colcon.colcon_core.package_identification Level 1 _identify(build) by extensions ['ignore', 'ignore_ament_install']
[0.181s] colcon.colcon_core.package_identification Level 1 _identify(build) by extension 'ignore'
[0.181s] colcon.colcon_core.package_identification Level 1 _identify(build) ignored
[0.181s] colcon.colcon_core.package_identification Level 1 _identify(install) by extensions ['ignore', 'ignore_ament_install']
[0.181s] colcon.colcon_core.package_identification Level 1 _identify(install) by extension 'ignore'
[0.181s] colcon.colcon_core.package_identification Level 1 _identify(install) ignored
[0.182s] colcon.colcon_core.package_identification Level 1 _identify(log) by extensions ['ignore', 'ignore_ament_install']
[0.182s] colcon.colcon_core.package_identification Level 1 _identify(log) by extension 'ignore'
[0.182s] colcon.colcon_core.package_identification Level 1 _identify(log) ignored
[0.182s] colcon.colcon_core.package_identification Level 1 _identify(src) by extensions ['ignore', 'ignore_ament_install']
[0.182s] colcon.colcon_core.package_identification Level 1 _identify(src) by extension 'ignore'
[0.182s] colcon.colcon_core.package_identification Level 1 _identify(src) by extension 'ignore_ament_install'
[0.182s] colcon.colcon_core.package_identification Level 1 _identify(src) by extensions ['colcon_pkg']
[0.182s] colcon.colcon_core.package_identification Level 1 _identify(src) by extension 'colcon_pkg'
[0.182s] colcon.colcon_core.package_identification Level 1 _identify(src) by extensions ['colcon_meta']
[0.182s] colcon.colcon_core.package_identification Level 1 _identify(src) by extension 'colcon_meta'
[0.182s] colcon.colcon_core.package_identification Level 1 _identify(src) by extensions ['ros']
[0.182s] colcon.colcon_core.package_identification Level 1 _identify(src) by extension 'ros'
[0.182s] colcon.colcon_core.package_identification Level 1 _identify(src) by extensions ['cmake', 'python']
[0.182s] colcon.colcon_core.package_identification Level 1 _identify(src) by extension 'cmake'
[0.182s] colcon.colcon_core.package_identification Level 1 _identify(src) by extension 'python'
[0.182s] colcon.colcon_core.package_identification Level 1 _identify(src) by extensions ['python_setup_py']
[0.182s] colcon.colcon_core.package_identification Level 1 _identify(src) by extension 'python_setup_py'
[0.182s] colcon.colcon_core.package_identification Level 1 _identify(src/autopilot_interface) by extensions ['ignore', 'ignore_ament_install']
[0.183s] colcon.colcon_core.package_identification Level 1 _identify(src/autopilot_interface) by extension 'ignore'
[0.183s] colcon.colcon_core.package_identification Level 1 _identify(src/autopilot_interface) by extension 'ignore_ament_install'
[0.183s] colcon.colcon_core.package_identification Level 1 _identify(src/autopilot_interface) by extensions ['colcon_pkg']
[0.183s] colcon.colcon_core.package_identification Level 1 _identify(src/autopilot_interface) by extension 'colcon_pkg'
[0.183s] colcon.colcon_core.package_identification Level 1 _identify(src/autopilot_interface) by extensions ['colcon_meta']
[0.183s] colcon.colcon_core.package_identification Level 1 _identify(src/autopilot_interface) by extension 'colcon_meta'
[0.183s] colcon.colcon_core.package_identification Level 1 _identify(src/autopilot_interface) by extensions ['ros']
[0.183s] colcon.colcon_core.package_identification Level 1 _identify(src/autopilot_interface) by extension 'ros'
[0.186s] colcon.colcon_core.package_identification DEBUG Package 'src/autopilot_interface' with type 'ros.ament_cmake' and name 'autopilot_interface'
[0.186s] colcon.colcon_core.package_identification Level 1 _identify(src/autopilot_interface_msgs) by extensions ['ignore', 'ignore_ament_install']
[0.186s] colcon.colcon_core.package_identification Level 1 _identify(src/autopilot_interface_msgs) by extension 'ignore'
[0.186s] colcon.colcon_core.package_identification Level 1 _identify(src/autopilot_interface_msgs) by extension 'ignore_ament_install'
[0.186s] colcon.colcon_core.package_identification Level 1 _identify(src/autopilot_interface_msgs) by extensions ['colcon_pkg']
[0.186s] colcon.colcon_core.package_identification Level 1 _identify(src/autopilot_interface_msgs) by extension 'colcon_pkg'
[0.186s] colcon.colcon_core.package_identification Level 1 _identify(src/autopilot_interface_msgs) by extensions ['colcon_meta']
[0.186s] colcon.colcon_core.package_identification Level 1 _identify(src/autopilot_interface_msgs) by extension 'colcon_meta'
[0.186s] colcon.colcon_core.package_identification Level 1 _identify(src/autopilot_interface_msgs) by extensions ['ros']
[0.187s] colcon.colcon_core.package_identification Level 1 _identify(src/autopilot_interface_msgs) by extension 'ros'
[0.187s] colcon.colcon_core.package_identification DEBUG Package 'src/autopilot_interface_msgs' with type 'ros.ament_cmake' and name 'autopilot_interface_msgs'
[0.187s] colcon.colcon_core.package_identification Level 1 _identify(src/imu_publisher) by extensions ['ignore', 'ignore_ament_install']
[0.187s] colcon.colcon_core.package_identification Level 1 _identify(src/imu_publisher) by extension 'ignore'
[0.187s] colcon.colcon_core.package_identification Level 1 _identify(src/imu_publisher) by extension 'ignore_ament_install'
[0.188s] colcon.colcon_core.package_identification Level 1 _identify(src/imu_publisher) by extensions ['colcon_pkg']
[0.188s] colcon.colcon_core.package_identification Level 1 _identify(src/imu_publisher) by extension 'colcon_pkg'
[0.188s] colcon.colcon_core.package_identification Level 1 _identify(src/imu_publisher) by extensions ['colcon_meta']
[0.188s] colcon.colcon_core.package_identification Level 1 _identify(src/imu_publisher) by extension 'colcon_meta'
[0.188s] colcon.colcon_core.package_identification Level 1 _identify(src/imu_publisher) by extensions ['ros']
[0.188s] colcon.colcon_core.package_identification Level 1 _identify(src/imu_publisher) by extension 'ros'
[0.188s] colcon.colcon_core.package_identification DEBUG Package 'src/imu_publisher' with type 'ros.ament_cmake' and name 'imu_publisher'
[0.189s] colcon.colcon_core.package_identification Level 1 _identify(src/mission) by extensions ['ignore', 'ignore_ament_install']
[0.189s] colcon.colcon_core.package_identification Level 1 _identify(src/mission) by extension 'ignore'
[0.189s] colcon.colcon_core.package_identification Level 1 _identify(src/mission) by extension 'ignore_ament_install'
[0.189s] colcon.colcon_core.package_identification Level 1 _identify(src/mission) by extensions ['colcon_pkg']
[0.189s] colcon.colcon_core.package_identification Level 1 _identify(src/mission) by extension 'colcon_pkg'
[0.189s] colcon.colcon_core.package_identification Level 1 _identify(src/mission) by extensions ['colcon_meta']
[0.189s] colcon.colcon_core.package_identification Level 1 _identify(src/mission) by extension 'colcon_meta'
[0.189s] colcon.colcon_core.package_identification Level 1 _identify(src/mission) by extensions ['ros']
[0.189s] colcon.colcon_core.package_identification Level 1 _identify(src/mission) by extension 'ros'
[0.190s] colcon.colcon_core.package_identification DEBUG Package 'src/mission' with type 'ros.ament_python' and name 'mission'
[0.190s] colcon.colcon_core.package_identification Level 1 _identify(src/offboard_control) by extensions ['ignore', 'ignore_ament_install']
[0.190s] colcon.colcon_core.package_identification Level 1 _identify(src/offboard_control) by extension 'ignore'
[0.190s] colcon.colcon_core.package_identification Level 1 _identify(src/offboard_control) by extension 'ignore_ament_install'
[0.190s] colcon.colcon_core.package_identification Level 1 _identify(src/offboard_control) by extensions ['colcon_pkg']
[0.190s] colcon.colcon_core.package_identification Level 1 _identify(src/offboard_control) by extension 'colcon_pkg'
[0.191s] colcon.colcon_core.package_identification Level 1 _identify(src/offboard_control) by extensions ['colcon_meta']
[0.191s] colcon.colcon_core.package_identification Level 1 _identify(src/offboard_control) by extension 'colcon_meta'
[0.191s] colcon.colcon_core.package_identification Level 1 _identify(src/offboard_control) by extensions ['ros']
[0.191s] colcon.colcon_core.package_identification Level 1 _identify(src/offboard_control) by extension 'ros'
[0.192s] colcon.colcon_core.package_identification DEBUG Package 'src/offboard_control' with type 'ros.ament_cmake' and name 'offboard_control'
[0.192s] colcon.colcon_core.package_identification Level 1 _identify(src/pegasus_ai) by extensions ['ignore', 'ignore_ament_install']
[0.192s] colcon.colcon_core.package_identification Level 1 _identify(src/pegasus_ai) by extension 'ignore'
[0.192s] colcon.colcon_core.package_identification Level 1 _identify(src/pegasus_ai) by extension 'ignore_ament_install'
[0.192s] colcon.colcon_core.package_identification Level 1 _identify(src/pegasus_ai) by extensions ['colcon_pkg']
[0.193s] colcon.colcon_core.package_identification Level 1 _identify(src/pegasus_ai) by extension 'colcon_pkg'
[0.193s] colcon.colcon_core.package_identification Level 1 _identify(src/pegasus_ai) by extensions ['colcon_meta']
[0.193s] colcon.colcon_core.package_identification Level 1 _identify(src/pegasus_ai) by extension 'colcon_meta'
[0.193s] colcon.colcon_core.package_identification Level 1 _identify(src/pegasus_ai) by extensions ['ros']
[0.193s] colcon.colcon_core.package_identification Level 1 _identify(src/pegasus_ai) by extension 'ros'
[0.194s] colcon.colcon_core.package_identification DEBUG Package 'src/pegasus_ai' with type 'ros.ament_python' and name 'pegasus_ai'
[0.194s] colcon.colcon_core.package_identification Level 1 _identify(src/pegasus_bringup) by extensions ['ignore', 'ignore_ament_install']
[0.194s] colcon.colcon_core.package_identification Level 1 _identify(src/pegasus_bringup) by extension 'ignore'
[0.194s] colcon.colcon_core.package_identification Level 1 _identify(src/pegasus_bringup) by extension 'ignore_ament_install'
[0.194s] colcon.colcon_core.package_identification Level 1 _identify(src/pegasus_bringup) by extensions ['colcon_pkg']
[0.194s] colcon.colcon_core.package_identification Level 1 _identify(src/pegasus_bringup) by extension 'colcon_pkg'
[0.194s] colcon.colcon_core.package_identification Level 1 _identify(src/pegasus_bringup) by extensions ['colcon_meta']
[0.194s] colcon.colcon_core.package_identification Level 1 _identify(src/pegasus_bringup) by extension 'colcon_meta'
[0.194s] colcon.colcon_core.package_identification Level 1 _identify(src/pegasus_bringup) by extensions ['ros']
[0.194s] colcon.colcon_core.package_identification Level 1 _identify(src/pegasus_bringup) by extension 'ros'
[0.195s] colcon.colcon_core.package_identification DEBUG Package 'src/pegasus_bringup' with type 'ros.ament_cmake' and name 'pegasus_bringup'
[0.195s] colcon.colcon_core.package_identification Level 1 _identify(src/pegasus_msgs) by extensions ['ignore', 'ignore_ament_install']
[0.195s] colcon.colcon_core.package_identification Level 1 _identify(src/pegasus_msgs) by extension 'ignore'
[0.195s] colcon.colcon_core.package_identification Level 1 _identify(src/pegasus_msgs) by extension 'ignore_ament_install'
[0.195s] colcon.colcon_core.package_identification Level 1 _identify(src/pegasus_msgs) by extensions ['colcon_pkg']
[0.195s] colcon.colcon_core.package_identification Level 1 _identify(src/pegasus_msgs) by extension 'colcon_pkg'
[0.195s] colcon.colcon_core.package_identification Level 1 _identify(src/pegasus_msgs) by extensions ['colcon_meta']
[0.195s] colcon.colcon_core.package_identification Level 1 _identify(src/pegasus_msgs) by extension 'colcon_meta'
[0.195s] colcon.colcon_core.package_identification Level 1 _identify(src/pegasus_msgs) by extensions ['ros']
[0.195s] colcon.colcon_core.package_identification Level 1 _identify(src/pegasus_msgs) by extension 'ros'
[0.196s] colcon.colcon_core.package_identification DEBUG Package 'src/pegasus_msgs' with type 'ros.ament_cmake' and name 'pegasus_msgs'
[0.196s] colcon.colcon_core.package_identification Level 1 _identify(src/px4_msgs) by extensions ['ignore', 'ignore_ament_install']
[0.196s] colcon.colcon_core.package_identification Level 1 _identify(src/px4_msgs) by extension 'ignore'
[0.196s] colcon.colcon_core.package_identification Level 1 _identify(src/px4_msgs) by extension 'ignore_ament_install'
[0.196s] colcon.colcon_core.package_identification Level 1 _identify(src/px4_msgs) by extensions ['colcon_pkg']
[0.196s] colcon.colcon_core.package_identification Level 1 _identify(src/px4_msgs) by extension 'colcon_pkg'
[0.196s] colcon.colcon_core.package_identification Level 1 _identify(src/px4_msgs) by extensions ['colcon_meta']
[0.196s] colcon.colcon_core.package_identification Level 1 _identify(src/px4_msgs) by extension 'colcon_meta'
[0.196s] colcon.colcon_core.package_identification Level 1 _identify(src/px4_msgs) by extensions ['ros']
[0.196s] colcon.colcon_core.package_identification Level 1 _identify(src/px4_msgs) by extension 'ros'
[0.197s] colcon.colcon_core.package_identification DEBUG Package 'src/px4_msgs' with type 'ros.ament_cmake' and name 'px4_msgs'
[0.197s] colcon.colcon_core.package_identification Level 1 _identify(src/state_sharing) by extensions ['ignore', 'ignore_ament_install']
[0.197s] colcon.colcon_core.package_identification Level 1 _identify(src/state_sharing) by extension 'ignore'
[0.197s] colcon.colcon_core.package_identification Level 1 _identify(src/state_sharing) by extension 'ignore_ament_install'
[0.197s] colcon.colcon_core.package_identification Level 1 _identify(src/state_sharing) by extensions ['colcon_pkg']
[0.197s] colcon.colcon_core.package_identification Level 1 _identify(src/state_sharing) by extension 'colcon_pkg'
[0.197s] colcon.colcon_core.package_identification Level 1 _identify(src/state_sharing) by extensions ['colcon_meta']
[0.197s] colcon.colcon_core.package_identification Level 1 _identify(src/state_sharing) by extension 'colcon_meta'
[0.198s] colcon.colcon_core.package_identification Level 1 _identify(src/state_sharing) by extensions ['ros']
[0.198s] colcon.colcon_core.package_identification Level 1 _identify(src/state_sharing) by extension 'ros'
[0.198s] colcon.colcon_core.package_identification DEBUG Package 'src/state_sharing' with type 'ros.ament_cmake' and name 'state_sharing'
[0.198s] colcon.colcon_core.package_identification Level 1 _identify(src/yolo_py) by extensions ['ignore', 'ignore_ament_install']
[0.199s] colcon.colcon_core.package_identification Level 1 _identify(src/yolo_py) by extension 'ignore'
[0.199s] colcon.colcon_core.package_identification Level 1 _identify(src/yolo_py) by extension 'ignore_ament_install'
[0.199s] colcon.colcon_core.package_identification Level 1 _identify(src/yolo_py) by extensions ['colcon_pkg']
[0.199s] colcon.colcon_core.package_identification Level 1 _identify(src/yolo_py) by extension 'colcon_pkg'
[0.199s] colcon.colcon_core.package_identification Level 1 _identify(src/yolo_py) by extensions ['colcon_meta']
[0.199s] colcon.colcon_core.package_identification Level 1 _identify(src/yolo_py) by extension 'colcon_meta'
[0.199s] colcon.colcon_core.package_identification Level 1 _identify(src/yolo_py) by extensions ['ros']
[0.199s] colcon.colcon_core.package_identification Level 1 _identify(src/yolo_py) by extension 'ros'
[0.199s] colcon.colcon_core.package_identification DEBUG Package 'src/yolo_py' with type 'ros.ament_python' and name 'yolo_py'
[0.200s] colcon.colcon_core.package_discovery Level 1 discover_packages(recursive) using defaults
[0.200s] colcon.colcon_core.package_discovery Level 1 discover_packages(ignore) discover
[0.200s] colcon.colcon_core.package_discovery Level 1 discover_packages(ignore) using defaults
[0.200s] colcon.colcon_core.package_discovery Level 1 discover_packages(path) discover
[0.200s] colcon.colcon_core.package_discovery Level 1 discover_packages(path) using defaults
[0.217s] colcon.colcon_core.package_selection INFO Skipping package 'pegasus_bringup' in 'src/pegasus_bringup'
[0.217s] colcon.colcon_core.package_selection INFO Skipping package 'pegasus_ai' in 'src/pegasus_ai'
[0.217s] colcon.colcon_core.package_selection INFO Skipping package 'offboard_control' in 'src/offboard_control'
[0.217s] colcon.colcon_core.package_selection INFO Skipping package 'imu_publisher' in 'src/imu_publisher'
[0.217s] colcon.colcon_core.package_selection INFO Skipping package 'yolo_py' in 'src/yolo_py'
[0.217s] colcon.colcon_core.package_selection INFO Skipping package 'pegasus_msgs' in 'src/pegasus_msgs'
[0.218s] colcon.colcon_core.verb Level 5 set package 'autopilot_interface_msgs' build argument 'cmake_args' from command line to 'None'
[0.218s] colcon.colcon_core.verb Level 5 set package 'autopilot_interface_msgs' build argument 'cmake_target' from command line to 'None'
[0.218s] colcon.colcon_core.verb Level 5 set package 'autopilot_interface_msgs' build argument 'cmake_target_skip_unavailable' from command line to 'False'
[0.218s] colcon.colcon_core.verb Level 5 set package 'autopilot_interface_msgs' build argument 'cmake_clean_cache' from command line to 'False'
[0.218s] colcon.colcon_core.verb Level 5 set package 'autopilot_interface_msgs' build argument 'cmake_clean_first' from command line to 'False'
[0.218s] colcon.colcon_core.verb Level 5 set package 'autopilot_interface_msgs' build argument 'cmake_force_configure' from command line to 'False'
[0.218s] colcon.colcon_core.verb Level 5 set package 'autopilot_interface_msgs' build argument 'ament_cmake_args' from command line to 'None'
[0.218s] colcon.colcon_core.verb Level 5 set package 'autopilot_interface_msgs' build argument 'catkin_cmake_args' from command line to 'None'
[0.218s] colcon.colcon_core.verb Level 5 set package 'autopilot_interface_msgs' build argument 'catkin_skip_building_tests' from command line to 'False'
[0.218s] colcon.colcon_core.verb DEBUG Building package 'autopilot_interface_msgs' with the following arguments: {'ament_cmake_args': None, 'build_base': '/workspace/aerial_ws/ros2_ws/build/autopilot_interface_msgs', 'catkin_cmake_args': None, 'catkin_skip_building_tests': False, 'cmake_args': None, 'cmake_clean_cache': False, 'cmake_clean_first': False, 'cmake_force_configure': False, 'cmake_target': None, 'cmake_target_skip_unavailable': False, 'install_base': '/workspace/aerial_ws/ros2_ws/install/autopilot_interface_msgs', 'merge_install': False, 'path': '/workspace/aerial_ws/ros2_ws/src/autopilot_interface_msgs', 'symlink_install': False, 'test_result_base': None}
[0.218s] colcon.colcon_core.verb Level 5 set package 'px4_msgs' build argument 'cmake_args' from command line to 'None'
[0.218s] colcon.colcon_core.verb Level 5 set package 'px4_msgs' build argument 'cmake_target' from command line to 'None'
[0.218s] colcon.colcon_core.verb Level 5 set package 'px4_msgs' build argument 'cmake_target_skip_unavailable' from command line to 'False'
[0.218s] colcon.colcon_core.verb Level 5 set package 'px4_msgs' build argument 'cmake_clean_cache' from command line to 'False'
[0.218s] colcon.colcon_core.verb Level 5 set package 'px4_msgs' build argument 'cmake_clean_first' from command line to 'False'
[0.218s] colcon.colcon_core.verb Level 5 set package 'px4_msgs' build argument 'cmake_force_configure' from command line to 'False'
[0.218s] colcon.colcon_core.verb Level 5 set package 'px4_msgs' build argument 'ament_cmake_args' from command line to 'None'
[0.218s] colcon.colcon_core.verb Level 5 set package 'px4_msgs' build argument 'catkin_cmake_args' from command line to 'None'
[0.218s] colcon.colcon_core.verb Level 5 set package 'px4_msgs' build argument 'catkin_skip_building_tests' from command line to 'False'
[0.218s] colcon.colcon_core.verb DEBUG Building package 'px4_msgs' with the following arguments: {'ament_cmake_args': None, 'build_base': '/workspace/aerial_ws/ros2_ws/build/px4_msgs', 'catkin_cmake_args': None, 'catkin_skip_building_tests': False, 'cmake_args': None, 'cmake_clean_cache': False, 'cmake_clean_first': False, 'cmake_force_configure': False, 'cmake_target': None, 'cmake_target_skip_unavailable': False, 'install_base': '/workspace/aerial_ws/ros2_ws/install/px4_msgs', 'merge_install': False, 'path': '/workspace/aerial_ws/ros2_ws/src/px4_msgs', 'symlink_install': False, 'test_result_base': None}
[0.219s] colcon.colcon_core.verb Level 5 set package 'autopilot_interface' build argument 'cmake_args' from command line to 'None'
[0.219s] colcon.colcon_core.verb Level 5 set package 'autopilot_interface' build argument 'cmake_target' from command line to 'None'
[0.219s] colcon.colcon_core.verb Level 5 set package 'autopilot_interface' build argument 'cmake_target_skip_unavailable' from command line to 'False'
[0.219s] colcon.colcon_core.verb Level 5 set package 'autopilot_interface' build argument 'cmake_clean_cache' from command line to 'False'
[0.219s] colcon.colcon_core.verb Level 5 set package 'autopilot_interface' build argument 'cmake_clean_first' from command line to 'False'
[0.219s] colcon.colcon_core.verb Level 5 set package 'autopilot_interface' build argument 'cmake_force_configure' from command line to 'False'
[0.219s] colcon.colcon_core.verb Level 5 set package 'autopilot_interface' build argument 'ament_cmake_args' from command line to 'None'
[0.219s] colcon.colcon_core.verb Level 5 set package 'autopilot_interface' build argument 'catkin_cmake_args' from command line to 'None'
[0.219s] colcon.colcon_core.verb Level 5 set package 'autopilot_interface' build argument 'catkin_skip_building_tests' from command line to 'False'
[0.219s] colcon.colcon_core.verb DEBUG Building package 'autopilot_interface' with the following arguments: {'ament_cmake_args': None, 'build_base': '/workspace/aerial_ws/ros2_ws/build/autopilot_interface', 'catkin_cmake_args': None, 'catkin_skip_building_tests': False, 'cmake_args': None, 'cmake_clean_cache': False, 'cmake_clean_first': False, 'cmake_force_configure': False, 'cmake_target': None, 'cmake_target_skip_unavailable': False, 'install_base': '/workspace/aerial_ws/ros2_ws/install/autopilot_interface', 'merge_install': False, 'path': '/workspace/aerial_ws/ros2_ws/src/autopilot_interface', 'symlink_install': False, 'test_result_base': None}
[0.219s] colcon.colcon_core.verb Level 5 set package 'state_sharing' build argument 'cmake_args' from command line to 'None'
[0.219s] colcon.colcon_core.verb Level 5 set package 'state_sharing' build argument 'cmake_target' from command line to 'None'
[0.219s] colcon.colcon_core.verb Level 5 set package 'state_sharing' build argument 'cmake_target_skip_unavailable' from command line to 'False'
[0.219s] colcon.colcon_core.verb Level 5 set package 'state_sharing' build argument 'cmake_clean_cache' from command line to 'False'
[0.219s] colcon.colcon_core.verb Level 5 set package 'state_sharing' build argument 'cmake_clean_first' from command line to 'False'
[0.219s] colcon.colcon_core.verb Level 5 set package 'state_sharing' build argument 'cmake_force_configure' from command line to 'False'
[0.219s] colcon.colcon_core.verb Level 5 set package 'state_sharing' build argument 'ament_cmake_args' from command line to 'None'
[0.219s] colcon.colcon_core.verb Level 5 set package 'state_sharing' build argument 'catkin_cmake_args' from command line to 'None'
[0.220s] colcon.colcon_core.verb Level 5 set package 'state_sharing' build argument 'catkin_skip_building_tests' from command line to 'False'
[0.220s] colcon.colcon_core.verb DEBUG Building package 'state_sharing' with the following arguments: {'ament_cmake_args': None, 'build_base': '/workspace/aerial_ws/ros2_ws/build/state_sharing', 'catkin_cmake_args': None, 'catkin_skip_building_tests': False, 'cmake_args': None, 'cmake_clean_cache': False, 'cmake_clean_first': False, 'cmake_force_configure': False, 'cmake_target': None, 'cmake_target_skip_unavailable': False, 'install_base': '/workspace/aerial_ws/ros2_ws/install/state_sharing', 'merge_install': False, 'path': '/workspace/aerial_ws/ros2_ws/src/state_sharing', 'symlink_install': False, 'test_result_base': None}
[0.220s] colcon.colcon_core.verb Level 5 set package 'mission' build argument 'cmake_args' from command line to 'None'
[0.220s] colcon.colcon_core.verb Level 5 set package 'mission' build argument 'cmake_target' from command line to 'None'
[0.220s] colcon.colcon_core.verb Level 5 set package 'mission' build argument 'cmake_target_skip_unavailable' from command line to 'False'
[0.220s] colcon.colcon_core.verb Level 5 set package 'mission' build argument 'cmake_clean_cache' from command line to 'False'
[0.220s] colcon.colcon_core.verb Level 5 set package 'mission' build argument 'cmake_clean_first' from command line to 'False'
[0.220s] colcon.colcon_core.verb Level 5 set package 'mission' build argument 'cmake_force_configure' from command line to 'False'
[0.220s] colcon.colcon_core.verb Level 5 set package 'mission' build argument 'ament_cmake_args' from command line to 'None'
[0.220s] colcon.colcon_core.verb Level 5 set package 'mission' build argument 'catkin_cmake_args' from command line to 'None'
[0.220s] colcon.colcon_core.verb Level 5 set package 'mission' build argument 'catkin_skip_building_tests' from command line to 'False'
[0.220s] colcon.colcon_core.verb DEBUG Building package 'mission' with the following arguments: {'ament_cmake_args': None, 'build_base': '/workspace/aerial_ws/ros2_ws/build/mission', 'catkin_cmake_args': None, 'catkin_skip_building_tests': False, 'cmake_args': None, 'cmake_clean_cache': False, 'cmake_clean_first': False, 'cmake_force_configure': False, 'cmake_target': None, 'cmake_target_skip_unavailable': False, 'install_base': '/workspace/aerial_ws/ros2_ws/install/mission', 'merge_install': False, 'path': '/workspace/aerial_ws/ros2_ws/src/mission', 'symlink_install': False, 'test_result_base': None}
[0.220s] colcon.colcon_core.executor INFO Executing jobs using 'parallel' executor
[0.221s] colcon.colcon_parallel_executor.executor.parallel DEBUG run_until_complete
[0.221s] colcon.colcon_ros.task.ament_cmake.build INFO Building ROS package in '/workspace/aerial_ws/ros2_ws/src/px4_msgs' with build type 'ament_cmake'
[0.221s] colcon.colcon_cmake.task.cmake.build INFO Building CMake package in '/workspace/aerial_ws/ros2_ws/src/px4_msgs'
[0.224s] colcon.colcon_core.plugin_system INFO Skipping extension 'colcon_core.shell.bat': Not used on non-Windows systems
[0.224s] colcon.colcon_core.shell INFO Skip shell extension 'powershell' for command environment: Not usable outside of PowerShell
[0.224s] colcon.colcon_core.shell DEBUG Skip shell extension 'dsv' for command environment
[0.228s] colcon.colcon_ros.task.ament_cmake.build INFO Building ROS package in '/workspace/aerial_ws/ros2_ws/src/autopilot_interface_msgs' with build type 'ament_cmake'
[0.229s] colcon.colcon_cmake.task.cmake.build INFO Building CMake package in '/workspace/aerial_ws/ros2_ws/src/autopilot_interface_msgs'
[0.229s] colcon.colcon_core.shell INFO Skip shell extension 'powershell' for command environment: Not usable outside of PowerShell
[0.229s] colcon.colcon_core.shell DEBUG Skip shell extension 'dsv' for command environment
[0.237s] colcon.colcon_core.event_handler.log_command DEBUG Invoking command in '/workspace/aerial_ws/ros2_ws/build/px4_msgs': CMAKE_PREFIX_PATH=/opt/ros/humble /usr/bin/cmake /workspace/aerial_ws/ros2_ws/src/px4_msgs -DCMAKE_INSTALL_PREFIX=/workspace/aerial_ws/ros2_ws/install/px4_msgs
[0.240s] colcon.colcon_core.event_handler.log_command DEBUG Invoking command in '/workspace/aerial_ws/ros2_ws/build/autopilot_interface_msgs': CMAKE_PREFIX_PATH=/opt/ros/humble /usr/bin/cmake --build /workspace/aerial_ws/ros2_ws/build/autopilot_interface_msgs -- -j16 -l16
[6.686s] colcon.colcon_core.event_handler.log_command DEBUG Invoked command in '/workspace/aerial_ws/ros2_ws/build/px4_msgs' returned '0': CMAKE_PREFIX_PATH=/opt/ros/humble /usr/bin/cmake /workspace/aerial_ws/ros2_ws/src/px4_msgs -DCMAKE_INSTALL_PREFIX=/workspace/aerial_ws/ros2_ws/install/px4_msgs
[6.689s] colcon.colcon_core.event_handler.log_command DEBUG Invoking command in '/workspace/aerial_ws/ros2_ws/build/px4_msgs': CMAKE_PREFIX_PATH=/opt/ros/humble /usr/bin/cmake --build /workspace/aerial_ws/ros2_ws/build/px4_msgs -- -j16 -l16
[9.893s] colcon.colcon_core.event_handler.log_command DEBUG Invoked command in '/workspace/aerial_ws/ros2_ws/build/autopilot_interface_msgs' returned '0': CMAKE_PREFIX_PATH=/opt/ros/humble /usr/bin/cmake --build /workspace/aerial_ws/ros2_ws/build/autopilot_interface_msgs -- -j16 -l16
[9.905s] colcon.colcon_core.event_handler.log_command DEBUG Invoking command in '/workspace/aerial_ws/ros2_ws/build/autopilot_interface_msgs': CMAKE_PREFIX_PATH=/opt/ros/humble /usr/bin/cmake --install /workspace/aerial_ws/ros2_ws/build/autopilot_interface_msgs
[10.057s] colcon.colcon_core.environment Level 1 create_environment_scripts_only(autopilot_interface_msgs)
[10.058s] colcon.colcon_core.event_handler.log_command DEBUG Invoked command in '/workspace/aerial_ws/ros2_ws/build/autopilot_interface_msgs' returned '0': CMAKE_PREFIX_PATH=/opt/ros/humble /usr/bin/cmake --install /workspace/aerial_ws/ros2_ws/build/autopilot_interface_msgs
[10.062s] colcon.colcon_core.environment Level 1 checking '/workspace/aerial_ws/ros2_ws/install/autopilot_interface_msgs' for CMake module files
[10.063s] colcon.colcon_core.environment Level 1 checking '/workspace/aerial_ws/ros2_ws/install/autopilot_interface_msgs' for CMake config files
[10.064s] colcon.colcon_core.shell Level 1 create_environment_hook('autopilot_interface_msgs', 'cmake_prefix_path')
[10.064s] colcon.colcon_core.shell INFO Creating environment hook '/workspace/aerial_ws/ros2_ws/install/autopilot_interface_msgs/share/autopilot_interface_msgs/hook/cmake_prefix_path.ps1'
[10.065s] colcon.colcon_core.shell INFO Creating environment descriptor '/workspace/aerial_ws/ros2_ws/install/autopilot_interface_msgs/share/autopilot_interface_msgs/hook/cmake_prefix_path.dsv'
[10.066s] colcon.colcon_core.shell INFO Creating environment hook '/workspace/aerial_ws/ros2_ws/install/autopilot_interface_msgs/share/autopilot_interface_msgs/hook/cmake_prefix_path.sh'
[10.067s] colcon.colcon_core.environment Level 1 checking '/workspace/aerial_ws/ros2_ws/install/autopilot_interface_msgs/lib'
[10.067s] colcon.colcon_core.shell Level 1 create_environment_hook('autopilot_interface_msgs', 'ld_library_path_lib')
[10.067s] colcon.colcon_core.shell INFO Creating environment hook '/workspace/aerial_ws/ros2_ws/install/autopilot_interface_msgs/share/autopilot_interface_msgs/hook/ld_library_path_lib.ps1'
[10.068s] colcon.colcon_core.shell INFO Creating environment descriptor '/workspace/aerial_ws/ros2_ws/install/autopilot_interface_msgs/share/autopilot_interface_msgs/hook/ld_library_path_lib.dsv'
[10.068s] colcon.colcon_core.shell INFO Creating environment hook '/workspace/aerial_ws/ros2_ws/install/autopilot_interface_msgs/share/autopilot_interface_msgs/hook/ld_library_path_lib.sh'
[10.069s] colcon.colcon_core.environment Level 1 checking '/workspace/aerial_ws/ros2_ws/install/autopilot_interface_msgs/bin'
[10.069s] colcon.colcon_core.environment Level 1 checking '/workspace/aerial_ws/ros2_ws/install/autopilot_interface_msgs/lib/pkgconfig/autopilot_interface_msgs.pc'
[10.070s] colcon.colcon_core.environment Level 1 checking '/workspace/aerial_ws/ros2_ws/install/autopilot_interface_msgs/lib/python3.10/site-packages'
[10.070s] colcon.colcon_core.environment Level 1 checking '/workspace/aerial_ws/ros2_ws/install/autopilot_interface_msgs/bin'
[10.071s] colcon.colcon_core.shell INFO Creating package script '/workspace/aerial_ws/ros2_ws/install/autopilot_interface_msgs/share/autopilot_interface_msgs/package.ps1'
[10.073s] colcon.colcon_core.shell INFO Creating package descriptor '/workspace/aerial_ws/ros2_ws/install/autopilot_interface_msgs/share/autopilot_interface_msgs/package.dsv'
[10.073s] colcon.colcon_core.shell INFO Creating package script '/workspace/aerial_ws/ros2_ws/install/autopilot_interface_msgs/share/autopilot_interface_msgs/package.sh'
[10.074s] colcon.colcon_core.shell INFO Creating package script '/workspace/aerial_ws/ros2_ws/install/autopilot_interface_msgs/share/autopilot_interface_msgs/package.bash'
[10.076s] colcon.colcon_core.shell INFO Creating package script '/workspace/aerial_ws/ros2_ws/install/autopilot_interface_msgs/share/autopilot_interface_msgs/package.zsh'
[10.076s] colcon.colcon_core.environment Level 1 create_file_with_runtime_dependencies(/workspace/aerial_ws/ros2_ws/install/autopilot_interface_msgs/share/colcon-core/packages/autopilot_interface_msgs)
[10.077s] colcon.colcon_core.environment Level 1 create_environment_scripts_only(autopilot_interface_msgs)
[10.078s] colcon.colcon_core.environment Level 1 checking '/workspace/aerial_ws/ros2_ws/install/autopilot_interface_msgs' for CMake module files
[10.079s] colcon.colcon_core.environment Level 1 checking '/workspace/aerial_ws/ros2_ws/install/autopilot_interface_msgs' for CMake config files
[10.080s] colcon.colcon_core.shell Level 1 create_environment_hook('autopilot_interface_msgs', 'cmake_prefix_path')
[10.080s] colcon.colcon_core.shell INFO Creating environment hook '/workspace/aerial_ws/ros2_ws/install/autopilot_interface_msgs/share/autopilot_interface_msgs/hook/cmake_prefix_path.ps1'
[10.081s] colcon.colcon_core.shell INFO Creating environment descriptor '/workspace/aerial_ws/ros2_ws/install/autopilot_interface_msgs/share/autopilot_interface_msgs/hook/cmake_prefix_path.dsv'
[10.081s] colcon.colcon_core.shell INFO Creating environment hook '/workspace/aerial_ws/ros2_ws/install/autopilot_interface_msgs/share/autopilot_interface_msgs/hook/cmake_prefix_path.sh'
[10.082s] colcon.colcon_core.environment Level 1 checking '/workspace/aerial_ws/ros2_ws/install/autopilot_interface_msgs/lib'
[10.082s] colcon.colcon_core.shell Level 1 create_environment_hook('autopilot_interface_msgs', 'ld_library_path_lib')
[10.082s] colcon.colcon_core.shell INFO Creating environment hook '/workspace/aerial_ws/ros2_ws/install/autopilot_interface_msgs/share/autopilot_interface_msgs/hook/ld_library_path_lib.ps1'
[10.083s] colcon.colcon_core.shell INFO Creating environment descriptor '/workspace/aerial_ws/ros2_ws/install/autopilot_interface_msgs/share/autopilot_interface_msgs/hook/ld_library_path_lib.dsv'
[10.083s] colcon.colcon_core.shell INFO Creating environment hook '/workspace/aerial_ws/ros2_ws/install/autopilot_interface_msgs/share/autopilot_interface_msgs/hook/ld_library_path_lib.sh'
[10.084s] colcon.colcon_core.environment Level 1 checking '/workspace/aerial_ws/ros2_ws/install/autopilot_interface_msgs/bin'
[10.084s] colcon.colcon_core.environment Level 1 checking '/workspace/aerial_ws/ros2_ws/install/autopilot_interface_msgs/lib/pkgconfig/autopilot_interface_msgs.pc'
[10.084s] colcon.colcon_core.environment Level 1 checking '/workspace/aerial_ws/ros2_ws/install/autopilot_interface_msgs/lib/python3.10/site-packages'
[10.085s] colcon.colcon_core.environment Level 1 checking '/workspace/aerial_ws/ros2_ws/install/autopilot_interface_msgs/bin'
[10.085s] colcon.colcon_core.shell INFO Creating package script '/workspace/aerial_ws/ros2_ws/install/autopilot_interface_msgs/share/autopilot_interface_msgs/package.ps1'
[10.086s] colcon.colcon_core.shell INFO Creating package descriptor '/workspace/aerial_ws/ros2_ws/install/autopilot_interface_msgs/share/autopilot_interface_msgs/package.dsv'
[10.087s] colcon.colcon_core.shell INFO Creating package script '/workspace/aerial_ws/ros2_ws/install/autopilot_interface_msgs/share/autopilot_interface_msgs/package.sh'
[10.088s] colcon.colcon_core.shell INFO Creating package script '/workspace/aerial_ws/ros2_ws/install/autopilot_interface_msgs/share/autopilot_interface_msgs/package.bash'
[10.089s] colcon.colcon_core.shell INFO Creating package script '/workspace/aerial_ws/ros2_ws/install/autopilot_interface_msgs/share/autopilot_interface_msgs/package.zsh'
[10.089s] colcon.colcon_core.environment Level 1 create_file_with_runtime_dependencies(/workspace/aerial_ws/ros2_ws/install/autopilot_interface_msgs/share/colcon-core/packages/autopilot_interface_msgs)
[254.059s] colcon.colcon_core.event_handler.log_command DEBUG Invoked command in '/workspace/aerial_ws/ros2_ws/build/px4_msgs' returned '2': CMAKE_PREFIX_PATH=/opt/ros/humble /usr/bin/cmake --build /workspace/aerial_ws/ros2_ws/build/px4_msgs -- -j16 -l16
[254.060s] colcon.colcon_core.environment Level 1 create_environment_scripts_only(px4_msgs)
[254.060s] colcon.colcon_core.environment Level 1 checking '/workspace/aerial_ws/ros2_ws/install/px4_msgs' for CMake module files
[254.061s] colcon.colcon_core.environment Level 1 checking '/workspace/aerial_ws/ros2_ws/install/px4_msgs' for CMake config files
[254.061s] colcon.colcon_core.environment Level 1 checking '/workspace/aerial_ws/ros2_ws/install/px4_msgs/bin'
[254.061s] colcon.colcon_core.environment Level 1 checking '/workspace/aerial_ws/ros2_ws/install/px4_msgs/lib/pkgconfig/px4_msgs.pc'
[254.061s] colcon.colcon_core.environment Level 1 checking '/workspace/aerial_ws/ros2_ws/install/px4_msgs/lib/python3.10/site-packages'
[254.062s] colcon.colcon_core.environment Level 1 checking '/workspace/aerial_ws/ros2_ws/install/px4_msgs/bin'
[254.062s] colcon.colcon_core.shell INFO Creating package script '/workspace/aerial_ws/ros2_ws/install/px4_msgs/share/px4_msgs/package.ps1'
[254.063s] colcon.colcon_core.shell INFO Creating package descriptor '/workspace/aerial_ws/ros2_ws/install/px4_msgs/share/px4_msgs/package.dsv'
[254.064s] colcon.colcon_core.shell INFO Creating package script '/workspace/aerial_ws/ros2_ws/install/px4_msgs/share/px4_msgs/package.sh'
[254.064s] colcon.colcon_core.shell INFO Creating package script '/workspace/aerial_ws/ros2_ws/install/px4_msgs/share/px4_msgs/package.bash'
[254.065s] colcon.colcon_core.shell INFO Creating package script '/workspace/aerial_ws/ros2_ws/install/px4_msgs/share/px4_msgs/package.zsh'
[254.065s] colcon.colcon_core.environment Level 1 create_file_with_runtime_dependencies(/workspace/aerial_ws/ros2_ws/install/px4_msgs/share/colcon-core/packages/px4_msgs)
[254.066s] colcon.colcon_parallel_executor.executor.parallel DEBUG closing loop
[254.066s] colcon.colcon_parallel_executor.executor.parallel DEBUG loop closed
[254.066s] colcon.colcon_parallel_executor.executor.parallel DEBUG run_until_complete finished with '2'
[254.066s] colcon.colcon_core.event_reactor DEBUG joining thread
[254.067s] colcon.colcon_core.event_reactor DEBUG joined thread
[254.067s] colcon.colcon_core.shell INFO Creating prefix script '/workspace/aerial_ws/ros2_ws/install/local_setup.ps1'
[254.068s] colcon.colcon_core.shell INFO Creating prefix util module '/workspace/aerial_ws/ros2_ws/install/_local_setup_util_ps1.py'
[254.069s] colcon.colcon_core.shell INFO Creating prefix chain script '/workspace/aerial_ws/ros2_ws/install/setup.ps1'
[254.070s] colcon.colcon_core.shell INFO Creating prefix script '/workspace/aerial_ws/ros2_ws/install/local_setup.sh'
[254.071s] colcon.colcon_core.shell INFO Creating prefix util module '/workspace/aerial_ws/ros2_ws/install/_local_setup_util_sh.py'
[254.071s] colcon.colcon_core.shell INFO Creating prefix chain script '/workspace/aerial_ws/ros2_ws/install/setup.sh'
[254.072s] colcon.colcon_core.shell INFO Creating prefix script '/workspace/aerial_ws/ros2_ws/install/local_setup.bash'
[254.073s] colcon.colcon_core.shell INFO Creating prefix chain script '/workspace/aerial_ws/ros2_ws/install/setup.bash'
[254.074s] colcon.colcon_core.shell INFO Creating prefix script '/workspace/aerial_ws/ros2_ws/install/local_setup.zsh'
[254.074s] colcon.colcon_core.shell INFO Creating prefix chain script '/workspace/aerial_ws/ros2_ws/install/setup.zsh'
